[1.254s] Invoking command in '/home/jetson/EVC_2/workshops/vision_ws/build/jetson_interfaces': CMAKE_PREFIX_PATH=${CMAKE_PREFIX_PATH}:/home/jetson/EVC_2/install/jetson_camera:/opt/ros/foxy /usr/bin/cmake --build /home/jetson/EVC_2/workshops/vision_ws/build/jetson_interfaces -- -j4 -l4
[1.514s] [  3%] Built target jetson_interfaces__cpp
[1.608s] [ 12%] Built target jetson_interfaces__rosidl_generator_c
[1.700s] [ 22%] Built target jetson_interfaces__rosidl_typesupport_introspection_cpp
[1.718s] [ 32%] Built target jetson_interfaces__rosidl_typesupport_cpp
[1.741s] [ 41%] Built target jetson_interfaces__rosidl_typesupport_fastrtps_cpp
[1.796s] [ 51%] Built target jetson_interfaces__rosidl_typesupport_introspection_c
[1.869s] [ 61%] Built target jetson_interfaces__rosidl_typesupport_c
[1.896s] [ 70%] Built target jetson_interfaces__rosidl_typesupport_fastrtps_c
[1.998s] [ 70%] Built target jetson_interfaces
[2.086s] [ 74%] Built target jetson_interfaces__py
[2.204s] [ 80%] Built target jetson_interfaces__python
[2.365s] [ 87%] Built target jetson_interfaces__rosidl_typesupport_fastrtps_c__pyext
[2.393s] [ 93%] Built target jetson_interfaces__rosidl_typesupport_introspection_c__pyext
[2.420s] [100%] Built target jetson_interfaces__rosidl_typesupport_c__pyext
[2.467s] Invoked command in '/home/jetson/EVC_2/workshops/vision_ws/build/jetson_interfaces' returned '0': CMAKE_PREFIX_PATH=${CMAKE_PREFIX_PATH}:/home/jetson/EVC_2/install/jetson_camera:/opt/ros/foxy /usr/bin/cmake --build /home/jetson/EVC_2/workshops/vision_ws/build/jetson_interfaces -- -j4 -l4
[2.528s] Invoking command in '/home/jetson/EVC_2/workshops/vision_ws/build/jetson_interfaces': CMAKE_PREFIX_PATH=${CMAKE_PREFIX_PATH}:/home/jetson/EVC_2/install/jetson_camera:/opt/ros/foxy /usr/bin/cmake --install /home/jetson/EVC_2/workshops/vision_ws/build/jetson_interfaces
[2.566s] -- Install configuration: ""
[2.567s] -- Up-to-date: /home/jetson/EVC_2/workshops/vision_ws/install/jetson_interfaces/share/ament_index/resource_index/rosidl_interfaces/jetson_interfaces
[2.568s] -- Up-to-date: /home/jetson/EVC_2/workshops/vision_ws/install/jetson_interfaces/include/jetson_interfaces
[2.570s] -- Up-to-date: /home/jetson/EVC_2/workshops/vision_ws/install/jetson_interfaces/include/jetson_interfaces/msg
[2.571s] -- Up-to-date: /home/jetson/EVC_2/workshops/vision_ws/install/jetson_interfaces/include/jetson_interfaces/msg/detail
[2.571s] -- Up-to-date: /home/jetson/EVC_2/workshops/vision_ws/install/jetson_interfaces/include/jetson_interfaces/msg/detail/dual_image__functions.c
[2.572s] -- Up-to-date: /home/jetson/EVC_2/workshops/vision_ws/install/jetson_interfaces/include/jetson_interfaces/msg/detail/dual_image__functions.h
[2.572s] -- Up-to-date: /home/jetson/EVC_2/workshops/vision_ws/install/jetson_interfaces/include/jetson_interfaces/msg/detail/dual_image__struct.h
[2.572s] -- Up-to-date: /home/jetson/EVC_2/workshops/vision_ws/install/jetson_interfaces/include/jetson_interfaces/msg/detail/dual_image__type_support.h
[2.573s] -- Up-to-date: /home/jetson/EVC_2/workshops/vision_ws/install/jetson_interfaces/include/jetson_interfaces/msg/rosidl_generator_c__visibility_control.h
[2.573s] -- Up-to-date: /home/jetson/EVC_2/workshops/vision_ws/install/jetson_interfaces/include/jetson_interfaces/msg/dual_image.h
[2.573s] -- Up-to-date: /home/jetson/EVC_2/workshops/vision_ws/install/jetson_interfaces/share/jetson_interfaces/environment/library_path.sh
[2.574s] -- Up-to-date: /home/jetson/EVC_2/workshops/vision_ws/install/jetson_interfaces/share/jetson_interfaces/environment/library_path.dsv
[2.574s] -- Up-to-date: /home/jetson/EVC_2/workshops/vision_ws/install/jetson_interfaces/lib/libjetson_interfaces__rosidl_generator_c.so
[2.577s] -- Up-to-date: /home/jetson/EVC_2/workshops/vision_ws/install/jetson_interfaces/include/jetson_interfaces
[2.578s] -- Up-to-date: /home/jetson/EVC_2/workshops/vision_ws/install/jetson_interfaces/include/jetson_interfaces/msg
[2.579s] -- Up-to-date: /home/jetson/EVC_2/workshops/vision_ws/install/jetson_interfaces/include/jetson_interfaces/msg/detail
[2.580s] -- Up-to-date: /home/jetson/EVC_2/workshops/vision_ws/install/jetson_interfaces/include/jetson_interfaces/msg/detail/dual_image__rosidl_typesupport_fastrtps_c.h
[2.581s] -- Up-to-date: /home/jetson/EVC_2/workshops/vision_ws/install/jetson_interfaces/include/jetson_interfaces/msg/rosidl_typesupport_fastrtps_c__visibility_control.h
[2.582s] -- Up-to-date: /home/jetson/EVC_2/workshops/vision_ws/install/jetson_interfaces/lib/libjetson_interfaces__rosidl_typesupport_fastrtps_c.so
[2.583s] -- Up-to-date: /home/jetson/EVC_2/workshops/vision_ws/install/jetson_interfaces/include/jetson_interfaces
[2.584s] -- Up-to-date: /home/jetson/EVC_2/workshops/vision_ws/install/jetson_interfaces/include/jetson_interfaces/msg
[2.585s] -- Up-to-date: /home/jetson/EVC_2/workshops/vision_ws/install/jetson_interfaces/include/jetson_interfaces/msg/detail
[2.587s] -- Up-to-date: /home/jetson/EVC_2/workshops/vision_ws/install/jetson_interfaces/include/jetson_interfaces/msg/detail/dual_image__rosidl_typesupport_fastrtps_cpp.hpp
[2.599s] -- Up-to-date: /home/jetson/EVC_2/workshops/vision_ws/install/jetson_interfaces/include/jetson_interfaces/msg/detail/dds_fastrtps
[2.600s] -- Up-to-date: /home/jetson/EVC_2/workshops/vision_ws/install/jetson_interfaces/include/jetson_interfaces/msg/rosidl_typesupport_fastrtps_cpp__visibility_control.h
[2.600s] -- Up-to-date: /home/jetson/EVC_2/workshops/vision_ws/install/jetson_interfaces/lib/libjetson_interfaces__rosidl_typesupport_fastrtps_cpp.so
[2.601s] -- Up-to-date: /home/jetson/EVC_2/workshops/vision_ws/install/jetson_interfaces/include/jetson_interfaces
[2.601s] -- Up-to-date: /home/jetson/EVC_2/workshops/vision_ws/install/jetson_interfaces/include/jetson_interfaces/msg
[2.602s] -- Up-to-date: /home/jetson/EVC_2/workshops/vision_ws/install/jetson_interfaces/include/jetson_interfaces/msg/detail
[2.602s] -- Up-to-date: /home/jetson/EVC_2/workshops/vision_ws/install/jetson_interfaces/include/jetson_interfaces/msg/detail/dual_image__type_support.c
[2.603s] -- Up-to-date: /home/jetson/EVC_2/workshops/vision_ws/install/jetson_interfaces/include/jetson_interfaces/msg/detail/dual_image__rosidl_typesupport_introspection_c.h
[2.603s] -- Up-to-date: /home/jetson/EVC_2/workshops/vision_ws/install/jetson_interfaces/include/jetson_interfaces/msg/rosidl_typesupport_introspection_c__visibility_control.h
[2.603s] -- Up-to-date: /home/jetson/EVC_2/workshops/vision_ws/install/jetson_interfaces/lib/libjetson_interfaces__rosidl_typesupport_introspection_c.so
[2.604s] -- Up-to-date: /home/jetson/EVC_2/workshops/vision_ws/install/jetson_interfaces/lib/libjetson_interfaces__rosidl_typesupport_c.so
[2.604s] -- Up-to-date: /home/jetson/EVC_2/workshops/vision_ws/install/jetson_interfaces/include/jetson_interfaces
[2.605s] -- Up-to-date: /home/jetson/EVC_2/workshops/vision_ws/install/jetson_interfaces/include/jetson_interfaces/msg
[2.605s] -- Up-to-date: /home/jetson/EVC_2/workshops/vision_ws/install/jetson_interfaces/include/jetson_interfaces/msg/detail
[2.605s] -- Up-to-date: /home/jetson/EVC_2/workshops/vision_ws/install/jetson_interfaces/include/jetson_interfaces/msg/detail/dual_image__type_support.hpp
[2.606s] -- Up-to-date: /home/jetson/EVC_2/workshops/vision_ws/install/jetson_interfaces/include/jetson_interfaces/msg/detail/dual_image__traits.hpp
[2.606s] -- Up-to-date: /home/jetson/EVC_2/workshops/vision_ws/install/jetson_interfaces/include/jetson_interfaces/msg/detail/dual_image__struct.hpp
[2.607s] -- Up-to-date: /home/jetson/EVC_2/workshops/vision_ws/install/jetson_interfaces/include/jetson_interfaces/msg/detail/dual_image__builder.hpp
[2.607s] -- Up-to-date: /home/jetson/EVC_2/workshops/vision_ws/install/jetson_interfaces/include/jetson_interfaces/msg/dual_image.hpp
[2.608s] -- Up-to-date: /home/jetson/EVC_2/workshops/vision_ws/install/jetson_interfaces/include/jetson_interfaces/msg/rosidl_generator_cpp__visibility_control.hpp
[2.608s] -- Up-to-date: /home/jetson/EVC_2/workshops/vision_ws/install/jetson_interfaces/include/jetson_interfaces
[2.608s] -- Up-to-date: /home/jetson/EVC_2/workshops/vision_ws/install/jetson_interfaces/include/jetson_interfaces/msg
[2.609s] -- Up-to-date: /home/jetson/EVC_2/workshops/vision_ws/install/jetson_interfaces/include/jetson_interfaces/msg/detail
[2.609s] -- Up-to-date: /home/jetson/EVC_2/workshops/vision_ws/install/jetson_interfaces/include/jetson_interfaces/msg/detail/dual_image__type_support.cpp
[2.609s] -- Up-to-date: /home/jetson/EVC_2/workshops/vision_ws/install/jetson_interfaces/include/jetson_interfaces/msg/detail/dual_image__rosidl_typesupport_introspection_cpp.hpp
[2.610s] -- Up-to-date: /home/jetson/EVC_2/workshops/vision_ws/install/jetson_interfaces/lib/libjetson_interfaces__rosidl_typesupport_introspection_cpp.so
[2.610s] -- Up-to-date: /home/jetson/EVC_2/workshops/vision_ws/install/jetson_interfaces/lib/libjetson_interfaces__rosidl_typesupport_cpp.so
[2.610s] -- Up-to-date: /home/jetson/EVC_2/workshops/vision_ws/install/jetson_interfaces/share/jetson_interfaces/environment/pythonpath.sh
[2.611s] -- Up-to-date: /home/jetson/EVC_2/workshops/vision_ws/install/jetson_interfaces/share/jetson_interfaces/environment/pythonpath.dsv
[2.616s] -- Up-to-date: /home/jetson/EVC_2/workshops/vision_ws/install/jetson_interfaces/lib/python3.8/site-packages/jetson_interfaces/__init__.py
[2.764s] -- Up-to-date: /home/jetson/EVC_2/workshops/vision_ws/install/jetson_interfaces/lib/python3.8/site-packages/jetson_interfaces/msg
[2.765s] -- Up-to-date: /home/jetson/EVC_2/workshops/vision_ws/install/jetson_interfaces/lib/python3.8/site-packages/jetson_interfaces/msg/_dual_image.py
[2.766s] -- Up-to-date: /home/jetson/EVC_2/workshops/vision_ws/install/jetson_interfaces/lib/python3.8/site-packages/jetson_interfaces/msg/_dual_image_s.c
[2.766s] -- Up-to-date: /home/jetson/EVC_2/workshops/vision_ws/install/jetson_interfaces/lib/python3.8/site-packages/jetson_interfaces/msg/__init__.py
[2.767s] -- Up-to-date: /home/jetson/EVC_2/workshops/vision_ws/install/jetson_interfaces/lib/python3.8/site-packages/jetson_interfaces/jetson_interfaces_s__rosidl_typesupport_fastrtps_c.cpython-38-aarch64-linux-gnu.so
[2.768s] -- Up-to-date: /home/jetson/EVC_2/workshops/vision_ws/install/jetson_interfaces/lib/python3.8/site-packages/jetson_interfaces/jetson_interfaces_s__rosidl_typesupport_introspection_c.cpython-38-aarch64-linux-gnu.so
[2.771s] -- Up-to-date: /home/jetson/EVC_2/workshops/vision_ws/install/jetson_interfaces/lib/python3.8/site-packages/jetson_interfaces/jetson_interfaces_s__rosidl_typesupport_c.cpython-38-aarch64-linux-gnu.so
[2.773s] -- Up-to-date: /home/jetson/EVC_2/workshops/vision_ws/install/jetson_interfaces/lib/libjetson_interfaces__python.so
[2.774s] -- Up-to-date: /home/jetson/EVC_2/workshops/vision_ws/install/jetson_interfaces/share/jetson_interfaces/msg/DualImage.idl
[2.776s] -- Up-to-date: /home/jetson/EVC_2/workshops/vision_ws/install/jetson_interfaces/share/jetson_interfaces/msg/DualImage.msg
[2.777s] -- Up-to-date: /home/jetson/EVC_2/workshops/vision_ws/install/jetson_interfaces/share/ament_index/resource_index/package_run_dependencies/jetson_interfaces
[2.778s] -- Up-to-date: /home/jetson/EVC_2/workshops/vision_ws/install/jetson_interfaces/share/ament_index/resource_index/parent_prefix_path/jetson_interfaces
[2.779s] -- Up-to-date: /home/jetson/EVC_2/workshops/vision_ws/install/jetson_interfaces/share/jetson_interfaces/environment/ament_prefix_path.sh
[2.780s] -- Up-to-date: /home/jetson/EVC_2/workshops/vision_ws/install/jetson_interfaces/share/jetson_interfaces/environment/ament_prefix_path.dsv
[2.781s] -- Up-to-date: /home/jetson/EVC_2/workshops/vision_ws/install/jetson_interfaces/share/jetson_interfaces/environment/path.sh
[2.782s] -- Up-to-date: /home/jetson/EVC_2/workshops/vision_ws/install/jetson_interfaces/share/jetson_interfaces/environment/path.dsv
[2.784s] -- Up-to-date: /home/jetson/EVC_2/workshops/vision_ws/install/jetson_interfaces/share/jetson_interfaces/local_setup.bash
[2.785s] -- Up-to-date: /home/jetson/EVC_2/workshops/vision_ws/install/jetson_interfaces/share/jetson_interfaces/local_setup.sh
[2.787s] -- Up-to-date: /home/jetson/EVC_2/workshops/vision_ws/install/jetson_interfaces/share/jetson_interfaces/local_setup.zsh
[2.788s] -- Up-to-date: /home/jetson/EVC_2/workshops/vision_ws/install/jetson_interfaces/share/jetson_interfaces/local_setup.dsv
[2.790s] -- Installing: /home/jetson/EVC_2/workshops/vision_ws/install/jetson_interfaces/share/jetson_interfaces/package.dsv
[2.791s] -- Up-to-date: /home/jetson/EVC_2/workshops/vision_ws/install/jetson_interfaces/share/ament_index/resource_index/packages/jetson_interfaces
[2.792s] -- Up-to-date: /home/jetson/EVC_2/workshops/vision_ws/install/jetson_interfaces/share/jetson_interfaces/cmake/jetson_interfaces__rosidl_generator_cExport.cmake
[2.803s] -- Up-to-date: /home/jetson/EVC_2/workshops/vision_ws/install/jetson_interfaces/share/jetson_interfaces/cmake/jetson_interfaces__rosidl_generator_cExport-noconfig.cmake
[2.804s] -- Up-to-date: /home/jetson/EVC_2/workshops/vision_ws/install/jetson_interfaces/share/jetson_interfaces/cmake/jetson_interfaces__rosidl_typesupport_introspection_cExport.cmake
[2.806s] -- Up-to-date: /home/jetson/EVC_2/workshops/vision_ws/install/jetson_interfaces/share/jetson_interfaces/cmake/jetson_interfaces__rosidl_typesupport_introspection_cExport-noconfig.cmake
[2.806s] -- Up-to-date: /home/jetson/EVC_2/workshops/vision_ws/install/jetson_interfaces/share/jetson_interfaces/cmake/jetson_interfaces__rosidl_typesupport_cExport.cmake
[2.807s] -- Up-to-date: /home/jetson/EVC_2/workshops/vision_ws/install/jetson_interfaces/share/jetson_interfaces/cmake/jetson_interfaces__rosidl_typesupport_cExport-noconfig.cmake
[2.809s] -- Up-to-date: /home/jetson/EVC_2/workshops/vision_ws/install/jetson_interfaces/share/jetson_interfaces/cmake/jetson_interfaces__rosidl_generator_cppExport.cmake
[2.810s] -- Up-to-date: /home/jetson/EVC_2/workshops/vision_ws/install/jetson_interfaces/share/jetson_interfaces/cmake/jetson_interfaces__rosidl_typesupport_introspection_cppExport.cmake
[2.811s] -- Up-to-date: /home/jetson/EVC_2/workshops/vision_ws/install/jetson_interfaces/share/jetson_interfaces/cmake/jetson_interfaces__rosidl_typesupport_introspection_cppExport-noconfig.cmake
[2.812s] -- Up-to-date: /home/jetson/EVC_2/workshops/vision_ws/install/jetson_interfaces/share/jetson_interfaces/cmake/jetson_interfaces__rosidl_typesupport_cppExport.cmake
[2.812s] -- Up-to-date: /home/jetson/EVC_2/workshops/vision_ws/install/jetson_interfaces/share/jetson_interfaces/cmake/jetson_interfaces__rosidl_typesupport_cppExport-noconfig.cmake
[2.823s] -- Up-to-date: /home/jetson/EVC_2/workshops/vision_ws/install/jetson_interfaces/share/jetson_interfaces/cmake/rosidl_cmake-extras.cmake
[2.824s] -- Up-to-date: /home/jetson/EVC_2/workshops/vision_ws/install/jetson_interfaces/share/jetson_interfaces/cmake/ament_cmake_export_dependencies-extras.cmake
[2.824s] -- Up-to-date: /home/jetson/EVC_2/workshops/vision_ws/install/jetson_interfaces/share/jetson_interfaces/cmake/ament_cmake_export_libraries-extras.cmake
[2.825s] -- Up-to-date: /home/jetson/EVC_2/workshops/vision_ws/install/jetson_interfaces/share/jetson_interfaces/cmake/ament_cmake_export_targets-extras.cmake
[2.825s] -- Up-to-date: /home/jetson/EVC_2/workshops/vision_ws/install/jetson_interfaces/share/jetson_interfaces/cmake/ament_cmake_export_include_directories-extras.cmake
[2.826s] -- Up-to-date: /home/jetson/EVC_2/workshops/vision_ws/install/jetson_interfaces/share/jetson_interfaces/cmake/rosidl_cmake_export_typesupport_libraries-extras.cmake
[2.826s] -- Up-to-date: /home/jetson/EVC_2/workshops/vision_ws/install/jetson_interfaces/share/jetson_interfaces/cmake/rosidl_cmake_export_typesupport_targets-extras.cmake
[2.827s] -- Up-to-date: /home/jetson/EVC_2/workshops/vision_ws/install/jetson_interfaces/share/jetson_interfaces/cmake/jetson_interfacesConfig.cmake
[2.827s] -- Up-to-date: /home/jetson/EVC_2/workshops/vision_ws/install/jetson_interfaces/share/jetson_interfaces/cmake/jetson_interfacesConfig-version.cmake
[2.827s] -- Up-to-date: /home/jetson/EVC_2/workshops/vision_ws/install/jetson_interfaces/share/jetson_interfaces/package.xml
[2.828s] Invoked command in '/home/jetson/EVC_2/workshops/vision_ws/build/jetson_interfaces' returned '0': CMAKE_PREFIX_PATH=${CMAKE_PREFIX_PATH}:/home/jetson/EVC_2/install/jetson_camera:/opt/ros/foxy /usr/bin/cmake --install /home/jetson/EVC_2/workshops/vision_ws/build/jetson_interfaces
