[0.791s] DEBUG:colcon:Command line arguments: ['/usr/bin/colcon', 'build']
[0.791s] DEBUG:colcon:Parsed command line arguments: Namespace(allow_overriding=[], ament_cmake_args=None, base_paths=['.'], build_base='build', catkin_cmake_args=None, catkin_skip_building_tests=False, cmake_args=None, cmake_clean_cache=False, cmake_clean_first=False, cmake_force_configure=False, cmake_target=None, cmake_target_skip_unavailable=False, continue_on_error=False, event_handlers=None, executor='parallel', ignore_user_meta=False, install_base='install', log_base=None, log_level=None, main=<bound method BuildVerb.main of <colcon_core.verb.build.BuildVerb object at 0x7fb4c2a2e0>>, merge_install=False, metas=['./colcon.meta'], packages_above=None, packages_above_and_dependencies=None, packages_above_depth=None, packages_end=None, packages_ignore=None, packages_ignore_regex=None, packages_select=None, packages_select_build_failed=False, packages_select_by_dep=None, packages_select_regex=None, packages_select_test_failures=False, packages_skip=None, packages_skip_build_finished=False, packages_skip_by_dep=None, packages_skip_regex=None, packages_skip_test_passed=False, packages_skip_up_to=None, packages_start=None, packages_up_to=None, packages_up_to_regex=None, parallel_workers=4, paths=None, symlink_install=False, test_result_base=None, verb_extension=<colcon_core.verb.build.BuildVerb object at 0x7fb4c2a2e0>, verb_name='build', verb_parser=<colcon_defaults.argument_parser.defaults.DefaultArgumentsDecorator object at 0x7fb4bb45e0>)
[1.628s] Level 1:colcon.colcon_core.package_discovery:discover_packages(colcon_meta) check parameters
[1.629s] Level 1:colcon.colcon_core.package_discovery:discover_packages(recursive) check parameters
[1.629s] Level 1:colcon.colcon_core.package_discovery:discover_packages(ignore) check parameters
[1.629s] Level 1:colcon.colcon_core.package_discovery:discover_packages(path) check parameters
[1.629s] Level 1:colcon.colcon_core.package_discovery:discover_packages(colcon_meta) discover
[1.630s] Level 1:colcon.colcon_core.package_discovery:discover_packages(recursive) discover
[1.630s] INFO:colcon.colcon_core.package_discovery:Crawling recursively for packages in '/home/jetson/Final_assignment/EmbeddedVisualControl/src'
[1.630s] Level 1:colcon.colcon_core.package_identification:_identify(.) by extensions ['ignore', 'ignore_ament_install']
[1.630s] Level 1:colcon.colcon_core.package_identification:_identify(.) by extension 'ignore'
[1.631s] Level 1:colcon.colcon_core.package_identification:_identify(.) by extension 'ignore_ament_install'
[1.631s] Level 1:colcon.colcon_core.package_identification:_identify(.) by extensions ['colcon_pkg']
[1.631s] Level 1:colcon.colcon_core.package_identification:_identify(.) by extension 'colcon_pkg'
[1.631s] Level 1:colcon.colcon_core.package_identification:_identify(.) by extensions ['colcon_meta']
[1.631s] Level 1:colcon.colcon_core.package_identification:_identify(.) by extension 'colcon_meta'
[1.632s] Level 1:colcon.colcon_core.package_identification:_identify(.) by extensions ['ros']
[1.632s] Level 1:colcon.colcon_core.package_identification:_identify(.) by extension 'ros'
[1.676s] Level 1:colcon.colcon_core.package_identification:_identify(.) by extensions ['cmake', 'python']
[1.676s] Level 1:colcon.colcon_core.package_identification:_identify(.) by extension 'cmake'
[1.677s] Level 1:colcon.colcon_core.package_identification:_identify(.) by extension 'python'
[1.677s] Level 1:colcon.colcon_core.package_identification:_identify(.) by extensions ['python_setup_py']
[1.677s] Level 1:colcon.colcon_core.package_identification:_identify(.) by extension 'python_setup_py'
[1.678s] Level 1:colcon.colcon_core.package_identification:_identify(build) by extensions ['ignore', 'ignore_ament_install']
[1.678s] Level 1:colcon.colcon_core.package_identification:_identify(build) by extension 'ignore'
[1.678s] Level 1:colcon.colcon_core.package_identification:_identify(build) ignored
[1.679s] Level 1:colcon.colcon_core.package_identification:_identify(install) by extensions ['ignore', 'ignore_ament_install']
[1.679s] Level 1:colcon.colcon_core.package_identification:_identify(install) by extension 'ignore'
[1.679s] Level 1:colcon.colcon_core.package_identification:_identify(install) ignored
[1.680s] Level 1:colcon.colcon_core.package_identification:_identify(jetson_camera) by extensions ['ignore', 'ignore_ament_install']
[1.680s] Level 1:colcon.colcon_core.package_identification:_identify(jetson_camera) by extension 'ignore'
[1.680s] Level 1:colcon.colcon_core.package_identification:_identify(jetson_camera) by extension 'ignore_ament_install'
[1.680s] Level 1:colcon.colcon_core.package_identification:_identify(jetson_camera) by extensions ['colcon_pkg']
[1.681s] Level 1:colcon.colcon_core.package_identification:_identify(jetson_camera) by extension 'colcon_pkg'
[1.681s] Level 1:colcon.colcon_core.package_identification:_identify(jetson_camera) by extensions ['colcon_meta']
[1.681s] Level 1:colcon.colcon_core.package_identification:_identify(jetson_camera) by extension 'colcon_meta'
[1.681s] Level 1:colcon.colcon_core.package_identification:_identify(jetson_camera) by extensions ['ros']
[1.681s] Level 1:colcon.colcon_core.package_identification:_identify(jetson_camera) by extension 'ros'
[1.693s] DEBUG:colcon.colcon_core.package_identification:Package 'jetson_camera' with type 'ros.ament_python' and name 'jetson_camera'
[1.693s] Level 1:colcon.colcon_core.package_identification:_identify(jetson_interfaces) by extensions ['ignore', 'ignore_ament_install']
[1.694s] Level 1:colcon.colcon_core.package_identification:_identify(jetson_interfaces) by extension 'ignore'
[1.694s] Level 1:colcon.colcon_core.package_identification:_identify(jetson_interfaces) by extension 'ignore_ament_install'
[1.694s] Level 1:colcon.colcon_core.package_identification:_identify(jetson_interfaces) by extensions ['colcon_pkg']
[1.694s] Level 1:colcon.colcon_core.package_identification:_identify(jetson_interfaces) by extension 'colcon_pkg'
[1.695s] Level 1:colcon.colcon_core.package_identification:_identify(jetson_interfaces) by extensions ['colcon_meta']
[1.695s] Level 1:colcon.colcon_core.package_identification:_identify(jetson_interfaces) by extension 'colcon_meta'
[1.695s] Level 1:colcon.colcon_core.package_identification:_identify(jetson_interfaces) by extensions ['ros']
[1.695s] Level 1:colcon.colcon_core.package_identification:_identify(jetson_interfaces) by extension 'ros'
[1.698s] DEBUG:colcon.colcon_core.package_identification:Package 'jetson_interfaces' with type 'ros.ament_cmake' and name 'jetson_interfaces'
[1.699s] Level 1:colcon.colcon_core.package_identification:_identify(log) by extensions ['ignore', 'ignore_ament_install']
[1.699s] Level 1:colcon.colcon_core.package_identification:_identify(log) by extension 'ignore'
[1.699s] Level 1:colcon.colcon_core.package_identification:_identify(log) ignored
[1.699s] Level 1:colcon.colcon_core.package_discovery:discover_packages(recursive) using defaults
[1.700s] Level 1:colcon.colcon_core.package_discovery:discover_packages(ignore) discover
[1.700s] Level 1:colcon.colcon_core.package_discovery:discover_packages(ignore) using defaults
[1.700s] Level 1:colcon.colcon_core.package_discovery:discover_packages(path) discover
[1.700s] Level 1:colcon.colcon_core.package_discovery:discover_packages(path) using defaults
[1.819s] Level 1:colcon.colcon_core.package_discovery:discover_packages(prefix_path) check parameters
[1.820s] Level 1:colcon.colcon_core.package_discovery:discover_packages(prefix_path) discover
[1.826s] DEBUG:colcon.colcon_installed_package_information.package_discovery:Found 2 installed packages in /home/jetson/Final_assignment/EmbeddedVisualControl/src/install
[1.831s] DEBUG:colcon.colcon_installed_package_information.package_discovery:Found 191 installed packages in /opt/ros/foxy
[1.837s] Level 1:colcon.colcon_core.package_discovery:discover_packages(prefix_path) using defaults
[2.028s] Level 5:colcon.colcon_core.verb:set package 'jetson_camera' build argument 'cmake_args' from command line to 'None'
[2.028s] Level 5:colcon.colcon_core.verb:set package 'jetson_camera' build argument 'cmake_target' from command line to 'None'
[2.028s] Level 5:colcon.colcon_core.verb:set package 'jetson_camera' build argument 'cmake_target_skip_unavailable' from command line to 'False'
[2.029s] Level 5:colcon.colcon_core.verb:set package 'jetson_camera' build argument 'cmake_clean_cache' from command line to 'False'
[2.029s] Level 5:colcon.colcon_core.verb:set package 'jetson_camera' build argument 'cmake_clean_first' from command line to 'False'
[2.029s] Level 5:colcon.colcon_core.verb:set package 'jetson_camera' build argument 'cmake_force_configure' from command line to 'False'
[2.029s] Level 5:colcon.colcon_core.verb:set package 'jetson_camera' build argument 'ament_cmake_args' from command line to 'None'
[2.029s] Level 5:colcon.colcon_core.verb:set package 'jetson_camera' build argument 'catkin_cmake_args' from command line to 'None'
[2.029s] Level 5:colcon.colcon_core.verb:set package 'jetson_camera' build argument 'catkin_skip_building_tests' from command line to 'False'
[2.029s] DEBUG:colcon.colcon_core.verb:Building package 'jetson_camera' with the following arguments: {'ament_cmake_args': None, 'build_base': '/home/jetson/Final_assignment/EmbeddedVisualControl/src/build/jetson_camera', 'catkin_cmake_args': None, 'catkin_skip_building_tests': False, 'cmake_args': None, 'cmake_clean_cache': False, 'cmake_clean_first': False, 'cmake_force_configure': False, 'cmake_target': None, 'cmake_target_skip_unavailable': False, 'install_base': '/home/jetson/Final_assignment/EmbeddedVisualControl/src/install/jetson_camera', 'merge_install': False, 'path': '/home/jetson/Final_assignment/EmbeddedVisualControl/src/jetson_camera', 'symlink_install': False, 'test_result_base': None}
[2.031s] Level 5:colcon.colcon_core.verb:set package 'jetson_interfaces' build argument 'cmake_args' from command line to 'None'
[2.031s] Level 5:colcon.colcon_core.verb:set package 'jetson_interfaces' build argument 'cmake_target' from command line to 'None'
[2.031s] Level 5:colcon.colcon_core.verb:set package 'jetson_interfaces' build argument 'cmake_target_skip_unavailable' from command line to 'False'
[2.031s] Level 5:colcon.colcon_core.verb:set package 'jetson_interfaces' build argument 'cmake_clean_cache' from command line to 'False'
[2.031s] Level 5:colcon.colcon_core.verb:set package 'jetson_interfaces' build argument 'cmake_clean_first' from command line to 'False'
[2.031s] Level 5:colcon.colcon_core.verb:set package 'jetson_interfaces' build argument 'cmake_force_configure' from command line to 'False'
[2.032s] Level 5:colcon.colcon_core.verb:set package 'jetson_interfaces' build argument 'ament_cmake_args' from command line to 'None'
[2.032s] Level 5:colcon.colcon_core.verb:set package 'jetson_interfaces' build argument 'catkin_cmake_args' from command line to 'None'
[2.032s] Level 5:colcon.colcon_core.verb:set package 'jetson_interfaces' build argument 'catkin_skip_building_tests' from command line to 'False'
[2.032s] DEBUG:colcon.colcon_core.verb:Building package 'jetson_interfaces' with the following arguments: {'ament_cmake_args': None, 'build_base': '/home/jetson/Final_assignment/EmbeddedVisualControl/src/build/jetson_interfaces', 'catkin_cmake_args': None, 'catkin_skip_building_tests': False, 'cmake_args': None, 'cmake_clean_cache': False, 'cmake_clean_first': False, 'cmake_force_configure': False, 'cmake_target': None, 'cmake_target_skip_unavailable': False, 'install_base': '/home/jetson/Final_assignment/EmbeddedVisualControl/src/install/jetson_interfaces', 'merge_install': False, 'path': '/home/jetson/Final_assignment/EmbeddedVisualControl/src/jetson_interfaces', 'symlink_install': False, 'test_result_base': None}
[2.033s] INFO:colcon.colcon_core.executor:Executing jobs using 'parallel' executor
[2.036s] DEBUG:colcon.colcon_parallel_executor.executor.parallel:run_until_complete
[2.036s] INFO:colcon.colcon_ros.task.ament_python.build:Building ROS package in '/home/jetson/Final_assignment/EmbeddedVisualControl/src/jetson_camera' with build type 'ament_python'
[2.037s] Level 1:colcon.colcon_core.shell:create_environment_hook('jetson_camera', 'ament_prefix_path')
[2.046s] INFO:colcon.colcon_core.plugin_system:Skipping extension 'colcon_core.shell.bat': Not used on non-Windows systems
[2.046s] INFO:colcon.colcon_core.shell:Creating environment hook '/home/jetson/Final_assignment/EmbeddedVisualControl/src/install/jetson_camera/share/jetson_camera/hook/ament_prefix_path.ps1'
[2.049s] INFO:colcon.colcon_core.shell:Creating environment descriptor '/home/jetson/Final_assignment/EmbeddedVisualControl/src/install/jetson_camera/share/jetson_camera/hook/ament_prefix_path.dsv'
[2.051s] INFO:colcon.colcon_core.shell:Creating environment hook '/home/jetson/Final_assignment/EmbeddedVisualControl/src/install/jetson_camera/share/jetson_camera/hook/ament_prefix_path.sh'
[2.054s] INFO:colcon.colcon_core.shell:Skip shell extension 'powershell' for command environment: Not usable outside of PowerShell
[2.054s] DEBUG:colcon.colcon_core.shell:Skip shell extension 'dsv' for command environment
[2.071s] INFO:colcon.colcon_ros.task.ament_cmake.build:Building ROS package in '/home/jetson/Final_assignment/EmbeddedVisualControl/src/jetson_interfaces' with build type 'ament_cmake'
[2.072s] INFO:colcon.colcon_cmake.task.cmake.build:Building CMake package in '/home/jetson/Final_assignment/EmbeddedVisualControl/src/jetson_interfaces'
[2.074s] INFO:colcon.colcon_core.shell:Skip shell extension 'powershell' for command environment: Not usable outside of PowerShell
[2.075s] DEBUG:colcon.colcon_core.shell:Skip shell extension 'dsv' for command environment
[3.210s] INFO:colcon.colcon_core.task.python.build:Building Python package in '/home/jetson/Final_assignment/EmbeddedVisualControl/src/jetson_camera'
[3.212s] INFO:colcon.colcon_core.shell:Skip shell extension 'powershell' for command environment: Not usable outside of PowerShell
[3.212s] DEBUG:colcon.colcon_core.shell:Skip shell extension 'dsv' for command environment
[3.240s] DEBUG:colcon.colcon_core.event_handler.log_command:Invoking command in '/home/jetson/Final_assignment/EmbeddedVisualControl/src/build/jetson_interfaces': CMAKE_PREFIX_PATH=${CMAKE_PREFIX_PATH}:/home/jetson/Final_assignment/EmbeddedVisualControl/src/install/jetson_camera:/opt/ros/foxy JETSON_P_NUMBER=pders- /usr/bin/cmake --build /home/jetson/Final_assignment/EmbeddedVisualControl/src/build/jetson_interfaces -- -j4 -l4
[4.166s] DEBUG:colcon.colcon_core.event_handler.log_command:Invoked command in '/home/jetson/Final_assignment/EmbeddedVisualControl/src/build/jetson_interfaces' returned '0': CMAKE_PREFIX_PATH=${CMAKE_PREFIX_PATH}:/home/jetson/Final_assignment/EmbeddedVisualControl/src/install/jetson_camera:/opt/ros/foxy JETSON_P_NUMBER=pders- /usr/bin/cmake --build /home/jetson/Final_assignment/EmbeddedVisualControl/src/build/jetson_interfaces -- -j4 -l4
[4.213s] DEBUG:colcon.colcon_core.event_handler.log_command:Invoking command in '/home/jetson/Final_assignment/EmbeddedVisualControl/src/build/jetson_interfaces': CMAKE_PREFIX_PATH=${CMAKE_PREFIX_PATH}:/home/jetson/Final_assignment/EmbeddedVisualControl/src/install/jetson_camera:/opt/ros/foxy JETSON_P_NUMBER=pders- /usr/bin/cmake --install /home/jetson/Final_assignment/EmbeddedVisualControl/src/build/jetson_interfaces
[4.439s] Level 1:colcon.colcon_core.environment:create_environment_scripts_only(jetson_interfaces)
[4.448s] Level 1:colcon.colcon_core.environment:checking '/home/jetson/Final_assignment/EmbeddedVisualControl/src/install/jetson_interfaces' for CMake module files
[4.452s] Level 1:colcon.colcon_core.environment:checking '/home/jetson/Final_assignment/EmbeddedVisualControl/src/install/jetson_interfaces' for CMake config files
[4.455s] DEBUG:colcon.colcon_core.event_handler.log_command:Invoked command in '/home/jetson/Final_assignment/EmbeddedVisualControl/src/build/jetson_interfaces' returned '0': CMAKE_PREFIX_PATH=${CMAKE_PREFIX_PATH}:/home/jetson/Final_assignment/EmbeddedVisualControl/src/install/jetson_camera:/opt/ros/foxy JETSON_P_NUMBER=pders- /usr/bin/cmake --install /home/jetson/Final_assignment/EmbeddedVisualControl/src/build/jetson_interfaces
[4.457s] Level 1:colcon.colcon_core.shell:create_environment_hook('jetson_interfaces', 'cmake_prefix_path')
[4.458s] INFO:colcon.colcon_core.shell:Creating environment hook '/home/jetson/Final_assignment/EmbeddedVisualControl/src/install/jetson_interfaces/share/jetson_interfaces/hook/cmake_prefix_path.ps1'
[4.461s] INFO:colcon.colcon_core.shell:Creating environment descriptor '/home/jetson/Final_assignment/EmbeddedVisualControl/src/install/jetson_interfaces/share/jetson_interfaces/hook/cmake_prefix_path.dsv'
[4.463s] INFO:colcon.colcon_core.shell:Creating environment hook '/home/jetson/Final_assignment/EmbeddedVisualControl/src/install/jetson_interfaces/share/jetson_interfaces/hook/cmake_prefix_path.sh'
[4.466s] Level 1:colcon.colcon_core.environment:checking '/home/jetson/Final_assignment/EmbeddedVisualControl/src/install/jetson_interfaces/lib'
[4.466s] Level 1:colcon.colcon_core.shell:create_environment_hook('jetson_interfaces', 'ld_library_path_lib')
[4.468s] INFO:colcon.colcon_core.shell:Creating environment hook '/home/jetson/Final_assignment/EmbeddedVisualControl/src/install/jetson_interfaces/share/jetson_interfaces/hook/ld_library_path_lib.ps1'
[4.470s] INFO:colcon.colcon_core.shell:Creating environment descriptor '/home/jetson/Final_assignment/EmbeddedVisualControl/src/install/jetson_interfaces/share/jetson_interfaces/hook/ld_library_path_lib.dsv'
[4.471s] INFO:colcon.colcon_core.shell:Creating environment hook '/home/jetson/Final_assignment/EmbeddedVisualControl/src/install/jetson_interfaces/share/jetson_interfaces/hook/ld_library_path_lib.sh'
[4.473s] Level 1:colcon.colcon_core.environment:checking '/home/jetson/Final_assignment/EmbeddedVisualControl/src/install/jetson_interfaces/bin'
[4.474s] Level 1:colcon.colcon_core.environment:checking '/home/jetson/Final_assignment/EmbeddedVisualControl/src/install/jetson_interfaces/lib/pkgconfig/jetson_interfaces.pc'
[4.474s] Level 1:colcon.colcon_core.environment:checking '/home/jetson/Final_assignment/EmbeddedVisualControl/src/install/jetson_interfaces/lib/python3.8/site-packages'
[4.475s] Level 1:colcon.colcon_core.shell:create_environment_hook('jetson_interfaces', 'pythonpath')
[4.476s] INFO:colcon.colcon_core.shell:Creating environment hook '/home/jetson/Final_assignment/EmbeddedVisualControl/src/install/jetson_interfaces/share/jetson_interfaces/hook/pythonpath.ps1'
[4.478s] INFO:colcon.colcon_core.shell:Creating environment descriptor '/home/jetson/Final_assignment/EmbeddedVisualControl/src/install/jetson_interfaces/share/jetson_interfaces/hook/pythonpath.dsv'
[4.479s] INFO:colcon.colcon_core.shell:Creating environment hook '/home/jetson/Final_assignment/EmbeddedVisualControl/src/install/jetson_interfaces/share/jetson_interfaces/hook/pythonpath.sh'
[4.482s] Level 1:colcon.colcon_core.environment:checking '/home/jetson/Final_assignment/EmbeddedVisualControl/src/install/jetson_interfaces/bin'
[4.484s] INFO:colcon.colcon_core.shell:Creating package script '/home/jetson/Final_assignment/EmbeddedVisualControl/src/install/jetson_interfaces/share/jetson_interfaces/package.ps1'
[4.488s] INFO:colcon.colcon_core.shell:Creating package descriptor '/home/jetson/Final_assignment/EmbeddedVisualControl/src/install/jetson_interfaces/share/jetson_interfaces/package.dsv'
[4.490s] INFO:colcon.colcon_core.shell:Creating package script '/home/jetson/Final_assignment/EmbeddedVisualControl/src/install/jetson_interfaces/share/jetson_interfaces/package.sh'
[4.494s] INFO:colcon.colcon_core.shell:Creating package script '/home/jetson/Final_assignment/EmbeddedVisualControl/src/install/jetson_interfaces/share/jetson_interfaces/package.bash'
[4.497s] INFO:colcon.colcon_core.shell:Creating package script '/home/jetson/Final_assignment/EmbeddedVisualControl/src/install/jetson_interfaces/share/jetson_interfaces/package.zsh'
[4.500s] Level 1:colcon.colcon_core.environment:create_file_with_runtime_dependencies(/home/jetson/Final_assignment/EmbeddedVisualControl/src/install/jetson_interfaces/share/colcon-core/packages/jetson_interfaces)
[4.503s] Level 1:colcon.colcon_core.environment:create_environment_scripts_only(jetson_interfaces)
[4.504s] Level 1:colcon.colcon_core.environment:checking '/home/jetson/Final_assignment/EmbeddedVisualControl/src/install/jetson_interfaces' for CMake module files
[4.507s] Level 1:colcon.colcon_core.environment:checking '/home/jetson/Final_assignment/EmbeddedVisualControl/src/install/jetson_interfaces' for CMake config files
[4.510s] Level 1:colcon.colcon_core.shell:create_environment_hook('jetson_interfaces', 'cmake_prefix_path')
[4.511s] INFO:colcon.colcon_core.shell:Creating environment hook '/home/jetson/Final_assignment/EmbeddedVisualControl/src/install/jetson_interfaces/share/jetson_interfaces/hook/cmake_prefix_path.ps1'
[4.513s] INFO:colcon.colcon_core.shell:Creating environment descriptor '/home/jetson/Final_assignment/EmbeddedVisualControl/src/install/jetson_interfaces/share/jetson_interfaces/hook/cmake_prefix_path.dsv'
[4.515s] INFO:colcon.colcon_core.shell:Creating environment hook '/home/jetson/Final_assignment/EmbeddedVisualControl/src/install/jetson_interfaces/share/jetson_interfaces/hook/cmake_prefix_path.sh'
[4.517s] Level 1:colcon.colcon_core.environment:checking '/home/jetson/Final_assignment/EmbeddedVisualControl/src/install/jetson_interfaces/lib'
[4.518s] Level 1:colcon.colcon_core.shell:create_environment_hook('jetson_interfaces', 'ld_library_path_lib')
[4.519s] INFO:colcon.colcon_core.shell:Creating environment hook '/home/jetson/Final_assignment/EmbeddedVisualControl/src/install/jetson_interfaces/share/jetson_interfaces/hook/ld_library_path_lib.ps1'
[4.520s] INFO:colcon.colcon_core.shell:Creating environment descriptor '/home/jetson/Final_assignment/EmbeddedVisualControl/src/install/jetson_interfaces/share/jetson_interfaces/hook/ld_library_path_lib.dsv'
[4.522s] INFO:colcon.colcon_core.shell:Creating environment hook '/home/jetson/Final_assignment/EmbeddedVisualControl/src/install/jetson_interfaces/share/jetson_interfaces/hook/ld_library_path_lib.sh'
[4.524s] Level 1:colcon.colcon_core.environment:checking '/home/jetson/Final_assignment/EmbeddedVisualControl/src/install/jetson_interfaces/bin'
[4.524s] Level 1:colcon.colcon_core.environment:checking '/home/jetson/Final_assignment/EmbeddedVisualControl/src/install/jetson_interfaces/lib/pkgconfig/jetson_interfaces.pc'
[4.525s] Level 1:colcon.colcon_core.environment:checking '/home/jetson/Final_assignment/EmbeddedVisualControl/src/install/jetson_interfaces/lib/python3.8/site-packages'
[4.525s] Level 1:colcon.colcon_core.shell:create_environment_hook('jetson_interfaces', 'pythonpath')
[4.526s] INFO:colcon.colcon_core.shell:Creating environment hook '/home/jetson/Final_assignment/EmbeddedVisualControl/src/install/jetson_interfaces/share/jetson_interfaces/hook/pythonpath.ps1'
[4.528s] INFO:colcon.colcon_core.shell:Creating environment descriptor '/home/jetson/Final_assignment/EmbeddedVisualControl/src/install/jetson_interfaces/share/jetson_interfaces/hook/pythonpath.dsv'
[4.530s] INFO:colcon.colcon_core.shell:Creating environment hook '/home/jetson/Final_assignment/EmbeddedVisualControl/src/install/jetson_interfaces/share/jetson_interfaces/hook/pythonpath.sh'
[4.532s] Level 1:colcon.colcon_core.environment:checking '/home/jetson/Final_assignment/EmbeddedVisualControl/src/install/jetson_interfaces/bin'
[4.534s] INFO:colcon.colcon_core.shell:Creating package script '/home/jetson/Final_assignment/EmbeddedVisualControl/src/install/jetson_interfaces/share/jetson_interfaces/package.ps1'
[4.537s] INFO:colcon.colcon_core.shell:Creating package descriptor '/home/jetson/Final_assignment/EmbeddedVisualControl/src/install/jetson_interfaces/share/jetson_interfaces/package.dsv'
[4.540s] INFO:colcon.colcon_core.shell:Creating package script '/home/jetson/Final_assignment/EmbeddedVisualControl/src/install/jetson_interfaces/share/jetson_interfaces/package.sh'
[4.542s] INFO:colcon.colcon_core.shell:Creating package script '/home/jetson/Final_assignment/EmbeddedVisualControl/src/install/jetson_interfaces/share/jetson_interfaces/package.bash'
[4.544s] INFO:colcon.colcon_core.shell:Creating package script '/home/jetson/Final_assignment/EmbeddedVisualControl/src/install/jetson_interfaces/share/jetson_interfaces/package.zsh'
[4.547s] Level 1:colcon.colcon_core.environment:create_file_with_runtime_dependencies(/home/jetson/Final_assignment/EmbeddedVisualControl/src/install/jetson_interfaces/share/colcon-core/packages/jetson_interfaces)
[4.999s] DEBUG:colcon.colcon_core.event_handler.log_command:Invoking command in '/home/jetson/Final_assignment/EmbeddedVisualControl/src/jetson_camera': JETSON_P_NUMBER=pders- PYTHONPATH=/home/jetson/Final_assignment/EmbeddedVisualControl/src/build/jetson_camera/prefix_override:/usr/lib/python3/dist-packages/colcon_core/task/python/colcon_distutils_commands:/home/jetson/Final_assignment/EmbeddedVisualControl/src/install/jetson_camera/lib/python3.8/site-packages:${PYTHONPATH} /usr/bin/python3 -W ignore:setup.py install is deprecated -W ignore:easy_install command is deprecated setup.py egg_info --egg-base ../build/jetson_camera build --build-base /home/jetson/Final_assignment/EmbeddedVisualControl/src/build/jetson_camera/build install --record /home/jetson/Final_assignment/EmbeddedVisualControl/src/build/jetson_camera/install.log --single-version-externally-managed install_data
[6.240s] Level 1:colcon.colcon_core.environment:checking '/home/jetson/Final_assignment/EmbeddedVisualControl/src/install/jetson_camera' for CMake module files
[6.243s] DEBUG:colcon.colcon_core.event_handler.log_command:Invoked command in '/home/jetson/Final_assignment/EmbeddedVisualControl/src/jetson_camera' returned '0': JETSON_P_NUMBER=pders- PYTHONPATH=/home/jetson/Final_assignment/EmbeddedVisualControl/src/build/jetson_camera/prefix_override:/usr/lib/python3/dist-packages/colcon_core/task/python/colcon_distutils_commands:/home/jetson/Final_assignment/EmbeddedVisualControl/src/install/jetson_camera/lib/python3.8/site-packages:${PYTHONPATH} /usr/bin/python3 -W ignore:setup.py install is deprecated -W ignore:easy_install command is deprecated setup.py egg_info --egg-base ../build/jetson_camera build --build-base /home/jetson/Final_assignment/EmbeddedVisualControl/src/build/jetson_camera/build install --record /home/jetson/Final_assignment/EmbeddedVisualControl/src/build/jetson_camera/install.log --single-version-externally-managed install_data
[6.245s] Level 1:colcon.colcon_core.environment:checking '/home/jetson/Final_assignment/EmbeddedVisualControl/src/install/jetson_camera' for CMake config files
[6.248s] Level 1:colcon.colcon_core.environment:checking '/home/jetson/Final_assignment/EmbeddedVisualControl/src/install/jetson_camera/lib'
[6.249s] Level 1:colcon.colcon_core.environment:checking '/home/jetson/Final_assignment/EmbeddedVisualControl/src/install/jetson_camera/bin'
[6.249s] Level 1:colcon.colcon_core.environment:checking '/home/jetson/Final_assignment/EmbeddedVisualControl/src/install/jetson_camera/lib/pkgconfig/jetson_camera.pc'
[6.250s] Level 1:colcon.colcon_core.environment:checking '/home/jetson/Final_assignment/EmbeddedVisualControl/src/install/jetson_camera/lib/python3.8/site-packages'
[6.250s] Level 1:colcon.colcon_core.shell:create_environment_hook('jetson_camera', 'pythonpath')
[6.251s] INFO:colcon.colcon_core.shell:Creating environment hook '/home/jetson/Final_assignment/EmbeddedVisualControl/src/install/jetson_camera/share/jetson_camera/hook/pythonpath.ps1'
[6.253s] INFO:colcon.colcon_core.shell:Creating environment descriptor '/home/jetson/Final_assignment/EmbeddedVisualControl/src/install/jetson_camera/share/jetson_camera/hook/pythonpath.dsv'
[6.255s] INFO:colcon.colcon_core.shell:Creating environment hook '/home/jetson/Final_assignment/EmbeddedVisualControl/src/install/jetson_camera/share/jetson_camera/hook/pythonpath.sh'
[6.257s] Level 1:colcon.colcon_core.environment:checking '/home/jetson/Final_assignment/EmbeddedVisualControl/src/install/jetson_camera/bin'
[6.257s] Level 1:colcon.colcon_core.environment:create_environment_scripts_only(jetson_camera)
[6.259s] INFO:colcon.colcon_core.shell:Creating package script '/home/jetson/Final_assignment/EmbeddedVisualControl/src/install/jetson_camera/share/jetson_camera/package.ps1'
[6.261s] INFO:colcon.colcon_core.shell:Creating package descriptor '/home/jetson/Final_assignment/EmbeddedVisualControl/src/install/jetson_camera/share/jetson_camera/package.dsv'
[6.263s] INFO:colcon.colcon_core.shell:Creating package script '/home/jetson/Final_assignment/EmbeddedVisualControl/src/install/jetson_camera/share/jetson_camera/package.sh'
[6.264s] INFO:colcon.colcon_core.shell:Creating package script '/home/jetson/Final_assignment/EmbeddedVisualControl/src/install/jetson_camera/share/jetson_camera/package.bash'
[6.267s] INFO:colcon.colcon_core.shell:Creating package script '/home/jetson/Final_assignment/EmbeddedVisualControl/src/install/jetson_camera/share/jetson_camera/package.zsh'
[6.268s] Level 1:colcon.colcon_core.environment:create_file_with_runtime_dependencies(/home/jetson/Final_assignment/EmbeddedVisualControl/src/install/jetson_camera/share/colcon-core/packages/jetson_camera)
[6.269s] DEBUG:colcon.colcon_parallel_executor.executor.parallel:closing loop
[6.270s] DEBUG:colcon.colcon_parallel_executor.executor.parallel:loop closed
[6.271s] DEBUG:colcon.colcon_parallel_executor.executor.parallel:run_until_complete finished with '0'
[6.271s] DEBUG:colcon.colcon_core.event_reactor:joining thread
[6.293s] INFO:colcon.colcon_core.plugin_system:Skipping extension 'colcon_notification.desktop_notification.terminal_notifier': Not used on non-Darwin systems
[6.293s] INFO:colcon.colcon_core.plugin_system:Skipping extension 'colcon_notification.desktop_notification.win32': Not used on non-Windows systems
[6.293s] INFO:colcon.colcon_notification.desktop_notification:Sending desktop notification using 'notify2'
[6.330s] DEBUG:colcon.colcon_notification.desktop_notification.notify2:Failed to initialize notify2: org.freedesktop.DBus.Error.Spawn.ChildExited: Process org.freedesktop.Notifications exited with status 1
[6.331s] DEBUG:colcon.colcon_core.event_reactor:joined thread
[6.332s] INFO:colcon.colcon_core.shell:Creating prefix script '/home/jetson/Final_assignment/EmbeddedVisualControl/src/install/local_setup.ps1'
[6.336s] INFO:colcon.colcon_core.shell:Creating prefix util module '/home/jetson/Final_assignment/EmbeddedVisualControl/src/install/_local_setup_util_ps1.py'
[6.342s] INFO:colcon.colcon_core.shell:Creating prefix chain script '/home/jetson/Final_assignment/EmbeddedVisualControl/src/install/setup.ps1'
[6.346s] INFO:colcon.colcon_core.shell:Creating prefix script '/home/jetson/Final_assignment/EmbeddedVisualControl/src/install/local_setup.sh'
[6.349s] INFO:colcon.colcon_core.shell:Creating prefix util module '/home/jetson/Final_assignment/EmbeddedVisualControl/src/install/_local_setup_util_sh.py'
[6.351s] INFO:colcon.colcon_core.shell:Creating prefix chain script '/home/jetson/Final_assignment/EmbeddedVisualControl/src/install/setup.sh'
[6.356s] INFO:colcon.colcon_core.shell:Creating prefix script '/home/jetson/Final_assignment/EmbeddedVisualControl/src/install/local_setup.bash'
[6.358s] INFO:colcon.colcon_core.shell:Creating prefix chain script '/home/jetson/Final_assignment/EmbeddedVisualControl/src/install/setup.bash'
[6.362s] INFO:colcon.colcon_core.shell:Creating prefix script '/home/jetson/Final_assignment/EmbeddedVisualControl/src/install/local_setup.zsh'
[6.364s] INFO:colcon.colcon_core.shell:Creating prefix chain script '/home/jetson/Final_assignment/EmbeddedVisualControl/src/install/setup.zsh'
