[4.797s] Invoking command in '/home/jetson/Final_assignment/EmbeddedVisualControl/src/jetson_camera': PYTHONPATH=/home/jetson/Final_assignment/EmbeddedVisualControl/src/build/jetson_camera/prefix_override:/usr/lib/python3/dist-packages/colcon_core/task/python/colcon_distutils_commands:/home/jetson/Final_assignment/EmbeddedVisualControl/src/install/jetson_camera/lib/python3.8/site-packages:${PYTHONPATH} /usr/bin/python3 -W ignore:setup.py install is deprecated -W ignore:easy_install command is deprecated setup.py egg_info --egg-base ../build/jetson_camera build --build-base /home/jetson/Final_assignment/EmbeddedVisualControl/src/build/jetson_camera/build install --record /home/jetson/Final_assignment/EmbeddedVisualControl/src/build/jetson_camera/install.log --single-version-externally-managed install_data
[6.661s] running egg_info
[6.709s] writing ../build/jetson_camera/jetson_camera.egg-info/PKG-INFO
[6.710s] writing dependency_links to ../build/jetson_camera/jetson_camera.egg-info/dependency_links.txt
[6.714s] writing entry points to ../build/jetson_camera/jetson_camera.egg-info/entry_points.txt
[6.716s] writing requirements to ../build/jetson_camera/jetson_camera.egg-info/requires.txt
[6.716s] writing top-level names to ../build/jetson_camera/jetson_camera.egg-info/top_level.txt
[6.731s] reading manifest file '../build/jetson_camera/jetson_camera.egg-info/SOURCES.txt'
[6.735s] writing manifest file '../build/jetson_camera/jetson_camera.egg-info/SOURCES.txt'
[6.736s] running build
[6.737s] running build_py
[6.743s] copying jetson_camera/algorithm_node.py -> /home/jetson/Final_assignment/EmbeddedVisualControl/src/build/jetson_camera/build/lib/jetson_camera
[6.757s] running install
[6.777s] running install_lib
[6.796s] copying /home/jetson/Final_assignment/EmbeddedVisualControl/src/build/jetson_camera/build/lib/jetson_camera/algorithm_node.py -> /home/jetson/Final_assignment/EmbeddedVisualControl/src/install/jetson_camera/lib/python3.8/site-packages/jetson_camera
[6.810s] byte-compiling /home/jetson/Final_assignment/EmbeddedVisualControl/src/install/jetson_camera/lib/python3.8/site-packages/jetson_camera/algorithm_node.py to algorithm_node.cpython-38.pyc
[6.816s]   File "/home/jetson/Final_assignment/EmbeddedVisualControl/src/install/jetson_camera/lib/python3.8/site-packages/jetson_camera/algorithm_node.py", line 164
[6.816s]     break
[6.817s]     ^
[6.817s] SyntaxError: 'break' outside loop
[6.817s] 
[6.820s] running install_data
[6.823s] running install_egg_info
[6.831s] removing '/home/jetson/Final_assignment/EmbeddedVisualControl/src/install/jetson_camera/lib/python3.8/site-packages/jetson_camera-0.0.0-py3.8.egg-info' (and everything under it)
[6.834s] Copying ../build/jetson_camera/jetson_camera.egg-info to /home/jetson/Final_assignment/EmbeddedVisualControl/src/install/jetson_camera/lib/python3.8/site-packages/jetson_camera-0.0.0-py3.8.egg-info
[6.870s] running install_scripts
[7.127s] Installing QR_node script to /home/jetson/Final_assignment/EmbeddedVisualControl/src/install/jetson_camera/lib/jetson_camera
[7.140s] Installing ToF_sensor script to /home/jetson/Final_assignment/EmbeddedVisualControl/src/install/jetson_camera/lib/jetson_camera
[7.140s] Installing algorithm script to /home/jetson/Final_assignment/EmbeddedVisualControl/src/install/jetson_camera/lib/jetson_camera
[7.141s] Installing application_node script to /home/jetson/Final_assignment/EmbeddedVisualControl/src/install/jetson_camera/lib/jetson_camera
[7.141s] Installing camera_detection script to /home/jetson/Final_assignment/EmbeddedVisualControl/src/install/jetson_camera/lib/jetson_camera
[7.142s] Installing encoder_node script to /home/jetson/Final_assignment/EmbeddedVisualControl/src/install/jetson_camera/lib/jetson_camera
[7.143s] Installing face_detection_recognition script to /home/jetson/Final_assignment/EmbeddedVisualControl/src/install/jetson_camera/lib/jetson_camera
[7.143s] Installing face_tracking_sub script to /home/jetson/Final_assignment/EmbeddedVisualControl/src/install/jetson_camera/lib/jetson_camera
[7.144s] Installing grid_mapping_node script to /home/jetson/Final_assignment/EmbeddedVisualControl/src/install/jetson_camera/lib/jetson_camera
[7.144s] Installing imu_node script to /home/jetson/Final_assignment/EmbeddedVisualControl/src/install/jetson_camera/lib/jetson_camera
[7.145s] Installing main_qr script to /home/jetson/Final_assignment/EmbeddedVisualControl/src/install/jetson_camera/lib/jetson_camera
[7.145s] Installing movement_node script to /home/jetson/Final_assignment/EmbeddedVisualControl/src/install/jetson_camera/lib/jetson_camera
[7.145s] Installing processing_node script to /home/jetson/Final_assignment/EmbeddedVisualControl/src/install/jetson_camera/lib/jetson_camera
[7.146s] Installing publisher_node script to /home/jetson/Final_assignment/EmbeddedVisualControl/src/install/jetson_camera/lib/jetson_camera
[7.146s] Installing route_plotter script to /home/jetson/Final_assignment/EmbeddedVisualControl/src/install/jetson_camera/lib/jetson_camera
[7.147s] Installing sensor_fusion script to /home/jetson/Final_assignment/EmbeddedVisualControl/src/install/jetson_camera/lib/jetson_camera
[7.165s] Installing square_driver_node script to /home/jetson/Final_assignment/EmbeddedVisualControl/src/install/jetson_camera/lib/jetson_camera
[7.166s] Installing subscriber_node script to /home/jetson/Final_assignment/EmbeddedVisualControl/src/install/jetson_camera/lib/jetson_camera
[7.167s] Installing tracking script to /home/jetson/Final_assignment/EmbeddedVisualControl/src/install/jetson_camera/lib/jetson_camera
[7.169s] writing list of installed files to '/home/jetson/Final_assignment/EmbeddedVisualControl/src/build/jetson_camera/install.log'
[7.416s] Invoked command in '/home/jetson/Final_assignment/EmbeddedVisualControl/src/jetson_camera' returned '0': PYTHONPATH=/home/jetson/Final_assignment/EmbeddedVisualControl/src/build/jetson_camera/prefix_override:/usr/lib/python3/dist-packages/colcon_core/task/python/colcon_distutils_commands:/home/jetson/Final_assignment/EmbeddedVisualControl/src/install/jetson_camera/lib/python3.8/site-packages:${PYTHONPATH} /usr/bin/python3 -W ignore:setup.py install is deprecated -W ignore:easy_install command is deprecated setup.py egg_info --egg-base ../build/jetson_camera build --build-base /home/jetson/Final_assignment/EmbeddedVisualControl/src/build/jetson_camera/build install --record /home/jetson/Final_assignment/EmbeddedVisualControl/src/build/jetson_camera/install.log --single-version-externally-managed install_data
