[4.877s] Invoking command in '/home/jetson/EVC_2/workshops/vision_ws/src/jetson_camera': PYTHONPATH=/home/jetson/EVC_2/workshops/vision_ws/build/jetson_camera/prefix_override:/usr/lib/python3/dist-packages/colcon_core/task/python/colcon_distutils_commands:/home/jetson/EVC_2/workshops/vision_ws/install/jetson_camera/lib/python3.8/site-packages:${PYTHONPATH} /usr/bin/python3 -W ignore:setup.py install is deprecated -W ignore:easy_install command is deprecated setup.py egg_info --egg-base ../../build/jetson_camera build --build-base /home/jetson/EVC_2/workshops/vision_ws/build/jetson_camera/build install --record /home/jetson/EVC_2/workshops/vision_ws/build/jetson_camera/install.log --single-version-externally-managed install_data
[6.062s] running egg_info
[6.065s] creating ../../build/jetson_camera/jetson_camera.egg-info
[6.066s] writing ../../build/jetson_camera/jetson_camera.egg-info/PKG-INFO
[6.067s] writing dependency_links to ../../build/jetson_camera/jetson_camera.egg-info/dependency_links.txt
[6.067s] writing entry points to ../../build/jetson_camera/jetson_camera.egg-info/entry_points.txt
[6.068s] writing requirements to ../../build/jetson_camera/jetson_camera.egg-info/requires.txt
[6.068s] writing top-level names to ../../build/jetson_camera/jetson_camera.egg-info/top_level.txt
[6.079s] writing manifest file '../../build/jetson_camera/jetson_camera.egg-info/SOURCES.txt'
[6.088s] reading manifest file '../../build/jetson_camera/jetson_camera.egg-info/SOURCES.txt'
[6.092s] writing manifest file '../../build/jetson_camera/jetson_camera.egg-info/SOURCES.txt'
[6.092s] running build
[6.093s] running build_py
[6.094s] creating /home/jetson/EVC_2/workshops/vision_ws/build/jetson_camera/build
[6.094s] creating /home/jetson/EVC_2/workshops/vision_ws/build/jetson_camera/build/lib
[6.094s] creating /home/jetson/EVC_2/workshops/vision_ws/build/jetson_camera/build/lib/jetson_camera
[6.095s] copying jetson_camera/processing_node.py -> /home/jetson/EVC_2/workshops/vision_ws/build/jetson_camera/build/lib/jetson_camera
[6.095s] copying jetson_camera/face_tracking_sub.py -> /home/jetson/EVC_2/workshops/vision_ws/build/jetson_camera/build/lib/jetson_camera
[6.096s] copying jetson_camera/encoderDriver.py -> /home/jetson/EVC_2/workshops/vision_ws/build/jetson_camera/build/lib/jetson_camera
[6.097s] copying jetson_camera/motorDriver.py -> /home/jetson/EVC_2/workshops/vision_ws/build/jetson_camera/build/lib/jetson_camera
[6.097s] copying jetson_camera/main_qr.py -> /home/jetson/EVC_2/workshops/vision_ws/build/jetson_camera/build/lib/jetson_camera
[6.099s] copying jetson_camera/QR_node.py -> /home/jetson/EVC_2/workshops/vision_ws/build/jetson_camera/build/lib/jetson_camera
[6.100s] copying jetson_camera/subscriber_node.py -> /home/jetson/EVC_2/workshops/vision_ws/build/jetson_camera/build/lib/jetson_camera
[6.101s] copying jetson_camera/__init__.py -> /home/jetson/EVC_2/workshops/vision_ws/build/jetson_camera/build/lib/jetson_camera
[6.102s] copying jetson_camera/publisher_node.py -> /home/jetson/EVC_2/workshops/vision_ws/build/jetson_camera/build/lib/jetson_camera
[6.102s] copying jetson_camera/application_node.py -> /home/jetson/EVC_2/workshops/vision_ws/build/jetson_camera/build/lib/jetson_camera
[6.104s] running install
[6.107s] running install_lib
[6.111s] creating /home/jetson/EVC_2/workshops/vision_ws/install/jetson_camera/lib/python3.8/site-packages/jetson_camera
[6.111s] copying /home/jetson/EVC_2/workshops/vision_ws/build/jetson_camera/build/lib/jetson_camera/processing_node.py -> /home/jetson/EVC_2/workshops/vision_ws/install/jetson_camera/lib/python3.8/site-packages/jetson_camera
[6.112s] copying /home/jetson/EVC_2/workshops/vision_ws/build/jetson_camera/build/lib/jetson_camera/face_tracking_sub.py -> /home/jetson/EVC_2/workshops/vision_ws/install/jetson_camera/lib/python3.8/site-packages/jetson_camera
[6.112s] copying /home/jetson/EVC_2/workshops/vision_ws/build/jetson_camera/build/lib/jetson_camera/encoderDriver.py -> /home/jetson/EVC_2/workshops/vision_ws/install/jetson_camera/lib/python3.8/site-packages/jetson_camera
[6.113s] copying /home/jetson/EVC_2/workshops/vision_ws/build/jetson_camera/build/lib/jetson_camera/motorDriver.py -> /home/jetson/EVC_2/workshops/vision_ws/install/jetson_camera/lib/python3.8/site-packages/jetson_camera
[6.113s] copying /home/jetson/EVC_2/workshops/vision_ws/build/jetson_camera/build/lib/jetson_camera/main_qr.py -> /home/jetson/EVC_2/workshops/vision_ws/install/jetson_camera/lib/python3.8/site-packages/jetson_camera
[6.114s] copying /home/jetson/EVC_2/workshops/vision_ws/build/jetson_camera/build/lib/jetson_camera/QR_node.py -> /home/jetson/EVC_2/workshops/vision_ws/install/jetson_camera/lib/python3.8/site-packages/jetson_camera
[6.114s] copying /home/jetson/EVC_2/workshops/vision_ws/build/jetson_camera/build/lib/jetson_camera/subscriber_node.py -> /home/jetson/EVC_2/workshops/vision_ws/install/jetson_camera/lib/python3.8/site-packages/jetson_camera
[6.115s] copying /home/jetson/EVC_2/workshops/vision_ws/build/jetson_camera/build/lib/jetson_camera/__init__.py -> /home/jetson/EVC_2/workshops/vision_ws/install/jetson_camera/lib/python3.8/site-packages/jetson_camera
[6.115s] copying /home/jetson/EVC_2/workshops/vision_ws/build/jetson_camera/build/lib/jetson_camera/publisher_node.py -> /home/jetson/EVC_2/workshops/vision_ws/install/jetson_camera/lib/python3.8/site-packages/jetson_camera
[6.116s] copying /home/jetson/EVC_2/workshops/vision_ws/build/jetson_camera/build/lib/jetson_camera/application_node.py -> /home/jetson/EVC_2/workshops/vision_ws/install/jetson_camera/lib/python3.8/site-packages/jetson_camera
[6.117s] byte-compiling /home/jetson/EVC_2/workshops/vision_ws/install/jetson_camera/lib/python3.8/site-packages/jetson_camera/processing_node.py to processing_node.cpython-38.pyc
[6.120s] byte-compiling /home/jetson/EVC_2/workshops/vision_ws/install/jetson_camera/lib/python3.8/site-packages/jetson_camera/face_tracking_sub.py to face_tracking_sub.cpython-38.pyc
[6.126s] byte-compiling /home/jetson/EVC_2/workshops/vision_ws/install/jetson_camera/lib/python3.8/site-packages/jetson_camera/encoderDriver.py to encoderDriver.cpython-38.pyc
[6.128s] byte-compiling /home/jetson/EVC_2/workshops/vision_ws/install/jetson_camera/lib/python3.8/site-packages/jetson_camera/motorDriver.py to motorDriver.cpython-38.pyc
[6.130s] byte-compiling /home/jetson/EVC_2/workshops/vision_ws/install/jetson_camera/lib/python3.8/site-packages/jetson_camera/main_qr.py to main_qr.cpython-38.pyc
[6.136s] byte-compiling /home/jetson/EVC_2/workshops/vision_ws/install/jetson_camera/lib/python3.8/site-packages/jetson_camera/QR_node.py to QR_node.cpython-38.pyc
[6.138s] byte-compiling /home/jetson/EVC_2/workshops/vision_ws/install/jetson_camera/lib/python3.8/site-packages/jetson_camera/subscriber_node.py to subscriber_node.cpython-38.pyc
[6.141s] byte-compiling /home/jetson/EVC_2/workshops/vision_ws/install/jetson_camera/lib/python3.8/site-packages/jetson_camera/__init__.py to __init__.cpython-38.pyc
[6.142s] byte-compiling /home/jetson/EVC_2/workshops/vision_ws/install/jetson_camera/lib/python3.8/site-packages/jetson_camera/publisher_node.py to publisher_node.cpython-38.pyc
[6.144s] byte-compiling /home/jetson/EVC_2/workshops/vision_ws/install/jetson_camera/lib/python3.8/site-packages/jetson_camera/application_node.py to application_node.cpython-38.pyc
[6.147s] running install_data
[6.148s] creating /home/jetson/EVC_2/workshops/vision_ws/install/jetson_camera/share/ament_index
[6.148s] creating /home/jetson/EVC_2/workshops/vision_ws/install/jetson_camera/share/ament_index/resource_index
[6.149s] creating /home/jetson/EVC_2/workshops/vision_ws/install/jetson_camera/share/ament_index/resource_index/packages
[6.149s] copying resource/jetson_camera -> /home/jetson/EVC_2/workshops/vision_ws/install/jetson_camera/share/ament_index/resource_index/packages
[6.150s] copying package.xml -> /home/jetson/EVC_2/workshops/vision_ws/install/jetson_camera/share/jetson_camera
[6.151s] creating /home/jetson/EVC_2/workshops/vision_ws/install/jetson_camera/share/jetson_camera/launch
[6.151s] copying launch/camera_QR.launch.py -> /home/jetson/EVC_2/workshops/vision_ws/install/jetson_camera/share/jetson_camera/launch
[6.168s] copying launch/camera_processor.launch.py -> /home/jetson/EVC_2/workshops/vision_ws/install/jetson_camera/share/jetson_camera/launch
[6.169s] copying launch/camera_publisher.launch.py -> /home/jetson/EVC_2/workshops/vision_ws/install/jetson_camera/share/jetson_camera/launch
[6.169s] copying launch/motor_face.launch.py -> /home/jetson/EVC_2/workshops/vision_ws/install/jetson_camera/share/jetson_camera/launch
[6.170s] copying launch/camera_application.launch.py -> /home/jetson/EVC_2/workshops/vision_ws/install/jetson_camera/share/jetson_camera/launch
[6.170s] copying launch/camera_subscriber.launch.py -> /home/jetson/EVC_2/workshops/vision_ws/install/jetson_camera/share/jetson_camera/launch
[6.171s] copying launch/motor_qr.launch.py -> /home/jetson/EVC_2/workshops/vision_ws/install/jetson_camera/share/jetson_camera/launch
[6.172s] creating /home/jetson/EVC_2/workshops/vision_ws/install/jetson_camera/share/jetson_camera/config
[6.172s] copying config/parameters.yaml -> /home/jetson/EVC_2/workshops/vision_ws/install/jetson_camera/share/jetson_camera/config
[6.173s] running install_egg_info
[6.173s] Copying ../../build/jetson_camera/jetson_camera.egg-info to /home/jetson/EVC_2/workshops/vision_ws/install/jetson_camera/lib/python3.8/site-packages/jetson_camera-0.0.0-py3.8.egg-info
[6.174s] running install_scripts
[6.247s] Installing QR_node script to /home/jetson/EVC_2/workshops/vision_ws/install/jetson_camera/lib/jetson_camera
[6.248s] Installing application_node script to /home/jetson/EVC_2/workshops/vision_ws/install/jetson_camera/lib/jetson_camera
[6.248s] Installing main_qr script to /home/jetson/EVC_2/workshops/vision_ws/install/jetson_camera/lib/jetson_camera
[6.249s] Installing processing_node script to /home/jetson/EVC_2/workshops/vision_ws/install/jetson_camera/lib/jetson_camera
[6.249s] Installing publisher_node script to /home/jetson/EVC_2/workshops/vision_ws/install/jetson_camera/lib/jetson_camera
[6.250s] Installing subscriber_node script to /home/jetson/EVC_2/workshops/vision_ws/install/jetson_camera/lib/jetson_camera
[6.252s] writing list of installed files to '/home/jetson/EVC_2/workshops/vision_ws/build/jetson_camera/install.log'
[6.353s] Invoked command in '/home/jetson/EVC_2/workshops/vision_ws/src/jetson_camera' returned '0': PYTHONPATH=/home/jetson/EVC_2/workshops/vision_ws/build/jetson_camera/prefix_override:/usr/lib/python3/dist-packages/colcon_core/task/python/colcon_distutils_commands:/home/jetson/EVC_2/workshops/vision_ws/install/jetson_camera/lib/python3.8/site-packages:${PYTHONPATH} /usr/bin/python3 -W ignore:setup.py install is deprecated -W ignore:easy_install command is deprecated setup.py egg_info --egg-base ../../build/jetson_camera build --build-base /home/jetson/EVC_2/workshops/vision_ws/build/jetson_camera/build install --record /home/jetson/EVC_2/workshops/vision_ws/build/jetson_camera/install.log --single-version-externally-managed install_data
