[3.155s] Invoking command in '/home/jetson/EVC_2/workshops/vision_ws/src/jetson_camera': JETSON_P_NUMBER=potor- PYTHONPATH=/home/jetson/EVC_2/workshops/vision_ws/build/jetson_camera/prefix_override:/usr/lib/python3/dist-packages/colcon_core/task/python/colcon_distutils_commands:/home/jetson/EVC_2/workshops/vision_ws/install/jetson_camera/lib/python3.8/site-packages:${PYTHONPATH} /usr/bin/python3 -W ignore:setup.py install is deprecated -W ignore:easy_install command is deprecated setup.py egg_info --egg-base ../../build/jetson_camera build --build-base /home/jetson/EVC_2/workshops/vision_ws/build/jetson_camera/build install --record /home/jetson/EVC_2/workshops/vision_ws/build/jetson_camera/install.log --single-version-externally-managed install_data
[4.230s] running egg_info
[4.233s] writing ../../build/jetson_camera/jetson_camera.egg-info/PKG-INFO
[4.235s] writing dependency_links to ../../build/jetson_camera/jetson_camera.egg-info/dependency_links.txt
[4.236s] writing entry points to ../../build/jetson_camera/jetson_camera.egg-info/entry_points.txt
[4.236s] writing requirements to ../../build/jetson_camera/jetson_camera.egg-info/requires.txt
[4.236s] writing top-level names to ../../build/jetson_camera/jetson_camera.egg-info/top_level.txt
[4.246s] package init file 'jetson_camera/motorDrivers/__init__.py' not found (or not a regular file)
[4.249s] reading manifest file '../../build/jetson_camera/jetson_camera.egg-info/SOURCES.txt'
[4.255s] writing manifest file '../../build/jetson_camera/jetson_camera.egg-info/SOURCES.txt'
[4.256s] running build
[4.256s] running build_py
[4.257s] copying jetson_camera/main_qr.py -> /home/jetson/EVC_2/workshops/vision_ws/build/jetson_camera/build/lib/jetson_camera
[4.261s] running install
[4.264s] running install_lib
[4.268s] copying /home/jetson/EVC_2/workshops/vision_ws/build/jetson_camera/build/lib/jetson_camera/main_qr.py -> /home/jetson/EVC_2/workshops/vision_ws/install/jetson_camera/lib/python3.8/site-packages/jetson_camera
[4.273s] byte-compiling /home/jetson/EVC_2/workshops/vision_ws/install/jetson_camera/lib/python3.8/site-packages/jetson_camera/main_qr.py to main_qr.cpython-38.pyc
[4.274s]   File "/home/jetson/EVC_2/workshops/vision_ws/install/jetson_camera/lib/python3.8/site-packages/jetson_camera/main_qr.py", line 9
[4.274s]     from jetson_camera/motorDrivers.encoderDriver import WheelEncoderDriver
[4.275s]                       ^
[4.275s] SyntaxError: invalid syntax
[4.275s] 
[4.276s] running install_data
[4.276s] running install_egg_info
[4.283s] removing '/home/jetson/EVC_2/workshops/vision_ws/install/jetson_camera/lib/python3.8/site-packages/jetson_camera-0.0.0-py3.8.egg-info' (and everything under it)
[4.284s] Copying ../../build/jetson_camera/jetson_camera.egg-info to /home/jetson/EVC_2/workshops/vision_ws/install/jetson_camera/lib/python3.8/site-packages/jetson_camera-0.0.0-py3.8.egg-info
[4.288s] running install_scripts
[4.360s] Installing QR_node script to /home/jetson/EVC_2/workshops/vision_ws/install/jetson_camera/lib/jetson_camera
[4.361s] Installing application_node script to /home/jetson/EVC_2/workshops/vision_ws/install/jetson_camera/lib/jetson_camera
[4.361s] Installing face_tracking_sub script to /home/jetson/EVC_2/workshops/vision_ws/install/jetson_camera/lib/jetson_camera
[4.362s] Installing main_qr script to /home/jetson/EVC_2/workshops/vision_ws/install/jetson_camera/lib/jetson_camera
[4.363s] Installing processing_node script to /home/jetson/EVC_2/workshops/vision_ws/install/jetson_camera/lib/jetson_camera
[4.363s] Installing publisher_node script to /home/jetson/EVC_2/workshops/vision_ws/install/jetson_camera/lib/jetson_camera
[4.364s] Installing subscriber_node script to /home/jetson/EVC_2/workshops/vision_ws/install/jetson_camera/lib/jetson_camera
[4.365s] writing list of installed files to '/home/jetson/EVC_2/workshops/vision_ws/build/jetson_camera/install.log'
[4.462s] Invoked command in '/home/jetson/EVC_2/workshops/vision_ws/src/jetson_camera' returned '0': JETSON_P_NUMBER=potor- PYTHONPATH=/home/jetson/EVC_2/workshops/vision_ws/build/jetson_camera/prefix_override:/usr/lib/python3/dist-packages/colcon_core/task/python/colcon_distutils_commands:/home/jetson/EVC_2/workshops/vision_ws/install/jetson_camera/lib/python3.8/site-packages:${PYTHONPATH} /usr/bin/python3 -W ignore:setup.py install is deprecated -W ignore:easy_install command is deprecated setup.py egg_info --egg-base ../../build/jetson_camera build --build-base /home/jetson/EVC_2/workshops/vision_ws/build/jetson_camera/build install --record /home/jetson/EVC_2/workshops/vision_ws/build/jetson_camera/install.log --single-version-externally-managed install_data
