[1.998s] DEBUG:colcon:Command line arguments: ['/usr/bin/colcon', 'build']
[1.999s] DEBUG:colcon:Parsed command line arguments: Namespace(allow_overriding=[], ament_cmake_args=None, base_paths=['.'], build_base='build', catkin_cmake_args=None, catkin_skip_building_tests=False, cmake_args=None, cmake_clean_cache=False, cmake_clean_first=False, cmake_force_configure=False, cmake_target=None, cmake_target_skip_unavailable=False, continue_on_error=False, event_handlers=None, executor='parallel', ignore_user_meta=False, install_base='install', log_base=None, log_level=None, main=<bound method BuildVerb.main of <colcon_core.verb.build.BuildVerb object at 0x7f7c1393d0>>, merge_install=False, metas=['./colcon.meta'], packages_above=None, packages_above_and_dependencies=None, packages_above_depth=None, packages_end=None, packages_ignore=None, packages_ignore_regex=None, packages_select=None, packages_select_build_failed=False, packages_select_by_dep=None, packages_select_regex=None, packages_select_test_failures=False, packages_skip=None, packages_skip_build_finished=False, packages_skip_by_dep=None, packages_skip_regex=None, packages_skip_test_passed=False, packages_skip_up_to=None, packages_start=None, packages_up_to=None, packages_up_to_regex=None, parallel_workers=4, paths=None, symlink_install=False, test_result_base=None, verb_extension=<colcon_core.verb.build.BuildVerb object at 0x7f7c1393d0>, verb_name='build', verb_parser=<colcon_defaults.argument_parser.defaults.DefaultArgumentsDecorator object at 0x7f7c017c40>)
[3.006s] Level 1:colcon.colcon_core.package_discovery:discover_packages(colcon_meta) check parameters
[3.006s] Level 1:colcon.colcon_core.package_discovery:discover_packages(recursive) check parameters
[3.007s] Level 1:colcon.colcon_core.package_discovery:discover_packages(ignore) check parameters
[3.007s] Level 1:colcon.colcon_core.package_discovery:discover_packages(path) check parameters
[3.007s] Level 1:colcon.colcon_core.package_discovery:discover_packages(colcon_meta) discover
[3.007s] Level 1:colcon.colcon_core.package_discovery:discover_packages(recursive) discover
[3.007s] INFO:colcon.colcon_core.package_discovery:Crawling recursively for packages in '/home/jetson/EVC_2/workshops/vision_ws'
[3.008s] Level 1:colcon.colcon_core.package_identification:_identify(.) by extensions ['ignore', 'ignore_ament_install']
[3.008s] Level 1:colcon.colcon_core.package_identification:_identify(.) by extension 'ignore'
[3.008s] Level 1:colcon.colcon_core.package_identification:_identify(.) by extension 'ignore_ament_install'
[3.009s] Level 1:colcon.colcon_core.package_identification:_identify(.) by extensions ['colcon_pkg']
[3.009s] Level 1:colcon.colcon_core.package_identification:_identify(.) by extension 'colcon_pkg'
[3.009s] Level 1:colcon.colcon_core.package_identification:_identify(.) by extensions ['colcon_meta']
[3.009s] Level 1:colcon.colcon_core.package_identification:_identify(.) by extension 'colcon_meta'
[3.009s] Level 1:colcon.colcon_core.package_identification:_identify(.) by extensions ['ros']
[3.009s] Level 1:colcon.colcon_core.package_identification:_identify(.) by extension 'ros'
[3.094s] Level 1:colcon.colcon_core.package_identification:_identify(.) by extensions ['cmake', 'python']
[3.094s] Level 1:colcon.colcon_core.package_identification:_identify(.) by extension 'cmake'
[3.094s] Level 1:colcon.colcon_core.package_identification:_identify(.) by extension 'python'
[3.094s] Level 1:colcon.colcon_core.package_identification:_identify(.) by extensions ['python_setup_py']
[3.094s] Level 1:colcon.colcon_core.package_identification:_identify(.) by extension 'python_setup_py'
[3.095s] Level 1:colcon.colcon_core.package_identification:_identify(build) by extensions ['ignore', 'ignore_ament_install']
[3.095s] Level 1:colcon.colcon_core.package_identification:_identify(build) by extension 'ignore'
[3.096s] Level 1:colcon.colcon_core.package_identification:_identify(build) ignored
[3.096s] Level 1:colcon.colcon_core.package_identification:_identify(install) by extensions ['ignore', 'ignore_ament_install']
[3.096s] Level 1:colcon.colcon_core.package_identification:_identify(install) by extension 'ignore'
[3.097s] Level 1:colcon.colcon_core.package_identification:_identify(install) ignored
[3.097s] Level 1:colcon.colcon_core.package_identification:_identify(log) by extensions ['ignore', 'ignore_ament_install']
[3.098s] Level 1:colcon.colcon_core.package_identification:_identify(log) by extension 'ignore'
[3.098s] Level 1:colcon.colcon_core.package_identification:_identify(log) ignored
[3.098s] Level 1:colcon.colcon_core.package_identification:_identify(src) by extensions ['ignore', 'ignore_ament_install']
[3.098s] Level 1:colcon.colcon_core.package_identification:_identify(src) by extension 'ignore'
[3.099s] Level 1:colcon.colcon_core.package_identification:_identify(src) by extension 'ignore_ament_install'
[3.099s] Level 1:colcon.colcon_core.package_identification:_identify(src) by extensions ['colcon_pkg']
[3.099s] Level 1:colcon.colcon_core.package_identification:_identify(src) by extension 'colcon_pkg'
[3.099s] Level 1:colcon.colcon_core.package_identification:_identify(src) by extensions ['colcon_meta']
[3.099s] Level 1:colcon.colcon_core.package_identification:_identify(src) by extension 'colcon_meta'
[3.100s] Level 1:colcon.colcon_core.package_identification:_identify(src) by extensions ['ros']
[3.100s] Level 1:colcon.colcon_core.package_identification:_identify(src) by extension 'ros'
[3.100s] Level 1:colcon.colcon_core.package_identification:_identify(src) by extensions ['cmake', 'python']
[3.100s] Level 1:colcon.colcon_core.package_identification:_identify(src) by extension 'cmake'
[3.100s] Level 1:colcon.colcon_core.package_identification:_identify(src) by extension 'python'
[3.101s] Level 1:colcon.colcon_core.package_identification:_identify(src) by extensions ['python_setup_py']
[3.101s] Level 1:colcon.colcon_core.package_identification:_identify(src) by extension 'python_setup_py'
[3.101s] Level 1:colcon.colcon_core.package_identification:_identify(src/jetson_camera) by extensions ['ignore', 'ignore_ament_install']
[3.101s] Level 1:colcon.colcon_core.package_identification:_identify(src/jetson_camera) by extension 'ignore'
[3.102s] Level 1:colcon.colcon_core.package_identification:_identify(src/jetson_camera) by extension 'ignore_ament_install'
[3.102s] Level 1:colcon.colcon_core.package_identification:_identify(src/jetson_camera) by extensions ['colcon_pkg']
[3.102s] Level 1:colcon.colcon_core.package_identification:_identify(src/jetson_camera) by extension 'colcon_pkg'
[3.102s] Level 1:colcon.colcon_core.package_identification:_identify(src/jetson_camera) by extensions ['colcon_meta']
[3.103s] Level 1:colcon.colcon_core.package_identification:_identify(src/jetson_camera) by extension 'colcon_meta'
[3.103s] Level 1:colcon.colcon_core.package_identification:_identify(src/jetson_camera) by extensions ['ros']
[3.103s] Level 1:colcon.colcon_core.package_identification:_identify(src/jetson_camera) by extension 'ros'
[3.119s] DEBUG:colcon.colcon_core.package_identification:Package 'src/jetson_camera' with type 'ros.ament_python' and name 'jetson_camera'
[3.120s] Level 1:colcon.colcon_core.package_identification:_identify(src/jetson_interfaces) by extensions ['ignore', 'ignore_ament_install']
[3.121s] Level 1:colcon.colcon_core.package_identification:_identify(src/jetson_interfaces) by extension 'ignore'
[3.121s] Level 1:colcon.colcon_core.package_identification:_identify(src/jetson_interfaces) by extension 'ignore_ament_install'
[3.121s] Level 1:colcon.colcon_core.package_identification:_identify(src/jetson_interfaces) by extensions ['colcon_pkg']
[3.121s] Level 1:colcon.colcon_core.package_identification:_identify(src/jetson_interfaces) by extension 'colcon_pkg'
[3.121s] Level 1:colcon.colcon_core.package_identification:_identify(src/jetson_interfaces) by extensions ['colcon_meta']
[3.122s] Level 1:colcon.colcon_core.package_identification:_identify(src/jetson_interfaces) by extension 'colcon_meta'
[3.122s] Level 1:colcon.colcon_core.package_identification:_identify(src/jetson_interfaces) by extensions ['ros']
[3.122s] Level 1:colcon.colcon_core.package_identification:_identify(src/jetson_interfaces) by extension 'ros'
[3.125s] DEBUG:colcon.colcon_core.package_identification:Package 'src/jetson_interfaces' with type 'ros.ament_cmake' and name 'jetson_interfaces'
[3.126s] Level 1:colcon.colcon_core.package_discovery:discover_packages(recursive) using defaults
[3.126s] Level 1:colcon.colcon_core.package_discovery:discover_packages(ignore) discover
[3.126s] Level 1:colcon.colcon_core.package_discovery:discover_packages(ignore) using defaults
[3.126s] Level 1:colcon.colcon_core.package_discovery:discover_packages(path) discover
[3.126s] Level 1:colcon.colcon_core.package_discovery:discover_packages(path) using defaults
[3.320s] Level 1:colcon.colcon_core.package_discovery:discover_packages(prefix_path) check parameters
[3.320s] Level 1:colcon.colcon_core.package_discovery:discover_packages(prefix_path) discover
[3.337s] DEBUG:colcon.colcon_installed_package_information.package_discovery:Found 2 installed packages in /home/jetson/EVC_2/workshops/vision_ws/install
[3.339s] DEBUG:colcon.colcon_installed_package_information.package_discovery:Found 1 installed packages in /home/jetson/EVC/workshops/vision_ws/install
[3.344s] DEBUG:colcon.colcon_installed_package_information.package_discovery:Found 3 installed packages in /home/jetson/EVC_2/install
[3.354s] DEBUG:colcon.colcon_installed_package_information.package_discovery:Found 180 installed packages in /opt/ros/foxy
[3.360s] Level 1:colcon.colcon_core.package_discovery:discover_packages(prefix_path) using defaults
[3.767s] Level 5:colcon.colcon_core.verb:set package 'jetson_camera' build argument 'cmake_args' from command line to 'None'
[3.767s] Level 5:colcon.colcon_core.verb:set package 'jetson_camera' build argument 'cmake_target' from command line to 'None'
[3.767s] Level 5:colcon.colcon_core.verb:set package 'jetson_camera' build argument 'cmake_target_skip_unavailable' from command line to 'False'
[3.767s] Level 5:colcon.colcon_core.verb:set package 'jetson_camera' build argument 'cmake_clean_cache' from command line to 'False'
[3.767s] Level 5:colcon.colcon_core.verb:set package 'jetson_camera' build argument 'cmake_clean_first' from command line to 'False'
[3.768s] Level 5:colcon.colcon_core.verb:set package 'jetson_camera' build argument 'cmake_force_configure' from command line to 'False'
[3.768s] Level 5:colcon.colcon_core.verb:set package 'jetson_camera' build argument 'ament_cmake_args' from command line to 'None'
[3.768s] Level 5:colcon.colcon_core.verb:set package 'jetson_camera' build argument 'catkin_cmake_args' from command line to 'None'
[3.768s] Level 5:colcon.colcon_core.verb:set package 'jetson_camera' build argument 'catkin_skip_building_tests' from command line to 'False'
[3.768s] DEBUG:colcon.colcon_core.verb:Building package 'jetson_camera' with the following arguments: {'ament_cmake_args': None, 'build_base': '/home/jetson/EVC_2/workshops/vision_ws/build/jetson_camera', 'catkin_cmake_args': None, 'catkin_skip_building_tests': False, 'cmake_args': None, 'cmake_clean_cache': False, 'cmake_clean_first': False, 'cmake_force_configure': False, 'cmake_target': None, 'cmake_target_skip_unavailable': False, 'install_base': '/home/jetson/EVC_2/workshops/vision_ws/install/jetson_camera', 'merge_install': False, 'path': '/home/jetson/EVC_2/workshops/vision_ws/src/jetson_camera', 'symlink_install': False, 'test_result_base': None}
[3.770s] Level 5:colcon.colcon_core.verb:set package 'jetson_interfaces' build argument 'cmake_args' from command line to 'None'
[3.770s] Level 5:colcon.colcon_core.verb:set package 'jetson_interfaces' build argument 'cmake_target' from command line to 'None'
[3.771s] Level 5:colcon.colcon_core.verb:set package 'jetson_interfaces' build argument 'cmake_target_skip_unavailable' from command line to 'False'
[3.771s] Level 5:colcon.colcon_core.verb:set package 'jetson_interfaces' build argument 'cmake_clean_cache' from command line to 'False'
[3.771s] Level 5:colcon.colcon_core.verb:set package 'jetson_interfaces' build argument 'cmake_clean_first' from command line to 'False'
[3.771s] Level 5:colcon.colcon_core.verb:set package 'jetson_interfaces' build argument 'cmake_force_configure' from command line to 'False'
[3.771s] Level 5:colcon.colcon_core.verb:set package 'jetson_interfaces' build argument 'ament_cmake_args' from command line to 'None'
[3.771s] Level 5:colcon.colcon_core.verb:set package 'jetson_interfaces' build argument 'catkin_cmake_args' from command line to 'None'
[3.771s] Level 5:colcon.colcon_core.verb:set package 'jetson_interfaces' build argument 'catkin_skip_building_tests' from command line to 'False'
[3.772s] DEBUG:colcon.colcon_core.verb:Building package 'jetson_interfaces' with the following arguments: {'ament_cmake_args': None, 'build_base': '/home/jetson/EVC_2/workshops/vision_ws/build/jetson_interfaces', 'catkin_cmake_args': None, 'catkin_skip_building_tests': False, 'cmake_args': None, 'cmake_clean_cache': False, 'cmake_clean_first': False, 'cmake_force_configure': False, 'cmake_target': None, 'cmake_target_skip_unavailable': False, 'install_base': '/home/jetson/EVC_2/workshops/vision_ws/install/jetson_interfaces', 'merge_install': False, 'path': '/home/jetson/EVC_2/workshops/vision_ws/src/jetson_interfaces', 'symlink_install': False, 'test_result_base': None}
[3.772s] INFO:colcon.colcon_core.executor:Executing jobs using 'parallel' executor
[3.776s] DEBUG:colcon.colcon_parallel_executor.executor.parallel:run_until_complete
[3.777s] INFO:colcon.colcon_ros.task.ament_python.build:Building ROS package in '/home/jetson/EVC_2/workshops/vision_ws/src/jetson_camera' with build type 'ament_python'
[3.778s] Level 1:colcon.colcon_core.shell:create_environment_hook('jetson_camera', 'ament_prefix_path')
[3.798s] INFO:colcon.colcon_core.plugin_system:Skipping extension 'colcon_core.shell.bat': Not used on non-Windows systems
[3.798s] INFO:colcon.colcon_core.shell:Creating environment hook '/home/jetson/EVC_2/workshops/vision_ws/install/jetson_camera/share/jetson_camera/hook/ament_prefix_path.ps1'
[3.802s] INFO:colcon.colcon_core.shell:Creating environment descriptor '/home/jetson/EVC_2/workshops/vision_ws/install/jetson_camera/share/jetson_camera/hook/ament_prefix_path.dsv'
[3.805s] INFO:colcon.colcon_core.shell:Creating environment hook '/home/jetson/EVC_2/workshops/vision_ws/install/jetson_camera/share/jetson_camera/hook/ament_prefix_path.sh'
[3.868s] INFO:colcon.colcon_core.shell:Skip shell extension 'powershell' for command environment: Not usable outside of PowerShell
[3.868s] DEBUG:colcon.colcon_core.shell:Skip shell extension 'dsv' for command environment
[3.893s] INFO:colcon.colcon_ros.task.ament_cmake.build:Building ROS package in '/home/jetson/EVC_2/workshops/vision_ws/src/jetson_interfaces' with build type 'ament_cmake'
[3.894s] INFO:colcon.colcon_cmake.task.cmake.build:Building CMake package in '/home/jetson/EVC_2/workshops/vision_ws/src/jetson_interfaces'
[3.896s] INFO:colcon.colcon_core.shell:Skip shell extension 'powershell' for command environment: Not usable outside of PowerShell
[3.896s] DEBUG:colcon.colcon_core.shell:Skip shell extension 'dsv' for command environment
[5.091s] INFO:colcon.colcon_core.task.python.build:Building Python package in '/home/jetson/EVC_2/workshops/vision_ws/src/jetson_camera'
[5.093s] INFO:colcon.colcon_core.shell:Skip shell extension 'powershell' for command environment: Not usable outside of PowerShell
[5.093s] DEBUG:colcon.colcon_core.shell:Skip shell extension 'dsv' for command environment
[5.185s] DEBUG:colcon.colcon_core.event_handler.log_command:Invoking command in '/home/jetson/EVC_2/workshops/vision_ws/build/jetson_interfaces': CMAKE_PREFIX_PATH=${CMAKE_PREFIX_PATH}:/home/jetson/EVC_2/workshops/vision_ws/install/jetson_camera:/home/jetson/EVC/workshops/vision_ws/install/jetson_camera:/home/jetson/EVC_2/install/jetson_camera:/opt/ros/foxy /usr/bin/cmake --build /home/jetson/EVC_2/workshops/vision_ws/build/jetson_interfaces -- -j4 -l4
[7.408s] DEBUG:colcon.colcon_core.event_handler.log_command:Invoked command in '/home/jetson/EVC_2/workshops/vision_ws/build/jetson_interfaces' returned '0': CMAKE_PREFIX_PATH=${CMAKE_PREFIX_PATH}:/home/jetson/EVC_2/workshops/vision_ws/install/jetson_camera:/home/jetson/EVC/workshops/vision_ws/install/jetson_camera:/home/jetson/EVC_2/install/jetson_camera:/opt/ros/foxy /usr/bin/cmake --build /home/jetson/EVC_2/workshops/vision_ws/build/jetson_interfaces -- -j4 -l4
[7.469s] DEBUG:colcon.colcon_core.event_handler.log_command:Invoking command in '/home/jetson/EVC_2/workshops/vision_ws/build/jetson_interfaces': CMAKE_PREFIX_PATH=${CMAKE_PREFIX_PATH}:/home/jetson/EVC_2/workshops/vision_ws/install/jetson_camera:/home/jetson/EVC/workshops/vision_ws/install/jetson_camera:/home/jetson/EVC_2/install/jetson_camera:/opt/ros/foxy /usr/bin/cmake --install /home/jetson/EVC_2/workshops/vision_ws/build/jetson_interfaces
[7.549s] DEBUG:colcon.colcon_core.event_handler.log_command:Invoking command in '/home/jetson/EVC_2/workshops/vision_ws/src/jetson_camera': PYTHONPATH=/home/jetson/EVC_2/workshops/vision_ws/build/jetson_camera/prefix_override:/usr/lib/python3/dist-packages/colcon_core/task/python/colcon_distutils_commands:/home/jetson/EVC_2/workshops/vision_ws/install/jetson_camera/lib/python3.8/site-packages:${PYTHONPATH} /usr/bin/python3 -W ignore:setup.py install is deprecated -W ignore:easy_install command is deprecated setup.py egg_info --egg-base ../../build/jetson_camera build --build-base /home/jetson/EVC_2/workshops/vision_ws/build/jetson_camera/build install --record /home/jetson/EVC_2/workshops/vision_ws/build/jetson_camera/install.log --single-version-externally-managed install_data
[7.777s] Level 1:colcon.colcon_core.environment:create_environment_scripts_only(jetson_interfaces)
[7.781s] DEBUG:colcon.colcon_core.event_handler.log_command:Invoked command in '/home/jetson/EVC_2/workshops/vision_ws/build/jetson_interfaces' returned '0': CMAKE_PREFIX_PATH=${CMAKE_PREFIX_PATH}:/home/jetson/EVC_2/workshops/vision_ws/install/jetson_camera:/home/jetson/EVC/workshops/vision_ws/install/jetson_camera:/home/jetson/EVC_2/install/jetson_camera:/opt/ros/foxy /usr/bin/cmake --install /home/jetson/EVC_2/workshops/vision_ws/build/jetson_interfaces
[7.866s] Level 1:colcon.colcon_core.environment:checking '/home/jetson/EVC_2/workshops/vision_ws/install/jetson_interfaces' for CMake module files
[7.871s] Level 1:colcon.colcon_core.environment:checking '/home/jetson/EVC_2/workshops/vision_ws/install/jetson_interfaces' for CMake config files
[7.877s] Level 1:colcon.colcon_core.shell:create_environment_hook('jetson_interfaces', 'cmake_prefix_path')
[7.879s] INFO:colcon.colcon_core.shell:Creating environment hook '/home/jetson/EVC_2/workshops/vision_ws/install/jetson_interfaces/share/jetson_interfaces/hook/cmake_prefix_path.ps1'
[7.881s] INFO:colcon.colcon_core.shell:Creating environment descriptor '/home/jetson/EVC_2/workshops/vision_ws/install/jetson_interfaces/share/jetson_interfaces/hook/cmake_prefix_path.dsv'
[7.882s] INFO:colcon.colcon_core.shell:Creating environment hook '/home/jetson/EVC_2/workshops/vision_ws/install/jetson_interfaces/share/jetson_interfaces/hook/cmake_prefix_path.sh'
[7.886s] Level 1:colcon.colcon_core.environment:checking '/home/jetson/EVC_2/workshops/vision_ws/install/jetson_interfaces/lib'
[7.886s] Level 1:colcon.colcon_core.shell:create_environment_hook('jetson_interfaces', 'ld_library_path_lib')
[7.887s] INFO:colcon.colcon_core.shell:Creating environment hook '/home/jetson/EVC_2/workshops/vision_ws/install/jetson_interfaces/share/jetson_interfaces/hook/ld_library_path_lib.ps1'
[7.889s] INFO:colcon.colcon_core.shell:Creating environment descriptor '/home/jetson/EVC_2/workshops/vision_ws/install/jetson_interfaces/share/jetson_interfaces/hook/ld_library_path_lib.dsv'
[7.891s] INFO:colcon.colcon_core.shell:Creating environment hook '/home/jetson/EVC_2/workshops/vision_ws/install/jetson_interfaces/share/jetson_interfaces/hook/ld_library_path_lib.sh'
[7.893s] Level 1:colcon.colcon_core.environment:checking '/home/jetson/EVC_2/workshops/vision_ws/install/jetson_interfaces/bin'
[7.893s] Level 1:colcon.colcon_core.environment:checking '/home/jetson/EVC_2/workshops/vision_ws/install/jetson_interfaces/lib/pkgconfig/jetson_interfaces.pc'
[7.894s] Level 1:colcon.colcon_core.environment:checking '/home/jetson/EVC_2/workshops/vision_ws/install/jetson_interfaces/lib/python3.8/site-packages'
[7.894s] Level 1:colcon.colcon_core.shell:create_environment_hook('jetson_interfaces', 'pythonpath')
[7.896s] INFO:colcon.colcon_core.shell:Creating environment hook '/home/jetson/EVC_2/workshops/vision_ws/install/jetson_interfaces/share/jetson_interfaces/hook/pythonpath.ps1'
[7.897s] INFO:colcon.colcon_core.shell:Creating environment descriptor '/home/jetson/EVC_2/workshops/vision_ws/install/jetson_interfaces/share/jetson_interfaces/hook/pythonpath.dsv'
[7.899s] INFO:colcon.colcon_core.shell:Creating environment hook '/home/jetson/EVC_2/workshops/vision_ws/install/jetson_interfaces/share/jetson_interfaces/hook/pythonpath.sh'
[7.902s] Level 1:colcon.colcon_core.environment:checking '/home/jetson/EVC_2/workshops/vision_ws/install/jetson_interfaces/bin'
[7.904s] INFO:colcon.colcon_core.shell:Creating package script '/home/jetson/EVC_2/workshops/vision_ws/install/jetson_interfaces/share/jetson_interfaces/package.ps1'
[7.945s] INFO:colcon.colcon_core.shell:Creating package descriptor '/home/jetson/EVC_2/workshops/vision_ws/install/jetson_interfaces/share/jetson_interfaces/package.dsv'
[7.966s] INFO:colcon.colcon_core.shell:Creating package script '/home/jetson/EVC_2/workshops/vision_ws/install/jetson_interfaces/share/jetson_interfaces/package.sh'
[7.970s] INFO:colcon.colcon_core.shell:Creating package script '/home/jetson/EVC_2/workshops/vision_ws/install/jetson_interfaces/share/jetson_interfaces/package.bash'
[7.977s] INFO:colcon.colcon_core.shell:Creating package script '/home/jetson/EVC_2/workshops/vision_ws/install/jetson_interfaces/share/jetson_interfaces/package.zsh'
[8.038s] Level 1:colcon.colcon_core.environment:create_file_with_runtime_dependencies(/home/jetson/EVC_2/workshops/vision_ws/install/jetson_interfaces/share/colcon-core/packages/jetson_interfaces)
[8.041s] Level 1:colcon.colcon_core.environment:create_environment_scripts_only(jetson_interfaces)
[8.042s] Level 1:colcon.colcon_core.environment:checking '/home/jetson/EVC_2/workshops/vision_ws/install/jetson_interfaces' for CMake module files
[8.045s] Level 1:colcon.colcon_core.environment:checking '/home/jetson/EVC_2/workshops/vision_ws/install/jetson_interfaces' for CMake config files
[8.048s] Level 1:colcon.colcon_core.shell:create_environment_hook('jetson_interfaces', 'cmake_prefix_path')
[8.050s] INFO:colcon.colcon_core.shell:Creating environment hook '/home/jetson/EVC_2/workshops/vision_ws/install/jetson_interfaces/share/jetson_interfaces/hook/cmake_prefix_path.ps1'
[8.052s] INFO:colcon.colcon_core.shell:Creating environment descriptor '/home/jetson/EVC_2/workshops/vision_ws/install/jetson_interfaces/share/jetson_interfaces/hook/cmake_prefix_path.dsv'
[8.053s] INFO:colcon.colcon_core.shell:Creating environment hook '/home/jetson/EVC_2/workshops/vision_ws/install/jetson_interfaces/share/jetson_interfaces/hook/cmake_prefix_path.sh'
[8.056s] Level 1:colcon.colcon_core.environment:checking '/home/jetson/EVC_2/workshops/vision_ws/install/jetson_interfaces/lib'
[8.056s] Level 1:colcon.colcon_core.shell:create_environment_hook('jetson_interfaces', 'ld_library_path_lib')
[8.057s] INFO:colcon.colcon_core.shell:Creating environment hook '/home/jetson/EVC_2/workshops/vision_ws/install/jetson_interfaces/share/jetson_interfaces/hook/ld_library_path_lib.ps1'
[8.059s] INFO:colcon.colcon_core.shell:Creating environment descriptor '/home/jetson/EVC_2/workshops/vision_ws/install/jetson_interfaces/share/jetson_interfaces/hook/ld_library_path_lib.dsv'
[8.061s] INFO:colcon.colcon_core.shell:Creating environment hook '/home/jetson/EVC_2/workshops/vision_ws/install/jetson_interfaces/share/jetson_interfaces/hook/ld_library_path_lib.sh'
[8.063s] Level 1:colcon.colcon_core.environment:checking '/home/jetson/EVC_2/workshops/vision_ws/install/jetson_interfaces/bin'
[8.063s] Level 1:colcon.colcon_core.environment:checking '/home/jetson/EVC_2/workshops/vision_ws/install/jetson_interfaces/lib/pkgconfig/jetson_interfaces.pc'
[8.064s] Level 1:colcon.colcon_core.environment:checking '/home/jetson/EVC_2/workshops/vision_ws/install/jetson_interfaces/lib/python3.8/site-packages'
[8.065s] Level 1:colcon.colcon_core.shell:create_environment_hook('jetson_interfaces', 'pythonpath')
[8.066s] INFO:colcon.colcon_core.shell:Creating environment hook '/home/jetson/EVC_2/workshops/vision_ws/install/jetson_interfaces/share/jetson_interfaces/hook/pythonpath.ps1'
[8.068s] INFO:colcon.colcon_core.shell:Creating environment descriptor '/home/jetson/EVC_2/workshops/vision_ws/install/jetson_interfaces/share/jetson_interfaces/hook/pythonpath.dsv'
[8.070s] INFO:colcon.colcon_core.shell:Creating environment hook '/home/jetson/EVC_2/workshops/vision_ws/install/jetson_interfaces/share/jetson_interfaces/hook/pythonpath.sh'
[8.073s] Level 1:colcon.colcon_core.environment:checking '/home/jetson/EVC_2/workshops/vision_ws/install/jetson_interfaces/bin'
[8.076s] INFO:colcon.colcon_core.shell:Creating package script '/home/jetson/EVC_2/workshops/vision_ws/install/jetson_interfaces/share/jetson_interfaces/package.ps1'
[8.079s] INFO:colcon.colcon_core.shell:Creating package descriptor '/home/jetson/EVC_2/workshops/vision_ws/install/jetson_interfaces/share/jetson_interfaces/package.dsv'
[8.081s] INFO:colcon.colcon_core.shell:Creating package script '/home/jetson/EVC_2/workshops/vision_ws/install/jetson_interfaces/share/jetson_interfaces/package.sh'
[8.084s] INFO:colcon.colcon_core.shell:Creating package script '/home/jetson/EVC_2/workshops/vision_ws/install/jetson_interfaces/share/jetson_interfaces/package.bash'
[8.086s] INFO:colcon.colcon_core.shell:Creating package script '/home/jetson/EVC_2/workshops/vision_ws/install/jetson_interfaces/share/jetson_interfaces/package.zsh'
[8.089s] Level 1:colcon.colcon_core.environment:create_file_with_runtime_dependencies(/home/jetson/EVC_2/workshops/vision_ws/install/jetson_interfaces/share/colcon-core/packages/jetson_interfaces)
[8.977s] Level 1:colcon.colcon_core.environment:checking '/home/jetson/EVC_2/workshops/vision_ws/install/jetson_camera' for CMake module files
[8.980s] Level 1:colcon.colcon_core.environment:checking '/home/jetson/EVC_2/workshops/vision_ws/install/jetson_camera' for CMake config files
[8.982s] Level 1:colcon.colcon_core.environment:checking '/home/jetson/EVC_2/workshops/vision_ws/install/jetson_camera/lib'
[8.983s] Level 1:colcon.colcon_core.environment:checking '/home/jetson/EVC_2/workshops/vision_ws/install/jetson_camera/bin'
[8.983s] Level 1:colcon.colcon_core.environment:checking '/home/jetson/EVC_2/workshops/vision_ws/install/jetson_camera/lib/pkgconfig/jetson_camera.pc'
[8.984s] Level 1:colcon.colcon_core.environment:checking '/home/jetson/EVC_2/workshops/vision_ws/install/jetson_camera/lib/python3.8/site-packages'
[8.986s] Level 1:colcon.colcon_core.shell:create_environment_hook('jetson_camera', 'pythonpath')
[8.987s] DEBUG:colcon.colcon_core.event_handler.log_command:Invoked command in '/home/jetson/EVC_2/workshops/vision_ws/src/jetson_camera' returned '0': PYTHONPATH=/home/jetson/EVC_2/workshops/vision_ws/build/jetson_camera/prefix_override:/usr/lib/python3/dist-packages/colcon_core/task/python/colcon_distutils_commands:/home/jetson/EVC_2/workshops/vision_ws/install/jetson_camera/lib/python3.8/site-packages:${PYTHONPATH} /usr/bin/python3 -W ignore:setup.py install is deprecated -W ignore:easy_install command is deprecated setup.py egg_info --egg-base ../../build/jetson_camera build --build-base /home/jetson/EVC_2/workshops/vision_ws/build/jetson_camera/build install --record /home/jetson/EVC_2/workshops/vision_ws/build/jetson_camera/install.log --single-version-externally-managed install_data
[8.988s] INFO:colcon.colcon_core.shell:Creating environment hook '/home/jetson/EVC_2/workshops/vision_ws/install/jetson_camera/share/jetson_camera/hook/pythonpath.ps1'
[8.990s] INFO:colcon.colcon_core.shell:Creating environment descriptor '/home/jetson/EVC_2/workshops/vision_ws/install/jetson_camera/share/jetson_camera/hook/pythonpath.dsv'
[8.992s] INFO:colcon.colcon_core.shell:Creating environment hook '/home/jetson/EVC_2/workshops/vision_ws/install/jetson_camera/share/jetson_camera/hook/pythonpath.sh'
[8.994s] Level 1:colcon.colcon_core.environment:checking '/home/jetson/EVC_2/workshops/vision_ws/install/jetson_camera/bin'
[8.994s] Level 1:colcon.colcon_core.environment:create_environment_scripts_only(jetson_camera)
[8.996s] INFO:colcon.colcon_core.shell:Creating package script '/home/jetson/EVC_2/workshops/vision_ws/install/jetson_camera/share/jetson_camera/package.ps1'
[8.998s] INFO:colcon.colcon_core.shell:Creating package descriptor '/home/jetson/EVC_2/workshops/vision_ws/install/jetson_camera/share/jetson_camera/package.dsv'
[9.000s] INFO:colcon.colcon_core.shell:Creating package script '/home/jetson/EVC_2/workshops/vision_ws/install/jetson_camera/share/jetson_camera/package.sh'
[9.002s] INFO:colcon.colcon_core.shell:Creating package script '/home/jetson/EVC_2/workshops/vision_ws/install/jetson_camera/share/jetson_camera/package.bash'
[9.003s] INFO:colcon.colcon_core.shell:Creating package script '/home/jetson/EVC_2/workshops/vision_ws/install/jetson_camera/share/jetson_camera/package.zsh'
[9.004s] Level 1:colcon.colcon_core.environment:create_file_with_runtime_dependencies(/home/jetson/EVC_2/workshops/vision_ws/install/jetson_camera/share/colcon-core/packages/jetson_camera)
[9.005s] DEBUG:colcon.colcon_parallel_executor.executor.parallel:closing loop
[9.007s] DEBUG:colcon.colcon_parallel_executor.executor.parallel:loop closed
[9.007s] DEBUG:colcon.colcon_parallel_executor.executor.parallel:run_until_complete finished with '0'
[9.008s] DEBUG:colcon.colcon_core.event_reactor:joining thread
[9.047s] INFO:colcon.colcon_core.plugin_system:Skipping extension 'colcon_notification.desktop_notification.terminal_notifier': Not used on non-Darwin systems
[9.047s] INFO:colcon.colcon_core.plugin_system:Skipping extension 'colcon_notification.desktop_notification.win32': Not used on non-Windows systems
[9.048s] INFO:colcon.colcon_notification.desktop_notification:Sending desktop notification using 'notify2'
[9.243s] DEBUG:colcon.colcon_notification.desktop_notification.notify2:Failed to initialize notify2: org.freedesktop.DBus.Error.Spawn.ChildExited: Process org.freedesktop.Notifications exited with status 1
[9.244s] DEBUG:colcon.colcon_core.event_reactor:joined thread
[9.245s] INFO:colcon.colcon_core.shell:Creating prefix script '/home/jetson/EVC_2/workshops/vision_ws/install/local_setup.ps1'
[9.249s] INFO:colcon.colcon_core.shell:Creating prefix util module '/home/jetson/EVC_2/workshops/vision_ws/install/_local_setup_util_ps1.py'
[9.258s] INFO:colcon.colcon_core.shell:Creating prefix chain script '/home/jetson/EVC_2/workshops/vision_ws/install/setup.ps1'
[9.282s] INFO:colcon.colcon_core.shell:Creating prefix script '/home/jetson/EVC_2/workshops/vision_ws/install/local_setup.sh'
[9.286s] INFO:colcon.colcon_core.shell:Creating prefix util module '/home/jetson/EVC_2/workshops/vision_ws/install/_local_setup_util_sh.py'
[9.288s] INFO:colcon.colcon_core.shell:Creating prefix chain script '/home/jetson/EVC_2/workshops/vision_ws/install/setup.sh'
[9.367s] INFO:colcon.colcon_core.shell:Creating prefix script '/home/jetson/EVC_2/workshops/vision_ws/install/local_setup.bash'
[9.372s] INFO:colcon.colcon_core.shell:Creating prefix chain script '/home/jetson/EVC_2/workshops/vision_ws/install/setup.bash'
[9.379s] INFO:colcon.colcon_core.shell:Creating prefix script '/home/jetson/EVC_2/workshops/vision_ws/install/local_setup.zsh'
[9.382s] INFO:colcon.colcon_core.shell:Creating prefix chain script '/home/jetson/EVC_2/workshops/vision_ws/install/setup.zsh'
