[0.786s] DEBUG:colcon:Command line arguments: ['/usr/bin/colcon', 'build']
[0.786s] DEBUG:colcon:Parsed command line arguments: Namespace(allow_overriding=[], ament_cmake_args=None, base_paths=['.'], build_base='build', catkin_cmake_args=None, catkin_skip_building_tests=False, cmake_args=None, cmake_clean_cache=False, cmake_clean_first=False, cmake_force_configure=False, cmake_target=None, cmake_target_skip_unavailable=False, continue_on_error=False, event_handlers=None, executor='parallel', ignore_user_meta=False, install_base='install', log_base=None, log_level=None, main=<bound method BuildVerb.main of <colcon_core.verb.build.BuildVerb object at 0x7f944f4340>>, merge_install=False, metas=['./colcon.meta'], packages_above=None, packages_above_and_dependencies=None, packages_above_depth=None, packages_end=None, packages_ignore=None, packages_ignore_regex=None, packages_select=None, packages_select_build_failed=False, packages_select_by_dep=None, packages_select_regex=None, packages_select_test_failures=False, packages_skip=None, packages_skip_build_finished=False, packages_skip_by_dep=None, packages_skip_regex=None, packages_skip_test_passed=False, packages_skip_up_to=None, packages_start=None, packages_up_to=None, packages_up_to_regex=None, parallel_workers=4, paths=None, symlink_install=False, test_result_base=None, verb_extension=<colcon_core.verb.build.BuildVerb object at 0x7f944f4340>, verb_name='build', verb_parser=<colcon_defaults.argument_parser.defaults.DefaultArgumentsDecorator object at 0x7f9447d640>)
[1.568s] Level 1:colcon.colcon_core.package_discovery:discover_packages(colcon_meta) check parameters
[1.568s] Level 1:colcon.colcon_core.package_discovery:discover_packages(recursive) check parameters
[1.568s] Level 1:colcon.colcon_core.package_discovery:discover_packages(ignore) check parameters
[1.568s] Level 1:colcon.colcon_core.package_discovery:discover_packages(path) check parameters
[1.569s] Level 1:colcon.colcon_core.package_discovery:discover_packages(colcon_meta) discover
[1.569s] Level 1:colcon.colcon_core.package_discovery:discover_packages(recursive) discover
[1.569s] INFO:colcon.colcon_core.package_discovery:Crawling recursively for packages in '/home/jetson/EVC_2/workshops/vision_ws'
[1.569s] Level 1:colcon.colcon_core.package_identification:_identify(.) by extensions ['ignore', 'ignore_ament_install']
[1.570s] Level 1:colcon.colcon_core.package_identification:_identify(.) by extension 'ignore'
[1.570s] Level 1:colcon.colcon_core.package_identification:_identify(.) by extension 'ignore_ament_install'
[1.570s] Level 1:colcon.colcon_core.package_identification:_identify(.) by extensions ['colcon_pkg']
[1.570s] Level 1:colcon.colcon_core.package_identification:_identify(.) by extension 'colcon_pkg'
[1.571s] Level 1:colcon.colcon_core.package_identification:_identify(.) by extensions ['colcon_meta']
[1.571s] Level 1:colcon.colcon_core.package_identification:_identify(.) by extension 'colcon_meta'
[1.571s] Level 1:colcon.colcon_core.package_identification:_identify(.) by extensions ['ros']
[1.571s] Level 1:colcon.colcon_core.package_identification:_identify(.) by extension 'ros'
[1.616s] Level 1:colcon.colcon_core.package_identification:_identify(.) by extensions ['cmake', 'python']
[1.617s] Level 1:colcon.colcon_core.package_identification:_identify(.) by extension 'cmake'
[1.617s] Level 1:colcon.colcon_core.package_identification:_identify(.) by extension 'python'
[1.617s] Level 1:colcon.colcon_core.package_identification:_identify(.) by extensions ['python_setup_py']
[1.617s] Level 1:colcon.colcon_core.package_identification:_identify(.) by extension 'python_setup_py'
[1.618s] Level 1:colcon.colcon_core.package_identification:_identify(build) by extensions ['ignore', 'ignore_ament_install']
[1.618s] Level 1:colcon.colcon_core.package_identification:_identify(build) by extension 'ignore'
[1.618s] Level 1:colcon.colcon_core.package_identification:_identify(build) ignored
[1.619s] Level 1:colcon.colcon_core.package_identification:_identify(install) by extensions ['ignore', 'ignore_ament_install']
[1.619s] Level 1:colcon.colcon_core.package_identification:_identify(install) by extension 'ignore'
[1.619s] Level 1:colcon.colcon_core.package_identification:_identify(install) ignored
[1.620s] Level 1:colcon.colcon_core.package_identification:_identify(log) by extensions ['ignore', 'ignore_ament_install']
[1.621s] Level 1:colcon.colcon_core.package_identification:_identify(log) by extension 'ignore'
[1.621s] Level 1:colcon.colcon_core.package_identification:_identify(log) ignored
[1.621s] Level 1:colcon.colcon_core.package_identification:_identify(src) by extensions ['ignore', 'ignore_ament_install']
[1.621s] Level 1:colcon.colcon_core.package_identification:_identify(src) by extension 'ignore'
[1.622s] Level 1:colcon.colcon_core.package_identification:_identify(src) by extension 'ignore_ament_install'
[1.622s] Level 1:colcon.colcon_core.package_identification:_identify(src) by extensions ['colcon_pkg']
[1.622s] Level 1:colcon.colcon_core.package_identification:_identify(src) by extension 'colcon_pkg'
[1.622s] Level 1:colcon.colcon_core.package_identification:_identify(src) by extensions ['colcon_meta']
[1.622s] Level 1:colcon.colcon_core.package_identification:_identify(src) by extension 'colcon_meta'
[1.623s] Level 1:colcon.colcon_core.package_identification:_identify(src) by extensions ['ros']
[1.623s] Level 1:colcon.colcon_core.package_identification:_identify(src) by extension 'ros'
[1.623s] Level 1:colcon.colcon_core.package_identification:_identify(src) by extensions ['cmake', 'python']
[1.623s] Level 1:colcon.colcon_core.package_identification:_identify(src) by extension 'cmake'
[1.624s] Level 1:colcon.colcon_core.package_identification:_identify(src) by extension 'python'
[1.624s] Level 1:colcon.colcon_core.package_identification:_identify(src) by extensions ['python_setup_py']
[1.624s] Level 1:colcon.colcon_core.package_identification:_identify(src) by extension 'python_setup_py'
[1.624s] Level 1:colcon.colcon_core.package_identification:_identify(src/jetson_camera) by extensions ['ignore', 'ignore_ament_install']
[1.625s] Level 1:colcon.colcon_core.package_identification:_identify(src/jetson_camera) by extension 'ignore'
[1.625s] Level 1:colcon.colcon_core.package_identification:_identify(src/jetson_camera) by extension 'ignore_ament_install'
[1.625s] Level 1:colcon.colcon_core.package_identification:_identify(src/jetson_camera) by extensions ['colcon_pkg']
[1.625s] Level 1:colcon.colcon_core.package_identification:_identify(src/jetson_camera) by extension 'colcon_pkg'
[1.626s] Level 1:colcon.colcon_core.package_identification:_identify(src/jetson_camera) by extensions ['colcon_meta']
[1.626s] Level 1:colcon.colcon_core.package_identification:_identify(src/jetson_camera) by extension 'colcon_meta'
[1.626s] Level 1:colcon.colcon_core.package_identification:_identify(src/jetson_camera) by extensions ['ros']
[1.626s] Level 1:colcon.colcon_core.package_identification:_identify(src/jetson_camera) by extension 'ros'
[1.636s] DEBUG:colcon.colcon_core.package_identification:Package 'src/jetson_camera' with type 'ros.ament_python' and name 'jetson_camera'
[1.637s] Level 1:colcon.colcon_core.package_identification:_identify(src/jetson_interfaces) by extensions ['ignore', 'ignore_ament_install']
[1.637s] Level 1:colcon.colcon_core.package_identification:_identify(src/jetson_interfaces) by extension 'ignore'
[1.638s] Level 1:colcon.colcon_core.package_identification:_identify(src/jetson_interfaces) by extension 'ignore_ament_install'
[1.638s] Level 1:colcon.colcon_core.package_identification:_identify(src/jetson_interfaces) by extensions ['colcon_pkg']
[1.638s] Level 1:colcon.colcon_core.package_identification:_identify(src/jetson_interfaces) by extension 'colcon_pkg'
[1.638s] Level 1:colcon.colcon_core.package_identification:_identify(src/jetson_interfaces) by extensions ['colcon_meta']
[1.638s] Level 1:colcon.colcon_core.package_identification:_identify(src/jetson_interfaces) by extension 'colcon_meta'
[1.639s] Level 1:colcon.colcon_core.package_identification:_identify(src/jetson_interfaces) by extensions ['ros']
[1.639s] Level 1:colcon.colcon_core.package_identification:_identify(src/jetson_interfaces) by extension 'ros'
[1.641s] DEBUG:colcon.colcon_core.package_identification:Package 'src/jetson_interfaces' with type 'ros.ament_cmake' and name 'jetson_interfaces'
[1.642s] Level 1:colcon.colcon_core.package_discovery:discover_packages(recursive) using defaults
[1.642s] Level 1:colcon.colcon_core.package_discovery:discover_packages(ignore) discover
[1.642s] Level 1:colcon.colcon_core.package_discovery:discover_packages(ignore) using defaults
[1.642s] Level 1:colcon.colcon_core.package_discovery:discover_packages(path) discover
[1.642s] Level 1:colcon.colcon_core.package_discovery:discover_packages(path) using defaults
[1.766s] Level 1:colcon.colcon_core.package_discovery:discover_packages(prefix_path) check parameters
[1.767s] Level 1:colcon.colcon_core.package_discovery:discover_packages(prefix_path) discover
[1.774s] DEBUG:colcon.colcon_installed_package_information.package_discovery:Found 2 installed packages in /home/jetson/EVC_2/workshops/vision_ws/install
[1.776s] DEBUG:colcon.colcon_installed_package_information.package_discovery:Found 3 installed packages in /home/jetson/EVC_2/install
[1.782s] DEBUG:colcon.colcon_installed_package_information.package_discovery:Found 180 installed packages in /opt/ros/foxy
[1.788s] Level 1:colcon.colcon_core.package_discovery:discover_packages(prefix_path) using defaults
[1.983s] Level 5:colcon.colcon_core.verb:set package 'jetson_camera' build argument 'cmake_args' from command line to 'None'
[1.983s] Level 5:colcon.colcon_core.verb:set package 'jetson_camera' build argument 'cmake_target' from command line to 'None'
[1.984s] Level 5:colcon.colcon_core.verb:set package 'jetson_camera' build argument 'cmake_target_skip_unavailable' from command line to 'False'
[1.984s] Level 5:colcon.colcon_core.verb:set package 'jetson_camera' build argument 'cmake_clean_cache' from command line to 'False'
[1.984s] Level 5:colcon.colcon_core.verb:set package 'jetson_camera' build argument 'cmake_clean_first' from command line to 'False'
[1.984s] Level 5:colcon.colcon_core.verb:set package 'jetson_camera' build argument 'cmake_force_configure' from command line to 'False'
[1.984s] Level 5:colcon.colcon_core.verb:set package 'jetson_camera' build argument 'ament_cmake_args' from command line to 'None'
[1.984s] Level 5:colcon.colcon_core.verb:set package 'jetson_camera' build argument 'catkin_cmake_args' from command line to 'None'
[1.984s] Level 5:colcon.colcon_core.verb:set package 'jetson_camera' build argument 'catkin_skip_building_tests' from command line to 'False'
[1.985s] DEBUG:colcon.colcon_core.verb:Building package 'jetson_camera' with the following arguments: {'ament_cmake_args': None, 'build_base': '/home/jetson/EVC_2/workshops/vision_ws/build/jetson_camera', 'catkin_cmake_args': None, 'catkin_skip_building_tests': False, 'cmake_args': None, 'cmake_clean_cache': False, 'cmake_clean_first': False, 'cmake_force_configure': False, 'cmake_target': None, 'cmake_target_skip_unavailable': False, 'install_base': '/home/jetson/EVC_2/workshops/vision_ws/install/jetson_camera', 'merge_install': False, 'path': '/home/jetson/EVC_2/workshops/vision_ws/src/jetson_camera', 'symlink_install': False, 'test_result_base': None}
[1.986s] Level 5:colcon.colcon_core.verb:set package 'jetson_interfaces' build argument 'cmake_args' from command line to 'None'
[1.986s] Level 5:colcon.colcon_core.verb:set package 'jetson_interfaces' build argument 'cmake_target' from command line to 'None'
[1.987s] Level 5:colcon.colcon_core.verb:set package 'jetson_interfaces' build argument 'cmake_target_skip_unavailable' from command line to 'False'
[1.987s] Level 5:colcon.colcon_core.verb:set package 'jetson_interfaces' build argument 'cmake_clean_cache' from command line to 'False'
[1.987s] Level 5:colcon.colcon_core.verb:set package 'jetson_interfaces' build argument 'cmake_clean_first' from command line to 'False'
[1.987s] Level 5:colcon.colcon_core.verb:set package 'jetson_interfaces' build argument 'cmake_force_configure' from command line to 'False'
[1.987s] Level 5:colcon.colcon_core.verb:set package 'jetson_interfaces' build argument 'ament_cmake_args' from command line to 'None'
[1.987s] Level 5:colcon.colcon_core.verb:set package 'jetson_interfaces' build argument 'catkin_cmake_args' from command line to 'None'
[1.988s] Level 5:colcon.colcon_core.verb:set package 'jetson_interfaces' build argument 'catkin_skip_building_tests' from command line to 'False'
[1.988s] DEBUG:colcon.colcon_core.verb:Building package 'jetson_interfaces' with the following arguments: {'ament_cmake_args': None, 'build_base': '/home/jetson/EVC_2/workshops/vision_ws/build/jetson_interfaces', 'catkin_cmake_args': None, 'catkin_skip_building_tests': False, 'cmake_args': None, 'cmake_clean_cache': False, 'cmake_clean_first': False, 'cmake_force_configure': False, 'cmake_target': None, 'cmake_target_skip_unavailable': False, 'install_base': '/home/jetson/EVC_2/workshops/vision_ws/install/jetson_interfaces', 'merge_install': False, 'path': '/home/jetson/EVC_2/workshops/vision_ws/src/jetson_interfaces', 'symlink_install': False, 'test_result_base': None}
[1.989s] INFO:colcon.colcon_core.executor:Executing jobs using 'parallel' executor
[2.000s] DEBUG:colcon.colcon_parallel_executor.executor.parallel:run_until_complete
[2.002s] INFO:colcon.colcon_ros.task.ament_python.build:Building ROS package in '/home/jetson/EVC_2/workshops/vision_ws/src/jetson_camera' with build type 'ament_python'
[2.002s] Level 1:colcon.colcon_core.shell:create_environment_hook('jetson_camera', 'ament_prefix_path')
[2.011s] INFO:colcon.colcon_core.plugin_system:Skipping extension 'colcon_core.shell.bat': Not used on non-Windows systems
[2.012s] INFO:colcon.colcon_core.shell:Creating environment hook '/home/jetson/EVC_2/workshops/vision_ws/install/jetson_camera/share/jetson_camera/hook/ament_prefix_path.ps1'
[2.015s] INFO:colcon.colcon_core.shell:Creating environment descriptor '/home/jetson/EVC_2/workshops/vision_ws/install/jetson_camera/share/jetson_camera/hook/ament_prefix_path.dsv'
[2.017s] INFO:colcon.colcon_core.shell:Creating environment hook '/home/jetson/EVC_2/workshops/vision_ws/install/jetson_camera/share/jetson_camera/hook/ament_prefix_path.sh'
[2.020s] INFO:colcon.colcon_core.shell:Skip shell extension 'powershell' for command environment: Not usable outside of PowerShell
[2.021s] DEBUG:colcon.colcon_core.shell:Skip shell extension 'dsv' for command environment
[2.040s] INFO:colcon.colcon_ros.task.ament_cmake.build:Building ROS package in '/home/jetson/EVC_2/workshops/vision_ws/src/jetson_interfaces' with build type 'ament_cmake'
[2.040s] INFO:colcon.colcon_cmake.task.cmake.build:Building CMake package in '/home/jetson/EVC_2/workshops/vision_ws/src/jetson_interfaces'
[2.042s] INFO:colcon.colcon_core.shell:Skip shell extension 'powershell' for command environment: Not usable outside of PowerShell
[2.042s] DEBUG:colcon.colcon_core.shell:Skip shell extension 'dsv' for command environment
[3.198s] INFO:colcon.colcon_core.task.python.build:Building Python package in '/home/jetson/EVC_2/workshops/vision_ws/src/jetson_camera'
[3.199s] INFO:colcon.colcon_core.shell:Skip shell extension 'powershell' for command environment: Not usable outside of PowerShell
[3.200s] DEBUG:colcon.colcon_core.shell:Skip shell extension 'dsv' for command environment
[3.230s] DEBUG:colcon.colcon_core.event_handler.log_command:Invoking command in '/home/jetson/EVC_2/workshops/vision_ws/build/jetson_interfaces': CMAKE_PREFIX_PATH=${CMAKE_PREFIX_PATH}:/home/jetson/EVC_2/workshops/vision_ws/install/jetson_camera:/home/jetson/EVC_2/install/jetson_camera:/opt/ros/foxy JETSON_P_NUMBER=potor- /usr/bin/cmake --build /home/jetson/EVC_2/workshops/vision_ws/build/jetson_interfaces -- -j4 -l4
[4.162s] DEBUG:colcon.colcon_core.event_handler.log_command:Invoked command in '/home/jetson/EVC_2/workshops/vision_ws/build/jetson_interfaces' returned '0': CMAKE_PREFIX_PATH=${CMAKE_PREFIX_PATH}:/home/jetson/EVC_2/workshops/vision_ws/install/jetson_camera:/home/jetson/EVC_2/install/jetson_camera:/opt/ros/foxy JETSON_P_NUMBER=potor- /usr/bin/cmake --build /home/jetson/EVC_2/workshops/vision_ws/build/jetson_interfaces -- -j4 -l4
[4.205s] DEBUG:colcon.colcon_core.event_handler.log_command:Invoking command in '/home/jetson/EVC_2/workshops/vision_ws/build/jetson_interfaces': CMAKE_PREFIX_PATH=${CMAKE_PREFIX_PATH}:/home/jetson/EVC_2/workshops/vision_ws/install/jetson_camera:/home/jetson/EVC_2/install/jetson_camera:/opt/ros/foxy JETSON_P_NUMBER=potor- /usr/bin/cmake --install /home/jetson/EVC_2/workshops/vision_ws/build/jetson_interfaces
[4.443s] Level 1:colcon.colcon_core.environment:create_environment_scripts_only(jetson_interfaces)
[4.447s] DEBUG:colcon.colcon_core.event_handler.log_command:Invoked command in '/home/jetson/EVC_2/workshops/vision_ws/build/jetson_interfaces' returned '0': CMAKE_PREFIX_PATH=${CMAKE_PREFIX_PATH}:/home/jetson/EVC_2/workshops/vision_ws/install/jetson_camera:/home/jetson/EVC_2/install/jetson_camera:/opt/ros/foxy JETSON_P_NUMBER=potor- /usr/bin/cmake --install /home/jetson/EVC_2/workshops/vision_ws/build/jetson_interfaces
[4.455s] Level 1:colcon.colcon_core.environment:checking '/home/jetson/EVC_2/workshops/vision_ws/install/jetson_interfaces' for CMake module files
[4.458s] Level 1:colcon.colcon_core.environment:checking '/home/jetson/EVC_2/workshops/vision_ws/install/jetson_interfaces' for CMake config files
[4.461s] Level 1:colcon.colcon_core.shell:create_environment_hook('jetson_interfaces', 'cmake_prefix_path')
[4.462s] INFO:colcon.colcon_core.shell:Creating environment hook '/home/jetson/EVC_2/workshops/vision_ws/install/jetson_interfaces/share/jetson_interfaces/hook/cmake_prefix_path.ps1'
[4.464s] INFO:colcon.colcon_core.shell:Creating environment descriptor '/home/jetson/EVC_2/workshops/vision_ws/install/jetson_interfaces/share/jetson_interfaces/hook/cmake_prefix_path.dsv'
[4.467s] INFO:colcon.colcon_core.shell:Creating environment hook '/home/jetson/EVC_2/workshops/vision_ws/install/jetson_interfaces/share/jetson_interfaces/hook/cmake_prefix_path.sh'
[4.470s] Level 1:colcon.colcon_core.environment:checking '/home/jetson/EVC_2/workshops/vision_ws/install/jetson_interfaces/lib'
[4.470s] Level 1:colcon.colcon_core.shell:create_environment_hook('jetson_interfaces', 'ld_library_path_lib')
[4.471s] INFO:colcon.colcon_core.shell:Creating environment hook '/home/jetson/EVC_2/workshops/vision_ws/install/jetson_interfaces/share/jetson_interfaces/hook/ld_library_path_lib.ps1'
[4.473s] INFO:colcon.colcon_core.shell:Creating environment descriptor '/home/jetson/EVC_2/workshops/vision_ws/install/jetson_interfaces/share/jetson_interfaces/hook/ld_library_path_lib.dsv'
[4.475s] INFO:colcon.colcon_core.shell:Creating environment hook '/home/jetson/EVC_2/workshops/vision_ws/install/jetson_interfaces/share/jetson_interfaces/hook/ld_library_path_lib.sh'
[4.477s] Level 1:colcon.colcon_core.environment:checking '/home/jetson/EVC_2/workshops/vision_ws/install/jetson_interfaces/bin'
[4.477s] Level 1:colcon.colcon_core.environment:checking '/home/jetson/EVC_2/workshops/vision_ws/install/jetson_interfaces/lib/pkgconfig/jetson_interfaces.pc'
[4.478s] Level 1:colcon.colcon_core.environment:checking '/home/jetson/EVC_2/workshops/vision_ws/install/jetson_interfaces/lib/python3.8/site-packages'
[4.479s] Level 1:colcon.colcon_core.shell:create_environment_hook('jetson_interfaces', 'pythonpath')
[4.480s] INFO:colcon.colcon_core.shell:Creating environment hook '/home/jetson/EVC_2/workshops/vision_ws/install/jetson_interfaces/share/jetson_interfaces/hook/pythonpath.ps1'
[4.482s] INFO:colcon.colcon_core.shell:Creating environment descriptor '/home/jetson/EVC_2/workshops/vision_ws/install/jetson_interfaces/share/jetson_interfaces/hook/pythonpath.dsv'
[4.483s] INFO:colcon.colcon_core.shell:Creating environment hook '/home/jetson/EVC_2/workshops/vision_ws/install/jetson_interfaces/share/jetson_interfaces/hook/pythonpath.sh'
[4.486s] Level 1:colcon.colcon_core.environment:checking '/home/jetson/EVC_2/workshops/vision_ws/install/jetson_interfaces/bin'
[4.488s] INFO:colcon.colcon_core.shell:Creating package script '/home/jetson/EVC_2/workshops/vision_ws/install/jetson_interfaces/share/jetson_interfaces/package.ps1'
[4.492s] INFO:colcon.colcon_core.shell:Creating package descriptor '/home/jetson/EVC_2/workshops/vision_ws/install/jetson_interfaces/share/jetson_interfaces/package.dsv'
[4.494s] INFO:colcon.colcon_core.shell:Creating package script '/home/jetson/EVC_2/workshops/vision_ws/install/jetson_interfaces/share/jetson_interfaces/package.sh'
[4.498s] INFO:colcon.colcon_core.shell:Creating package script '/home/jetson/EVC_2/workshops/vision_ws/install/jetson_interfaces/share/jetson_interfaces/package.bash'
[4.501s] INFO:colcon.colcon_core.shell:Creating package script '/home/jetson/EVC_2/workshops/vision_ws/install/jetson_interfaces/share/jetson_interfaces/package.zsh'
[4.504s] Level 1:colcon.colcon_core.environment:create_file_with_runtime_dependencies(/home/jetson/EVC_2/workshops/vision_ws/install/jetson_interfaces/share/colcon-core/packages/jetson_interfaces)
[4.507s] Level 1:colcon.colcon_core.environment:create_environment_scripts_only(jetson_interfaces)
[4.508s] Level 1:colcon.colcon_core.environment:checking '/home/jetson/EVC_2/workshops/vision_ws/install/jetson_interfaces' for CMake module files
[4.512s] Level 1:colcon.colcon_core.environment:checking '/home/jetson/EVC_2/workshops/vision_ws/install/jetson_interfaces' for CMake config files
[4.515s] Level 1:colcon.colcon_core.shell:create_environment_hook('jetson_interfaces', 'cmake_prefix_path')
[4.516s] INFO:colcon.colcon_core.shell:Creating environment hook '/home/jetson/EVC_2/workshops/vision_ws/install/jetson_interfaces/share/jetson_interfaces/hook/cmake_prefix_path.ps1'
[4.518s] INFO:colcon.colcon_core.shell:Creating environment descriptor '/home/jetson/EVC_2/workshops/vision_ws/install/jetson_interfaces/share/jetson_interfaces/hook/cmake_prefix_path.dsv'
[4.519s] INFO:colcon.colcon_core.shell:Creating environment hook '/home/jetson/EVC_2/workshops/vision_ws/install/jetson_interfaces/share/jetson_interfaces/hook/cmake_prefix_path.sh'
[4.522s] Level 1:colcon.colcon_core.environment:checking '/home/jetson/EVC_2/workshops/vision_ws/install/jetson_interfaces/lib'
[4.522s] Level 1:colcon.colcon_core.shell:create_environment_hook('jetson_interfaces', 'ld_library_path_lib')
[4.523s] INFO:colcon.colcon_core.shell:Creating environment hook '/home/jetson/EVC_2/workshops/vision_ws/install/jetson_interfaces/share/jetson_interfaces/hook/ld_library_path_lib.ps1'
[4.530s] INFO:colcon.colcon_core.shell:Creating environment descriptor '/home/jetson/EVC_2/workshops/vision_ws/install/jetson_interfaces/share/jetson_interfaces/hook/ld_library_path_lib.dsv'
[4.532s] INFO:colcon.colcon_core.shell:Creating environment hook '/home/jetson/EVC_2/workshops/vision_ws/install/jetson_interfaces/share/jetson_interfaces/hook/ld_library_path_lib.sh'
[4.553s] Level 1:colcon.colcon_core.environment:checking '/home/jetson/EVC_2/workshops/vision_ws/install/jetson_interfaces/bin'
[4.554s] Level 1:colcon.colcon_core.environment:checking '/home/jetson/EVC_2/workshops/vision_ws/install/jetson_interfaces/lib/pkgconfig/jetson_interfaces.pc'
[4.554s] Level 1:colcon.colcon_core.environment:checking '/home/jetson/EVC_2/workshops/vision_ws/install/jetson_interfaces/lib/python3.8/site-packages'
[4.555s] Level 1:colcon.colcon_core.shell:create_environment_hook('jetson_interfaces', 'pythonpath')
[4.556s] INFO:colcon.colcon_core.shell:Creating environment hook '/home/jetson/EVC_2/workshops/vision_ws/install/jetson_interfaces/share/jetson_interfaces/hook/pythonpath.ps1'
[4.558s] INFO:colcon.colcon_core.shell:Creating environment descriptor '/home/jetson/EVC_2/workshops/vision_ws/install/jetson_interfaces/share/jetson_interfaces/hook/pythonpath.dsv'
[4.559s] INFO:colcon.colcon_core.shell:Creating environment hook '/home/jetson/EVC_2/workshops/vision_ws/install/jetson_interfaces/share/jetson_interfaces/hook/pythonpath.sh'
[4.562s] Level 1:colcon.colcon_core.environment:checking '/home/jetson/EVC_2/workshops/vision_ws/install/jetson_interfaces/bin'
[4.564s] INFO:colcon.colcon_core.shell:Creating package script '/home/jetson/EVC_2/workshops/vision_ws/install/jetson_interfaces/share/jetson_interfaces/package.ps1'
[4.567s] INFO:colcon.colcon_core.shell:Creating package descriptor '/home/jetson/EVC_2/workshops/vision_ws/install/jetson_interfaces/share/jetson_interfaces/package.dsv'
[4.569s] INFO:colcon.colcon_core.shell:Creating package script '/home/jetson/EVC_2/workshops/vision_ws/install/jetson_interfaces/share/jetson_interfaces/package.sh'
[4.572s] INFO:colcon.colcon_core.shell:Creating package script '/home/jetson/EVC_2/workshops/vision_ws/install/jetson_interfaces/share/jetson_interfaces/package.bash'
[4.574s] INFO:colcon.colcon_core.shell:Creating package script '/home/jetson/EVC_2/workshops/vision_ws/install/jetson_interfaces/share/jetson_interfaces/package.zsh'
[4.575s] Level 1:colcon.colcon_core.environment:create_file_with_runtime_dependencies(/home/jetson/EVC_2/workshops/vision_ws/install/jetson_interfaces/share/colcon-core/packages/jetson_interfaces)
[4.997s] DEBUG:colcon.colcon_core.event_handler.log_command:Invoking command in '/home/jetson/EVC_2/workshops/vision_ws/src/jetson_camera': JETSON_P_NUMBER=potor- PYTHONPATH=/home/jetson/EVC_2/workshops/vision_ws/build/jetson_camera/prefix_override:/usr/lib/python3/dist-packages/colcon_core/task/python/colcon_distutils_commands:/home/jetson/EVC_2/workshops/vision_ws/install/jetson_camera/lib/python3.8/site-packages:${PYTHONPATH} /usr/bin/python3 -W ignore:setup.py install is deprecated -W ignore:easy_install command is deprecated setup.py egg_info --egg-base ../../build/jetson_camera build --build-base /home/jetson/EVC_2/workshops/vision_ws/build/jetson_camera/build install --record /home/jetson/EVC_2/workshops/vision_ws/build/jetson_camera/install.log --single-version-externally-managed install_data
[6.236s] Level 1:colcon.colcon_core.environment:checking '/home/jetson/EVC_2/workshops/vision_ws/install/jetson_camera' for CMake module files
[6.239s] DEBUG:colcon.colcon_core.event_handler.log_command:Invoked command in '/home/jetson/EVC_2/workshops/vision_ws/src/jetson_camera' returned '0': JETSON_P_NUMBER=potor- PYTHONPATH=/home/jetson/EVC_2/workshops/vision_ws/build/jetson_camera/prefix_override:/usr/lib/python3/dist-packages/colcon_core/task/python/colcon_distutils_commands:/home/jetson/EVC_2/workshops/vision_ws/install/jetson_camera/lib/python3.8/site-packages:${PYTHONPATH} /usr/bin/python3 -W ignore:setup.py install is deprecated -W ignore:easy_install command is deprecated setup.py egg_info --egg-base ../../build/jetson_camera build --build-base /home/jetson/EVC_2/workshops/vision_ws/build/jetson_camera/build install --record /home/jetson/EVC_2/workshops/vision_ws/build/jetson_camera/install.log --single-version-externally-managed install_data
[6.241s] Level 1:colcon.colcon_core.environment:checking '/home/jetson/EVC_2/workshops/vision_ws/install/jetson_camera' for CMake config files
[6.244s] Level 1:colcon.colcon_core.environment:checking '/home/jetson/EVC_2/workshops/vision_ws/install/jetson_camera/lib'
[6.244s] Level 1:colcon.colcon_core.environment:checking '/home/jetson/EVC_2/workshops/vision_ws/install/jetson_camera/bin'
[6.244s] Level 1:colcon.colcon_core.environment:checking '/home/jetson/EVC_2/workshops/vision_ws/install/jetson_camera/lib/pkgconfig/jetson_camera.pc'
[6.245s] Level 1:colcon.colcon_core.environment:checking '/home/jetson/EVC_2/workshops/vision_ws/install/jetson_camera/lib/python3.8/site-packages'
[6.246s] Level 1:colcon.colcon_core.shell:create_environment_hook('jetson_camera', 'pythonpath')
[6.247s] INFO:colcon.colcon_core.shell:Creating environment hook '/home/jetson/EVC_2/workshops/vision_ws/install/jetson_camera/share/jetson_camera/hook/pythonpath.ps1'
[6.249s] INFO:colcon.colcon_core.shell:Creating environment descriptor '/home/jetson/EVC_2/workshops/vision_ws/install/jetson_camera/share/jetson_camera/hook/pythonpath.dsv'
[6.251s] INFO:colcon.colcon_core.shell:Creating environment hook '/home/jetson/EVC_2/workshops/vision_ws/install/jetson_camera/share/jetson_camera/hook/pythonpath.sh'
[6.255s] Level 1:colcon.colcon_core.environment:checking '/home/jetson/EVC_2/workshops/vision_ws/install/jetson_camera/bin'
[6.255s] Level 1:colcon.colcon_core.environment:create_environment_scripts_only(jetson_camera)
[6.256s] INFO:colcon.colcon_core.shell:Creating package script '/home/jetson/EVC_2/workshops/vision_ws/install/jetson_camera/share/jetson_camera/package.ps1'
[6.258s] INFO:colcon.colcon_core.shell:Creating package descriptor '/home/jetson/EVC_2/workshops/vision_ws/install/jetson_camera/share/jetson_camera/package.dsv'
[6.260s] INFO:colcon.colcon_core.shell:Creating package script '/home/jetson/EVC_2/workshops/vision_ws/install/jetson_camera/share/jetson_camera/package.sh'
[6.262s] INFO:colcon.colcon_core.shell:Creating package script '/home/jetson/EVC_2/workshops/vision_ws/install/jetson_camera/share/jetson_camera/package.bash'
[6.263s] INFO:colcon.colcon_core.shell:Creating package script '/home/jetson/EVC_2/workshops/vision_ws/install/jetson_camera/share/jetson_camera/package.zsh'
[6.264s] Level 1:colcon.colcon_core.environment:create_file_with_runtime_dependencies(/home/jetson/EVC_2/workshops/vision_ws/install/jetson_camera/share/colcon-core/packages/jetson_camera)
[6.265s] DEBUG:colcon.colcon_parallel_executor.executor.parallel:closing loop
[6.266s] DEBUG:colcon.colcon_parallel_executor.executor.parallel:loop closed
[6.267s] DEBUG:colcon.colcon_parallel_executor.executor.parallel:run_until_complete finished with '0'
[6.267s] DEBUG:colcon.colcon_core.event_reactor:joining thread
[6.289s] INFO:colcon.colcon_core.plugin_system:Skipping extension 'colcon_notification.desktop_notification.terminal_notifier': Not used on non-Darwin systems
[6.290s] INFO:colcon.colcon_core.plugin_system:Skipping extension 'colcon_notification.desktop_notification.win32': Not used on non-Windows systems
[6.290s] INFO:colcon.colcon_notification.desktop_notification:Sending desktop notification using 'notify2'
[6.330s] DEBUG:colcon.colcon_notification.desktop_notification.notify2:Failed to initialize notify2: org.freedesktop.DBus.Error.Spawn.ChildExited: Process org.freedesktop.Notifications exited with status 1
[6.330s] DEBUG:colcon.colcon_core.event_reactor:joined thread
[6.331s] INFO:colcon.colcon_core.shell:Creating prefix script '/home/jetson/EVC_2/workshops/vision_ws/install/local_setup.ps1'
[6.335s] INFO:colcon.colcon_core.shell:Creating prefix util module '/home/jetson/EVC_2/workshops/vision_ws/install/_local_setup_util_ps1.py'
[6.341s] INFO:colcon.colcon_core.shell:Creating prefix chain script '/home/jetson/EVC_2/workshops/vision_ws/install/setup.ps1'
[6.346s] INFO:colcon.colcon_core.shell:Creating prefix script '/home/jetson/EVC_2/workshops/vision_ws/install/local_setup.sh'
[6.348s] INFO:colcon.colcon_core.shell:Creating prefix util module '/home/jetson/EVC_2/workshops/vision_ws/install/_local_setup_util_sh.py'
[6.351s] INFO:colcon.colcon_core.shell:Creating prefix chain script '/home/jetson/EVC_2/workshops/vision_ws/install/setup.sh'
[6.356s] INFO:colcon.colcon_core.shell:Creating prefix script '/home/jetson/EVC_2/workshops/vision_ws/install/local_setup.bash'
[6.358s] INFO:colcon.colcon_core.shell:Creating prefix chain script '/home/jetson/EVC_2/workshops/vision_ws/install/setup.bash'
[6.363s] INFO:colcon.colcon_core.shell:Creating prefix script '/home/jetson/EVC_2/workshops/vision_ws/install/local_setup.zsh'
[6.365s] INFO:colcon.colcon_core.shell:Creating prefix chain script '/home/jetson/EVC_2/workshops/vision_ws/install/setup.zsh'
