[0.784s] DEBUG:colcon:Command line arguments: ['/usr/bin/colcon', 'build']
[0.784s] DEBUG:colcon:Parsed command line arguments: Namespace(allow_overriding=[], ament_cmake_args=None, base_paths=['.'], build_base='build', catkin_cmake_args=None, catkin_skip_building_tests=False, cmake_args=None, cmake_clean_cache=False, cmake_clean_first=False, cmake_force_configure=False, cmake_target=None, cmake_target_skip_unavailable=False, continue_on_error=False, event_handlers=None, executor='parallel', ignore_user_meta=False, install_base='install', log_base=None, log_level=None, main=<bound method BuildVerb.main of <colcon_core.verb.build.BuildVerb object at 0x7f9b89e2e0>>, merge_install=False, metas=['./colcon.meta'], packages_above=None, packages_above_and_dependencies=None, packages_above_depth=None, packages_end=None, packages_ignore=None, packages_ignore_regex=None, packages_select=None, packages_select_build_failed=False, packages_select_by_dep=None, packages_select_regex=None, packages_select_test_failures=False, packages_skip=None, packages_skip_build_finished=False, packages_skip_by_dep=None, packages_skip_regex=None, packages_skip_test_passed=False, packages_skip_up_to=None, packages_start=None, packages_up_to=None, packages_up_to_regex=None, parallel_workers=4, paths=None, symlink_install=False, test_result_base=None, verb_extension=<colcon_core.verb.build.BuildVerb object at 0x7f9b89e2e0>, verb_name='build', verb_parser=<colcon_defaults.argument_parser.defaults.DefaultArgumentsDecorator object at 0x7f9b8285e0>)
[1.566s] Level 1:colcon.colcon_core.package_discovery:discover_packages(colcon_meta) check parameters
[1.567s] Level 1:colcon.colcon_core.package_discovery:discover_packages(recursive) check parameters
[1.567s] Level 1:colcon.colcon_core.package_discovery:discover_packages(ignore) check parameters
[1.567s] Level 1:colcon.colcon_core.package_discovery:discover_packages(path) check parameters
[1.567s] Level 1:colcon.colcon_core.package_discovery:discover_packages(colcon_meta) discover
[1.567s] Level 1:colcon.colcon_core.package_discovery:discover_packages(recursive) discover
[1.568s] INFO:colcon.colcon_core.package_discovery:Crawling recursively for packages in '/home/jetson/Final_assignment/EmbeddedVisualControl/src'
[1.568s] Level 1:colcon.colcon_core.package_identification:_identify(.) by extensions ['ignore', 'ignore_ament_install']
[1.568s] Level 1:colcon.colcon_core.package_identification:_identify(.) by extension 'ignore'
[1.569s] Level 1:colcon.colcon_core.package_identification:_identify(.) by extension 'ignore_ament_install'
[1.569s] Level 1:colcon.colcon_core.package_identification:_identify(.) by extensions ['colcon_pkg']
[1.569s] Level 1:colcon.colcon_core.package_identification:_identify(.) by extension 'colcon_pkg'
[1.569s] Level 1:colcon.colcon_core.package_identification:_identify(.) by extensions ['colcon_meta']
[1.569s] Level 1:colcon.colcon_core.package_identification:_identify(.) by extension 'colcon_meta'
[1.570s] Level 1:colcon.colcon_core.package_identification:_identify(.) by extensions ['ros']
[1.570s] Level 1:colcon.colcon_core.package_identification:_identify(.) by extension 'ros'
[1.615s] Level 1:colcon.colcon_core.package_identification:_identify(.) by extensions ['cmake', 'python']
[1.616s] Level 1:colcon.colcon_core.package_identification:_identify(.) by extension 'cmake'
[1.616s] Level 1:colcon.colcon_core.package_identification:_identify(.) by extension 'python'
[1.616s] Level 1:colcon.colcon_core.package_identification:_identify(.) by extensions ['python_setup_py']
[1.616s] Level 1:colcon.colcon_core.package_identification:_identify(.) by extension 'python_setup_py'
[1.617s] Level 1:colcon.colcon_core.package_identification:_identify(build) by extensions ['ignore', 'ignore_ament_install']
[1.617s] Level 1:colcon.colcon_core.package_identification:_identify(build) by extension 'ignore'
[1.617s] Level 1:colcon.colcon_core.package_identification:_identify(build) ignored
[1.618s] Level 1:colcon.colcon_core.package_identification:_identify(install) by extensions ['ignore', 'ignore_ament_install']
[1.618s] Level 1:colcon.colcon_core.package_identification:_identify(install) by extension 'ignore'
[1.618s] Level 1:colcon.colcon_core.package_identification:_identify(install) ignored
[1.619s] Level 1:colcon.colcon_core.package_identification:_identify(jetson_camera) by extensions ['ignore', 'ignore_ament_install']
[1.619s] Level 1:colcon.colcon_core.package_identification:_identify(jetson_camera) by extension 'ignore'
[1.619s] Level 1:colcon.colcon_core.package_identification:_identify(jetson_camera) by extension 'ignore_ament_install'
[1.620s] Level 1:colcon.colcon_core.package_identification:_identify(jetson_camera) by extensions ['colcon_pkg']
[1.620s] Level 1:colcon.colcon_core.package_identification:_identify(jetson_camera) by extension 'colcon_pkg'
[1.620s] Level 1:colcon.colcon_core.package_identification:_identify(jetson_camera) by extensions ['colcon_meta']
[1.620s] Level 1:colcon.colcon_core.package_identification:_identify(jetson_camera) by extension 'colcon_meta'
[1.620s] Level 1:colcon.colcon_core.package_identification:_identify(jetson_camera) by extensions ['ros']
[1.620s] Level 1:colcon.colcon_core.package_identification:_identify(jetson_camera) by extension 'ros'
[1.632s] DEBUG:colcon.colcon_core.package_identification:Package 'jetson_camera' with type 'ros.ament_python' and name 'jetson_camera'
[1.632s] Level 1:colcon.colcon_core.package_identification:_identify(jetson_interfaces) by extensions ['ignore', 'ignore_ament_install']
[1.633s] Level 1:colcon.colcon_core.package_identification:_identify(jetson_interfaces) by extension 'ignore'
[1.633s] Level 1:colcon.colcon_core.package_identification:_identify(jetson_interfaces) by extension 'ignore_ament_install'
[1.633s] Level 1:colcon.colcon_core.package_identification:_identify(jetson_interfaces) by extensions ['colcon_pkg']
[1.633s] Level 1:colcon.colcon_core.package_identification:_identify(jetson_interfaces) by extension 'colcon_pkg'
[1.634s] Level 1:colcon.colcon_core.package_identification:_identify(jetson_interfaces) by extensions ['colcon_meta']
[1.634s] Level 1:colcon.colcon_core.package_identification:_identify(jetson_interfaces) by extension 'colcon_meta'
[1.634s] Level 1:colcon.colcon_core.package_identification:_identify(jetson_interfaces) by extensions ['ros']
[1.634s] Level 1:colcon.colcon_core.package_identification:_identify(jetson_interfaces) by extension 'ros'
[1.637s] DEBUG:colcon.colcon_core.package_identification:Package 'jetson_interfaces' with type 'ros.ament_cmake' and name 'jetson_interfaces'
[1.638s] Level 1:colcon.colcon_core.package_identification:_identify(log) by extensions ['ignore', 'ignore_ament_install']
[1.638s] Level 1:colcon.colcon_core.package_identification:_identify(log) by extension 'ignore'
[1.638s] Level 1:colcon.colcon_core.package_identification:_identify(log) ignored
[1.639s] Level 1:colcon.colcon_core.package_discovery:discover_packages(recursive) using defaults
[1.639s] Level 1:colcon.colcon_core.package_discovery:discover_packages(ignore) discover
[1.639s] Level 1:colcon.colcon_core.package_discovery:discover_packages(ignore) using defaults
[1.639s] Level 1:colcon.colcon_core.package_discovery:discover_packages(path) discover
[1.639s] Level 1:colcon.colcon_core.package_discovery:discover_packages(path) using defaults
[1.759s] Level 1:colcon.colcon_core.package_discovery:discover_packages(prefix_path) check parameters
[1.759s] Level 1:colcon.colcon_core.package_discovery:discover_packages(prefix_path) discover
[1.765s] DEBUG:colcon.colcon_installed_package_information.package_discovery:Found 2 installed packages in /home/jetson/Final_assignment/EmbeddedVisualControl/src/install
[1.770s] DEBUG:colcon.colcon_installed_package_information.package_discovery:Found 191 installed packages in /opt/ros/foxy
[1.776s] Level 1:colcon.colcon_core.package_discovery:discover_packages(prefix_path) using defaults
[1.967s] Level 5:colcon.colcon_core.verb:set package 'jetson_camera' build argument 'cmake_args' from command line to 'None'
[1.968s] Level 5:colcon.colcon_core.verb:set package 'jetson_camera' build argument 'cmake_target' from command line to 'None'
[1.977s] Level 5:colcon.colcon_core.verb:set package 'jetson_camera' build argument 'cmake_target_skip_unavailable' from command line to 'False'
[1.977s] Level 5:colcon.colcon_core.verb:set package 'jetson_camera' build argument 'cmake_clean_cache' from command line to 'False'
[1.979s] Level 5:colcon.colcon_core.verb:set package 'jetson_camera' build argument 'cmake_clean_first' from command line to 'False'
[1.979s] Level 5:colcon.colcon_core.verb:set package 'jetson_camera' build argument 'cmake_force_configure' from command line to 'False'
[1.980s] Level 5:colcon.colcon_core.verb:set package 'jetson_camera' build argument 'ament_cmake_args' from command line to 'None'
[1.980s] Level 5:colcon.colcon_core.verb:set package 'jetson_camera' build argument 'catkin_cmake_args' from command line to 'None'
[1.980s] Level 5:colcon.colcon_core.verb:set package 'jetson_camera' build argument 'catkin_skip_building_tests' from command line to 'False'
[1.980s] DEBUG:colcon.colcon_core.verb:Building package 'jetson_camera' with the following arguments: {'ament_cmake_args': None, 'build_base': '/home/jetson/Final_assignment/EmbeddedVisualControl/src/build/jetson_camera', 'catkin_cmake_args': None, 'catkin_skip_building_tests': False, 'cmake_args': None, 'cmake_clean_cache': False, 'cmake_clean_first': False, 'cmake_force_configure': False, 'cmake_target': None, 'cmake_target_skip_unavailable': False, 'install_base': '/home/jetson/Final_assignment/EmbeddedVisualControl/src/install/jetson_camera', 'merge_install': False, 'path': '/home/jetson/Final_assignment/EmbeddedVisualControl/src/jetson_camera', 'symlink_install': False, 'test_result_base': None}
[1.983s] Level 5:colcon.colcon_core.verb:set package 'jetson_interfaces' build argument 'cmake_args' from command line to 'None'
[1.983s] Level 5:colcon.colcon_core.verb:set package 'jetson_interfaces' build argument 'cmake_target' from command line to 'None'
[1.983s] Level 5:colcon.colcon_core.verb:set package 'jetson_interfaces' build argument 'cmake_target_skip_unavailable' from command line to 'False'
[1.983s] Level 5:colcon.colcon_core.verb:set package 'jetson_interfaces' build argument 'cmake_clean_cache' from command line to 'False'
[1.984s] Level 5:colcon.colcon_core.verb:set package 'jetson_interfaces' build argument 'cmake_clean_first' from command line to 'False'
[1.984s] Level 5:colcon.colcon_core.verb:set package 'jetson_interfaces' build argument 'cmake_force_configure' from command line to 'False'
[1.984s] Level 5:colcon.colcon_core.verb:set package 'jetson_interfaces' build argument 'ament_cmake_args' from command line to 'None'
[1.984s] Level 5:colcon.colcon_core.verb:set package 'jetson_interfaces' build argument 'catkin_cmake_args' from command line to 'None'
[1.984s] Level 5:colcon.colcon_core.verb:set package 'jetson_interfaces' build argument 'catkin_skip_building_tests' from command line to 'False'
[1.985s] DEBUG:colcon.colcon_core.verb:Building package 'jetson_interfaces' with the following arguments: {'ament_cmake_args': None, 'build_base': '/home/jetson/Final_assignment/EmbeddedVisualControl/src/build/jetson_interfaces', 'catkin_cmake_args': None, 'catkin_skip_building_tests': False, 'cmake_args': None, 'cmake_clean_cache': False, 'cmake_clean_first': False, 'cmake_force_configure': False, 'cmake_target': None, 'cmake_target_skip_unavailable': False, 'install_base': '/home/jetson/Final_assignment/EmbeddedVisualControl/src/install/jetson_interfaces', 'merge_install': False, 'path': '/home/jetson/Final_assignment/EmbeddedVisualControl/src/jetson_interfaces', 'symlink_install': False, 'test_result_base': None}
[1.986s] INFO:colcon.colcon_core.executor:Executing jobs using 'parallel' executor
[1.989s] DEBUG:colcon.colcon_parallel_executor.executor.parallel:run_until_complete
[1.990s] INFO:colcon.colcon_ros.task.ament_python.build:Building ROS package in '/home/jetson/Final_assignment/EmbeddedVisualControl/src/jetson_camera' with build type 'ament_python'
[1.991s] Level 1:colcon.colcon_core.shell:create_environment_hook('jetson_camera', 'ament_prefix_path')
[2.000s] INFO:colcon.colcon_core.plugin_system:Skipping extension 'colcon_core.shell.bat': Not used on non-Windows systems
[2.000s] INFO:colcon.colcon_core.shell:Creating environment hook '/home/jetson/Final_assignment/EmbeddedVisualControl/src/install/jetson_camera/share/jetson_camera/hook/ament_prefix_path.ps1'
[2.003s] INFO:colcon.colcon_core.shell:Creating environment descriptor '/home/jetson/Final_assignment/EmbeddedVisualControl/src/install/jetson_camera/share/jetson_camera/hook/ament_prefix_path.dsv'
[2.004s] INFO:colcon.colcon_core.shell:Creating environment hook '/home/jetson/Final_assignment/EmbeddedVisualControl/src/install/jetson_camera/share/jetson_camera/hook/ament_prefix_path.sh'
[2.008s] INFO:colcon.colcon_core.shell:Skip shell extension 'powershell' for command environment: Not usable outside of PowerShell
[2.009s] DEBUG:colcon.colcon_core.shell:Skip shell extension 'dsv' for command environment
[2.027s] INFO:colcon.colcon_ros.task.ament_cmake.build:Building ROS package in '/home/jetson/Final_assignment/EmbeddedVisualControl/src/jetson_interfaces' with build type 'ament_cmake'
[2.027s] INFO:colcon.colcon_cmake.task.cmake.build:Building CMake package in '/home/jetson/Final_assignment/EmbeddedVisualControl/src/jetson_interfaces'
[2.029s] INFO:colcon.colcon_core.shell:Skip shell extension 'powershell' for command environment: Not usable outside of PowerShell
[2.030s] DEBUG:colcon.colcon_core.shell:Skip shell extension 'dsv' for command environment
[3.153s] INFO:colcon.colcon_core.task.python.build:Building Python package in '/home/jetson/Final_assignment/EmbeddedVisualControl/src/jetson_camera'
[3.155s] INFO:colcon.colcon_core.shell:Skip shell extension 'powershell' for command environment: Not usable outside of PowerShell
[3.155s] DEBUG:colcon.colcon_core.shell:Skip shell extension 'dsv' for command environment
[3.185s] DEBUG:colcon.colcon_core.event_handler.log_command:Invoking command in '/home/jetson/Final_assignment/EmbeddedVisualControl/src/build/jetson_interfaces': CMAKE_PREFIX_PATH=${CMAKE_PREFIX_PATH}:/home/jetson/Final_assignment/EmbeddedVisualControl/src/install/jetson_camera:/opt/ros/foxy JETSON_P_NUMBER=pders- /usr/bin/cmake --build /home/jetson/Final_assignment/EmbeddedVisualControl/src/build/jetson_interfaces -- -j4 -l4
[4.130s] DEBUG:colcon.colcon_core.event_handler.log_command:Invoked command in '/home/jetson/Final_assignment/EmbeddedVisualControl/src/build/jetson_interfaces' returned '0': CMAKE_PREFIX_PATH=${CMAKE_PREFIX_PATH}:/home/jetson/Final_assignment/EmbeddedVisualControl/src/install/jetson_camera:/opt/ros/foxy JETSON_P_NUMBER=pders- /usr/bin/cmake --build /home/jetson/Final_assignment/EmbeddedVisualControl/src/build/jetson_interfaces -- -j4 -l4
[4.179s] DEBUG:colcon.colcon_core.event_handler.log_command:Invoking command in '/home/jetson/Final_assignment/EmbeddedVisualControl/src/build/jetson_interfaces': CMAKE_PREFIX_PATH=${CMAKE_PREFIX_PATH}:/home/jetson/Final_assignment/EmbeddedVisualControl/src/install/jetson_camera:/opt/ros/foxy JETSON_P_NUMBER=pders- /usr/bin/cmake --install /home/jetson/Final_assignment/EmbeddedVisualControl/src/build/jetson_interfaces
[4.412s] Level 1:colcon.colcon_core.environment:create_environment_scripts_only(jetson_interfaces)
[4.414s] DEBUG:colcon.colcon_core.event_handler.log_command:Invoked command in '/home/jetson/Final_assignment/EmbeddedVisualControl/src/build/jetson_interfaces' returned '0': CMAKE_PREFIX_PATH=${CMAKE_PREFIX_PATH}:/home/jetson/Final_assignment/EmbeddedVisualControl/src/install/jetson_camera:/opt/ros/foxy JETSON_P_NUMBER=pders- /usr/bin/cmake --install /home/jetson/Final_assignment/EmbeddedVisualControl/src/build/jetson_interfaces
[4.422s] Level 1:colcon.colcon_core.environment:checking '/home/jetson/Final_assignment/EmbeddedVisualControl/src/install/jetson_interfaces' for CMake module files
[4.426s] Level 1:colcon.colcon_core.environment:checking '/home/jetson/Final_assignment/EmbeddedVisualControl/src/install/jetson_interfaces' for CMake config files
[4.428s] Level 1:colcon.colcon_core.shell:create_environment_hook('jetson_interfaces', 'cmake_prefix_path')
[4.430s] INFO:colcon.colcon_core.shell:Creating environment hook '/home/jetson/Final_assignment/EmbeddedVisualControl/src/install/jetson_interfaces/share/jetson_interfaces/hook/cmake_prefix_path.ps1'
[4.432s] INFO:colcon.colcon_core.shell:Creating environment descriptor '/home/jetson/Final_assignment/EmbeddedVisualControl/src/install/jetson_interfaces/share/jetson_interfaces/hook/cmake_prefix_path.dsv'
[4.434s] INFO:colcon.colcon_core.shell:Creating environment hook '/home/jetson/Final_assignment/EmbeddedVisualControl/src/install/jetson_interfaces/share/jetson_interfaces/hook/cmake_prefix_path.sh'
[4.437s] Level 1:colcon.colcon_core.environment:checking '/home/jetson/Final_assignment/EmbeddedVisualControl/src/install/jetson_interfaces/lib'
[4.438s] Level 1:colcon.colcon_core.shell:create_environment_hook('jetson_interfaces', 'ld_library_path_lib')
[4.439s] INFO:colcon.colcon_core.shell:Creating environment hook '/home/jetson/Final_assignment/EmbeddedVisualControl/src/install/jetson_interfaces/share/jetson_interfaces/hook/ld_library_path_lib.ps1'
[4.440s] INFO:colcon.colcon_core.shell:Creating environment descriptor '/home/jetson/Final_assignment/EmbeddedVisualControl/src/install/jetson_interfaces/share/jetson_interfaces/hook/ld_library_path_lib.dsv'
[4.443s] INFO:colcon.colcon_core.shell:Creating environment hook '/home/jetson/Final_assignment/EmbeddedVisualControl/src/install/jetson_interfaces/share/jetson_interfaces/hook/ld_library_path_lib.sh'
[4.444s] Level 1:colcon.colcon_core.environment:checking '/home/jetson/Final_assignment/EmbeddedVisualControl/src/install/jetson_interfaces/bin'
[4.445s] Level 1:colcon.colcon_core.environment:checking '/home/jetson/Final_assignment/EmbeddedVisualControl/src/install/jetson_interfaces/lib/pkgconfig/jetson_interfaces.pc'
[4.446s] Level 1:colcon.colcon_core.environment:checking '/home/jetson/Final_assignment/EmbeddedVisualControl/src/install/jetson_interfaces/lib/python3.8/site-packages'
[4.446s] Level 1:colcon.colcon_core.shell:create_environment_hook('jetson_interfaces', 'pythonpath')
[4.447s] INFO:colcon.colcon_core.shell:Creating environment hook '/home/jetson/Final_assignment/EmbeddedVisualControl/src/install/jetson_interfaces/share/jetson_interfaces/hook/pythonpath.ps1'
[4.449s] INFO:colcon.colcon_core.shell:Creating environment descriptor '/home/jetson/Final_assignment/EmbeddedVisualControl/src/install/jetson_interfaces/share/jetson_interfaces/hook/pythonpath.dsv'
[4.450s] INFO:colcon.colcon_core.shell:Creating environment hook '/home/jetson/Final_assignment/EmbeddedVisualControl/src/install/jetson_interfaces/share/jetson_interfaces/hook/pythonpath.sh'
[4.453s] Level 1:colcon.colcon_core.environment:checking '/home/jetson/Final_assignment/EmbeddedVisualControl/src/install/jetson_interfaces/bin'
[4.455s] INFO:colcon.colcon_core.shell:Creating package script '/home/jetson/Final_assignment/EmbeddedVisualControl/src/install/jetson_interfaces/share/jetson_interfaces/package.ps1'
[4.458s] INFO:colcon.colcon_core.shell:Creating package descriptor '/home/jetson/Final_assignment/EmbeddedVisualControl/src/install/jetson_interfaces/share/jetson_interfaces/package.dsv'
[4.461s] INFO:colcon.colcon_core.shell:Creating package script '/home/jetson/Final_assignment/EmbeddedVisualControl/src/install/jetson_interfaces/share/jetson_interfaces/package.sh'
[4.464s] INFO:colcon.colcon_core.shell:Creating package script '/home/jetson/Final_assignment/EmbeddedVisualControl/src/install/jetson_interfaces/share/jetson_interfaces/package.bash'
[4.468s] INFO:colcon.colcon_core.shell:Creating package script '/home/jetson/Final_assignment/EmbeddedVisualControl/src/install/jetson_interfaces/share/jetson_interfaces/package.zsh'
[4.471s] Level 1:colcon.colcon_core.environment:create_file_with_runtime_dependencies(/home/jetson/Final_assignment/EmbeddedVisualControl/src/install/jetson_interfaces/share/colcon-core/packages/jetson_interfaces)
[4.474s] Level 1:colcon.colcon_core.environment:create_environment_scripts_only(jetson_interfaces)
[4.475s] Level 1:colcon.colcon_core.environment:checking '/home/jetson/Final_assignment/EmbeddedVisualControl/src/install/jetson_interfaces' for CMake module files
[4.478s] Level 1:colcon.colcon_core.environment:checking '/home/jetson/Final_assignment/EmbeddedVisualControl/src/install/jetson_interfaces' for CMake config files
[4.481s] Level 1:colcon.colcon_core.shell:create_environment_hook('jetson_interfaces', 'cmake_prefix_path')
[4.482s] INFO:colcon.colcon_core.shell:Creating environment hook '/home/jetson/Final_assignment/EmbeddedVisualControl/src/install/jetson_interfaces/share/jetson_interfaces/hook/cmake_prefix_path.ps1'
[4.488s] INFO:colcon.colcon_core.shell:Creating environment descriptor '/home/jetson/Final_assignment/EmbeddedVisualControl/src/install/jetson_interfaces/share/jetson_interfaces/hook/cmake_prefix_path.dsv'
[4.490s] INFO:colcon.colcon_core.shell:Creating environment hook '/home/jetson/Final_assignment/EmbeddedVisualControl/src/install/jetson_interfaces/share/jetson_interfaces/hook/cmake_prefix_path.sh'
[4.512s] Level 1:colcon.colcon_core.environment:checking '/home/jetson/Final_assignment/EmbeddedVisualControl/src/install/jetson_interfaces/lib'
[4.513s] Level 1:colcon.colcon_core.shell:create_environment_hook('jetson_interfaces', 'ld_library_path_lib')
[4.515s] INFO:colcon.colcon_core.shell:Creating environment hook '/home/jetson/Final_assignment/EmbeddedVisualControl/src/install/jetson_interfaces/share/jetson_interfaces/hook/ld_library_path_lib.ps1'
[4.517s] INFO:colcon.colcon_core.shell:Creating environment descriptor '/home/jetson/Final_assignment/EmbeddedVisualControl/src/install/jetson_interfaces/share/jetson_interfaces/hook/ld_library_path_lib.dsv'
[4.518s] INFO:colcon.colcon_core.shell:Creating environment hook '/home/jetson/Final_assignment/EmbeddedVisualControl/src/install/jetson_interfaces/share/jetson_interfaces/hook/ld_library_path_lib.sh'
[4.520s] Level 1:colcon.colcon_core.environment:checking '/home/jetson/Final_assignment/EmbeddedVisualControl/src/install/jetson_interfaces/bin'
[4.521s] Level 1:colcon.colcon_core.environment:checking '/home/jetson/Final_assignment/EmbeddedVisualControl/src/install/jetson_interfaces/lib/pkgconfig/jetson_interfaces.pc'
[4.521s] Level 1:colcon.colcon_core.environment:checking '/home/jetson/Final_assignment/EmbeddedVisualControl/src/install/jetson_interfaces/lib/python3.8/site-packages'
[4.522s] Level 1:colcon.colcon_core.shell:create_environment_hook('jetson_interfaces', 'pythonpath')
[4.523s] INFO:colcon.colcon_core.shell:Creating environment hook '/home/jetson/Final_assignment/EmbeddedVisualControl/src/install/jetson_interfaces/share/jetson_interfaces/hook/pythonpath.ps1'
[4.525s] INFO:colcon.colcon_core.shell:Creating environment descriptor '/home/jetson/Final_assignment/EmbeddedVisualControl/src/install/jetson_interfaces/share/jetson_interfaces/hook/pythonpath.dsv'
[4.526s] INFO:colcon.colcon_core.shell:Creating environment hook '/home/jetson/Final_assignment/EmbeddedVisualControl/src/install/jetson_interfaces/share/jetson_interfaces/hook/pythonpath.sh'
[4.529s] Level 1:colcon.colcon_core.environment:checking '/home/jetson/Final_assignment/EmbeddedVisualControl/src/install/jetson_interfaces/bin'
[4.531s] INFO:colcon.colcon_core.shell:Creating package script '/home/jetson/Final_assignment/EmbeddedVisualControl/src/install/jetson_interfaces/share/jetson_interfaces/package.ps1'
[4.535s] INFO:colcon.colcon_core.shell:Creating package descriptor '/home/jetson/Final_assignment/EmbeddedVisualControl/src/install/jetson_interfaces/share/jetson_interfaces/package.dsv'
[4.538s] INFO:colcon.colcon_core.shell:Creating package script '/home/jetson/Final_assignment/EmbeddedVisualControl/src/install/jetson_interfaces/share/jetson_interfaces/package.sh'
[4.540s] INFO:colcon.colcon_core.shell:Creating package script '/home/jetson/Final_assignment/EmbeddedVisualControl/src/install/jetson_interfaces/share/jetson_interfaces/package.bash'
[4.543s] INFO:colcon.colcon_core.shell:Creating package script '/home/jetson/Final_assignment/EmbeddedVisualControl/src/install/jetson_interfaces/share/jetson_interfaces/package.zsh'
[4.545s] Level 1:colcon.colcon_core.environment:create_file_with_runtime_dependencies(/home/jetson/Final_assignment/EmbeddedVisualControl/src/install/jetson_interfaces/share/colcon-core/packages/jetson_interfaces)
[4.946s] DEBUG:colcon.colcon_core.event_handler.log_command:Invoking command in '/home/jetson/Final_assignment/EmbeddedVisualControl/src/jetson_camera': JETSON_P_NUMBER=pders- PYTHONPATH=/home/jetson/Final_assignment/EmbeddedVisualControl/src/build/jetson_camera/prefix_override:/usr/lib/python3/dist-packages/colcon_core/task/python/colcon_distutils_commands:/home/jetson/Final_assignment/EmbeddedVisualControl/src/install/jetson_camera/lib/python3.8/site-packages:${PYTHONPATH} /usr/bin/python3 -W ignore:setup.py install is deprecated -W ignore:easy_install command is deprecated setup.py egg_info --egg-base ../build/jetson_camera build --build-base /home/jetson/Final_assignment/EmbeddedVisualControl/src/build/jetson_camera/build install --record /home/jetson/Final_assignment/EmbeddedVisualControl/src/build/jetson_camera/install.log --single-version-externally-managed install_data
[6.199s] Level 1:colcon.colcon_core.environment:checking '/home/jetson/Final_assignment/EmbeddedVisualControl/src/install/jetson_camera' for CMake module files
[6.204s] DEBUG:colcon.colcon_core.event_handler.log_command:Invoked command in '/home/jetson/Final_assignment/EmbeddedVisualControl/src/jetson_camera' returned '0': JETSON_P_NUMBER=pders- PYTHONPATH=/home/jetson/Final_assignment/EmbeddedVisualControl/src/build/jetson_camera/prefix_override:/usr/lib/python3/dist-packages/colcon_core/task/python/colcon_distutils_commands:/home/jetson/Final_assignment/EmbeddedVisualControl/src/install/jetson_camera/lib/python3.8/site-packages:${PYTHONPATH} /usr/bin/python3 -W ignore:setup.py install is deprecated -W ignore:easy_install command is deprecated setup.py egg_info --egg-base ../build/jetson_camera build --build-base /home/jetson/Final_assignment/EmbeddedVisualControl/src/build/jetson_camera/build install --record /home/jetson/Final_assignment/EmbeddedVisualControl/src/build/jetson_camera/install.log --single-version-externally-managed install_data
[6.207s] Level 1:colcon.colcon_core.environment:checking '/home/jetson/Final_assignment/EmbeddedVisualControl/src/install/jetson_camera' for CMake config files
[6.210s] Level 1:colcon.colcon_core.environment:checking '/home/jetson/Final_assignment/EmbeddedVisualControl/src/install/jetson_camera/lib'
[6.211s] Level 1:colcon.colcon_core.environment:checking '/home/jetson/Final_assignment/EmbeddedVisualControl/src/install/jetson_camera/bin'
[6.211s] Level 1:colcon.colcon_core.environment:checking '/home/jetson/Final_assignment/EmbeddedVisualControl/src/install/jetson_camera/lib/pkgconfig/jetson_camera.pc'
[6.212s] Level 1:colcon.colcon_core.environment:checking '/home/jetson/Final_assignment/EmbeddedVisualControl/src/install/jetson_camera/lib/python3.8/site-packages'
[6.212s] Level 1:colcon.colcon_core.shell:create_environment_hook('jetson_camera', 'pythonpath')
[6.213s] INFO:colcon.colcon_core.shell:Creating environment hook '/home/jetson/Final_assignment/EmbeddedVisualControl/src/install/jetson_camera/share/jetson_camera/hook/pythonpath.ps1'
[6.215s] INFO:colcon.colcon_core.shell:Creating environment descriptor '/home/jetson/Final_assignment/EmbeddedVisualControl/src/install/jetson_camera/share/jetson_camera/hook/pythonpath.dsv'
[6.217s] INFO:colcon.colcon_core.shell:Creating environment hook '/home/jetson/Final_assignment/EmbeddedVisualControl/src/install/jetson_camera/share/jetson_camera/hook/pythonpath.sh'
[6.220s] Level 1:colcon.colcon_core.environment:checking '/home/jetson/Final_assignment/EmbeddedVisualControl/src/install/jetson_camera/bin'
[6.220s] Level 1:colcon.colcon_core.environment:create_environment_scripts_only(jetson_camera)
[6.222s] INFO:colcon.colcon_core.shell:Creating package script '/home/jetson/Final_assignment/EmbeddedVisualControl/src/install/jetson_camera/share/jetson_camera/package.ps1'
[6.224s] INFO:colcon.colcon_core.shell:Creating package descriptor '/home/jetson/Final_assignment/EmbeddedVisualControl/src/install/jetson_camera/share/jetson_camera/package.dsv'
[6.226s] INFO:colcon.colcon_core.shell:Creating package script '/home/jetson/Final_assignment/EmbeddedVisualControl/src/install/jetson_camera/share/jetson_camera/package.sh'
[6.228s] INFO:colcon.colcon_core.shell:Creating package script '/home/jetson/Final_assignment/EmbeddedVisualControl/src/install/jetson_camera/share/jetson_camera/package.bash'
[6.230s] INFO:colcon.colcon_core.shell:Creating package script '/home/jetson/Final_assignment/EmbeddedVisualControl/src/install/jetson_camera/share/jetson_camera/package.zsh'
[6.231s] Level 1:colcon.colcon_core.environment:create_file_with_runtime_dependencies(/home/jetson/Final_assignment/EmbeddedVisualControl/src/install/jetson_camera/share/colcon-core/packages/jetson_camera)
[6.233s] DEBUG:colcon.colcon_parallel_executor.executor.parallel:closing loop
[6.234s] DEBUG:colcon.colcon_parallel_executor.executor.parallel:loop closed
[6.234s] DEBUG:colcon.colcon_parallel_executor.executor.parallel:run_until_complete finished with '0'
[6.234s] DEBUG:colcon.colcon_core.event_reactor:joining thread
[6.256s] INFO:colcon.colcon_core.plugin_system:Skipping extension 'colcon_notification.desktop_notification.terminal_notifier': Not used on non-Darwin systems
[6.256s] INFO:colcon.colcon_core.plugin_system:Skipping extension 'colcon_notification.desktop_notification.win32': Not used on non-Windows systems
[6.256s] INFO:colcon.colcon_notification.desktop_notification:Sending desktop notification using 'notify2'
[6.296s] DEBUG:colcon.colcon_notification.desktop_notification.notify2:Failed to initialize notify2: org.freedesktop.DBus.Error.Spawn.ChildExited: Process org.freedesktop.Notifications exited with status 1
[6.296s] DEBUG:colcon.colcon_core.event_reactor:joined thread
[6.297s] INFO:colcon.colcon_core.shell:Creating prefix script '/home/jetson/Final_assignment/EmbeddedVisualControl/src/install/local_setup.ps1'
[6.301s] INFO:colcon.colcon_core.shell:Creating prefix util module '/home/jetson/Final_assignment/EmbeddedVisualControl/src/install/_local_setup_util_ps1.py'
[6.308s] INFO:colcon.colcon_core.shell:Creating prefix chain script '/home/jetson/Final_assignment/EmbeddedVisualControl/src/install/setup.ps1'
[6.312s] INFO:colcon.colcon_core.shell:Creating prefix script '/home/jetson/Final_assignment/EmbeddedVisualControl/src/install/local_setup.sh'
[6.314s] INFO:colcon.colcon_core.shell:Creating prefix util module '/home/jetson/Final_assignment/EmbeddedVisualControl/src/install/_local_setup_util_sh.py'
[6.317s] INFO:colcon.colcon_core.shell:Creating prefix chain script '/home/jetson/Final_assignment/EmbeddedVisualControl/src/install/setup.sh'
[6.321s] INFO:colcon.colcon_core.shell:Creating prefix script '/home/jetson/Final_assignment/EmbeddedVisualControl/src/install/local_setup.bash'
[6.323s] INFO:colcon.colcon_core.shell:Creating prefix chain script '/home/jetson/Final_assignment/EmbeddedVisualControl/src/install/setup.bash'
[6.327s] INFO:colcon.colcon_core.shell:Creating prefix script '/home/jetson/Final_assignment/EmbeddedVisualControl/src/install/local_setup.zsh'
[6.329s] INFO:colcon.colcon_core.shell:Creating prefix chain script '/home/jetson/Final_assignment/EmbeddedVisualControl/src/install/setup.zsh'
