[4.508s] Invoking command in '/home/jetson/Final_assignment/EmbeddedVisualControl/src/jetson_camera': PYTHONPATH=/home/jetson/Final_assignment/EmbeddedVisualControl/src/build/jetson_camera/prefix_override:/usr/lib/python3/dist-packages/colcon_core/task/python/colcon_distutils_commands:/home/jetson/Final_assignment/EmbeddedVisualControl/src/install/jetson_camera/lib/python3.8/site-packages:${PYTHONPATH} /usr/bin/python3 -W ignore:setup.py install is deprecated -W ignore:easy_install command is deprecated setup.py egg_info --egg-base ../build/jetson_camera build --build-base /home/jetson/Final_assignment/EmbeddedVisualControl/src/build/jetson_camera/build install --record /home/jetson/Final_assignment/EmbeddedVisualControl/src/build/jetson_camera/install.log --single-version-externally-managed install_data
[6.160s] running egg_info
[6.165s] writing ../build/jetson_camera/jetson_camera.egg-info/PKG-INFO
[6.169s] writing dependency_links to ../build/jetson_camera/jetson_camera.egg-info/dependency_links.txt
[6.183s] writing entry points to ../build/jetson_camera/jetson_camera.egg-info/entry_points.txt
[6.186s] writing requirements to ../build/jetson_camera/jetson_camera.egg-info/requires.txt
[6.190s] writing top-level names to ../build/jetson_camera/jetson_camera.egg-info/top_level.txt
[6.212s] reading manifest file '../build/jetson_camera/jetson_camera.egg-info/SOURCES.txt'
[6.222s] writing manifest file '../build/jetson_camera/jetson_camera.egg-info/SOURCES.txt'
[6.224s] running build
[6.225s] running build_py
[6.232s] copying jetson_camera/sensor_fusion.py -> /home/jetson/Final_assignment/EmbeddedVisualControl/src/build/jetson_camera/build/lib/jetson_camera
[6.233s] copying jetson_camera/plot_route.py -> /home/jetson/Final_assignment/EmbeddedVisualControl/src/build/jetson_camera/build/lib/jetson_camera
[6.234s] copying jetson_camera/processing_node.py -> /home/jetson/Final_assignment/EmbeddedVisualControl/src/build/jetson_camera/build/lib/jetson_camera
[6.240s] copying jetson_camera/grid_mapping_node.py -> /home/jetson/Final_assignment/EmbeddedVisualControl/src/build/jetson_camera/build/lib/jetson_camera
[6.241s] copying jetson_camera/object_detection.py -> /home/jetson/Final_assignment/EmbeddedVisualControl/src/build/jetson_camera/build/lib/jetson_camera
[6.245s] copying jetson_camera/Face_detection_recognition.py -> /home/jetson/Final_assignment/EmbeddedVisualControl/src/build/jetson_camera/build/lib/jetson_camera
[6.262s] copying jetson_camera/ToF_sensor.py -> /home/jetson/Final_assignment/EmbeddedVisualControl/src/build/jetson_camera/build/lib/jetson_camera
[6.263s] copying jetson_camera/algorithm_node.py -> /home/jetson/Final_assignment/EmbeddedVisualControl/src/build/jetson_camera/build/lib/jetson_camera
[6.278s] copying jetson_camera/square_driver_node.py -> /home/jetson/Final_assignment/EmbeddedVisualControl/src/build/jetson_camera/build/lib/jetson_camera
[6.280s] running install
[6.287s] running install_lib
[6.295s] copying /home/jetson/Final_assignment/EmbeddedVisualControl/src/build/jetson_camera/build/lib/jetson_camera/sensor_fusion.py -> /home/jetson/Final_assignment/EmbeddedVisualControl/src/install/jetson_camera/lib/python3.8/site-packages/jetson_camera
[6.297s] copying /home/jetson/Final_assignment/EmbeddedVisualControl/src/build/jetson_camera/build/lib/jetson_camera/plot_route.py -> /home/jetson/Final_assignment/EmbeddedVisualControl/src/install/jetson_camera/lib/python3.8/site-packages/jetson_camera
[6.300s] copying /home/jetson/Final_assignment/EmbeddedVisualControl/src/build/jetson_camera/build/lib/jetson_camera/processing_node.py -> /home/jetson/Final_assignment/EmbeddedVisualControl/src/install/jetson_camera/lib/python3.8/site-packages/jetson_camera
[6.304s] copying /home/jetson/Final_assignment/EmbeddedVisualControl/src/build/jetson_camera/build/lib/jetson_camera/grid_mapping_node.py -> /home/jetson/Final_assignment/EmbeddedVisualControl/src/install/jetson_camera/lib/python3.8/site-packages/jetson_camera
[6.307s] copying /home/jetson/Final_assignment/EmbeddedVisualControl/src/build/jetson_camera/build/lib/jetson_camera/object_detection.py -> /home/jetson/Final_assignment/EmbeddedVisualControl/src/install/jetson_camera/lib/python3.8/site-packages/jetson_camera
[6.310s] copying /home/jetson/Final_assignment/EmbeddedVisualControl/src/build/jetson_camera/build/lib/jetson_camera/Face_detection_recognition.py -> /home/jetson/Final_assignment/EmbeddedVisualControl/src/install/jetson_camera/lib/python3.8/site-packages/jetson_camera
[6.320s] copying /home/jetson/Final_assignment/EmbeddedVisualControl/src/build/jetson_camera/build/lib/jetson_camera/ToF_sensor.py -> /home/jetson/Final_assignment/EmbeddedVisualControl/src/install/jetson_camera/lib/python3.8/site-packages/jetson_camera
[6.332s] copying /home/jetson/Final_assignment/EmbeddedVisualControl/src/build/jetson_camera/build/lib/jetson_camera/algorithm_node.py -> /home/jetson/Final_assignment/EmbeddedVisualControl/src/install/jetson_camera/lib/python3.8/site-packages/jetson_camera
[6.353s] copying /home/jetson/Final_assignment/EmbeddedVisualControl/src/build/jetson_camera/build/lib/jetson_camera/square_driver_node.py -> /home/jetson/Final_assignment/EmbeddedVisualControl/src/install/jetson_camera/lib/python3.8/site-packages/jetson_camera
[6.356s] byte-compiling /home/jetson/Final_assignment/EmbeddedVisualControl/src/install/jetson_camera/lib/python3.8/site-packages/jetson_camera/sensor_fusion.py to sensor_fusion.cpython-38.pyc
[6.385s] byte-compiling /home/jetson/Final_assignment/EmbeddedVisualControl/src/install/jetson_camera/lib/python3.8/site-packages/jetson_camera/plot_route.py to plot_route.cpython-38.pyc
[6.412s] byte-compiling /home/jetson/Final_assignment/EmbeddedVisualControl/src/install/jetson_camera/lib/python3.8/site-packages/jetson_camera/processing_node.py to processing_node.cpython-38.pyc
[6.418s] byte-compiling /home/jetson/Final_assignment/EmbeddedVisualControl/src/install/jetson_camera/lib/python3.8/site-packages/jetson_camera/grid_mapping_node.py to grid_mapping_node.cpython-38.pyc
[6.509s] byte-compiling /home/jetson/Final_assignment/EmbeddedVisualControl/src/install/jetson_camera/lib/python3.8/site-packages/jetson_camera/object_detection.py to object_detection.cpython-38.pyc
[6.510s] byte-compiling /home/jetson/Final_assignment/EmbeddedVisualControl/src/install/jetson_camera/lib/python3.8/site-packages/jetson_camera/Face_detection_recognition.py to Face_detection_recognition.cpython-38.pyc
[6.543s] byte-compiling /home/jetson/Final_assignment/EmbeddedVisualControl/src/install/jetson_camera/lib/python3.8/site-packages/jetson_camera/ToF_sensor.py to ToF_sensor.cpython-38.pyc
[6.545s] byte-compiling /home/jetson/Final_assignment/EmbeddedVisualControl/src/install/jetson_camera/lib/python3.8/site-packages/jetson_camera/algorithm_node.py to algorithm_node.cpython-38.pyc
[6.552s] Sorry: IndentationError: expected an indented block (algorithm_node.py, line 179)
[6.552s] byte-compiling /home/jetson/Final_assignment/EmbeddedVisualControl/src/install/jetson_camera/lib/python3.8/site-packages/jetson_camera/square_driver_node.py to square_driver_node.cpython-38.pyc
[6.553s] running install_data
[6.554s] copying launch/face_detection_recognition.launch.py -> /home/jetson/Final_assignment/EmbeddedVisualControl/src/install/jetson_camera/share/jetson_camera/launch
[6.555s] copying launch/route_tracking.launch.py -> /home/jetson/Final_assignment/EmbeddedVisualControl/src/install/jetson_camera/share/jetson_camera/launch
[6.555s] copying launch/grid_mapping.launch.py -> /home/jetson/Final_assignment/EmbeddedVisualControl/src/install/jetson_camera/share/jetson_camera/launch
[6.556s] copying launch/movement_all.launch.py -> /home/jetson/Final_assignment/EmbeddedVisualControl/src/install/jetson_camera/share/jetson_camera/launch
[6.556s] copying launch/camera_all.launch.py -> /home/jetson/Final_assignment/EmbeddedVisualControl/src/install/jetson_camera/share/jetson_camera/launch
[6.557s] copying launch/object_detection.launch.py -> /home/jetson/Final_assignment/EmbeddedVisualControl/src/install/jetson_camera/share/jetson_camera/launch
[6.574s] copying config/parameters.yaml -> /home/jetson/Final_assignment/EmbeddedVisualControl/src/install/jetson_camera/share/jetson_camera/config
[6.576s] running install_egg_info
[6.576s] removing '/home/jetson/Final_assignment/EmbeddedVisualControl/src/install/jetson_camera/lib/python3.8/site-packages/jetson_camera-0.0.0-py3.8.egg-info' (and everything under it)
[6.577s] Copying ../build/jetson_camera/jetson_camera.egg-info to /home/jetson/Final_assignment/EmbeddedVisualControl/src/install/jetson_camera/lib/python3.8/site-packages/jetson_camera-0.0.0-py3.8.egg-info
[6.578s] running install_scripts
[6.725s] Installing QR_node script to /home/jetson/Final_assignment/EmbeddedVisualControl/src/install/jetson_camera/lib/jetson_camera
[6.743s] Installing ToF_sensor script to /home/jetson/Final_assignment/EmbeddedVisualControl/src/install/jetson_camera/lib/jetson_camera
[6.744s] Installing algorithm script to /home/jetson/Final_assignment/EmbeddedVisualControl/src/install/jetson_camera/lib/jetson_camera
[6.745s] Installing application_node script to /home/jetson/Final_assignment/EmbeddedVisualControl/src/install/jetson_camera/lib/jetson_camera
[6.746s] Installing camera_detection script to /home/jetson/Final_assignment/EmbeddedVisualControl/src/install/jetson_camera/lib/jetson_camera
[6.755s] Installing encoder_node script to /home/jetson/Final_assignment/EmbeddedVisualControl/src/install/jetson_camera/lib/jetson_camera
[6.757s] Installing face_detection_recognition script to /home/jetson/Final_assignment/EmbeddedVisualControl/src/install/jetson_camera/lib/jetson_camera
[6.765s] Installing face_tracking_sub script to /home/jetson/Final_assignment/EmbeddedVisualControl/src/install/jetson_camera/lib/jetson_camera
[6.768s] Installing grid_mapping_node script to /home/jetson/Final_assignment/EmbeddedVisualControl/src/install/jetson_camera/lib/jetson_camera
[6.772s] Installing imu_node script to /home/jetson/Final_assignment/EmbeddedVisualControl/src/install/jetson_camera/lib/jetson_camera
[6.777s] Installing main_qr script to /home/jetson/Final_assignment/EmbeddedVisualControl/src/install/jetson_camera/lib/jetson_camera
[6.788s] Installing movement_node script to /home/jetson/Final_assignment/EmbeddedVisualControl/src/install/jetson_camera/lib/jetson_camera
[6.789s] Installing processing_node script to /home/jetson/Final_assignment/EmbeddedVisualControl/src/install/jetson_camera/lib/jetson_camera
[6.789s] Installing publisher_node script to /home/jetson/Final_assignment/EmbeddedVisualControl/src/install/jetson_camera/lib/jetson_camera
[6.790s] Installing route_plotter script to /home/jetson/Final_assignment/EmbeddedVisualControl/src/install/jetson_camera/lib/jetson_camera
[6.790s] Installing sensor_fusion script to /home/jetson/Final_assignment/EmbeddedVisualControl/src/install/jetson_camera/lib/jetson_camera
[6.791s] Installing square_driver_node script to /home/jetson/Final_assignment/EmbeddedVisualControl/src/install/jetson_camera/lib/jetson_camera
[6.791s] Installing subscriber_node script to /home/jetson/Final_assignment/EmbeddedVisualControl/src/install/jetson_camera/lib/jetson_camera
[6.792s] Installing tracking script to /home/jetson/Final_assignment/EmbeddedVisualControl/src/install/jetson_camera/lib/jetson_camera
[6.828s] writing list of installed files to '/home/jetson/Final_assignment/EmbeddedVisualControl/src/build/jetson_camera/install.log'
[7.154s] Invoked command in '/home/jetson/Final_assignment/EmbeddedVisualControl/src/jetson_camera' returned '0': PYTHONPATH=/home/jetson/Final_assignment/EmbeddedVisualControl/src/build/jetson_camera/prefix_override:/usr/lib/python3/dist-packages/colcon_core/task/python/colcon_distutils_commands:/home/jetson/Final_assignment/EmbeddedVisualControl/src/install/jetson_camera/lib/python3.8/site-packages:${PYTHONPATH} /usr/bin/python3 -W ignore:setup.py install is deprecated -W ignore:easy_install command is deprecated setup.py egg_info --egg-base ../build/jetson_camera build --build-base /home/jetson/Final_assignment/EmbeddedVisualControl/src/build/jetson_camera/build install --record /home/jetson/Final_assignment/EmbeddedVisualControl/src/build/jetson_camera/install.log --single-version-externally-managed install_data
