[3.134s] Invoking command in '/home/jetson/Final_assignment/EmbeddedVisualControl/src/jetson_camera': JETSON_P_NUMBER=pders- PYTHONPATH=/home/jetson/Final_assignment/EmbeddedVisualControl/src/build/jetson_camera/prefix_override:/usr/lib/python3/dist-packages/colcon_core/task/python/colcon_distutils_commands:/home/jetson/Final_assignment/EmbeddedVisualControl/src/install/jetson_camera/lib/python3.8/site-packages:${PYTHONPATH} /usr/bin/python3 -W ignore:setup.py install is deprecated -W ignore:easy_install command is deprecated setup.py egg_info --egg-base ../build/jetson_camera build --build-base /home/jetson/Final_assignment/EmbeddedVisualControl/src/build/jetson_camera/build install --record /home/jetson/Final_assignment/EmbeddedVisualControl/src/build/jetson_camera/install.log --single-version-externally-managed install_data
[4.234s] running egg_info
[4.237s] writing ../build/jetson_camera/jetson_camera.egg-info/PKG-INFO
[4.240s] writing dependency_links to ../build/jetson_camera/jetson_camera.egg-info/dependency_links.txt
[4.241s] writing entry points to ../build/jetson_camera/jetson_camera.egg-info/entry_points.txt
[4.242s] writing requirements to ../build/jetson_camera/jetson_camera.egg-info/requires.txt
[4.243s] writing top-level names to ../build/jetson_camera/jetson_camera.egg-info/top_level.txt
[4.256s] reading manifest file '../build/jetson_camera/jetson_camera.egg-info/SOURCES.txt'
[4.263s] writing manifest file '../build/jetson_camera/jetson_camera.egg-info/SOURCES.txt'
[4.265s] running build
[4.265s] running build_py
[4.268s] copying jetson_camera/movement_node.py -> /home/jetson/Final_assignment/EmbeddedVisualControl/src/build/jetson_camera/build/lib/jetson_camera
[4.274s] running install
[4.277s] running install_lib
[4.286s] copying /home/jetson/Final_assignment/EmbeddedVisualControl/src/build/jetson_camera/build/lib/jetson_camera/movement_node.py -> /home/jetson/Final_assignment/EmbeddedVisualControl/src/install/jetson_camera/lib/python3.8/site-packages/jetson_camera
[4.299s] byte-compiling /home/jetson/Final_assignment/EmbeddedVisualControl/src/install/jetson_camera/lib/python3.8/site-packages/jetson_camera/movement_node.py to movement_node.cpython-38.pyc
[4.314s] running install_data
[4.316s] copying config/parameters.yaml -> /home/jetson/Final_assignment/EmbeddedVisualControl/src/install/jetson_camera/share/jetson_camera/config
[4.317s] running install_egg_info
[4.331s] removing '/home/jetson/Final_assignment/EmbeddedVisualControl/src/install/jetson_camera/lib/python3.8/site-packages/jetson_camera-0.0.0-py3.8.egg-info' (and everything under it)
[4.337s] Copying ../build/jetson_camera/jetson_camera.egg-info to /home/jetson/Final_assignment/EmbeddedVisualControl/src/install/jetson_camera/lib/python3.8/site-packages/jetson_camera-0.0.0-py3.8.egg-info
[4.337s] running install_scripts
[4.437s] Installing QR_node script to /home/jetson/Final_assignment/EmbeddedVisualControl/src/install/jetson_camera/lib/jetson_camera
[4.438s] Installing ToF_sensor script to /home/jetson/Final_assignment/EmbeddedVisualControl/src/install/jetson_camera/lib/jetson_camera
[4.441s] Installing application_node script to /home/jetson/Final_assignment/EmbeddedVisualControl/src/install/jetson_camera/lib/jetson_camera
[4.444s] Installing camera_detection script to /home/jetson/Final_assignment/EmbeddedVisualControl/src/install/jetson_camera/lib/jetson_camera
[4.447s] Installing encoder_node script to /home/jetson/Final_assignment/EmbeddedVisualControl/src/install/jetson_camera/lib/jetson_camera
[4.449s] Installing face_tracking_sub script to /home/jetson/Final_assignment/EmbeddedVisualControl/src/install/jetson_camera/lib/jetson_camera
[4.451s] Installing imu_node script to /home/jetson/Final_assignment/EmbeddedVisualControl/src/install/jetson_camera/lib/jetson_camera
[4.453s] Installing main_qr script to /home/jetson/Final_assignment/EmbeddedVisualControl/src/install/jetson_camera/lib/jetson_camera
[4.455s] Installing movement_node script to /home/jetson/Final_assignment/EmbeddedVisualControl/src/install/jetson_camera/lib/jetson_camera
[4.457s] Installing processing_node script to /home/jetson/Final_assignment/EmbeddedVisualControl/src/install/jetson_camera/lib/jetson_camera
[4.459s] Installing publisher_node script to /home/jetson/Final_assignment/EmbeddedVisualControl/src/install/jetson_camera/lib/jetson_camera
[4.461s] Installing route_plotter script to /home/jetson/Final_assignment/EmbeddedVisualControl/src/install/jetson_camera/lib/jetson_camera
[4.463s] Installing sensor_fusion script to /home/jetson/Final_assignment/EmbeddedVisualControl/src/install/jetson_camera/lib/jetson_camera
[4.465s] Installing square_driver_node script to /home/jetson/Final_assignment/EmbeddedVisualControl/src/install/jetson_camera/lib/jetson_camera
[4.467s] Installing subscriber_node script to /home/jetson/Final_assignment/EmbeddedVisualControl/src/install/jetson_camera/lib/jetson_camera
[4.468s] Installing tracking script to /home/jetson/Final_assignment/EmbeddedVisualControl/src/install/jetson_camera/lib/jetson_camera
[4.476s] writing list of installed files to '/home/jetson/Final_assignment/EmbeddedVisualControl/src/build/jetson_camera/install.log'
[4.581s] Invoked command in '/home/jetson/Final_assignment/EmbeddedVisualControl/src/jetson_camera' returned '0': JETSON_P_NUMBER=pders- PYTHONPATH=/home/jetson/Final_assignment/EmbeddedVisualControl/src/build/jetson_camera/prefix_override:/usr/lib/python3/dist-packages/colcon_core/task/python/colcon_distutils_commands:/home/jetson/Final_assignment/EmbeddedVisualControl/src/install/jetson_camera/lib/python3.8/site-packages:${PYTHONPATH} /usr/bin/python3 -W ignore:setup.py install is deprecated -W ignore:easy_install command is deprecated setup.py egg_info --egg-base ../build/jetson_camera build --build-base /home/jetson/Final_assignment/EmbeddedVisualControl/src/build/jetson_camera/build install --record /home/jetson/Final_assignment/EmbeddedVisualControl/src/build/jetson_camera/install.log --single-version-externally-managed install_data
