[1.246s] Invoking command in '/home/jetson/Final_assignment/EmbeddedVisualControl/src/build/jetson_interfaces': CMAKE_PREFIX_PATH=${CMAKE_PREFIX_PATH}:/home/jetson/Final_assignment/EmbeddedVisualControl/src/install/jetson_camera:/opt/ros/foxy /usr/bin/cmake --build /home/jetson/Final_assignment/EmbeddedVisualControl/src/build/jetson_interfaces -- -j4 -l4
[1.493s] [  3%] Built target jetson_interfaces__cpp
[1.549s] [ 12%] Built target jetson_interfaces__rosidl_generator_c
[1.719s] [ 22%] Built target jetson_interfaces__rosidl_typesupport_cpp
[1.741s] [ 32%] Built target jetson_interfaces__rosidl_typesupport_introspection_cpp
[1.770s] [ 41%] Built target jetson_interfaces__rosidl_typesupport_introspection_c
[1.792s] [ 51%] Built target jetson_interfaces__rosidl_typesupport_fastrtps_cpp
[1.881s] [ 61%] Built target jetson_interfaces__rosidl_typesupport_c
[1.939s] [ 70%] Built target jetson_interfaces__rosidl_typesupport_fastrtps_c
[2.018s] [ 70%] Built target jetson_interfaces
[2.128s] [ 74%] Built target jetson_interfaces__py
[2.243s] [ 80%] Built target jetson_interfaces__python
[2.412s] [ 87%] Built target jetson_interfaces__rosidl_typesupport_fastrtps_c__pyext
[2.420s] [ 93%] Built target jetson_interfaces__rosidl_typesupport_introspection_c__pyext
[2.456s] [100%] Built target jetson_interfaces__rosidl_typesupport_c__pyext
[2.510s] Invoked command in '/home/jetson/Final_assignment/EmbeddedVisualControl/src/build/jetson_interfaces' returned '0': CMAKE_PREFIX_PATH=${CMAKE_PREFIX_PATH}:/home/jetson/Final_assignment/EmbeddedVisualControl/src/install/jetson_camera:/opt/ros/foxy /usr/bin/cmake --build /home/jetson/Final_assignment/EmbeddedVisualControl/src/build/jetson_interfaces -- -j4 -l4
[2.551s] Invoking command in '/home/jetson/Final_assignment/EmbeddedVisualControl/src/build/jetson_interfaces': CMAKE_PREFIX_PATH=${CMAKE_PREFIX_PATH}:/home/jetson/Final_assignment/EmbeddedVisualControl/src/install/jetson_camera:/opt/ros/foxy /usr/bin/cmake --install /home/jetson/Final_assignment/EmbeddedVisualControl/src/build/jetson_interfaces
[2.590s] -- Install configuration: ""
[2.591s] -- Up-to-date: /home/jetson/Final_assignment/EmbeddedVisualControl/src/install/jetson_interfaces/share/ament_index/resource_index/rosidl_interfaces/jetson_interfaces
[2.591s] -- Up-to-date: /home/jetson/Final_assignment/EmbeddedVisualControl/src/install/jetson_interfaces/include/jetson_interfaces
[2.592s] -- Up-to-date: /home/jetson/Final_assignment/EmbeddedVisualControl/src/install/jetson_interfaces/include/jetson_interfaces/msg
[2.593s] -- Up-to-date: /home/jetson/Final_assignment/EmbeddedVisualControl/src/install/jetson_interfaces/include/jetson_interfaces/msg/detail
[2.594s] -- Up-to-date: /home/jetson/Final_assignment/EmbeddedVisualControl/src/install/jetson_interfaces/include/jetson_interfaces/msg/detail/dual_image__functions.c
[2.594s] -- Up-to-date: /home/jetson/Final_assignment/EmbeddedVisualControl/src/install/jetson_interfaces/include/jetson_interfaces/msg/detail/dual_image__functions.h
[2.595s] -- Up-to-date: /home/jetson/Final_assignment/EmbeddedVisualControl/src/install/jetson_interfaces/include/jetson_interfaces/msg/detail/dual_image__struct.h
[2.596s] -- Up-to-date: /home/jetson/Final_assignment/EmbeddedVisualControl/src/install/jetson_interfaces/include/jetson_interfaces/msg/detail/dual_image__type_support.h
[2.597s] -- Up-to-date: /home/jetson/Final_assignment/EmbeddedVisualControl/src/install/jetson_interfaces/include/jetson_interfaces/msg/rosidl_generator_c__visibility_control.h
[2.598s] -- Up-to-date: /home/jetson/Final_assignment/EmbeddedVisualControl/src/install/jetson_interfaces/include/jetson_interfaces/msg/dual_image.h
[2.599s] -- Up-to-date: /home/jetson/Final_assignment/EmbeddedVisualControl/src/install/jetson_interfaces/share/jetson_interfaces/environment/library_path.sh
[2.600s] -- Up-to-date: /home/jetson/Final_assignment/EmbeddedVisualControl/src/install/jetson_interfaces/share/jetson_interfaces/environment/library_path.dsv
[2.602s] -- Up-to-date: /home/jetson/Final_assignment/EmbeddedVisualControl/src/install/jetson_interfaces/lib/libjetson_interfaces__rosidl_generator_c.so
[2.603s] -- Up-to-date: /home/jetson/Final_assignment/EmbeddedVisualControl/src/install/jetson_interfaces/include/jetson_interfaces
[2.604s] -- Up-to-date: /home/jetson/Final_assignment/EmbeddedVisualControl/src/install/jetson_interfaces/include/jetson_interfaces/msg
[2.605s] -- Up-to-date: /home/jetson/Final_assignment/EmbeddedVisualControl/src/install/jetson_interfaces/include/jetson_interfaces/msg/detail
[2.614s] -- Up-to-date: /home/jetson/Final_assignment/EmbeddedVisualControl/src/install/jetson_interfaces/include/jetson_interfaces/msg/detail/dual_image__rosidl_typesupport_fastrtps_c.h
[2.624s] -- Up-to-date: /home/jetson/Final_assignment/EmbeddedVisualControl/src/install/jetson_interfaces/include/jetson_interfaces/msg/rosidl_typesupport_fastrtps_c__visibility_control.h
[2.625s] -- Up-to-date: /home/jetson/Final_assignment/EmbeddedVisualControl/src/install/jetson_interfaces/lib/libjetson_interfaces__rosidl_typesupport_fastrtps_c.so
[2.625s] -- Up-to-date: /home/jetson/Final_assignment/EmbeddedVisualControl/src/install/jetson_interfaces/include/jetson_interfaces
[2.626s] -- Up-to-date: /home/jetson/Final_assignment/EmbeddedVisualControl/src/install/jetson_interfaces/include/jetson_interfaces/msg
[2.638s] -- Up-to-date: /home/jetson/Final_assignment/EmbeddedVisualControl/src/install/jetson_interfaces/include/jetson_interfaces/msg/detail
[2.639s] -- Up-to-date: /home/jetson/Final_assignment/EmbeddedVisualControl/src/install/jetson_interfaces/include/jetson_interfaces/msg/detail/dual_image__rosidl_typesupport_fastrtps_cpp.hpp
[2.639s] -- Up-to-date: /home/jetson/Final_assignment/EmbeddedVisualControl/src/install/jetson_interfaces/include/jetson_interfaces/msg/detail/dds_fastrtps
[2.640s] -- Up-to-date: /home/jetson/Final_assignment/EmbeddedVisualControl/src/install/jetson_interfaces/include/jetson_interfaces/msg/rosidl_typesupport_fastrtps_cpp__visibility_control.h
[2.640s] -- Up-to-date: /home/jetson/Final_assignment/EmbeddedVisualControl/src/install/jetson_interfaces/lib/libjetson_interfaces__rosidl_typesupport_fastrtps_cpp.so
[2.641s] -- Up-to-date: /home/jetson/Final_assignment/EmbeddedVisualControl/src/install/jetson_interfaces/include/jetson_interfaces
[2.641s] -- Up-to-date: /home/jetson/Final_assignment/EmbeddedVisualControl/src/install/jetson_interfaces/include/jetson_interfaces/msg
[2.641s] -- Up-to-date: /home/jetson/Final_assignment/EmbeddedVisualControl/src/install/jetson_interfaces/include/jetson_interfaces/msg/detail
[2.642s] -- Up-to-date: /home/jetson/Final_assignment/EmbeddedVisualControl/src/install/jetson_interfaces/include/jetson_interfaces/msg/detail/dual_image__type_support.c
[2.642s] -- Up-to-date: /home/jetson/Final_assignment/EmbeddedVisualControl/src/install/jetson_interfaces/include/jetson_interfaces/msg/detail/dual_image__rosidl_typesupport_introspection_c.h
[2.643s] -- Up-to-date: /home/jetson/Final_assignment/EmbeddedVisualControl/src/install/jetson_interfaces/include/jetson_interfaces/msg/rosidl_typesupport_introspection_c__visibility_control.h
[2.643s] -- Up-to-date: /home/jetson/Final_assignment/EmbeddedVisualControl/src/install/jetson_interfaces/lib/libjetson_interfaces__rosidl_typesupport_introspection_c.so
[2.643s] -- Up-to-date: /home/jetson/Final_assignment/EmbeddedVisualControl/src/install/jetson_interfaces/lib/libjetson_interfaces__rosidl_typesupport_c.so
[2.644s] -- Up-to-date: /home/jetson/Final_assignment/EmbeddedVisualControl/src/install/jetson_interfaces/include/jetson_interfaces
[2.644s] -- Up-to-date: /home/jetson/Final_assignment/EmbeddedVisualControl/src/install/jetson_interfaces/include/jetson_interfaces/msg
[2.645s] -- Up-to-date: /home/jetson/Final_assignment/EmbeddedVisualControl/src/install/jetson_interfaces/include/jetson_interfaces/msg/detail
[2.645s] -- Up-to-date: /home/jetson/Final_assignment/EmbeddedVisualControl/src/install/jetson_interfaces/include/jetson_interfaces/msg/detail/dual_image__type_support.hpp
[2.646s] -- Up-to-date: /home/jetson/Final_assignment/EmbeddedVisualControl/src/install/jetson_interfaces/include/jetson_interfaces/msg/detail/dual_image__traits.hpp
[2.646s] -- Up-to-date: /home/jetson/Final_assignment/EmbeddedVisualControl/src/install/jetson_interfaces/include/jetson_interfaces/msg/detail/dual_image__struct.hpp
[2.647s] -- Up-to-date: /home/jetson/Final_assignment/EmbeddedVisualControl/src/install/jetson_interfaces/include/jetson_interfaces/msg/detail/dual_image__builder.hpp
[2.647s] -- Up-to-date: /home/jetson/Final_assignment/EmbeddedVisualControl/src/install/jetson_interfaces/include/jetson_interfaces/msg/dual_image.hpp
[2.648s] -- Up-to-date: /home/jetson/Final_assignment/EmbeddedVisualControl/src/install/jetson_interfaces/include/jetson_interfaces/msg/rosidl_generator_cpp__visibility_control.hpp
[2.648s] -- Up-to-date: /home/jetson/Final_assignment/EmbeddedVisualControl/src/install/jetson_interfaces/include/jetson_interfaces
[2.649s] -- Up-to-date: /home/jetson/Final_assignment/EmbeddedVisualControl/src/install/jetson_interfaces/include/jetson_interfaces/msg
[2.649s] -- Up-to-date: /home/jetson/Final_assignment/EmbeddedVisualControl/src/install/jetson_interfaces/include/jetson_interfaces/msg/detail
[2.650s] -- Up-to-date: /home/jetson/Final_assignment/EmbeddedVisualControl/src/install/jetson_interfaces/include/jetson_interfaces/msg/detail/dual_image__type_support.cpp
[2.650s] -- Up-to-date: /home/jetson/Final_assignment/EmbeddedVisualControl/src/install/jetson_interfaces/include/jetson_interfaces/msg/detail/dual_image__rosidl_typesupport_introspection_cpp.hpp
[2.651s] -- Up-to-date: /home/jetson/Final_assignment/EmbeddedVisualControl/src/install/jetson_interfaces/lib/libjetson_interfaces__rosidl_typesupport_introspection_cpp.so
[2.651s] -- Up-to-date: /home/jetson/Final_assignment/EmbeddedVisualControl/src/install/jetson_interfaces/lib/libjetson_interfaces__rosidl_typesupport_cpp.so
[2.652s] -- Up-to-date: /home/jetson/Final_assignment/EmbeddedVisualControl/src/install/jetson_interfaces/share/jetson_interfaces/environment/pythonpath.sh
[2.652s] -- Up-to-date: /home/jetson/Final_assignment/EmbeddedVisualControl/src/install/jetson_interfaces/share/jetson_interfaces/environment/pythonpath.dsv
[2.653s] -- Up-to-date: /home/jetson/Final_assignment/EmbeddedVisualControl/src/install/jetson_interfaces/lib/python3.8/site-packages/jetson_interfaces/__init__.py
[2.782s] -- Up-to-date: /home/jetson/Final_assignment/EmbeddedVisualControl/src/install/jetson_interfaces/lib/python3.8/site-packages/jetson_interfaces/msg
[2.783s] -- Up-to-date: /home/jetson/Final_assignment/EmbeddedVisualControl/src/install/jetson_interfaces/lib/python3.8/site-packages/jetson_interfaces/msg/_dual_image.py
[2.784s] -- Up-to-date: /home/jetson/Final_assignment/EmbeddedVisualControl/src/install/jetson_interfaces/lib/python3.8/site-packages/jetson_interfaces/msg/_dual_image_s.c
[2.793s] -- Up-to-date: /home/jetson/Final_assignment/EmbeddedVisualControl/src/install/jetson_interfaces/lib/python3.8/site-packages/jetson_interfaces/msg/__init__.py
[2.797s] -- Up-to-date: /home/jetson/Final_assignment/EmbeddedVisualControl/src/install/jetson_interfaces/lib/python3.8/site-packages/jetson_interfaces/jetson_interfaces_s__rosidl_typesupport_fastrtps_c.cpython-38-aarch64-linux-gnu.so
[2.799s] -- Up-to-date: /home/jetson/Final_assignment/EmbeddedVisualControl/src/install/jetson_interfaces/lib/python3.8/site-packages/jetson_interfaces/jetson_interfaces_s__rosidl_typesupport_introspection_c.cpython-38-aarch64-linux-gnu.so
[2.800s] -- Up-to-date: /home/jetson/Final_assignment/EmbeddedVisualControl/src/install/jetson_interfaces/lib/python3.8/site-packages/jetson_interfaces/jetson_interfaces_s__rosidl_typesupport_c.cpython-38-aarch64-linux-gnu.so
[2.804s] -- Up-to-date: /home/jetson/Final_assignment/EmbeddedVisualControl/src/install/jetson_interfaces/lib/libjetson_interfaces__python.so
[2.809s] -- Up-to-date: /home/jetson/Final_assignment/EmbeddedVisualControl/src/install/jetson_interfaces/share/jetson_interfaces/msg/DualImage.idl
[2.809s] -- Up-to-date: /home/jetson/Final_assignment/EmbeddedVisualControl/src/install/jetson_interfaces/share/jetson_interfaces/msg/DualImage.msg
[2.810s] -- Up-to-date: /home/jetson/Final_assignment/EmbeddedVisualControl/src/install/jetson_interfaces/share/ament_index/resource_index/package_run_dependencies/jetson_interfaces
[2.810s] -- Up-to-date: /home/jetson/Final_assignment/EmbeddedVisualControl/src/install/jetson_interfaces/share/ament_index/resource_index/parent_prefix_path/jetson_interfaces
[2.811s] -- Up-to-date: /home/jetson/Final_assignment/EmbeddedVisualControl/src/install/jetson_interfaces/share/jetson_interfaces/environment/ament_prefix_path.sh
[2.814s] -- Up-to-date: /home/jetson/Final_assignment/EmbeddedVisualControl/src/install/jetson_interfaces/share/jetson_interfaces/environment/ament_prefix_path.dsv
[2.815s] -- Up-to-date: /home/jetson/Final_assignment/EmbeddedVisualControl/src/install/jetson_interfaces/share/jetson_interfaces/environment/path.sh
[2.817s] -- Up-to-date: /home/jetson/Final_assignment/EmbeddedVisualControl/src/install/jetson_interfaces/share/jetson_interfaces/environment/path.dsv
[2.818s] -- Up-to-date: /home/jetson/Final_assignment/EmbeddedVisualControl/src/install/jetson_interfaces/share/jetson_interfaces/local_setup.bash
[2.819s] -- Up-to-date: /home/jetson/Final_assignment/EmbeddedVisualControl/src/install/jetson_interfaces/share/jetson_interfaces/local_setup.sh
[2.822s] -- Up-to-date: /home/jetson/Final_assignment/EmbeddedVisualControl/src/install/jetson_interfaces/share/jetson_interfaces/local_setup.zsh
[2.826s] -- Up-to-date: /home/jetson/Final_assignment/EmbeddedVisualControl/src/install/jetson_interfaces/share/jetson_interfaces/local_setup.dsv
[2.826s] -- Installing: /home/jetson/Final_assignment/EmbeddedVisualControl/src/install/jetson_interfaces/share/jetson_interfaces/package.dsv
[2.827s] -- Up-to-date: /home/jetson/Final_assignment/EmbeddedVisualControl/src/install/jetson_interfaces/share/ament_index/resource_index/packages/jetson_interfaces
[2.828s] -- Up-to-date: /home/jetson/Final_assignment/EmbeddedVisualControl/src/install/jetson_interfaces/share/jetson_interfaces/cmake/jetson_interfaces__rosidl_generator_cExport.cmake
[2.829s] -- Up-to-date: /home/jetson/Final_assignment/EmbeddedVisualControl/src/install/jetson_interfaces/share/jetson_interfaces/cmake/jetson_interfaces__rosidl_generator_cExport-noconfig.cmake
[2.830s] -- Up-to-date: /home/jetson/Final_assignment/EmbeddedVisualControl/src/install/jetson_interfaces/share/jetson_interfaces/cmake/jetson_interfaces__rosidl_typesupport_introspection_cExport.cmake
[2.831s] -- Up-to-date: /home/jetson/Final_assignment/EmbeddedVisualControl/src/install/jetson_interfaces/share/jetson_interfaces/cmake/jetson_interfaces__rosidl_typesupport_introspection_cExport-noconfig.cmake
[2.831s] -- Up-to-date: /home/jetson/Final_assignment/EmbeddedVisualControl/src/install/jetson_interfaces/share/jetson_interfaces/cmake/jetson_interfaces__rosidl_typesupport_cExport.cmake
[2.832s] -- Up-to-date: /home/jetson/Final_assignment/EmbeddedVisualControl/src/install/jetson_interfaces/share/jetson_interfaces/cmake/jetson_interfaces__rosidl_typesupport_cExport-noconfig.cmake
[2.834s] -- Up-to-date: /home/jetson/Final_assignment/EmbeddedVisualControl/src/install/jetson_interfaces/share/jetson_interfaces/cmake/jetson_interfaces__rosidl_generator_cppExport.cmake
[2.836s] -- Up-to-date: /home/jetson/Final_assignment/EmbeddedVisualControl/src/install/jetson_interfaces/share/jetson_interfaces/cmake/jetson_interfaces__rosidl_typesupport_introspection_cppExport.cmake
[2.837s] -- Up-to-date: /home/jetson/Final_assignment/EmbeddedVisualControl/src/install/jetson_interfaces/share/jetson_interfaces/cmake/jetson_interfaces__rosidl_typesupport_introspection_cppExport-noconfig.cmake
[2.838s] -- Up-to-date: /home/jetson/Final_assignment/EmbeddedVisualControl/src/install/jetson_interfaces/share/jetson_interfaces/cmake/jetson_interfaces__rosidl_typesupport_cppExport.cmake
[2.839s] -- Up-to-date: /home/jetson/Final_assignment/EmbeddedVisualControl/src/install/jetson_interfaces/share/jetson_interfaces/cmake/jetson_interfaces__rosidl_typesupport_cppExport-noconfig.cmake
[2.839s] -- Up-to-date: /home/jetson/Final_assignment/EmbeddedVisualControl/src/install/jetson_interfaces/share/jetson_interfaces/cmake/rosidl_cmake-extras.cmake
[2.840s] -- Up-to-date: /home/jetson/Final_assignment/EmbeddedVisualControl/src/install/jetson_interfaces/share/jetson_interfaces/cmake/ament_cmake_export_dependencies-extras.cmake
[2.841s] -- Up-to-date: /home/jetson/Final_assignment/EmbeddedVisualControl/src/install/jetson_interfaces/share/jetson_interfaces/cmake/ament_cmake_export_libraries-extras.cmake
[2.841s] -- Up-to-date: /home/jetson/Final_assignment/EmbeddedVisualControl/src/install/jetson_interfaces/share/jetson_interfaces/cmake/ament_cmake_export_targets-extras.cmake
[2.842s] -- Up-to-date: /home/jetson/Final_assignment/EmbeddedVisualControl/src/install/jetson_interfaces/share/jetson_interfaces/cmake/ament_cmake_export_include_directories-extras.cmake
[2.843s] -- Up-to-date: /home/jetson/Final_assignment/EmbeddedVisualControl/src/install/jetson_interfaces/share/jetson_interfaces/cmake/rosidl_cmake_export_typesupport_libraries-extras.cmake
[2.843s] -- Up-to-date: /home/jetson/Final_assignment/EmbeddedVisualControl/src/install/jetson_interfaces/share/jetson_interfaces/cmake/rosidl_cmake_export_typesupport_targets-extras.cmake
[2.846s] -- Up-to-date: /home/jetson/Final_assignment/EmbeddedVisualControl/src/install/jetson_interfaces/share/jetson_interfaces/cmake/jetson_interfacesConfig.cmake
[2.846s] -- Up-to-date: /home/jetson/Final_assignment/EmbeddedVisualControl/src/install/jetson_interfaces/share/jetson_interfaces/cmake/jetson_interfacesConfig-version.cmake
[2.847s] -- Up-to-date: /home/jetson/Final_assignment/EmbeddedVisualControl/src/install/jetson_interfaces/share/jetson_interfaces/package.xml
[2.848s] Invoked command in '/home/jetson/Final_assignment/EmbeddedVisualControl/src/build/jetson_interfaces' returned '0': CMAKE_PREFIX_PATH=${CMAKE_PREFIX_PATH}:/home/jetson/Final_assignment/EmbeddedVisualControl/src/install/jetson_camera:/opt/ros/foxy /usr/bin/cmake --install /home/jetson/Final_assignment/EmbeddedVisualControl/src/build/jetson_interfaces
