[1.170s] Invoking command in '/home/jetson/EVC_2/workshops/vision_ws/build/jetson_interfaces': CMAKE_PREFIX_PATH=${CMAKE_PREFIX_PATH}:/home/jetson/EVC_2/workshops/vision_ws/install/jetson_camera:/home/jetson/EVC_2/install/jetson_camera:/opt/ros/foxy JETSON_P_NUMBER=potor- /usr/bin/cmake --build /home/jetson/EVC_2/workshops/vision_ws/build/jetson_interfaces -- -j4 -l4
[1.384s] [  3%] Built target jetson_interfaces__cpp
[1.401s] [ 12%] Built target jetson_interfaces__rosidl_generator_c
[1.507s] [ 22%] Built target jetson_interfaces__rosidl_typesupport_cpp
[1.534s] [ 32%] Built target jetson_interfaces__rosidl_typesupport_introspection_cpp
[1.555s] [ 41%] Built target jetson_interfaces__rosidl_typesupport_introspection_c
[1.561s] [ 51%] Built target jetson_interfaces__rosidl_typesupport_fastrtps_cpp
[1.655s] [ 61%] Built target jetson_interfaces__rosidl_typesupport_c
[1.692s] [ 70%] Built target jetson_interfaces__rosidl_typesupport_fastrtps_c
[1.769s] [ 70%] Built target jetson_interfaces
[1.853s] [ 74%] Built target jetson_interfaces__py
[1.960s] [ 80%] Built target jetson_interfaces__python
[2.081s] [ 87%] Built target jetson_interfaces__rosidl_typesupport_fastrtps_c__pyext
[2.084s] [ 93%] Built target jetson_interfaces__rosidl_typesupport_introspection_c__pyext
[2.091s] [100%] Built target jetson_interfaces__rosidl_typesupport_c__pyext
[2.135s] Invoked command in '/home/jetson/EVC_2/workshops/vision_ws/build/jetson_interfaces' returned '0': CMAKE_PREFIX_PATH=${CMAKE_PREFIX_PATH}:/home/jetson/EVC_2/workshops/vision_ws/install/jetson_camera:/home/jetson/EVC_2/install/jetson_camera:/opt/ros/foxy JETSON_P_NUMBER=potor- /usr/bin/cmake --build /home/jetson/EVC_2/workshops/vision_ws/build/jetson_interfaces -- -j4 -l4
[2.182s] Invoking command in '/home/jetson/EVC_2/workshops/vision_ws/build/jetson_interfaces': CMAKE_PREFIX_PATH=${CMAKE_PREFIX_PATH}:/home/jetson/EVC_2/workshops/vision_ws/install/jetson_camera:/home/jetson/EVC_2/install/jetson_camera:/opt/ros/foxy JETSON_P_NUMBER=potor- /usr/bin/cmake --install /home/jetson/EVC_2/workshops/vision_ws/build/jetson_interfaces
[2.215s] -- Install configuration: ""
[2.217s] -- Up-to-date: /home/jetson/EVC_2/workshops/vision_ws/install/jetson_interfaces/share/ament_index/resource_index/rosidl_interfaces/jetson_interfaces
[2.218s] -- Up-to-date: /home/jetson/EVC_2/workshops/vision_ws/install/jetson_interfaces/include/jetson_interfaces
[2.219s] -- Up-to-date: /home/jetson/EVC_2/workshops/vision_ws/install/jetson_interfaces/include/jetson_interfaces/msg
[2.220s] -- Up-to-date: /home/jetson/EVC_2/workshops/vision_ws/install/jetson_interfaces/include/jetson_interfaces/msg/detail
[2.220s] -- Up-to-date: /home/jetson/EVC_2/workshops/vision_ws/install/jetson_interfaces/include/jetson_interfaces/msg/detail/dual_image__functions.c
[2.221s] -- Up-to-date: /home/jetson/EVC_2/workshops/vision_ws/install/jetson_interfaces/include/jetson_interfaces/msg/detail/dual_image__functions.h
[2.222s] -- Up-to-date: /home/jetson/EVC_2/workshops/vision_ws/install/jetson_interfaces/include/jetson_interfaces/msg/detail/dual_image__struct.h
[2.223s] -- Up-to-date: /home/jetson/EVC_2/workshops/vision_ws/install/jetson_interfaces/include/jetson_interfaces/msg/detail/dual_image__type_support.h
[2.224s] -- Up-to-date: /home/jetson/EVC_2/workshops/vision_ws/install/jetson_interfaces/include/jetson_interfaces/msg/rosidl_generator_c__visibility_control.h
[2.225s] -- Up-to-date: /home/jetson/EVC_2/workshops/vision_ws/install/jetson_interfaces/include/jetson_interfaces/msg/dual_image.h
[2.226s] -- Up-to-date: /home/jetson/EVC_2/workshops/vision_ws/install/jetson_interfaces/share/jetson_interfaces/environment/library_path.sh
[2.227s] -- Up-to-date: /home/jetson/EVC_2/workshops/vision_ws/install/jetson_interfaces/share/jetson_interfaces/environment/library_path.dsv
[2.228s] -- Up-to-date: /home/jetson/EVC_2/workshops/vision_ws/install/jetson_interfaces/lib/libjetson_interfaces__rosidl_generator_c.so
[2.229s] -- Up-to-date: /home/jetson/EVC_2/workshops/vision_ws/install/jetson_interfaces/include/jetson_interfaces
[2.230s] -- Up-to-date: /home/jetson/EVC_2/workshops/vision_ws/install/jetson_interfaces/include/jetson_interfaces/msg
[2.231s] -- Up-to-date: /home/jetson/EVC_2/workshops/vision_ws/install/jetson_interfaces/include/jetson_interfaces/msg/detail
[2.231s] -- Up-to-date: /home/jetson/EVC_2/workshops/vision_ws/install/jetson_interfaces/include/jetson_interfaces/msg/detail/dual_image__rosidl_typesupport_fastrtps_c.h
[2.232s] -- Up-to-date: /home/jetson/EVC_2/workshops/vision_ws/install/jetson_interfaces/include/jetson_interfaces/msg/rosidl_typesupport_fastrtps_c__visibility_control.h
[2.233s] -- Up-to-date: /home/jetson/EVC_2/workshops/vision_ws/install/jetson_interfaces/lib/libjetson_interfaces__rosidl_typesupport_fastrtps_c.so
[2.234s] -- Up-to-date: /home/jetson/EVC_2/workshops/vision_ws/install/jetson_interfaces/include/jetson_interfaces
[2.237s] -- Up-to-date: /home/jetson/EVC_2/workshops/vision_ws/install/jetson_interfaces/include/jetson_interfaces/msg
[2.239s] -- Up-to-date: /home/jetson/EVC_2/workshops/vision_ws/install/jetson_interfaces/include/jetson_interfaces/msg/detail
[2.239s] -- Up-to-date: /home/jetson/EVC_2/workshops/vision_ws/install/jetson_interfaces/include/jetson_interfaces/msg/detail/dual_image__rosidl_typesupport_fastrtps_cpp.hpp
[2.240s] -- Up-to-date: /home/jetson/EVC_2/workshops/vision_ws/install/jetson_interfaces/include/jetson_interfaces/msg/detail/dds_fastrtps
[2.241s] -- Up-to-date: /home/jetson/EVC_2/workshops/vision_ws/install/jetson_interfaces/include/jetson_interfaces/msg/rosidl_typesupport_fastrtps_cpp__visibility_control.h
[2.242s] -- Up-to-date: /home/jetson/EVC_2/workshops/vision_ws/install/jetson_interfaces/lib/libjetson_interfaces__rosidl_typesupport_fastrtps_cpp.so
[2.243s] -- Up-to-date: /home/jetson/EVC_2/workshops/vision_ws/install/jetson_interfaces/include/jetson_interfaces
[2.244s] -- Up-to-date: /home/jetson/EVC_2/workshops/vision_ws/install/jetson_interfaces/include/jetson_interfaces/msg
[2.245s] -- Up-to-date: /home/jetson/EVC_2/workshops/vision_ws/install/jetson_interfaces/include/jetson_interfaces/msg/detail
[2.246s] -- Up-to-date: /home/jetson/EVC_2/workshops/vision_ws/install/jetson_interfaces/include/jetson_interfaces/msg/detail/dual_image__type_support.c
[2.247s] -- Up-to-date: /home/jetson/EVC_2/workshops/vision_ws/install/jetson_interfaces/include/jetson_interfaces/msg/detail/dual_image__rosidl_typesupport_introspection_c.h
[2.249s] -- Up-to-date: /home/jetson/EVC_2/workshops/vision_ws/install/jetson_interfaces/include/jetson_interfaces/msg/rosidl_typesupport_introspection_c__visibility_control.h
[2.250s] -- Up-to-date: /home/jetson/EVC_2/workshops/vision_ws/install/jetson_interfaces/lib/libjetson_interfaces__rosidl_typesupport_introspection_c.so
[2.251s] -- Up-to-date: /home/jetson/EVC_2/workshops/vision_ws/install/jetson_interfaces/lib/libjetson_interfaces__rosidl_typesupport_c.so
[2.252s] -- Up-to-date: /home/jetson/EVC_2/workshops/vision_ws/install/jetson_interfaces/include/jetson_interfaces
[2.253s] -- Up-to-date: /home/jetson/EVC_2/workshops/vision_ws/install/jetson_interfaces/include/jetson_interfaces/msg
[2.254s] -- Up-to-date: /home/jetson/EVC_2/workshops/vision_ws/install/jetson_interfaces/include/jetson_interfaces/msg/detail
[2.255s] -- Up-to-date: /home/jetson/EVC_2/workshops/vision_ws/install/jetson_interfaces/include/jetson_interfaces/msg/detail/dual_image__type_support.hpp
[2.255s] -- Up-to-date: /home/jetson/EVC_2/workshops/vision_ws/install/jetson_interfaces/include/jetson_interfaces/msg/detail/dual_image__traits.hpp
[2.256s] -- Up-to-date: /home/jetson/EVC_2/workshops/vision_ws/install/jetson_interfaces/include/jetson_interfaces/msg/detail/dual_image__struct.hpp
[2.257s] -- Up-to-date: /home/jetson/EVC_2/workshops/vision_ws/install/jetson_interfaces/include/jetson_interfaces/msg/detail/dual_image__builder.hpp
[2.258s] -- Up-to-date: /home/jetson/EVC_2/workshops/vision_ws/install/jetson_interfaces/include/jetson_interfaces/msg/dual_image.hpp
[2.259s] -- Up-to-date: /home/jetson/EVC_2/workshops/vision_ws/install/jetson_interfaces/include/jetson_interfaces/msg/rosidl_generator_cpp__visibility_control.hpp
[2.260s] -- Up-to-date: /home/jetson/EVC_2/workshops/vision_ws/install/jetson_interfaces/include/jetson_interfaces
[2.261s] -- Up-to-date: /home/jetson/EVC_2/workshops/vision_ws/install/jetson_interfaces/include/jetson_interfaces/msg
[2.262s] -- Up-to-date: /home/jetson/EVC_2/workshops/vision_ws/install/jetson_interfaces/include/jetson_interfaces/msg/detail
[2.263s] -- Up-to-date: /home/jetson/EVC_2/workshops/vision_ws/install/jetson_interfaces/include/jetson_interfaces/msg/detail/dual_image__type_support.cpp
[2.264s] -- Up-to-date: /home/jetson/EVC_2/workshops/vision_ws/install/jetson_interfaces/include/jetson_interfaces/msg/detail/dual_image__rosidl_typesupport_introspection_cpp.hpp
[2.265s] -- Up-to-date: /home/jetson/EVC_2/workshops/vision_ws/install/jetson_interfaces/lib/libjetson_interfaces__rosidl_typesupport_introspection_cpp.so
[2.267s] -- Up-to-date: /home/jetson/EVC_2/workshops/vision_ws/install/jetson_interfaces/lib/libjetson_interfaces__rosidl_typesupport_cpp.so
[2.268s] -- Up-to-date: /home/jetson/EVC_2/workshops/vision_ws/install/jetson_interfaces/share/jetson_interfaces/environment/pythonpath.sh
[2.269s] -- Up-to-date: /home/jetson/EVC_2/workshops/vision_ws/install/jetson_interfaces/share/jetson_interfaces/environment/pythonpath.dsv
[2.270s] -- Up-to-date: /home/jetson/EVC_2/workshops/vision_ws/install/jetson_interfaces/lib/python3.8/site-packages/jetson_interfaces/__init__.py
[2.392s] -- Up-to-date: /home/jetson/EVC_2/workshops/vision_ws/install/jetson_interfaces/lib/python3.8/site-packages/jetson_interfaces/msg
[2.394s] -- Up-to-date: /home/jetson/EVC_2/workshops/vision_ws/install/jetson_interfaces/lib/python3.8/site-packages/jetson_interfaces/msg/_dual_image.py
[2.394s] -- Up-to-date: /home/jetson/EVC_2/workshops/vision_ws/install/jetson_interfaces/lib/python3.8/site-packages/jetson_interfaces/msg/_dual_image_s.c
[2.395s] -- Up-to-date: /home/jetson/EVC_2/workshops/vision_ws/install/jetson_interfaces/lib/python3.8/site-packages/jetson_interfaces/msg/__init__.py
[2.396s] -- Up-to-date: /home/jetson/EVC_2/workshops/vision_ws/install/jetson_interfaces/lib/python3.8/site-packages/jetson_interfaces/jetson_interfaces_s__rosidl_typesupport_fastrtps_c.cpython-38-aarch64-linux-gnu.so
[2.397s] -- Up-to-date: /home/jetson/EVC_2/workshops/vision_ws/install/jetson_interfaces/lib/python3.8/site-packages/jetson_interfaces/jetson_interfaces_s__rosidl_typesupport_introspection_c.cpython-38-aarch64-linux-gnu.so
[2.398s] -- Up-to-date: /home/jetson/EVC_2/workshops/vision_ws/install/jetson_interfaces/lib/python3.8/site-packages/jetson_interfaces/jetson_interfaces_s__rosidl_typesupport_c.cpython-38-aarch64-linux-gnu.so
[2.400s] -- Up-to-date: /home/jetson/EVC_2/workshops/vision_ws/install/jetson_interfaces/lib/libjetson_interfaces__python.so
[2.401s] -- Up-to-date: /home/jetson/EVC_2/workshops/vision_ws/install/jetson_interfaces/share/jetson_interfaces/msg/DualImage.idl
[2.402s] -- Up-to-date: /home/jetson/EVC_2/workshops/vision_ws/install/jetson_interfaces/share/jetson_interfaces/msg/DualImage.msg
[2.402s] -- Up-to-date: /home/jetson/EVC_2/workshops/vision_ws/install/jetson_interfaces/share/ament_index/resource_index/package_run_dependencies/jetson_interfaces
[2.403s] -- Up-to-date: /home/jetson/EVC_2/workshops/vision_ws/install/jetson_interfaces/share/ament_index/resource_index/parent_prefix_path/jetson_interfaces
[2.404s] -- Up-to-date: /home/jetson/EVC_2/workshops/vision_ws/install/jetson_interfaces/share/jetson_interfaces/environment/ament_prefix_path.sh
[2.405s] -- Up-to-date: /home/jetson/EVC_2/workshops/vision_ws/install/jetson_interfaces/share/jetson_interfaces/environment/ament_prefix_path.dsv
[2.406s] -- Up-to-date: /home/jetson/EVC_2/workshops/vision_ws/install/jetson_interfaces/share/jetson_interfaces/environment/path.sh
[2.407s] -- Up-to-date: /home/jetson/EVC_2/workshops/vision_ws/install/jetson_interfaces/share/jetson_interfaces/environment/path.dsv
[2.407s] -- Up-to-date: /home/jetson/EVC_2/workshops/vision_ws/install/jetson_interfaces/share/jetson_interfaces/local_setup.bash
[2.408s] -- Up-to-date: /home/jetson/EVC_2/workshops/vision_ws/install/jetson_interfaces/share/jetson_interfaces/local_setup.sh
[2.409s] -- Up-to-date: /home/jetson/EVC_2/workshops/vision_ws/install/jetson_interfaces/share/jetson_interfaces/local_setup.zsh
[2.409s] -- Up-to-date: /home/jetson/EVC_2/workshops/vision_ws/install/jetson_interfaces/share/jetson_interfaces/local_setup.dsv
[2.410s] -- Installing: /home/jetson/EVC_2/workshops/vision_ws/install/jetson_interfaces/share/jetson_interfaces/package.dsv
[2.410s] -- Up-to-date: /home/jetson/EVC_2/workshops/vision_ws/install/jetson_interfaces/share/ament_index/resource_index/packages/jetson_interfaces
[2.410s] -- Up-to-date: /home/jetson/EVC_2/workshops/vision_ws/install/jetson_interfaces/share/jetson_interfaces/cmake/jetson_interfaces__rosidl_generator_cExport.cmake
[2.411s] -- Up-to-date: /home/jetson/EVC_2/workshops/vision_ws/install/jetson_interfaces/share/jetson_interfaces/cmake/jetson_interfaces__rosidl_generator_cExport-noconfig.cmake
[2.412s] -- Up-to-date: /home/jetson/EVC_2/workshops/vision_ws/install/jetson_interfaces/share/jetson_interfaces/cmake/jetson_interfaces__rosidl_typesupport_introspection_cExport.cmake
[2.412s] -- Up-to-date: /home/jetson/EVC_2/workshops/vision_ws/install/jetson_interfaces/share/jetson_interfaces/cmake/jetson_interfaces__rosidl_typesupport_introspection_cExport-noconfig.cmake
[2.413s] -- Up-to-date: /home/jetson/EVC_2/workshops/vision_ws/install/jetson_interfaces/share/jetson_interfaces/cmake/jetson_interfaces__rosidl_typesupport_cExport.cmake
[2.413s] -- Up-to-date: /home/jetson/EVC_2/workshops/vision_ws/install/jetson_interfaces/share/jetson_interfaces/cmake/jetson_interfaces__rosidl_typesupport_cExport-noconfig.cmake
[2.414s] -- Up-to-date: /home/jetson/EVC_2/workshops/vision_ws/install/jetson_interfaces/share/jetson_interfaces/cmake/jetson_interfaces__rosidl_generator_cppExport.cmake
[2.415s] -- Up-to-date: /home/jetson/EVC_2/workshops/vision_ws/install/jetson_interfaces/share/jetson_interfaces/cmake/jetson_interfaces__rosidl_typesupport_introspection_cppExport.cmake
[2.417s] -- Up-to-date: /home/jetson/EVC_2/workshops/vision_ws/install/jetson_interfaces/share/jetson_interfaces/cmake/jetson_interfaces__rosidl_typesupport_introspection_cppExport-noconfig.cmake
[2.417s] -- Up-to-date: /home/jetson/EVC_2/workshops/vision_ws/install/jetson_interfaces/share/jetson_interfaces/cmake/jetson_interfaces__rosidl_typesupport_cppExport.cmake
[2.418s] -- Up-to-date: /home/jetson/EVC_2/workshops/vision_ws/install/jetson_interfaces/share/jetson_interfaces/cmake/jetson_interfaces__rosidl_typesupport_cppExport-noconfig.cmake
[2.418s] -- Up-to-date: /home/jetson/EVC_2/workshops/vision_ws/install/jetson_interfaces/share/jetson_interfaces/cmake/rosidl_cmake-extras.cmake
[2.418s] -- Up-to-date: /home/jetson/EVC_2/workshops/vision_ws/install/jetson_interfaces/share/jetson_interfaces/cmake/ament_cmake_export_dependencies-extras.cmake
[2.419s] -- Up-to-date: /home/jetson/EVC_2/workshops/vision_ws/install/jetson_interfaces/share/jetson_interfaces/cmake/ament_cmake_export_libraries-extras.cmake
[2.422s] -- Up-to-date: /home/jetson/EVC_2/workshops/vision_ws/install/jetson_interfaces/share/jetson_interfaces/cmake/ament_cmake_export_targets-extras.cmake
[2.423s] -- Up-to-date: /home/jetson/EVC_2/workshops/vision_ws/install/jetson_interfaces/share/jetson_interfaces/cmake/ament_cmake_export_include_directories-extras.cmake
[2.424s] -- Up-to-date: /home/jetson/EVC_2/workshops/vision_ws/install/jetson_interfaces/share/jetson_interfaces/cmake/rosidl_cmake_export_typesupport_libraries-extras.cmake
[2.425s] -- Up-to-date: /home/jetson/EVC_2/workshops/vision_ws/install/jetson_interfaces/share/jetson_interfaces/cmake/rosidl_cmake_export_typesupport_targets-extras.cmake
[2.425s] -- Up-to-date: /home/jetson/EVC_2/workshops/vision_ws/install/jetson_interfaces/share/jetson_interfaces/cmake/jetson_interfacesConfig.cmake
[2.426s] -- Up-to-date: /home/jetson/EVC_2/workshops/vision_ws/install/jetson_interfaces/share/jetson_interfaces/cmake/jetson_interfacesConfig-version.cmake
[2.427s] -- Up-to-date: /home/jetson/EVC_2/workshops/vision_ws/install/jetson_interfaces/share/jetson_interfaces/package.xml
[2.428s] Invoked command in '/home/jetson/EVC_2/workshops/vision_ws/build/jetson_interfaces' returned '0': CMAKE_PREFIX_PATH=${CMAKE_PREFIX_PATH}:/home/jetson/EVC_2/workshops/vision_ws/install/jetson_camera:/home/jetson/EVC_2/install/jetson_camera:/opt/ros/foxy JETSON_P_NUMBER=potor- /usr/bin/cmake --install /home/jetson/EVC_2/workshops/vision_ws/build/jetson_interfaces
