[0.000000] (-) TimerEvent: {}
[0.000808] (jetson_camera) JobQueued: {'identifier': 'jetson_camera', 'dependencies': OrderedDict()}
[0.001281] (jetson_interfaces) JobQueued: {'identifier': 'jetson_interfaces', 'dependencies': OrderedDict()}
[0.001646] (jetson_camera) JobStarted: {'identifier': 'jetson_camera'}
[0.080220] (-) TimerEvent: {}
[0.125083] (jetson_interfaces) JobStarted: {'identifier': 'jetson_interfaces'}
[0.184231] (-) TimerEvent: {}
[0.290201] (-) TimerEvent: {}
[0.394196] (-) TimerEvent: {}
[0.495506] (-) TimerEvent: {}
[0.596885] (-) TimerEvent: {}
[0.698394] (-) TimerEvent: {}
[0.799677] (-) TimerEvent: {}
[0.900946] (-) TimerEvent: {}
[1.005364] (-) TimerEvent: {}
[1.106024] (-) TimerEvent: {}
[1.206652] (-) TimerEvent: {}
[1.307947] (-) TimerEvent: {}
[1.409323] (-) TimerEvent: {}
[1.509963] (-) TimerEvent: {}
[1.611237] (-) TimerEvent: {}
[1.712540] (-) TimerEvent: {}
[1.814030] (-) TimerEvent: {}
[1.915310] (-) TimerEvent: {}
[2.016592] (-) TimerEvent: {}
[2.117270] (-) TimerEvent: {}
[2.218549] (-) TimerEvent: {}
[2.319491] (-) TimerEvent: {}
[2.420726] (-) TimerEvent: {}
[2.521992] (-) TimerEvent: {}
[2.622618] (-) TimerEvent: {}
[2.723881] (-) TimerEvent: {}
[2.825309] (-) TimerEvent: {}
[2.926583] (-) TimerEvent: {}
[3.027818] (-) TimerEvent: {}
[3.129182] (-) TimerEvent: {}
[3.230472] (-) TimerEvent: {}
[3.331516] (-) TimerEvent: {}
[3.432177] (-) TimerEvent: {}
[3.533491] (-) TimerEvent: {}
[3.634754] (-) TimerEvent: {}
[3.736010] (-) TimerEvent: {}
[3.837581] (-) TimerEvent: {}
[3.938826] (-) TimerEvent: {}
[4.040083] (-) TimerEvent: {}
[4.140716] (-) TimerEvent: {}
[4.241685] (-) TimerEvent: {}
[4.342953] (-) TimerEvent: {}
[4.443581] (-) TimerEvent: {}
[4.544236] (-) TimerEvent: {}
[4.645327] (-) TimerEvent: {}
[4.746049] (-) TimerEvent: {}
[4.847733] (jetson_camera) StderrLine: {'line': b'Traceback (most recent call last):\n  File "/usr/lib/python3/dist-packages/colcon_core/executor/__init__.py", line 91, in __call__\n    rc = await self.task(*args, **kwargs)\n  File "/usr/lib/python3/dist-packages/colcon_core/task/__init__.py", line 93, in __call__\n    return await task_method(*args, **kwargs)\n  File "/usr/lib/python3/dist-packages/colcon_ros/task/ament_python/build.py", line 51, in build\n    setup_py_data = get_setup_data(self.context.pkg, env)\n  File "/usr/lib/python3/dist-packages/colcon_core/task/python/__init__.py", line 20, in get_setup_data\n    return dict(pkg.metadata[key](env))\n  File "/usr/lib/python3/dist-packages/colcon_ros/package_augmentation/ros_ament_python.py", line 57, in getter\n    return get_setup_information(\n  File "/usr/lib/python3/dist-packages/colcon_python_setup_py/package_identification/python_setup_py.py", line 249, in get_setup_information\n    _setup_information_cache[hashable_env] = _get_setup_information(\n  File "/usr/lib/python3/dist-packages/colcon_python_setup_py/package_identification/python_setup_py.py", line 296, in _get_setup_information\n    result = subprocess.run(\n  File "/usr/lib/python3.8/subprocess.py", line 516, in run\n    raise CalledProcessError(retcode, process.args,\nsubprocess.CalledProcessError: Command \'[\'/usr/bin/python3\', \'-c\', \'import sys;from contextlib import suppress;exec("with suppress(ImportError):    from setuptools.extern.packaging.specifiers    import SpecifierSet");exec("with suppress(ImportError):    from packaging.specifiers import SpecifierSet");from distutils.core import run_setup;dist = run_setup(    \\\'setup.py\\\', script_args=(\\\'--dry-run\\\',), stop_after=\\\'config\\\');skip_keys = (\\\'cmdclass\\\', \\\'distclass\\\', \\\'ext_modules\\\', \\\'metadata\\\');data = {    key: value for key, value in dist.__dict__.items()     if (        not key.startswith(\\\'_\\\') and         not callable(value) and         key not in skip_keys and         key not in dist.display_option_names    )};data[\\\'metadata\\\'] = {    k: v for k, v in dist.metadata.__dict__.items()     if k not in (\\\'license_files\\\', \\\'provides_extras\\\')};sys.stdout.buffer.write(repr(data).encode(\\\'utf-8\\\'))\']\' returned non-zero exit status 1.\n'}
[4.850380] (-) TimerEvent: {}
[4.851591] (jetson_camera) JobEnded: {'identifier': 'jetson_camera', 'rc': 1}
[4.863964] (jetson_interfaces) JobEnded: {'identifier': 'jetson_interfaces', 'rc': 'SIGINT'}
[4.871812] (-) EventReactorShutdown: {}
