[1.248s] Invoking command in '/home/jetson/Final_assignment/EmbeddedVisualControl/src/build/jetson_interfaces': CMAKE_PREFIX_PATH=${CMAKE_PREFIX_PATH}:/home/jetson/Final_assignment/EmbeddedVisualControl/src/install/jetson_camera:/opt/ros/foxy /usr/bin/cmake --build /home/jetson/Final_assignment/EmbeddedVisualControl/src/build/jetson_interfaces -- -j4 -l4
[1.519s] [  3%] Built target jetson_interfaces__cpp
[1.612s] [ 12%] Built target jetson_interfaces__rosidl_generator_c
[1.790s] [ 22%] Built target jetson_interfaces__rosidl_typesupport_introspection_cpp
[1.822s] [ 35%] Built target jetson_interfaces__rosidl_typesupport_fastrtps_cpp
[1.823s] [ 41%] Built target jetson_interfaces__rosidl_typesupport_cpp
[1.848s] [ 51%] Built target jetson_interfaces__rosidl_typesupport_introspection_c
[2.006s] [ 61%] Built target jetson_interfaces__rosidl_typesupport_c
[2.012s] [ 70%] Built target jetson_interfaces__rosidl_typesupport_fastrtps_c
[2.104s] [ 70%] Built target jetson_interfaces
[2.208s] [ 74%] Built target jetson_interfaces__py
[2.401s] [ 80%] Built target jetson_interfaces__python
[2.596s] [ 87%] Built target jetson_interfaces__rosidl_typesupport_fastrtps_c__pyext
[2.607s] [ 93%] Built target jetson_interfaces__rosidl_typesupport_introspection_c__pyext
[2.648s] [100%] Built target jetson_interfaces__rosidl_typesupport_c__pyext
[2.718s] Invoked command in '/home/jetson/Final_assignment/EmbeddedVisualControl/src/build/jetson_interfaces' returned '0': CMAKE_PREFIX_PATH=${CMAKE_PREFIX_PATH}:/home/jetson/Final_assignment/EmbeddedVisualControl/src/install/jetson_camera:/opt/ros/foxy /usr/bin/cmake --build /home/jetson/Final_assignment/EmbeddedVisualControl/src/build/jetson_interfaces -- -j4 -l4
[2.784s] Invoking command in '/home/jetson/Final_assignment/EmbeddedVisualControl/src/build/jetson_interfaces': CMAKE_PREFIX_PATH=${CMAKE_PREFIX_PATH}:/home/jetson/Final_assignment/EmbeddedVisualControl/src/install/jetson_camera:/opt/ros/foxy /usr/bin/cmake --install /home/jetson/Final_assignment/EmbeddedVisualControl/src/build/jetson_interfaces
[2.873s] -- Install configuration: ""
[2.873s] -- Up-to-date: /home/jetson/Final_assignment/EmbeddedVisualControl/src/install/jetson_interfaces/share/ament_index/resource_index/rosidl_interfaces/jetson_interfaces
[2.875s] -- Up-to-date: /home/jetson/Final_assignment/EmbeddedVisualControl/src/install/jetson_interfaces/include/jetson_interfaces
[2.876s] -- Up-to-date: /home/jetson/Final_assignment/EmbeddedVisualControl/src/install/jetson_interfaces/include/jetson_interfaces/msg
[2.877s] -- Up-to-date: /home/jetson/Final_assignment/EmbeddedVisualControl/src/install/jetson_interfaces/include/jetson_interfaces/msg/detail
[2.878s] -- Up-to-date: /home/jetson/Final_assignment/EmbeddedVisualControl/src/install/jetson_interfaces/include/jetson_interfaces/msg/detail/dual_image__functions.c
[2.879s] -- Up-to-date: /home/jetson/Final_assignment/EmbeddedVisualControl/src/install/jetson_interfaces/include/jetson_interfaces/msg/detail/dual_image__functions.h
[2.881s] -- Up-to-date: /home/jetson/Final_assignment/EmbeddedVisualControl/src/install/jetson_interfaces/include/jetson_interfaces/msg/detail/dual_image__struct.h
[2.883s] -- Up-to-date: /home/jetson/Final_assignment/EmbeddedVisualControl/src/install/jetson_interfaces/include/jetson_interfaces/msg/detail/dual_image__type_support.h
[2.884s] -- Up-to-date: /home/jetson/Final_assignment/EmbeddedVisualControl/src/install/jetson_interfaces/include/jetson_interfaces/msg/rosidl_generator_c__visibility_control.h
[2.885s] -- Up-to-date: /home/jetson/Final_assignment/EmbeddedVisualControl/src/install/jetson_interfaces/include/jetson_interfaces/msg/dual_image.h
[2.886s] -- Up-to-date: /home/jetson/Final_assignment/EmbeddedVisualControl/src/install/jetson_interfaces/share/jetson_interfaces/environment/library_path.sh
[2.888s] -- Up-to-date: /home/jetson/Final_assignment/EmbeddedVisualControl/src/install/jetson_interfaces/share/jetson_interfaces/environment/library_path.dsv
[2.890s] -- Up-to-date: /home/jetson/Final_assignment/EmbeddedVisualControl/src/install/jetson_interfaces/lib/libjetson_interfaces__rosidl_generator_c.so
[2.898s] -- Up-to-date: /home/jetson/Final_assignment/EmbeddedVisualControl/src/install/jetson_interfaces/include/jetson_interfaces
[2.898s] -- Up-to-date: /home/jetson/Final_assignment/EmbeddedVisualControl/src/install/jetson_interfaces/include/jetson_interfaces/msg
[2.899s] -- Up-to-date: /home/jetson/Final_assignment/EmbeddedVisualControl/src/install/jetson_interfaces/include/jetson_interfaces/msg/detail
[2.899s] -- Up-to-date: /home/jetson/Final_assignment/EmbeddedVisualControl/src/install/jetson_interfaces/include/jetson_interfaces/msg/detail/dual_image__rosidl_typesupport_fastrtps_c.h
[2.900s] -- Up-to-date: /home/jetson/Final_assignment/EmbeddedVisualControl/src/install/jetson_interfaces/include/jetson_interfaces/msg/rosidl_typesupport_fastrtps_c__visibility_control.h
[2.905s] -- Up-to-date: /home/jetson/Final_assignment/EmbeddedVisualControl/src/install/jetson_interfaces/lib/libjetson_interfaces__rosidl_typesupport_fastrtps_c.so
[2.906s] -- Up-to-date: /home/jetson/Final_assignment/EmbeddedVisualControl/src/install/jetson_interfaces/include/jetson_interfaces
[2.907s] -- Up-to-date: /home/jetson/Final_assignment/EmbeddedVisualControl/src/install/jetson_interfaces/include/jetson_interfaces/msg
[2.907s] -- Up-to-date: /home/jetson/Final_assignment/EmbeddedVisualControl/src/install/jetson_interfaces/include/jetson_interfaces/msg/detail
[2.908s] -- Up-to-date: /home/jetson/Final_assignment/EmbeddedVisualControl/src/install/jetson_interfaces/include/jetson_interfaces/msg/detail/dual_image__rosidl_typesupport_fastrtps_cpp.hpp
[2.908s] -- Up-to-date: /home/jetson/Final_assignment/EmbeddedVisualControl/src/install/jetson_interfaces/include/jetson_interfaces/msg/detail/dds_fastrtps
[2.909s] -- Up-to-date: /home/jetson/Final_assignment/EmbeddedVisualControl/src/install/jetson_interfaces/include/jetson_interfaces/msg/rosidl_typesupport_fastrtps_cpp__visibility_control.h
[2.910s] -- Up-to-date: /home/jetson/Final_assignment/EmbeddedVisualControl/src/install/jetson_interfaces/lib/libjetson_interfaces__rosidl_typesupport_fastrtps_cpp.so
[2.917s] -- Up-to-date: /home/jetson/Final_assignment/EmbeddedVisualControl/src/install/jetson_interfaces/include/jetson_interfaces
[2.917s] -- Up-to-date: /home/jetson/Final_assignment/EmbeddedVisualControl/src/install/jetson_interfaces/include/jetson_interfaces/msg
[2.924s] -- Up-to-date: /home/jetson/Final_assignment/EmbeddedVisualControl/src/install/jetson_interfaces/include/jetson_interfaces/msg/detail
[2.925s] -- Up-to-date: /home/jetson/Final_assignment/EmbeddedVisualControl/src/install/jetson_interfaces/include/jetson_interfaces/msg/detail/dual_image__type_support.c
[2.925s] -- Up-to-date: /home/jetson/Final_assignment/EmbeddedVisualControl/src/install/jetson_interfaces/include/jetson_interfaces/msg/detail/dual_image__rosidl_typesupport_introspection_c.h
[2.926s] -- Up-to-date: /home/jetson/Final_assignment/EmbeddedVisualControl/src/install/jetson_interfaces/include/jetson_interfaces/msg/rosidl_typesupport_introspection_c__visibility_control.h
[2.927s] -- Up-to-date: /home/jetson/Final_assignment/EmbeddedVisualControl/src/install/jetson_interfaces/lib/libjetson_interfaces__rosidl_typesupport_introspection_c.so
[2.927s] -- Up-to-date: /home/jetson/Final_assignment/EmbeddedVisualControl/src/install/jetson_interfaces/lib/libjetson_interfaces__rosidl_typesupport_c.so
[2.928s] -- Up-to-date: /home/jetson/Final_assignment/EmbeddedVisualControl/src/install/jetson_interfaces/include/jetson_interfaces
[2.929s] -- Up-to-date: /home/jetson/Final_assignment/EmbeddedVisualControl/src/install/jetson_interfaces/include/jetson_interfaces/msg
[2.932s] -- Up-to-date: /home/jetson/Final_assignment/EmbeddedVisualControl/src/install/jetson_interfaces/include/jetson_interfaces/msg/detail
[2.932s] -- Up-to-date: /home/jetson/Final_assignment/EmbeddedVisualControl/src/install/jetson_interfaces/include/jetson_interfaces/msg/detail/dual_image__type_support.hpp
[2.933s] -- Up-to-date: /home/jetson/Final_assignment/EmbeddedVisualControl/src/install/jetson_interfaces/include/jetson_interfaces/msg/detail/dual_image__traits.hpp
[2.933s] -- Up-to-date: /home/jetson/Final_assignment/EmbeddedVisualControl/src/install/jetson_interfaces/include/jetson_interfaces/msg/detail/dual_image__struct.hpp
[2.934s] -- Up-to-date: /home/jetson/Final_assignment/EmbeddedVisualControl/src/install/jetson_interfaces/include/jetson_interfaces/msg/detail/dual_image__builder.hpp
[2.934s] -- Up-to-date: /home/jetson/Final_assignment/EmbeddedVisualControl/src/install/jetson_interfaces/include/jetson_interfaces/msg/dual_image.hpp
[2.935s] -- Up-to-date: /home/jetson/Final_assignment/EmbeddedVisualControl/src/install/jetson_interfaces/include/jetson_interfaces/msg/rosidl_generator_cpp__visibility_control.hpp
[2.935s] -- Up-to-date: /home/jetson/Final_assignment/EmbeddedVisualControl/src/install/jetson_interfaces/include/jetson_interfaces
[2.936s] -- Up-to-date: /home/jetson/Final_assignment/EmbeddedVisualControl/src/install/jetson_interfaces/include/jetson_interfaces/msg
[2.936s] -- Up-to-date: /home/jetson/Final_assignment/EmbeddedVisualControl/src/install/jetson_interfaces/include/jetson_interfaces/msg/detail
[2.937s] -- Up-to-date: /home/jetson/Final_assignment/EmbeddedVisualControl/src/install/jetson_interfaces/include/jetson_interfaces/msg/detail/dual_image__type_support.cpp
[2.937s] -- Up-to-date: /home/jetson/Final_assignment/EmbeddedVisualControl/src/install/jetson_interfaces/include/jetson_interfaces/msg/detail/dual_image__rosidl_typesupport_introspection_cpp.hpp
[2.938s] -- Up-to-date: /home/jetson/Final_assignment/EmbeddedVisualControl/src/install/jetson_interfaces/lib/libjetson_interfaces__rosidl_typesupport_introspection_cpp.so
[2.938s] -- Up-to-date: /home/jetson/Final_assignment/EmbeddedVisualControl/src/install/jetson_interfaces/lib/libjetson_interfaces__rosidl_typesupport_cpp.so
[2.939s] -- Up-to-date: /home/jetson/Final_assignment/EmbeddedVisualControl/src/install/jetson_interfaces/share/jetson_interfaces/environment/pythonpath.sh
[2.939s] -- Up-to-date: /home/jetson/Final_assignment/EmbeddedVisualControl/src/install/jetson_interfaces/share/jetson_interfaces/environment/pythonpath.dsv
[2.939s] -- Up-to-date: /home/jetson/Final_assignment/EmbeddedVisualControl/src/install/jetson_interfaces/lib/python3.8/site-packages/jetson_interfaces/__init__.py
[3.124s] -- Up-to-date: /home/jetson/Final_assignment/EmbeddedVisualControl/src/install/jetson_interfaces/lib/python3.8/site-packages/jetson_interfaces/msg
[3.125s] -- Up-to-date: /home/jetson/Final_assignment/EmbeddedVisualControl/src/install/jetson_interfaces/lib/python3.8/site-packages/jetson_interfaces/msg/_dual_image.py
[3.126s] -- Up-to-date: /home/jetson/Final_assignment/EmbeddedVisualControl/src/install/jetson_interfaces/lib/python3.8/site-packages/jetson_interfaces/msg/_dual_image_s.c
[3.126s] -- Up-to-date: /home/jetson/Final_assignment/EmbeddedVisualControl/src/install/jetson_interfaces/lib/python3.8/site-packages/jetson_interfaces/msg/__init__.py
[3.127s] -- Up-to-date: /home/jetson/Final_assignment/EmbeddedVisualControl/src/install/jetson_interfaces/lib/python3.8/site-packages/jetson_interfaces/jetson_interfaces_s__rosidl_typesupport_fastrtps_c.cpython-38-aarch64-linux-gnu.so
[3.128s] -- Up-to-date: /home/jetson/Final_assignment/EmbeddedVisualControl/src/install/jetson_interfaces/lib/python3.8/site-packages/jetson_interfaces/jetson_interfaces_s__rosidl_typesupport_introspection_c.cpython-38-aarch64-linux-gnu.so
[3.138s] -- Up-to-date: /home/jetson/Final_assignment/EmbeddedVisualControl/src/install/jetson_interfaces/lib/python3.8/site-packages/jetson_interfaces/jetson_interfaces_s__rosidl_typesupport_c.cpython-38-aarch64-linux-gnu.so
[3.145s] -- Up-to-date: /home/jetson/Final_assignment/EmbeddedVisualControl/src/install/jetson_interfaces/lib/libjetson_interfaces__python.so
[3.148s] -- Up-to-date: /home/jetson/Final_assignment/EmbeddedVisualControl/src/install/jetson_interfaces/share/jetson_interfaces/msg/DualImage.idl
[3.150s] -- Up-to-date: /home/jetson/Final_assignment/EmbeddedVisualControl/src/install/jetson_interfaces/share/jetson_interfaces/msg/DualImage.msg
[3.154s] -- Up-to-date: /home/jetson/Final_assignment/EmbeddedVisualControl/src/install/jetson_interfaces/share/ament_index/resource_index/package_run_dependencies/jetson_interfaces
[3.154s] -- Up-to-date: /home/jetson/Final_assignment/EmbeddedVisualControl/src/install/jetson_interfaces/share/ament_index/resource_index/parent_prefix_path/jetson_interfaces
[3.158s] -- Up-to-date: /home/jetson/Final_assignment/EmbeddedVisualControl/src/install/jetson_interfaces/share/jetson_interfaces/environment/ament_prefix_path.sh
[3.163s] -- Up-to-date: /home/jetson/Final_assignment/EmbeddedVisualControl/src/install/jetson_interfaces/share/jetson_interfaces/environment/ament_prefix_path.dsv
[3.186s] -- Up-to-date: /home/jetson/Final_assignment/EmbeddedVisualControl/src/install/jetson_interfaces/share/jetson_interfaces/environment/path.sh
[3.194s] -- Up-to-date: /home/jetson/Final_assignment/EmbeddedVisualControl/src/install/jetson_interfaces/share/jetson_interfaces/environment/path.dsv
[3.196s] -- Up-to-date: /home/jetson/Final_assignment/EmbeddedVisualControl/src/install/jetson_interfaces/share/jetson_interfaces/local_setup.bash
[3.197s] -- Up-to-date: /home/jetson/Final_assignment/EmbeddedVisualControl/src/install/jetson_interfaces/share/jetson_interfaces/local_setup.sh
[3.197s] -- Up-to-date: /home/jetson/Final_assignment/EmbeddedVisualControl/src/install/jetson_interfaces/share/jetson_interfaces/local_setup.zsh
[3.198s] -- Up-to-date: /home/jetson/Final_assignment/EmbeddedVisualControl/src/install/jetson_interfaces/share/jetson_interfaces/local_setup.dsv
[3.198s] -- Installing: /home/jetson/Final_assignment/EmbeddedVisualControl/src/install/jetson_interfaces/share/jetson_interfaces/package.dsv
[3.199s] -- Up-to-date: /home/jetson/Final_assignment/EmbeddedVisualControl/src/install/jetson_interfaces/share/ament_index/resource_index/packages/jetson_interfaces
[3.200s] -- Up-to-date: /home/jetson/Final_assignment/EmbeddedVisualControl/src/install/jetson_interfaces/share/jetson_interfaces/cmake/jetson_interfaces__rosidl_generator_cExport.cmake
[3.200s] -- Up-to-date: /home/jetson/Final_assignment/EmbeddedVisualControl/src/install/jetson_interfaces/share/jetson_interfaces/cmake/jetson_interfaces__rosidl_generator_cExport-noconfig.cmake
[3.201s] -- Up-to-date: /home/jetson/Final_assignment/EmbeddedVisualControl/src/install/jetson_interfaces/share/jetson_interfaces/cmake/jetson_interfaces__rosidl_typesupport_introspection_cExport.cmake
[3.201s] -- Up-to-date: /home/jetson/Final_assignment/EmbeddedVisualControl/src/install/jetson_interfaces/share/jetson_interfaces/cmake/jetson_interfaces__rosidl_typesupport_introspection_cExport-noconfig.cmake
[3.202s] -- Up-to-date: /home/jetson/Final_assignment/EmbeddedVisualControl/src/install/jetson_interfaces/share/jetson_interfaces/cmake/jetson_interfaces__rosidl_typesupport_cExport.cmake
[3.202s] -- Up-to-date: /home/jetson/Final_assignment/EmbeddedVisualControl/src/install/jetson_interfaces/share/jetson_interfaces/cmake/jetson_interfaces__rosidl_typesupport_cExport-noconfig.cmake
[3.203s] -- Up-to-date: /home/jetson/Final_assignment/EmbeddedVisualControl/src/install/jetson_interfaces/share/jetson_interfaces/cmake/jetson_interfaces__rosidl_generator_cppExport.cmake
[3.203s] -- Up-to-date: /home/jetson/Final_assignment/EmbeddedVisualControl/src/install/jetson_interfaces/share/jetson_interfaces/cmake/jetson_interfaces__rosidl_typesupport_introspection_cppExport.cmake
[3.204s] -- Up-to-date: /home/jetson/Final_assignment/EmbeddedVisualControl/src/install/jetson_interfaces/share/jetson_interfaces/cmake/jetson_interfaces__rosidl_typesupport_introspection_cppExport-noconfig.cmake
[3.204s] -- Up-to-date: /home/jetson/Final_assignment/EmbeddedVisualControl/src/install/jetson_interfaces/share/jetson_interfaces/cmake/jetson_interfaces__rosidl_typesupport_cppExport.cmake
[3.204s] -- Up-to-date: /home/jetson/Final_assignment/EmbeddedVisualControl/src/install/jetson_interfaces/share/jetson_interfaces/cmake/jetson_interfaces__rosidl_typesupport_cppExport-noconfig.cmake
[3.217s] -- Up-to-date: /home/jetson/Final_assignment/EmbeddedVisualControl/src/install/jetson_interfaces/share/jetson_interfaces/cmake/rosidl_cmake-extras.cmake
[3.218s] -- Up-to-date: /home/jetson/Final_assignment/EmbeddedVisualControl/src/install/jetson_interfaces/share/jetson_interfaces/cmake/ament_cmake_export_dependencies-extras.cmake
[3.220s] -- Up-to-date: /home/jetson/Final_assignment/EmbeddedVisualControl/src/install/jetson_interfaces/share/jetson_interfaces/cmake/ament_cmake_export_libraries-extras.cmake
[3.220s] -- Up-to-date: /home/jetson/Final_assignment/EmbeddedVisualControl/src/install/jetson_interfaces/share/jetson_interfaces/cmake/ament_cmake_export_targets-extras.cmake
[3.221s] -- Up-to-date: /home/jetson/Final_assignment/EmbeddedVisualControl/src/install/jetson_interfaces/share/jetson_interfaces/cmake/ament_cmake_export_include_directories-extras.cmake
[3.221s] -- Up-to-date: /home/jetson/Final_assignment/EmbeddedVisualControl/src/install/jetson_interfaces/share/jetson_interfaces/cmake/rosidl_cmake_export_typesupport_libraries-extras.cmake
[3.222s] -- Up-to-date: /home/jetson/Final_assignment/EmbeddedVisualControl/src/install/jetson_interfaces/share/jetson_interfaces/cmake/rosidl_cmake_export_typesupport_targets-extras.cmake
[3.222s] -- Up-to-date: /home/jetson/Final_assignment/EmbeddedVisualControl/src/install/jetson_interfaces/share/jetson_interfaces/cmake/jetson_interfacesConfig.cmake
[3.223s] -- Up-to-date: /home/jetson/Final_assignment/EmbeddedVisualControl/src/install/jetson_interfaces/share/jetson_interfaces/cmake/jetson_interfacesConfig-version.cmake
[3.223s] -- Up-to-date: /home/jetson/Final_assignment/EmbeddedVisualControl/src/install/jetson_interfaces/share/jetson_interfaces/package.xml
[3.224s] Invoked command in '/home/jetson/Final_assignment/EmbeddedVisualControl/src/build/jetson_interfaces' returned '0': CMAKE_PREFIX_PATH=${CMAKE_PREFIX_PATH}:/home/jetson/Final_assignment/EmbeddedVisualControl/src/install/jetson_camera:/opt/ros/foxy /usr/bin/cmake --install /home/jetson/Final_assignment/EmbeddedVisualControl/src/build/jetson_interfaces
