[10.158s] Invoking command in '/home/jetson/EVC/workshops/vision_ws/src/jetson_camera': PYTHONPATH=/home/jetson/EVC/workshops/vision_ws/build/jetson_camera/prefix_override:/usr/lib/python3/dist-packages/colcon_core/task/python/colcon_distutils_commands:/home/jetson/EVC/workshops/vision_ws/install/jetson_camera/lib/python3.8/site-packages:${PYTHONPATH} /usr/bin/python3 -W ignore:setup.py install is deprecated -W ignore:easy_install command is deprecated setup.py egg_info --egg-base ../../build/jetson_camera build --build-base /home/jetson/EVC/workshops/vision_ws/build/jetson_camera/build install --record /home/jetson/EVC/workshops/vision_ws/build/jetson_camera/install.log --single-version-externally-managed install_data
[14.146s] running egg_info
[14.154s] writing ../../build/jetson_camera/jetson_camera.egg-info/PKG-INFO
[14.158s] writing dependency_links to ../../build/jetson_camera/jetson_camera.egg-info/dependency_links.txt
[14.161s] writing entry points to ../../build/jetson_camera/jetson_camera.egg-info/entry_points.txt
[14.163s] writing requirements to ../../build/jetson_camera/jetson_camera.egg-info/requires.txt
[14.164s] writing top-level names to ../../build/jetson_camera/jetson_camera.egg-info/top_level.txt
[14.204s] reading manifest file '../../build/jetson_camera/jetson_camera.egg-info/SOURCES.txt'
[14.221s] writing manifest file '../../build/jetson_camera/jetson_camera.egg-info/SOURCES.txt'
[14.223s] running build
[14.225s] running build_py
[14.227s] running install
[14.237s] running install_lib
[14.256s] running install_data
[14.260s] running install_egg_info
[14.282s] removing '/home/jetson/EVC/workshops/vision_ws/install/jetson_camera/lib/python3.8/site-packages/jetson_camera-0.0.0-py3.8.egg-info' (and everything under it)
[14.286s] Copying ../../build/jetson_camera/jetson_camera.egg-info to /home/jetson/EVC/workshops/vision_ws/install/jetson_camera/lib/python3.8/site-packages/jetson_camera-0.0.0-py3.8.egg-info
[14.305s] running install_scripts
[14.588s] Installing publisher_node script to /home/jetson/EVC/workshops/vision_ws/install/jetson_camera/lib/jetson_camera
[14.596s] Installing subscriber_node script to /home/jetson/EVC/workshops/vision_ws/install/jetson_camera/lib/jetson_camera
[14.602s] writing list of installed files to '/home/jetson/EVC/workshops/vision_ws/build/jetson_camera/install.log'
[14.840s] Invoked command in '/home/jetson/EVC/workshops/vision_ws/src/jetson_camera' returned '0': PYTHONPATH=/home/jetson/EVC/workshops/vision_ws/build/jetson_camera/prefix_override:/usr/lib/python3/dist-packages/colcon_core/task/python/colcon_distutils_commands:/home/jetson/EVC/workshops/vision_ws/install/jetson_camera/lib/python3.8/site-packages:${PYTHONPATH} /usr/bin/python3 -W ignore:setup.py install is deprecated -W ignore:easy_install command is deprecated setup.py egg_info --egg-base ../../build/jetson_camera build --build-base /home/jetson/EVC/workshops/vision_ws/build/jetson_camera/build install --record /home/jetson/EVC/workshops/vision_ws/build/jetson_camera/install.log --single-version-externally-managed install_data
