[0.839s] DEBUG:colcon:Command line arguments: ['/usr/bin/colcon', 'build']
[0.839s] DEBUG:colcon:Parsed command line arguments: Namespace(allow_overriding=[], ament_cmake_args=None, base_paths=['.'], build_base='build', catkin_cmake_args=None, catkin_skip_building_tests=False, cmake_args=None, cmake_clean_cache=False, cmake_clean_first=False, cmake_force_configure=False, cmake_target=None, cmake_target_skip_unavailable=False, continue_on_error=False, event_handlers=None, executor='parallel', ignore_user_meta=False, install_base='install', log_base=None, log_level=None, main=<bound method BuildVerb.main of <colcon_core.verb.build.BuildVerb object at 0x7fa374e430>>, merge_install=False, metas=['./colcon.meta'], packages_above=None, packages_above_and_dependencies=None, packages_above_depth=None, packages_end=None, packages_ignore=None, packages_ignore_regex=None, packages_select=None, packages_select_build_failed=False, packages_select_by_dep=None, packages_select_regex=None, packages_select_test_failures=False, packages_skip=None, packages_skip_build_finished=False, packages_skip_by_dep=None, packages_skip_regex=None, packages_skip_test_passed=False, packages_skip_up_to=None, packages_start=None, packages_up_to=None, packages_up_to_regex=None, parallel_workers=4, paths=None, symlink_install=False, test_result_base=None, verb_extension=<colcon_core.verb.build.BuildVerb object at 0x7fa374e430>, verb_name='build', verb_parser=<colcon_defaults.argument_parser.defaults.DefaultArgumentsDecorator object at 0x7fa36d8550>)
[1.679s] Level 1:colcon.colcon_core.package_discovery:discover_packages(colcon_meta) check parameters
[1.680s] Level 1:colcon.colcon_core.package_discovery:discover_packages(recursive) check parameters
[1.680s] Level 1:colcon.colcon_core.package_discovery:discover_packages(ignore) check parameters
[1.680s] Level 1:colcon.colcon_core.package_discovery:discover_packages(path) check parameters
[1.680s] Level 1:colcon.colcon_core.package_discovery:discover_packages(colcon_meta) discover
[1.681s] Level 1:colcon.colcon_core.package_discovery:discover_packages(recursive) discover
[1.681s] INFO:colcon.colcon_core.package_discovery:Crawling recursively for packages in '/home/jetson/Final_assignment/EmbeddedVisualControl/src'
[1.681s] Level 1:colcon.colcon_core.package_identification:_identify(.) by extensions ['ignore', 'ignore_ament_install']
[1.682s] Level 1:colcon.colcon_core.package_identification:_identify(.) by extension 'ignore'
[1.682s] Level 1:colcon.colcon_core.package_identification:_identify(.) by extension 'ignore_ament_install'
[1.682s] Level 1:colcon.colcon_core.package_identification:_identify(.) by extensions ['colcon_pkg']
[1.683s] Level 1:colcon.colcon_core.package_identification:_identify(.) by extension 'colcon_pkg'
[1.683s] Level 1:colcon.colcon_core.package_identification:_identify(.) by extensions ['colcon_meta']
[1.683s] Level 1:colcon.colcon_core.package_identification:_identify(.) by extension 'colcon_meta'
[1.683s] Level 1:colcon.colcon_core.package_identification:_identify(.) by extensions ['ros']
[1.683s] Level 1:colcon.colcon_core.package_identification:_identify(.) by extension 'ros'
[1.730s] Level 1:colcon.colcon_core.package_identification:_identify(.) by extensions ['cmake', 'python']
[1.730s] Level 1:colcon.colcon_core.package_identification:_identify(.) by extension 'cmake'
[1.731s] Level 1:colcon.colcon_core.package_identification:_identify(.) by extension 'python'
[1.731s] Level 1:colcon.colcon_core.package_identification:_identify(.) by extensions ['python_setup_py']
[1.731s] Level 1:colcon.colcon_core.package_identification:_identify(.) by extension 'python_setup_py'
[1.732s] Level 1:colcon.colcon_core.package_identification:_identify(build) by extensions ['ignore', 'ignore_ament_install']
[1.732s] Level 1:colcon.colcon_core.package_identification:_identify(build) by extension 'ignore'
[1.732s] Level 1:colcon.colcon_core.package_identification:_identify(build) ignored
[1.733s] Level 1:colcon.colcon_core.package_identification:_identify(install) by extensions ['ignore', 'ignore_ament_install']
[1.733s] Level 1:colcon.colcon_core.package_identification:_identify(install) by extension 'ignore'
[1.733s] Level 1:colcon.colcon_core.package_identification:_identify(install) ignored
[1.734s] Level 1:colcon.colcon_core.package_identification:_identify(jetson_camera) by extensions ['ignore', 'ignore_ament_install']
[1.734s] Level 1:colcon.colcon_core.package_identification:_identify(jetson_camera) by extension 'ignore'
[1.734s] Level 1:colcon.colcon_core.package_identification:_identify(jetson_camera) by extension 'ignore_ament_install'
[1.735s] Level 1:colcon.colcon_core.package_identification:_identify(jetson_camera) by extensions ['colcon_pkg']
[1.735s] Level 1:colcon.colcon_core.package_identification:_identify(jetson_camera) by extension 'colcon_pkg'
[1.735s] Level 1:colcon.colcon_core.package_identification:_identify(jetson_camera) by extensions ['colcon_meta']
[1.735s] Level 1:colcon.colcon_core.package_identification:_identify(jetson_camera) by extension 'colcon_meta'
[1.735s] Level 1:colcon.colcon_core.package_identification:_identify(jetson_camera) by extensions ['ros']
[1.735s] Level 1:colcon.colcon_core.package_identification:_identify(jetson_camera) by extension 'ros'
[1.748s] DEBUG:colcon.colcon_core.package_identification:Package 'jetson_camera' with type 'ros.ament_python' and name 'jetson_camera'
[1.749s] Level 1:colcon.colcon_core.package_identification:_identify(jetson_interfaces) by extensions ['ignore', 'ignore_ament_install']
[1.750s] Level 1:colcon.colcon_core.package_identification:_identify(jetson_interfaces) by extension 'ignore'
[1.750s] Level 1:colcon.colcon_core.package_identification:_identify(jetson_interfaces) by extension 'ignore_ament_install'
[1.750s] Level 1:colcon.colcon_core.package_identification:_identify(jetson_interfaces) by extensions ['colcon_pkg']
[1.751s] Level 1:colcon.colcon_core.package_identification:_identify(jetson_interfaces) by extension 'colcon_pkg'
[1.751s] Level 1:colcon.colcon_core.package_identification:_identify(jetson_interfaces) by extensions ['colcon_meta']
[1.751s] Level 1:colcon.colcon_core.package_identification:_identify(jetson_interfaces) by extension 'colcon_meta'
[1.751s] Level 1:colcon.colcon_core.package_identification:_identify(jetson_interfaces) by extensions ['ros']
[1.752s] Level 1:colcon.colcon_core.package_identification:_identify(jetson_interfaces) by extension 'ros'
[1.755s] DEBUG:colcon.colcon_core.package_identification:Package 'jetson_interfaces' with type 'ros.ament_cmake' and name 'jetson_interfaces'
[1.755s] Level 1:colcon.colcon_core.package_identification:_identify(log) by extensions ['ignore', 'ignore_ament_install']
[1.756s] Level 1:colcon.colcon_core.package_identification:_identify(log) by extension 'ignore'
[1.756s] Level 1:colcon.colcon_core.package_identification:_identify(log) ignored
[1.756s] Level 1:colcon.colcon_core.package_discovery:discover_packages(recursive) using defaults
[1.757s] Level 1:colcon.colcon_core.package_discovery:discover_packages(ignore) discover
[1.757s] Level 1:colcon.colcon_core.package_discovery:discover_packages(ignore) using defaults
[1.757s] Level 1:colcon.colcon_core.package_discovery:discover_packages(path) discover
[1.757s] Level 1:colcon.colcon_core.package_discovery:discover_packages(path) using defaults
[1.883s] Level 1:colcon.colcon_core.package_discovery:discover_packages(prefix_path) check parameters
[1.883s] Level 1:colcon.colcon_core.package_discovery:discover_packages(prefix_path) discover
[1.891s] DEBUG:colcon.colcon_installed_package_information.package_discovery:Found 2 installed packages in /home/jetson/Final_assignment/EmbeddedVisualControl/src/install
[1.896s] DEBUG:colcon.colcon_installed_package_information.package_discovery:Found 191 installed packages in /opt/ros/foxy
[1.903s] Level 1:colcon.colcon_core.package_discovery:discover_packages(prefix_path) using defaults
[2.113s] Level 5:colcon.colcon_core.verb:set package 'jetson_camera' build argument 'cmake_args' from command line to 'None'
[2.113s] Level 5:colcon.colcon_core.verb:set package 'jetson_camera' build argument 'cmake_target' from command line to 'None'
[2.113s] Level 5:colcon.colcon_core.verb:set package 'jetson_camera' build argument 'cmake_target_skip_unavailable' from command line to 'False'
[2.114s] Level 5:colcon.colcon_core.verb:set package 'jetson_camera' build argument 'cmake_clean_cache' from command line to 'False'
[2.114s] Level 5:colcon.colcon_core.verb:set package 'jetson_camera' build argument 'cmake_clean_first' from command line to 'False'
[2.114s] Level 5:colcon.colcon_core.verb:set package 'jetson_camera' build argument 'cmake_force_configure' from command line to 'False'
[2.114s] Level 5:colcon.colcon_core.verb:set package 'jetson_camera' build argument 'ament_cmake_args' from command line to 'None'
[2.114s] Level 5:colcon.colcon_core.verb:set package 'jetson_camera' build argument 'catkin_cmake_args' from command line to 'None'
[2.114s] Level 5:colcon.colcon_core.verb:set package 'jetson_camera' build argument 'catkin_skip_building_tests' from command line to 'False'
[2.115s] DEBUG:colcon.colcon_core.verb:Building package 'jetson_camera' with the following arguments: {'ament_cmake_args': None, 'build_base': '/home/jetson/Final_assignment/EmbeddedVisualControl/src/build/jetson_camera', 'catkin_cmake_args': None, 'catkin_skip_building_tests': False, 'cmake_args': None, 'cmake_clean_cache': False, 'cmake_clean_first': False, 'cmake_force_configure': False, 'cmake_target': None, 'cmake_target_skip_unavailable': False, 'install_base': '/home/jetson/Final_assignment/EmbeddedVisualControl/src/install/jetson_camera', 'merge_install': False, 'path': '/home/jetson/Final_assignment/EmbeddedVisualControl/src/jetson_camera', 'symlink_install': False, 'test_result_base': None}
[2.116s] Level 5:colcon.colcon_core.verb:set package 'jetson_interfaces' build argument 'cmake_args' from command line to 'None'
[2.116s] Level 5:colcon.colcon_core.verb:set package 'jetson_interfaces' build argument 'cmake_target' from command line to 'None'
[2.116s] Level 5:colcon.colcon_core.verb:set package 'jetson_interfaces' build argument 'cmake_target_skip_unavailable' from command line to 'False'
[2.116s] Level 5:colcon.colcon_core.verb:set package 'jetson_interfaces' build argument 'cmake_clean_cache' from command line to 'False'
[2.116s] Level 5:colcon.colcon_core.verb:set package 'jetson_interfaces' build argument 'cmake_clean_first' from command line to 'False'
[2.117s] Level 5:colcon.colcon_core.verb:set package 'jetson_interfaces' build argument 'cmake_force_configure' from command line to 'False'
[2.117s] Level 5:colcon.colcon_core.verb:set package 'jetson_interfaces' build argument 'ament_cmake_args' from command line to 'None'
[2.117s] Level 5:colcon.colcon_core.verb:set package 'jetson_interfaces' build argument 'catkin_cmake_args' from command line to 'None'
[2.117s] Level 5:colcon.colcon_core.verb:set package 'jetson_interfaces' build argument 'catkin_skip_building_tests' from command line to 'False'
[2.117s] DEBUG:colcon.colcon_core.verb:Building package 'jetson_interfaces' with the following arguments: {'ament_cmake_args': None, 'build_base': '/home/jetson/Final_assignment/EmbeddedVisualControl/src/build/jetson_interfaces', 'catkin_cmake_args': None, 'catkin_skip_building_tests': False, 'cmake_args': None, 'cmake_clean_cache': False, 'cmake_clean_first': False, 'cmake_force_configure': False, 'cmake_target': None, 'cmake_target_skip_unavailable': False, 'install_base': '/home/jetson/Final_assignment/EmbeddedVisualControl/src/install/jetson_interfaces', 'merge_install': False, 'path': '/home/jetson/Final_assignment/EmbeddedVisualControl/src/jetson_interfaces', 'symlink_install': False, 'test_result_base': None}
[2.118s] INFO:colcon.colcon_core.executor:Executing jobs using 'parallel' executor
[2.121s] DEBUG:colcon.colcon_parallel_executor.executor.parallel:run_until_complete
[2.122s] INFO:colcon.colcon_ros.task.ament_python.build:Building ROS package in '/home/jetson/Final_assignment/EmbeddedVisualControl/src/jetson_camera' with build type 'ament_python'
[2.123s] Level 1:colcon.colcon_core.shell:create_environment_hook('jetson_camera', 'ament_prefix_path')
[2.132s] INFO:colcon.colcon_core.plugin_system:Skipping extension 'colcon_core.shell.bat': Not used on non-Windows systems
[2.132s] INFO:colcon.colcon_core.shell:Creating environment hook '/home/jetson/Final_assignment/EmbeddedVisualControl/src/install/jetson_camera/share/jetson_camera/hook/ament_prefix_path.ps1'
[2.135s] INFO:colcon.colcon_core.shell:Creating environment descriptor '/home/jetson/Final_assignment/EmbeddedVisualControl/src/install/jetson_camera/share/jetson_camera/hook/ament_prefix_path.dsv'
[2.137s] INFO:colcon.colcon_core.shell:Creating environment hook '/home/jetson/Final_assignment/EmbeddedVisualControl/src/install/jetson_camera/share/jetson_camera/hook/ament_prefix_path.sh'
[2.140s] INFO:colcon.colcon_core.shell:Skip shell extension 'powershell' for command environment: Not usable outside of PowerShell
[2.140s] DEBUG:colcon.colcon_core.shell:Skip shell extension 'dsv' for command environment
[2.161s] INFO:colcon.colcon_ros.task.ament_cmake.build:Building ROS package in '/home/jetson/Final_assignment/EmbeddedVisualControl/src/jetson_interfaces' with build type 'ament_cmake'
[2.162s] INFO:colcon.colcon_cmake.task.cmake.build:Building CMake package in '/home/jetson/Final_assignment/EmbeddedVisualControl/src/jetson_interfaces'
[2.164s] INFO:colcon.colcon_core.shell:Skip shell extension 'powershell' for command environment: Not usable outside of PowerShell
[2.165s] DEBUG:colcon.colcon_core.shell:Skip shell extension 'dsv' for command environment
[3.374s] INFO:colcon.colcon_core.task.python.build:Building Python package in '/home/jetson/Final_assignment/EmbeddedVisualControl/src/jetson_camera'
[3.375s] INFO:colcon.colcon_core.shell:Skip shell extension 'powershell' for command environment: Not usable outside of PowerShell
[3.376s] DEBUG:colcon.colcon_core.shell:Skip shell extension 'dsv' for command environment
[3.409s] DEBUG:colcon.colcon_core.event_handler.log_command:Invoking command in '/home/jetson/Final_assignment/EmbeddedVisualControl/src/build/jetson_interfaces': CMAKE_PREFIX_PATH=${CMAKE_PREFIX_PATH}:/home/jetson/Final_assignment/EmbeddedVisualControl/src/install/jetson_camera:/opt/ros/foxy /usr/bin/cmake --build /home/jetson/Final_assignment/EmbeddedVisualControl/src/build/jetson_interfaces -- -j4 -l4
[4.673s] DEBUG:colcon.colcon_core.event_handler.log_command:Invoked command in '/home/jetson/Final_assignment/EmbeddedVisualControl/src/build/jetson_interfaces' returned '0': CMAKE_PREFIX_PATH=${CMAKE_PREFIX_PATH}:/home/jetson/Final_assignment/EmbeddedVisualControl/src/install/jetson_camera:/opt/ros/foxy /usr/bin/cmake --build /home/jetson/Final_assignment/EmbeddedVisualControl/src/build/jetson_interfaces -- -j4 -l4
[4.714s] DEBUG:colcon.colcon_core.event_handler.log_command:Invoking command in '/home/jetson/Final_assignment/EmbeddedVisualControl/src/build/jetson_interfaces': CMAKE_PREFIX_PATH=${CMAKE_PREFIX_PATH}:/home/jetson/Final_assignment/EmbeddedVisualControl/src/install/jetson_camera:/opt/ros/foxy /usr/bin/cmake --install /home/jetson/Final_assignment/EmbeddedVisualControl/src/build/jetson_interfaces
[4.978s] Level 1:colcon.colcon_core.environment:create_environment_scripts_only(jetson_interfaces)
[5.011s] DEBUG:colcon.colcon_core.event_handler.log_command:Invoked command in '/home/jetson/Final_assignment/EmbeddedVisualControl/src/build/jetson_interfaces' returned '0': CMAKE_PREFIX_PATH=${CMAKE_PREFIX_PATH}:/home/jetson/Final_assignment/EmbeddedVisualControl/src/install/jetson_camera:/opt/ros/foxy /usr/bin/cmake --install /home/jetson/Final_assignment/EmbeddedVisualControl/src/build/jetson_interfaces
[5.017s] Level 1:colcon.colcon_core.environment:checking '/home/jetson/Final_assignment/EmbeddedVisualControl/src/install/jetson_interfaces' for CMake module files
[5.025s] Level 1:colcon.colcon_core.environment:checking '/home/jetson/Final_assignment/EmbeddedVisualControl/src/install/jetson_interfaces' for CMake config files
[5.040s] Level 1:colcon.colcon_core.shell:create_environment_hook('jetson_interfaces', 'cmake_prefix_path')
[5.051s] INFO:colcon.colcon_core.shell:Creating environment hook '/home/jetson/Final_assignment/EmbeddedVisualControl/src/install/jetson_interfaces/share/jetson_interfaces/hook/cmake_prefix_path.ps1'
[5.054s] INFO:colcon.colcon_core.shell:Creating environment descriptor '/home/jetson/Final_assignment/EmbeddedVisualControl/src/install/jetson_interfaces/share/jetson_interfaces/hook/cmake_prefix_path.dsv'
[5.056s] INFO:colcon.colcon_core.shell:Creating environment hook '/home/jetson/Final_assignment/EmbeddedVisualControl/src/install/jetson_interfaces/share/jetson_interfaces/hook/cmake_prefix_path.sh'
[5.060s] Level 1:colcon.colcon_core.environment:checking '/home/jetson/Final_assignment/EmbeddedVisualControl/src/install/jetson_interfaces/lib'
[5.065s] Level 1:colcon.colcon_core.shell:create_environment_hook('jetson_interfaces', 'ld_library_path_lib')
[5.066s] INFO:colcon.colcon_core.shell:Creating environment hook '/home/jetson/Final_assignment/EmbeddedVisualControl/src/install/jetson_interfaces/share/jetson_interfaces/hook/ld_library_path_lib.ps1'
[5.069s] INFO:colcon.colcon_core.shell:Creating environment descriptor '/home/jetson/Final_assignment/EmbeddedVisualControl/src/install/jetson_interfaces/share/jetson_interfaces/hook/ld_library_path_lib.dsv'
[5.096s] INFO:colcon.colcon_core.shell:Creating environment hook '/home/jetson/Final_assignment/EmbeddedVisualControl/src/install/jetson_interfaces/share/jetson_interfaces/hook/ld_library_path_lib.sh'
[5.099s] Level 1:colcon.colcon_core.environment:checking '/home/jetson/Final_assignment/EmbeddedVisualControl/src/install/jetson_interfaces/bin'
[5.100s] Level 1:colcon.colcon_core.environment:checking '/home/jetson/Final_assignment/EmbeddedVisualControl/src/install/jetson_interfaces/lib/pkgconfig/jetson_interfaces.pc'
[5.101s] Level 1:colcon.colcon_core.environment:checking '/home/jetson/Final_assignment/EmbeddedVisualControl/src/install/jetson_interfaces/lib/python3.8/site-packages'
[5.102s] Level 1:colcon.colcon_core.shell:create_environment_hook('jetson_interfaces', 'pythonpath')
[5.103s] INFO:colcon.colcon_core.shell:Creating environment hook '/home/jetson/Final_assignment/EmbeddedVisualControl/src/install/jetson_interfaces/share/jetson_interfaces/hook/pythonpath.ps1'
[5.105s] INFO:colcon.colcon_core.shell:Creating environment descriptor '/home/jetson/Final_assignment/EmbeddedVisualControl/src/install/jetson_interfaces/share/jetson_interfaces/hook/pythonpath.dsv'
[5.108s] INFO:colcon.colcon_core.shell:Creating environment hook '/home/jetson/Final_assignment/EmbeddedVisualControl/src/install/jetson_interfaces/share/jetson_interfaces/hook/pythonpath.sh'
[5.112s] Level 1:colcon.colcon_core.environment:checking '/home/jetson/Final_assignment/EmbeddedVisualControl/src/install/jetson_interfaces/bin'
[5.114s] INFO:colcon.colcon_core.shell:Creating package script '/home/jetson/Final_assignment/EmbeddedVisualControl/src/install/jetson_interfaces/share/jetson_interfaces/package.ps1'
[5.120s] INFO:colcon.colcon_core.shell:Creating package descriptor '/home/jetson/Final_assignment/EmbeddedVisualControl/src/install/jetson_interfaces/share/jetson_interfaces/package.dsv'
[5.123s] INFO:colcon.colcon_core.shell:Creating package script '/home/jetson/Final_assignment/EmbeddedVisualControl/src/install/jetson_interfaces/share/jetson_interfaces/package.sh'
[5.127s] INFO:colcon.colcon_core.shell:Creating package script '/home/jetson/Final_assignment/EmbeddedVisualControl/src/install/jetson_interfaces/share/jetson_interfaces/package.bash'
[5.131s] INFO:colcon.colcon_core.shell:Creating package script '/home/jetson/Final_assignment/EmbeddedVisualControl/src/install/jetson_interfaces/share/jetson_interfaces/package.zsh'
[5.135s] Level 1:colcon.colcon_core.environment:create_file_with_runtime_dependencies(/home/jetson/Final_assignment/EmbeddedVisualControl/src/install/jetson_interfaces/share/colcon-core/packages/jetson_interfaces)
[5.138s] Level 1:colcon.colcon_core.environment:create_environment_scripts_only(jetson_interfaces)
[5.139s] Level 1:colcon.colcon_core.environment:checking '/home/jetson/Final_assignment/EmbeddedVisualControl/src/install/jetson_interfaces' for CMake module files
[5.144s] Level 1:colcon.colcon_core.environment:checking '/home/jetson/Final_assignment/EmbeddedVisualControl/src/install/jetson_interfaces' for CMake config files
[5.148s] Level 1:colcon.colcon_core.shell:create_environment_hook('jetson_interfaces', 'cmake_prefix_path')
[5.149s] INFO:colcon.colcon_core.shell:Creating environment hook '/home/jetson/Final_assignment/EmbeddedVisualControl/src/install/jetson_interfaces/share/jetson_interfaces/hook/cmake_prefix_path.ps1'
[5.151s] INFO:colcon.colcon_core.shell:Creating environment descriptor '/home/jetson/Final_assignment/EmbeddedVisualControl/src/install/jetson_interfaces/share/jetson_interfaces/hook/cmake_prefix_path.dsv'
[5.153s] INFO:colcon.colcon_core.shell:Creating environment hook '/home/jetson/Final_assignment/EmbeddedVisualControl/src/install/jetson_interfaces/share/jetson_interfaces/hook/cmake_prefix_path.sh'
[5.156s] Level 1:colcon.colcon_core.environment:checking '/home/jetson/Final_assignment/EmbeddedVisualControl/src/install/jetson_interfaces/lib'
[5.156s] Level 1:colcon.colcon_core.shell:create_environment_hook('jetson_interfaces', 'ld_library_path_lib')
[5.158s] INFO:colcon.colcon_core.shell:Creating environment hook '/home/jetson/Final_assignment/EmbeddedVisualControl/src/install/jetson_interfaces/share/jetson_interfaces/hook/ld_library_path_lib.ps1'
[5.160s] INFO:colcon.colcon_core.shell:Creating environment descriptor '/home/jetson/Final_assignment/EmbeddedVisualControl/src/install/jetson_interfaces/share/jetson_interfaces/hook/ld_library_path_lib.dsv'
[5.161s] INFO:colcon.colcon_core.shell:Creating environment hook '/home/jetson/Final_assignment/EmbeddedVisualControl/src/install/jetson_interfaces/share/jetson_interfaces/hook/ld_library_path_lib.sh'
[5.163s] Level 1:colcon.colcon_core.environment:checking '/home/jetson/Final_assignment/EmbeddedVisualControl/src/install/jetson_interfaces/bin'
[5.164s] Level 1:colcon.colcon_core.environment:checking '/home/jetson/Final_assignment/EmbeddedVisualControl/src/install/jetson_interfaces/lib/pkgconfig/jetson_interfaces.pc'
[5.165s] Level 1:colcon.colcon_core.environment:checking '/home/jetson/Final_assignment/EmbeddedVisualControl/src/install/jetson_interfaces/lib/python3.8/site-packages'
[5.165s] Level 1:colcon.colcon_core.shell:create_environment_hook('jetson_interfaces', 'pythonpath')
[5.166s] INFO:colcon.colcon_core.shell:Creating environment hook '/home/jetson/Final_assignment/EmbeddedVisualControl/src/install/jetson_interfaces/share/jetson_interfaces/hook/pythonpath.ps1'
[5.169s] INFO:colcon.colcon_core.shell:Creating environment descriptor '/home/jetson/Final_assignment/EmbeddedVisualControl/src/install/jetson_interfaces/share/jetson_interfaces/hook/pythonpath.dsv'
[5.171s] INFO:colcon.colcon_core.shell:Creating environment hook '/home/jetson/Final_assignment/EmbeddedVisualControl/src/install/jetson_interfaces/share/jetson_interfaces/hook/pythonpath.sh'
[5.175s] Level 1:colcon.colcon_core.environment:checking '/home/jetson/Final_assignment/EmbeddedVisualControl/src/install/jetson_interfaces/bin'
[5.177s] INFO:colcon.colcon_core.shell:Creating package script '/home/jetson/Final_assignment/EmbeddedVisualControl/src/install/jetson_interfaces/share/jetson_interfaces/package.ps1'
[5.181s] INFO:colcon.colcon_core.shell:Creating package descriptor '/home/jetson/Final_assignment/EmbeddedVisualControl/src/install/jetson_interfaces/share/jetson_interfaces/package.dsv'
[5.184s] INFO:colcon.colcon_core.shell:Creating package script '/home/jetson/Final_assignment/EmbeddedVisualControl/src/install/jetson_interfaces/share/jetson_interfaces/package.sh'
[5.187s] INFO:colcon.colcon_core.shell:Creating package script '/home/jetson/Final_assignment/EmbeddedVisualControl/src/install/jetson_interfaces/share/jetson_interfaces/package.bash'
[5.190s] INFO:colcon.colcon_core.shell:Creating package script '/home/jetson/Final_assignment/EmbeddedVisualControl/src/install/jetson_interfaces/share/jetson_interfaces/package.zsh'
[5.193s] Level 1:colcon.colcon_core.environment:create_file_with_runtime_dependencies(/home/jetson/Final_assignment/EmbeddedVisualControl/src/install/jetson_interfaces/share/colcon-core/packages/jetson_interfaces)
[5.323s] DEBUG:colcon.colcon_core.event_handler.log_command:Invoking command in '/home/jetson/Final_assignment/EmbeddedVisualControl/src/jetson_camera': PYTHONPATH=/home/jetson/Final_assignment/EmbeddedVisualControl/src/build/jetson_camera/prefix_override:/usr/lib/python3/dist-packages/colcon_core/task/python/colcon_distutils_commands:/home/jetson/Final_assignment/EmbeddedVisualControl/src/install/jetson_camera/lib/python3.8/site-packages:${PYTHONPATH} /usr/bin/python3 -W ignore:setup.py install is deprecated -W ignore:easy_install command is deprecated setup.py egg_info --egg-base ../build/jetson_camera build --build-base /home/jetson/Final_assignment/EmbeddedVisualControl/src/build/jetson_camera/build install --record /home/jetson/Final_assignment/EmbeddedVisualControl/src/build/jetson_camera/install.log --single-version-externally-managed install_data
[6.660s] Level 1:colcon.colcon_core.environment:checking '/home/jetson/Final_assignment/EmbeddedVisualControl/src/install/jetson_camera' for CMake module files
[6.663s] DEBUG:colcon.colcon_core.event_handler.log_command:Invoked command in '/home/jetson/Final_assignment/EmbeddedVisualControl/src/jetson_camera' returned '0': PYTHONPATH=/home/jetson/Final_assignment/EmbeddedVisualControl/src/build/jetson_camera/prefix_override:/usr/lib/python3/dist-packages/colcon_core/task/python/colcon_distutils_commands:/home/jetson/Final_assignment/EmbeddedVisualControl/src/install/jetson_camera/lib/python3.8/site-packages:${PYTHONPATH} /usr/bin/python3 -W ignore:setup.py install is deprecated -W ignore:easy_install command is deprecated setup.py egg_info --egg-base ../build/jetson_camera build --build-base /home/jetson/Final_assignment/EmbeddedVisualControl/src/build/jetson_camera/build install --record /home/jetson/Final_assignment/EmbeddedVisualControl/src/build/jetson_camera/install.log --single-version-externally-managed install_data
[6.665s] Level 1:colcon.colcon_core.environment:checking '/home/jetson/Final_assignment/EmbeddedVisualControl/src/install/jetson_camera' for CMake config files
[6.670s] Level 1:colcon.colcon_core.environment:checking '/home/jetson/Final_assignment/EmbeddedVisualControl/src/install/jetson_camera/lib'
[6.671s] Level 1:colcon.colcon_core.environment:checking '/home/jetson/Final_assignment/EmbeddedVisualControl/src/install/jetson_camera/bin'
[6.671s] Level 1:colcon.colcon_core.environment:checking '/home/jetson/Final_assignment/EmbeddedVisualControl/src/install/jetson_camera/lib/pkgconfig/jetson_camera.pc'
[6.673s] Level 1:colcon.colcon_core.environment:checking '/home/jetson/Final_assignment/EmbeddedVisualControl/src/install/jetson_camera/lib/python3.8/site-packages'
[6.674s] Level 1:colcon.colcon_core.shell:create_environment_hook('jetson_camera', 'pythonpath')
[6.675s] INFO:colcon.colcon_core.shell:Creating environment hook '/home/jetson/Final_assignment/EmbeddedVisualControl/src/install/jetson_camera/share/jetson_camera/hook/pythonpath.ps1'
[6.679s] INFO:colcon.colcon_core.shell:Creating environment descriptor '/home/jetson/Final_assignment/EmbeddedVisualControl/src/install/jetson_camera/share/jetson_camera/hook/pythonpath.dsv'
[6.681s] INFO:colcon.colcon_core.shell:Creating environment hook '/home/jetson/Final_assignment/EmbeddedVisualControl/src/install/jetson_camera/share/jetson_camera/hook/pythonpath.sh'
[6.691s] Level 1:colcon.colcon_core.environment:checking '/home/jetson/Final_assignment/EmbeddedVisualControl/src/install/jetson_camera/bin'
[6.693s] Level 1:colcon.colcon_core.environment:create_environment_scripts_only(jetson_camera)
[6.695s] INFO:colcon.colcon_core.shell:Creating package script '/home/jetson/Final_assignment/EmbeddedVisualControl/src/install/jetson_camera/share/jetson_camera/package.ps1'
[6.698s] INFO:colcon.colcon_core.shell:Creating package descriptor '/home/jetson/Final_assignment/EmbeddedVisualControl/src/install/jetson_camera/share/jetson_camera/package.dsv'
[6.700s] INFO:colcon.colcon_core.shell:Creating package script '/home/jetson/Final_assignment/EmbeddedVisualControl/src/install/jetson_camera/share/jetson_camera/package.sh'
[6.703s] INFO:colcon.colcon_core.shell:Creating package script '/home/jetson/Final_assignment/EmbeddedVisualControl/src/install/jetson_camera/share/jetson_camera/package.bash'
[6.705s] INFO:colcon.colcon_core.shell:Creating package script '/home/jetson/Final_assignment/EmbeddedVisualControl/src/install/jetson_camera/share/jetson_camera/package.zsh'
[6.706s] Level 1:colcon.colcon_core.environment:create_file_with_runtime_dependencies(/home/jetson/Final_assignment/EmbeddedVisualControl/src/install/jetson_camera/share/colcon-core/packages/jetson_camera)
[6.707s] DEBUG:colcon.colcon_parallel_executor.executor.parallel:closing loop
[6.709s] DEBUG:colcon.colcon_parallel_executor.executor.parallel:loop closed
[6.709s] DEBUG:colcon.colcon_parallel_executor.executor.parallel:run_until_complete finished with '0'
[6.710s] DEBUG:colcon.colcon_core.event_reactor:joining thread
[6.731s] INFO:colcon.colcon_core.plugin_system:Skipping extension 'colcon_notification.desktop_notification.terminal_notifier': Not used on non-Darwin systems
[6.731s] INFO:colcon.colcon_core.plugin_system:Skipping extension 'colcon_notification.desktop_notification.win32': Not used on non-Windows systems
[6.732s] INFO:colcon.colcon_notification.desktop_notification:Sending desktop notification using 'notify2'
[6.777s] DEBUG:colcon.colcon_notification.desktop_notification.notify2:Failed to initialize notify2: org.freedesktop.DBus.Error.Spawn.ChildExited: Process org.freedesktop.Notifications exited with status 1
[6.777s] DEBUG:colcon.colcon_core.event_reactor:joined thread
[6.779s] INFO:colcon.colcon_core.shell:Creating prefix script '/home/jetson/Final_assignment/EmbeddedVisualControl/src/install/local_setup.ps1'
[6.783s] INFO:colcon.colcon_core.shell:Creating prefix util module '/home/jetson/Final_assignment/EmbeddedVisualControl/src/install/_local_setup_util_ps1.py'
[6.791s] INFO:colcon.colcon_core.shell:Creating prefix chain script '/home/jetson/Final_assignment/EmbeddedVisualControl/src/install/setup.ps1'
[6.796s] INFO:colcon.colcon_core.shell:Creating prefix script '/home/jetson/Final_assignment/EmbeddedVisualControl/src/install/local_setup.sh'
[6.798s] INFO:colcon.colcon_core.shell:Creating prefix util module '/home/jetson/Final_assignment/EmbeddedVisualControl/src/install/_local_setup_util_sh.py'
[6.801s] INFO:colcon.colcon_core.shell:Creating prefix chain script '/home/jetson/Final_assignment/EmbeddedVisualControl/src/install/setup.sh'
[6.806s] INFO:colcon.colcon_core.shell:Creating prefix script '/home/jetson/Final_assignment/EmbeddedVisualControl/src/install/local_setup.bash'
[6.808s] INFO:colcon.colcon_core.shell:Creating prefix chain script '/home/jetson/Final_assignment/EmbeddedVisualControl/src/install/setup.bash'
[6.813s] INFO:colcon.colcon_core.shell:Creating prefix script '/home/jetson/Final_assignment/EmbeddedVisualControl/src/install/local_setup.zsh'
[6.815s] INFO:colcon.colcon_core.shell:Creating prefix chain script '/home/jetson/Final_assignment/EmbeddedVisualControl/src/install/setup.zsh'
