[1.143s] Invoking command in '/home/jetson/Final_assignment/EmbeddedVisualControl/src/build/jetson_interfaces': CMAKE_PREFIX_PATH=${CMAKE_PREFIX_PATH}:/home/jetson/Final_assignment/EmbeddedVisualControl/src/install/jetson_camera:/opt/ros/foxy JETSON_P_NUMBER=pders- /usr/bin/cmake --build /home/jetson/Final_assignment/EmbeddedVisualControl/src/build/jetson_interfaces -- -j4 -l4
[1.355s] [  3%] Built target jetson_interfaces__cpp
[1.375s] [ 12%] Built target jetson_interfaces__rosidl_generator_c
[1.487s] [ 22%] Built target jetson_interfaces__rosidl_typesupport_fastrtps_cpp
[1.494s] [ 32%] Built target jetson_interfaces__rosidl_typesupport_cpp
[1.511s] [ 41%] Built target jetson_interfaces__rosidl_typesupport_introspection_c
[1.525s] [ 51%] Built target jetson_interfaces__rosidl_typesupport_introspection_cpp
[1.590s] [ 61%] Built target jetson_interfaces__rosidl_typesupport_c
[1.638s] [ 70%] Built target jetson_interfaces__rosidl_typesupport_fastrtps_c
[1.714s] [ 70%] Built target jetson_interfaces
[1.796s] [ 74%] Built target jetson_interfaces__py
[1.901s] [ 80%] Built target jetson_interfaces__python
[2.020s] [ 90%] Built target jetson_interfaces__rosidl_typesupport_introspection_c__pyext
[2.021s] [ 93%] Built target jetson_interfaces__rosidl_typesupport_fastrtps_c__pyext
[2.026s] [100%] Built target jetson_interfaces__rosidl_typesupport_c__pyext
[2.070s] Invoked command in '/home/jetson/Final_assignment/EmbeddedVisualControl/src/build/jetson_interfaces' returned '0': CMAKE_PREFIX_PATH=${CMAKE_PREFIX_PATH}:/home/jetson/Final_assignment/EmbeddedVisualControl/src/install/jetson_camera:/opt/ros/foxy JETSON_P_NUMBER=pders- /usr/bin/cmake --build /home/jetson/Final_assignment/EmbeddedVisualControl/src/build/jetson_interfaces -- -j4 -l4
[2.118s] Invoking command in '/home/jetson/Final_assignment/EmbeddedVisualControl/src/build/jetson_interfaces': CMAKE_PREFIX_PATH=${CMAKE_PREFIX_PATH}:/home/jetson/Final_assignment/EmbeddedVisualControl/src/install/jetson_camera:/opt/ros/foxy JETSON_P_NUMBER=pders- /usr/bin/cmake --install /home/jetson/Final_assignment/EmbeddedVisualControl/src/build/jetson_interfaces
[2.151s] -- Install configuration: ""
[2.152s] -- Up-to-date: /home/jetson/Final_assignment/EmbeddedVisualControl/src/install/jetson_interfaces/share/ament_index/resource_index/rosidl_interfaces/jetson_interfaces
[2.152s] -- Up-to-date: /home/jetson/Final_assignment/EmbeddedVisualControl/src/install/jetson_interfaces/include/jetson_interfaces
[2.152s] -- Up-to-date: /home/jetson/Final_assignment/EmbeddedVisualControl/src/install/jetson_interfaces/include/jetson_interfaces/msg
[2.153s] -- Up-to-date: /home/jetson/Final_assignment/EmbeddedVisualControl/src/install/jetson_interfaces/include/jetson_interfaces/msg/detail
[2.155s] -- Up-to-date: /home/jetson/Final_assignment/EmbeddedVisualControl/src/install/jetson_interfaces/include/jetson_interfaces/msg/detail/dual_image__functions.c
[2.155s] -- Up-to-date: /home/jetson/Final_assignment/EmbeddedVisualControl/src/install/jetson_interfaces/include/jetson_interfaces/msg/detail/dual_image__functions.h
[2.156s] -- Up-to-date: /home/jetson/Final_assignment/EmbeddedVisualControl/src/install/jetson_interfaces/include/jetson_interfaces/msg/detail/dual_image__struct.h
[2.156s] -- Up-to-date: /home/jetson/Final_assignment/EmbeddedVisualControl/src/install/jetson_interfaces/include/jetson_interfaces/msg/detail/dual_image__type_support.h
[2.157s] -- Up-to-date: /home/jetson/Final_assignment/EmbeddedVisualControl/src/install/jetson_interfaces/include/jetson_interfaces/msg/rosidl_generator_c__visibility_control.h
[2.157s] -- Up-to-date: /home/jetson/Final_assignment/EmbeddedVisualControl/src/install/jetson_interfaces/include/jetson_interfaces/msg/dual_image.h
[2.157s] -- Up-to-date: /home/jetson/Final_assignment/EmbeddedVisualControl/src/install/jetson_interfaces/share/jetson_interfaces/environment/library_path.sh
[2.158s] -- Up-to-date: /home/jetson/Final_assignment/EmbeddedVisualControl/src/install/jetson_interfaces/share/jetson_interfaces/environment/library_path.dsv
[2.158s] -- Up-to-date: /home/jetson/Final_assignment/EmbeddedVisualControl/src/install/jetson_interfaces/lib/libjetson_interfaces__rosidl_generator_c.so
[2.159s] -- Up-to-date: /home/jetson/Final_assignment/EmbeddedVisualControl/src/install/jetson_interfaces/include/jetson_interfaces
[2.159s] -- Up-to-date: /home/jetson/Final_assignment/EmbeddedVisualControl/src/install/jetson_interfaces/include/jetson_interfaces/msg
[2.160s] -- Up-to-date: /home/jetson/Final_assignment/EmbeddedVisualControl/src/install/jetson_interfaces/include/jetson_interfaces/msg/detail
[2.160s] -- Up-to-date: /home/jetson/Final_assignment/EmbeddedVisualControl/src/install/jetson_interfaces/include/jetson_interfaces/msg/detail/dual_image__rosidl_typesupport_fastrtps_c.h
[2.161s] -- Up-to-date: /home/jetson/Final_assignment/EmbeddedVisualControl/src/install/jetson_interfaces/include/jetson_interfaces/msg/rosidl_typesupport_fastrtps_c__visibility_control.h
[2.162s] -- Up-to-date: /home/jetson/Final_assignment/EmbeddedVisualControl/src/install/jetson_interfaces/lib/libjetson_interfaces__rosidl_typesupport_fastrtps_c.so
[2.162s] -- Up-to-date: /home/jetson/Final_assignment/EmbeddedVisualControl/src/install/jetson_interfaces/include/jetson_interfaces
[2.162s] -- Up-to-date: /home/jetson/Final_assignment/EmbeddedVisualControl/src/install/jetson_interfaces/include/jetson_interfaces/msg
[2.163s] -- Up-to-date: /home/jetson/Final_assignment/EmbeddedVisualControl/src/install/jetson_interfaces/include/jetson_interfaces/msg/detail
[2.163s] -- Up-to-date: /home/jetson/Final_assignment/EmbeddedVisualControl/src/install/jetson_interfaces/include/jetson_interfaces/msg/detail/dual_image__rosidl_typesupport_fastrtps_cpp.hpp
[2.164s] -- Up-to-date: /home/jetson/Final_assignment/EmbeddedVisualControl/src/install/jetson_interfaces/include/jetson_interfaces/msg/detail/dds_fastrtps
[2.164s] -- Up-to-date: /home/jetson/Final_assignment/EmbeddedVisualControl/src/install/jetson_interfaces/include/jetson_interfaces/msg/rosidl_typesupport_fastrtps_cpp__visibility_control.h
[2.165s] -- Up-to-date: /home/jetson/Final_assignment/EmbeddedVisualControl/src/install/jetson_interfaces/lib/libjetson_interfaces__rosidl_typesupport_fastrtps_cpp.so
[2.165s] -- Up-to-date: /home/jetson/Final_assignment/EmbeddedVisualControl/src/install/jetson_interfaces/include/jetson_interfaces
[2.166s] -- Up-to-date: /home/jetson/Final_assignment/EmbeddedVisualControl/src/install/jetson_interfaces/include/jetson_interfaces/msg
[2.166s] -- Up-to-date: /home/jetson/Final_assignment/EmbeddedVisualControl/src/install/jetson_interfaces/include/jetson_interfaces/msg/detail
[2.167s] -- Up-to-date: /home/jetson/Final_assignment/EmbeddedVisualControl/src/install/jetson_interfaces/include/jetson_interfaces/msg/detail/dual_image__type_support.c
[2.167s] -- Up-to-date: /home/jetson/Final_assignment/EmbeddedVisualControl/src/install/jetson_interfaces/include/jetson_interfaces/msg/detail/dual_image__rosidl_typesupport_introspection_c.h
[2.168s] -- Up-to-date: /home/jetson/Final_assignment/EmbeddedVisualControl/src/install/jetson_interfaces/include/jetson_interfaces/msg/rosidl_typesupport_introspection_c__visibility_control.h
[2.168s] -- Up-to-date: /home/jetson/Final_assignment/EmbeddedVisualControl/src/install/jetson_interfaces/lib/libjetson_interfaces__rosidl_typesupport_introspection_c.so
[2.168s] -- Up-to-date: /home/jetson/Final_assignment/EmbeddedVisualControl/src/install/jetson_interfaces/lib/libjetson_interfaces__rosidl_typesupport_c.so
[2.169s] -- Up-to-date: /home/jetson/Final_assignment/EmbeddedVisualControl/src/install/jetson_interfaces/include/jetson_interfaces
[2.169s] -- Up-to-date: /home/jetson/Final_assignment/EmbeddedVisualControl/src/install/jetson_interfaces/include/jetson_interfaces/msg
[2.170s] -- Up-to-date: /home/jetson/Final_assignment/EmbeddedVisualControl/src/install/jetson_interfaces/include/jetson_interfaces/msg/detail
[2.170s] -- Up-to-date: /home/jetson/Final_assignment/EmbeddedVisualControl/src/install/jetson_interfaces/include/jetson_interfaces/msg/detail/dual_image__type_support.hpp
[2.171s] -- Up-to-date: /home/jetson/Final_assignment/EmbeddedVisualControl/src/install/jetson_interfaces/include/jetson_interfaces/msg/detail/dual_image__traits.hpp
[2.171s] -- Up-to-date: /home/jetson/Final_assignment/EmbeddedVisualControl/src/install/jetson_interfaces/include/jetson_interfaces/msg/detail/dual_image__struct.hpp
[2.171s] -- Up-to-date: /home/jetson/Final_assignment/EmbeddedVisualControl/src/install/jetson_interfaces/include/jetson_interfaces/msg/detail/dual_image__builder.hpp
[2.172s] -- Up-to-date: /home/jetson/Final_assignment/EmbeddedVisualControl/src/install/jetson_interfaces/include/jetson_interfaces/msg/dual_image.hpp
[2.172s] -- Up-to-date: /home/jetson/Final_assignment/EmbeddedVisualControl/src/install/jetson_interfaces/include/jetson_interfaces/msg/rosidl_generator_cpp__visibility_control.hpp
[2.173s] -- Up-to-date: /home/jetson/Final_assignment/EmbeddedVisualControl/src/install/jetson_interfaces/include/jetson_interfaces
[2.173s] -- Up-to-date: /home/jetson/Final_assignment/EmbeddedVisualControl/src/install/jetson_interfaces/include/jetson_interfaces/msg
[2.173s] -- Up-to-date: /home/jetson/Final_assignment/EmbeddedVisualControl/src/install/jetson_interfaces/include/jetson_interfaces/msg/detail
[2.174s] -- Up-to-date: /home/jetson/Final_assignment/EmbeddedVisualControl/src/install/jetson_interfaces/include/jetson_interfaces/msg/detail/dual_image__type_support.cpp
[2.174s] -- Up-to-date: /home/jetson/Final_assignment/EmbeddedVisualControl/src/install/jetson_interfaces/include/jetson_interfaces/msg/detail/dual_image__rosidl_typesupport_introspection_cpp.hpp
[2.175s] -- Up-to-date: /home/jetson/Final_assignment/EmbeddedVisualControl/src/install/jetson_interfaces/lib/libjetson_interfaces__rosidl_typesupport_introspection_cpp.so
[2.175s] -- Up-to-date: /home/jetson/Final_assignment/EmbeddedVisualControl/src/install/jetson_interfaces/lib/libjetson_interfaces__rosidl_typesupport_cpp.so
[2.175s] -- Up-to-date: /home/jetson/Final_assignment/EmbeddedVisualControl/src/install/jetson_interfaces/share/jetson_interfaces/environment/pythonpath.sh
[2.176s] -- Up-to-date: /home/jetson/Final_assignment/EmbeddedVisualControl/src/install/jetson_interfaces/share/jetson_interfaces/environment/pythonpath.dsv
[2.177s] -- Up-to-date: /home/jetson/Final_assignment/EmbeddedVisualControl/src/install/jetson_interfaces/lib/python3.8/site-packages/jetson_interfaces/__init__.py
[2.318s] -- Up-to-date: /home/jetson/Final_assignment/EmbeddedVisualControl/src/install/jetson_interfaces/lib/python3.8/site-packages/jetson_interfaces/msg
[2.319s] -- Up-to-date: /home/jetson/Final_assignment/EmbeddedVisualControl/src/install/jetson_interfaces/lib/python3.8/site-packages/jetson_interfaces/msg/_dual_image.py
[2.320s] -- Up-to-date: /home/jetson/Final_assignment/EmbeddedVisualControl/src/install/jetson_interfaces/lib/python3.8/site-packages/jetson_interfaces/msg/_dual_image_s.c
[2.322s] -- Up-to-date: /home/jetson/Final_assignment/EmbeddedVisualControl/src/install/jetson_interfaces/lib/python3.8/site-packages/jetson_interfaces/msg/__init__.py
[2.323s] -- Up-to-date: /home/jetson/Final_assignment/EmbeddedVisualControl/src/install/jetson_interfaces/lib/python3.8/site-packages/jetson_interfaces/jetson_interfaces_s__rosidl_typesupport_fastrtps_c.cpython-38-aarch64-linux-gnu.so
[2.324s] -- Up-to-date: /home/jetson/Final_assignment/EmbeddedVisualControl/src/install/jetson_interfaces/lib/python3.8/site-packages/jetson_interfaces/jetson_interfaces_s__rosidl_typesupport_introspection_c.cpython-38-aarch64-linux-gnu.so
[2.325s] -- Up-to-date: /home/jetson/Final_assignment/EmbeddedVisualControl/src/install/jetson_interfaces/lib/python3.8/site-packages/jetson_interfaces/jetson_interfaces_s__rosidl_typesupport_c.cpython-38-aarch64-linux-gnu.so
[2.327s] -- Up-to-date: /home/jetson/Final_assignment/EmbeddedVisualControl/src/install/jetson_interfaces/lib/libjetson_interfaces__python.so
[2.329s] -- Up-to-date: /home/jetson/Final_assignment/EmbeddedVisualControl/src/install/jetson_interfaces/share/jetson_interfaces/msg/DualImage.idl
[2.330s] -- Up-to-date: /home/jetson/Final_assignment/EmbeddedVisualControl/src/install/jetson_interfaces/share/jetson_interfaces/msg/DualImage.msg
[2.333s] -- Up-to-date: /home/jetson/Final_assignment/EmbeddedVisualControl/src/install/jetson_interfaces/share/ament_index/resource_index/package_run_dependencies/jetson_interfaces
[2.334s] -- Up-to-date: /home/jetson/Final_assignment/EmbeddedVisualControl/src/install/jetson_interfaces/share/ament_index/resource_index/parent_prefix_path/jetson_interfaces
[2.336s] -- Up-to-date: /home/jetson/Final_assignment/EmbeddedVisualControl/src/install/jetson_interfaces/share/jetson_interfaces/environment/ament_prefix_path.sh
[2.337s] -- Up-to-date: /home/jetson/Final_assignment/EmbeddedVisualControl/src/install/jetson_interfaces/share/jetson_interfaces/environment/ament_prefix_path.dsv
[2.338s] -- Up-to-date: /home/jetson/Final_assignment/EmbeddedVisualControl/src/install/jetson_interfaces/share/jetson_interfaces/environment/path.sh
[2.339s] -- Up-to-date: /home/jetson/Final_assignment/EmbeddedVisualControl/src/install/jetson_interfaces/share/jetson_interfaces/environment/path.dsv
[2.340s] -- Up-to-date: /home/jetson/Final_assignment/EmbeddedVisualControl/src/install/jetson_interfaces/share/jetson_interfaces/local_setup.bash
[2.341s] -- Up-to-date: /home/jetson/Final_assignment/EmbeddedVisualControl/src/install/jetson_interfaces/share/jetson_interfaces/local_setup.sh
[2.343s] -- Up-to-date: /home/jetson/Final_assignment/EmbeddedVisualControl/src/install/jetson_interfaces/share/jetson_interfaces/local_setup.zsh
[2.344s] -- Up-to-date: /home/jetson/Final_assignment/EmbeddedVisualControl/src/install/jetson_interfaces/share/jetson_interfaces/local_setup.dsv
[2.344s] -- Installing: /home/jetson/Final_assignment/EmbeddedVisualControl/src/install/jetson_interfaces/share/jetson_interfaces/package.dsv
[2.346s] -- Up-to-date: /home/jetson/Final_assignment/EmbeddedVisualControl/src/install/jetson_interfaces/share/ament_index/resource_index/packages/jetson_interfaces
[2.347s] -- Up-to-date: /home/jetson/Final_assignment/EmbeddedVisualControl/src/install/jetson_interfaces/share/jetson_interfaces/cmake/jetson_interfaces__rosidl_generator_cExport.cmake
[2.348s] -- Up-to-date: /home/jetson/Final_assignment/EmbeddedVisualControl/src/install/jetson_interfaces/share/jetson_interfaces/cmake/jetson_interfaces__rosidl_generator_cExport-noconfig.cmake
[2.350s] -- Up-to-date: /home/jetson/Final_assignment/EmbeddedVisualControl/src/install/jetson_interfaces/share/jetson_interfaces/cmake/jetson_interfaces__rosidl_typesupport_introspection_cExport.cmake
[2.362s] -- Up-to-date: /home/jetson/Final_assignment/EmbeddedVisualControl/src/install/jetson_interfaces/share/jetson_interfaces/cmake/jetson_interfaces__rosidl_typesupport_introspection_cExport-noconfig.cmake
[2.363s] -- Up-to-date: /home/jetson/Final_assignment/EmbeddedVisualControl/src/install/jetson_interfaces/share/jetson_interfaces/cmake/jetson_interfaces__rosidl_typesupport_cExport.cmake
[2.364s] -- Up-to-date: /home/jetson/Final_assignment/EmbeddedVisualControl/src/install/jetson_interfaces/share/jetson_interfaces/cmake/jetson_interfaces__rosidl_typesupport_cExport-noconfig.cmake
[2.365s] -- Up-to-date: /home/jetson/Final_assignment/EmbeddedVisualControl/src/install/jetson_interfaces/share/jetson_interfaces/cmake/jetson_interfaces__rosidl_generator_cppExport.cmake
[2.366s] -- Up-to-date: /home/jetson/Final_assignment/EmbeddedVisualControl/src/install/jetson_interfaces/share/jetson_interfaces/cmake/jetson_interfaces__rosidl_typesupport_introspection_cppExport.cmake
[2.366s] -- Up-to-date: /home/jetson/Final_assignment/EmbeddedVisualControl/src/install/jetson_interfaces/share/jetson_interfaces/cmake/jetson_interfaces__rosidl_typesupport_introspection_cppExport-noconfig.cmake
[2.367s] -- Up-to-date: /home/jetson/Final_assignment/EmbeddedVisualControl/src/install/jetson_interfaces/share/jetson_interfaces/cmake/jetson_interfaces__rosidl_typesupport_cppExport.cmake
[2.368s] -- Up-to-date: /home/jetson/Final_assignment/EmbeddedVisualControl/src/install/jetson_interfaces/share/jetson_interfaces/cmake/jetson_interfaces__rosidl_typesupport_cppExport-noconfig.cmake
[2.369s] -- Up-to-date: /home/jetson/Final_assignment/EmbeddedVisualControl/src/install/jetson_interfaces/share/jetson_interfaces/cmake/rosidl_cmake-extras.cmake
[2.371s] -- Up-to-date: /home/jetson/Final_assignment/EmbeddedVisualControl/src/install/jetson_interfaces/share/jetson_interfaces/cmake/ament_cmake_export_dependencies-extras.cmake
[2.373s] -- Up-to-date: /home/jetson/Final_assignment/EmbeddedVisualControl/src/install/jetson_interfaces/share/jetson_interfaces/cmake/ament_cmake_export_libraries-extras.cmake
[2.373s] -- Up-to-date: /home/jetson/Final_assignment/EmbeddedVisualControl/src/install/jetson_interfaces/share/jetson_interfaces/cmake/ament_cmake_export_targets-extras.cmake
[2.375s] -- Up-to-date: /home/jetson/Final_assignment/EmbeddedVisualControl/src/install/jetson_interfaces/share/jetson_interfaces/cmake/ament_cmake_export_include_directories-extras.cmake
[2.376s] -- Up-to-date: /home/jetson/Final_assignment/EmbeddedVisualControl/src/install/jetson_interfaces/share/jetson_interfaces/cmake/rosidl_cmake_export_typesupport_libraries-extras.cmake
[2.376s] -- Up-to-date: /home/jetson/Final_assignment/EmbeddedVisualControl/src/install/jetson_interfaces/share/jetson_interfaces/cmake/rosidl_cmake_export_typesupport_targets-extras.cmake
[2.379s] -- Up-to-date: /home/jetson/Final_assignment/EmbeddedVisualControl/src/install/jetson_interfaces/share/jetson_interfaces/cmake/jetson_interfacesConfig.cmake
[2.379s] -- Up-to-date: /home/jetson/Final_assignment/EmbeddedVisualControl/src/install/jetson_interfaces/share/jetson_interfaces/cmake/jetson_interfacesConfig-version.cmake
[2.380s] -- Up-to-date: /home/jetson/Final_assignment/EmbeddedVisualControl/src/install/jetson_interfaces/share/jetson_interfaces/package.xml
[2.382s] Invoked command in '/home/jetson/Final_assignment/EmbeddedVisualControl/src/build/jetson_interfaces' returned '0': CMAKE_PREFIX_PATH=${CMAKE_PREFIX_PATH}:/home/jetson/Final_assignment/EmbeddedVisualControl/src/install/jetson_camera:/opt/ros/foxy JETSON_P_NUMBER=pders- /usr/bin/cmake --install /home/jetson/Final_assignment/EmbeddedVisualControl/src/build/jetson_interfaces
