[1.394s] Invoking command in '/home/jetson/EVC_2/workshops/vision_ws/build/jetson_interfaces': CMAKE_PREFIX_PATH=${CMAKE_PREFIX_PATH}:/home/jetson/EVC_2/workshops/vision_ws/install/jetson_camera:/home/jetson/EVC_2/install/jetson_camera:/opt/ros/foxy /usr/bin/cmake --build /home/jetson/EVC_2/workshops/vision_ws/build/jetson_interfaces -- -j4 -l4
[2.206s] [  3%] Built target jetson_interfaces__cpp
[2.253s] [ 12%] Built target jetson_interfaces__rosidl_generator_c
[2.458s] [ 22%] Built target jetson_interfaces__rosidl_typesupport_introspection_cpp
[2.499s] [ 32%] Built target jetson_interfaces__rosidl_typesupport_cpp
[2.531s] [ 41%] Built target jetson_interfaces__rosidl_typesupport_introspection_c
[2.555s] [ 51%] Built target jetson_interfaces__rosidl_typesupport_fastrtps_cpp
[2.754s] [ 61%] Built target jetson_interfaces__rosidl_typesupport_c
[2.792s] [ 70%] Built target jetson_interfaces__rosidl_typesupport_fastrtps_c
[2.931s] [ 70%] Built target jetson_interfaces
[3.063s] [ 74%] Built target jetson_interfaces__py
[3.252s] [ 80%] Built target jetson_interfaces__python
[3.404s] [ 87%] Built target jetson_interfaces__rosidl_typesupport_introspection_c__pyext
[3.584s] [ 93%] Built target jetson_interfaces__rosidl_typesupport_c__pyext
[3.778s] [100%] Built target jetson_interfaces__rosidl_typesupport_fastrtps_c__pyext
[3.829s] Invoked command in '/home/jetson/EVC_2/workshops/vision_ws/build/jetson_interfaces' returned '0': CMAKE_PREFIX_PATH=${CMAKE_PREFIX_PATH}:/home/jetson/EVC_2/workshops/vision_ws/install/jetson_camera:/home/jetson/EVC_2/install/jetson_camera:/opt/ros/foxy /usr/bin/cmake --build /home/jetson/EVC_2/workshops/vision_ws/build/jetson_interfaces -- -j4 -l4
[3.907s] Invoking command in '/home/jetson/EVC_2/workshops/vision_ws/build/jetson_interfaces': CMAKE_PREFIX_PATH=${CMAKE_PREFIX_PATH}:/home/jetson/EVC_2/workshops/vision_ws/install/jetson_camera:/home/jetson/EVC_2/install/jetson_camera:/opt/ros/foxy /usr/bin/cmake --install /home/jetson/EVC_2/workshops/vision_ws/build/jetson_interfaces
[3.955s] -- Install configuration: ""
[3.956s] -- Up-to-date: /home/jetson/EVC_2/workshops/vision_ws/install/jetson_interfaces/share/ament_index/resource_index/rosidl_interfaces/jetson_interfaces
[3.959s] -- Up-to-date: /home/jetson/EVC_2/workshops/vision_ws/install/jetson_interfaces/include/jetson_interfaces
[3.959s] -- Up-to-date: /home/jetson/EVC_2/workshops/vision_ws/install/jetson_interfaces/include/jetson_interfaces/msg
[3.960s] -- Up-to-date: /home/jetson/EVC_2/workshops/vision_ws/install/jetson_interfaces/include/jetson_interfaces/msg/detail
[3.960s] -- Up-to-date: /home/jetson/EVC_2/workshops/vision_ws/install/jetson_interfaces/include/jetson_interfaces/msg/detail/dual_image__functions.c
[3.961s] -- Up-to-date: /home/jetson/EVC_2/workshops/vision_ws/install/jetson_interfaces/include/jetson_interfaces/msg/detail/dual_image__functions.h
[3.962s] -- Up-to-date: /home/jetson/EVC_2/workshops/vision_ws/install/jetson_interfaces/include/jetson_interfaces/msg/detail/dual_image__struct.h
[3.962s] -- Up-to-date: /home/jetson/EVC_2/workshops/vision_ws/install/jetson_interfaces/include/jetson_interfaces/msg/detail/dual_image__type_support.h
[3.963s] -- Up-to-date: /home/jetson/EVC_2/workshops/vision_ws/install/jetson_interfaces/include/jetson_interfaces/msg/rosidl_generator_c__visibility_control.h
[3.964s] -- Up-to-date: /home/jetson/EVC_2/workshops/vision_ws/install/jetson_interfaces/include/jetson_interfaces/msg/dual_image.h
[3.964s] -- Up-to-date: /home/jetson/EVC_2/workshops/vision_ws/install/jetson_interfaces/share/jetson_interfaces/environment/library_path.sh
[3.965s] -- Up-to-date: /home/jetson/EVC_2/workshops/vision_ws/install/jetson_interfaces/share/jetson_interfaces/environment/library_path.dsv
[3.968s] -- Up-to-date: /home/jetson/EVC_2/workshops/vision_ws/install/jetson_interfaces/lib/libjetson_interfaces__rosidl_generator_c.so
[3.969s] -- Up-to-date: /home/jetson/EVC_2/workshops/vision_ws/install/jetson_interfaces/include/jetson_interfaces
[3.970s] -- Up-to-date: /home/jetson/EVC_2/workshops/vision_ws/install/jetson_interfaces/include/jetson_interfaces/msg
[3.970s] -- Up-to-date: /home/jetson/EVC_2/workshops/vision_ws/install/jetson_interfaces/include/jetson_interfaces/msg/detail
[3.971s] -- Up-to-date: /home/jetson/EVC_2/workshops/vision_ws/install/jetson_interfaces/include/jetson_interfaces/msg/detail/dual_image__rosidl_typesupport_fastrtps_c.h
[3.975s] -- Up-to-date: /home/jetson/EVC_2/workshops/vision_ws/install/jetson_interfaces/include/jetson_interfaces/msg/rosidl_typesupport_fastrtps_c__visibility_control.h
[3.976s] -- Up-to-date: /home/jetson/EVC_2/workshops/vision_ws/install/jetson_interfaces/lib/libjetson_interfaces__rosidl_typesupport_fastrtps_c.so
[3.977s] -- Up-to-date: /home/jetson/EVC_2/workshops/vision_ws/install/jetson_interfaces/include/jetson_interfaces
[3.978s] -- Up-to-date: /home/jetson/EVC_2/workshops/vision_ws/install/jetson_interfaces/include/jetson_interfaces/msg
[3.979s] -- Up-to-date: /home/jetson/EVC_2/workshops/vision_ws/install/jetson_interfaces/include/jetson_interfaces/msg/detail
[3.981s] -- Up-to-date: /home/jetson/EVC_2/workshops/vision_ws/install/jetson_interfaces/include/jetson_interfaces/msg/detail/dual_image__rosidl_typesupport_fastrtps_cpp.hpp
[3.983s] -- Up-to-date: /home/jetson/EVC_2/workshops/vision_ws/install/jetson_interfaces/include/jetson_interfaces/msg/detail/dds_fastrtps
[3.984s] -- Up-to-date: /home/jetson/EVC_2/workshops/vision_ws/install/jetson_interfaces/include/jetson_interfaces/msg/rosidl_typesupport_fastrtps_cpp__visibility_control.h
[3.985s] -- Up-to-date: /home/jetson/EVC_2/workshops/vision_ws/install/jetson_interfaces/lib/libjetson_interfaces__rosidl_typesupport_fastrtps_cpp.so
[3.985s] -- Up-to-date: /home/jetson/EVC_2/workshops/vision_ws/install/jetson_interfaces/include/jetson_interfaces
[3.986s] -- Up-to-date: /home/jetson/EVC_2/workshops/vision_ws/install/jetson_interfaces/include/jetson_interfaces/msg
[3.987s] -- Up-to-date: /home/jetson/EVC_2/workshops/vision_ws/install/jetson_interfaces/include/jetson_interfaces/msg/detail
[3.987s] -- Up-to-date: /home/jetson/EVC_2/workshops/vision_ws/install/jetson_interfaces/include/jetson_interfaces/msg/detail/dual_image__type_support.c
[3.988s] -- Up-to-date: /home/jetson/EVC_2/workshops/vision_ws/install/jetson_interfaces/include/jetson_interfaces/msg/detail/dual_image__rosidl_typesupport_introspection_c.h
[3.988s] -- Up-to-date: /home/jetson/EVC_2/workshops/vision_ws/install/jetson_interfaces/include/jetson_interfaces/msg/rosidl_typesupport_introspection_c__visibility_control.h
[3.989s] -- Up-to-date: /home/jetson/EVC_2/workshops/vision_ws/install/jetson_interfaces/lib/libjetson_interfaces__rosidl_typesupport_introspection_c.so
[3.994s] -- Up-to-date: /home/jetson/EVC_2/workshops/vision_ws/install/jetson_interfaces/lib/libjetson_interfaces__rosidl_typesupport_c.so
[3.995s] -- Up-to-date: /home/jetson/EVC_2/workshops/vision_ws/install/jetson_interfaces/include/jetson_interfaces
[3.996s] -- Up-to-date: /home/jetson/EVC_2/workshops/vision_ws/install/jetson_interfaces/include/jetson_interfaces/msg
[3.998s] -- Up-to-date: /home/jetson/EVC_2/workshops/vision_ws/install/jetson_interfaces/include/jetson_interfaces/msg/detail
[3.999s] -- Up-to-date: /home/jetson/EVC_2/workshops/vision_ws/install/jetson_interfaces/include/jetson_interfaces/msg/detail/dual_image__type_support.hpp
[4.000s] -- Up-to-date: /home/jetson/EVC_2/workshops/vision_ws/install/jetson_interfaces/include/jetson_interfaces/msg/detail/dual_image__traits.hpp
[4.002s] -- Up-to-date: /home/jetson/EVC_2/workshops/vision_ws/install/jetson_interfaces/include/jetson_interfaces/msg/detail/dual_image__struct.hpp
[4.003s] -- Up-to-date: /home/jetson/EVC_2/workshops/vision_ws/install/jetson_interfaces/include/jetson_interfaces/msg/detail/dual_image__builder.hpp
[4.004s] -- Up-to-date: /home/jetson/EVC_2/workshops/vision_ws/install/jetson_interfaces/include/jetson_interfaces/msg/dual_image.hpp
[4.005s] -- Up-to-date: /home/jetson/EVC_2/workshops/vision_ws/install/jetson_interfaces/include/jetson_interfaces/msg/rosidl_generator_cpp__visibility_control.hpp
[4.006s] -- Up-to-date: /home/jetson/EVC_2/workshops/vision_ws/install/jetson_interfaces/include/jetson_interfaces
[4.007s] -- Up-to-date: /home/jetson/EVC_2/workshops/vision_ws/install/jetson_interfaces/include/jetson_interfaces/msg
[4.008s] -- Up-to-date: /home/jetson/EVC_2/workshops/vision_ws/install/jetson_interfaces/include/jetson_interfaces/msg/detail
[4.009s] -- Up-to-date: /home/jetson/EVC_2/workshops/vision_ws/install/jetson_interfaces/include/jetson_interfaces/msg/detail/dual_image__type_support.cpp
[4.010s] -- Up-to-date: /home/jetson/EVC_2/workshops/vision_ws/install/jetson_interfaces/include/jetson_interfaces/msg/detail/dual_image__rosidl_typesupport_introspection_cpp.hpp
[4.011s] -- Up-to-date: /home/jetson/EVC_2/workshops/vision_ws/install/jetson_interfaces/lib/libjetson_interfaces__rosidl_typesupport_introspection_cpp.so
[4.012s] -- Up-to-date: /home/jetson/EVC_2/workshops/vision_ws/install/jetson_interfaces/lib/libjetson_interfaces__rosidl_typesupport_cpp.so
[4.012s] -- Up-to-date: /home/jetson/EVC_2/workshops/vision_ws/install/jetson_interfaces/share/jetson_interfaces/environment/pythonpath.sh
[4.013s] -- Up-to-date: /home/jetson/EVC_2/workshops/vision_ws/install/jetson_interfaces/share/jetson_interfaces/environment/pythonpath.dsv
[4.013s] -- Up-to-date: /home/jetson/EVC_2/workshops/vision_ws/install/jetson_interfaces/lib/python3.8/site-packages/jetson_interfaces/__init__.py
[4.274s] -- Up-to-date: /home/jetson/EVC_2/workshops/vision_ws/install/jetson_interfaces/lib/python3.8/site-packages/jetson_interfaces/msg
[4.283s] -- Up-to-date: /home/jetson/EVC_2/workshops/vision_ws/install/jetson_interfaces/lib/python3.8/site-packages/jetson_interfaces/msg/_dual_image.py
[4.285s] -- Up-to-date: /home/jetson/EVC_2/workshops/vision_ws/install/jetson_interfaces/lib/python3.8/site-packages/jetson_interfaces/msg/_dual_image_s.c
[4.285s] -- Up-to-date: /home/jetson/EVC_2/workshops/vision_ws/install/jetson_interfaces/lib/python3.8/site-packages/jetson_interfaces/msg/__init__.py
[4.299s] -- Up-to-date: /home/jetson/EVC_2/workshops/vision_ws/install/jetson_interfaces/lib/python3.8/site-packages/jetson_interfaces/jetson_interfaces_s__rosidl_typesupport_fastrtps_c.cpython-38-aarch64-linux-gnu.so
[4.301s] -- Up-to-date: /home/jetson/EVC_2/workshops/vision_ws/install/jetson_interfaces/lib/python3.8/site-packages/jetson_interfaces/jetson_interfaces_s__rosidl_typesupport_introspection_c.cpython-38-aarch64-linux-gnu.so
[4.301s] -- Up-to-date: /home/jetson/EVC_2/workshops/vision_ws/install/jetson_interfaces/lib/python3.8/site-packages/jetson_interfaces/jetson_interfaces_s__rosidl_typesupport_c.cpython-38-aarch64-linux-gnu.so
[4.307s] -- Up-to-date: /home/jetson/EVC_2/workshops/vision_ws/install/jetson_interfaces/lib/libjetson_interfaces__python.so
[4.308s] -- Up-to-date: /home/jetson/EVC_2/workshops/vision_ws/install/jetson_interfaces/share/jetson_interfaces/msg/DualImage.idl
[4.309s] -- Up-to-date: /home/jetson/EVC_2/workshops/vision_ws/install/jetson_interfaces/share/jetson_interfaces/msg/DualImage.msg
[4.309s] -- Up-to-date: /home/jetson/EVC_2/workshops/vision_ws/install/jetson_interfaces/share/ament_index/resource_index/package_run_dependencies/jetson_interfaces
[4.310s] -- Up-to-date: /home/jetson/EVC_2/workshops/vision_ws/install/jetson_interfaces/share/ament_index/resource_index/parent_prefix_path/jetson_interfaces
[4.310s] -- Up-to-date: /home/jetson/EVC_2/workshops/vision_ws/install/jetson_interfaces/share/jetson_interfaces/environment/ament_prefix_path.sh
[4.311s] -- Up-to-date: /home/jetson/EVC_2/workshops/vision_ws/install/jetson_interfaces/share/jetson_interfaces/environment/ament_prefix_path.dsv
[4.311s] -- Up-to-date: /home/jetson/EVC_2/workshops/vision_ws/install/jetson_interfaces/share/jetson_interfaces/environment/path.sh
[4.312s] -- Up-to-date: /home/jetson/EVC_2/workshops/vision_ws/install/jetson_interfaces/share/jetson_interfaces/environment/path.dsv
[4.313s] -- Up-to-date: /home/jetson/EVC_2/workshops/vision_ws/install/jetson_interfaces/share/jetson_interfaces/local_setup.bash
[4.314s] -- Up-to-date: /home/jetson/EVC_2/workshops/vision_ws/install/jetson_interfaces/share/jetson_interfaces/local_setup.sh
[4.314s] -- Up-to-date: /home/jetson/EVC_2/workshops/vision_ws/install/jetson_interfaces/share/jetson_interfaces/local_setup.zsh
[4.315s] -- Up-to-date: /home/jetson/EVC_2/workshops/vision_ws/install/jetson_interfaces/share/jetson_interfaces/local_setup.dsv
[4.315s] -- Installing: /home/jetson/EVC_2/workshops/vision_ws/install/jetson_interfaces/share/jetson_interfaces/package.dsv
[4.323s] -- Up-to-date: /home/jetson/EVC_2/workshops/vision_ws/install/jetson_interfaces/share/ament_index/resource_index/packages/jetson_interfaces
[4.325s] -- Up-to-date: /home/jetson/EVC_2/workshops/vision_ws/install/jetson_interfaces/share/jetson_interfaces/cmake/jetson_interfaces__rosidl_generator_cExport.cmake
[4.325s] -- Up-to-date: /home/jetson/EVC_2/workshops/vision_ws/install/jetson_interfaces/share/jetson_interfaces/cmake/jetson_interfaces__rosidl_generator_cExport-noconfig.cmake
[4.326s] -- Up-to-date: /home/jetson/EVC_2/workshops/vision_ws/install/jetson_interfaces/share/jetson_interfaces/cmake/jetson_interfaces__rosidl_typesupport_introspection_cExport.cmake
[4.327s] -- Up-to-date: /home/jetson/EVC_2/workshops/vision_ws/install/jetson_interfaces/share/jetson_interfaces/cmake/jetson_interfaces__rosidl_typesupport_introspection_cExport-noconfig.cmake
[4.328s] -- Up-to-date: /home/jetson/EVC_2/workshops/vision_ws/install/jetson_interfaces/share/jetson_interfaces/cmake/jetson_interfaces__rosidl_typesupport_cExport.cmake
[4.329s] -- Up-to-date: /home/jetson/EVC_2/workshops/vision_ws/install/jetson_interfaces/share/jetson_interfaces/cmake/jetson_interfaces__rosidl_typesupport_cExport-noconfig.cmake
[4.330s] -- Up-to-date: /home/jetson/EVC_2/workshops/vision_ws/install/jetson_interfaces/share/jetson_interfaces/cmake/jetson_interfaces__rosidl_generator_cppExport.cmake
[4.332s] -- Up-to-date: /home/jetson/EVC_2/workshops/vision_ws/install/jetson_interfaces/share/jetson_interfaces/cmake/jetson_interfaces__rosidl_typesupport_introspection_cppExport.cmake
[4.333s] -- Up-to-date: /home/jetson/EVC_2/workshops/vision_ws/install/jetson_interfaces/share/jetson_interfaces/cmake/jetson_interfaces__rosidl_typesupport_introspection_cppExport-noconfig.cmake
[4.334s] -- Up-to-date: /home/jetson/EVC_2/workshops/vision_ws/install/jetson_interfaces/share/jetson_interfaces/cmake/jetson_interfaces__rosidl_typesupport_cppExport.cmake
[4.335s] -- Up-to-date: /home/jetson/EVC_2/workshops/vision_ws/install/jetson_interfaces/share/jetson_interfaces/cmake/jetson_interfaces__rosidl_typesupport_cppExport-noconfig.cmake
[4.336s] -- Up-to-date: /home/jetson/EVC_2/workshops/vision_ws/install/jetson_interfaces/share/jetson_interfaces/cmake/rosidl_cmake-extras.cmake
[4.336s] -- Up-to-date: /home/jetson/EVC_2/workshops/vision_ws/install/jetson_interfaces/share/jetson_interfaces/cmake/ament_cmake_export_dependencies-extras.cmake
[4.337s] -- Up-to-date: /home/jetson/EVC_2/workshops/vision_ws/install/jetson_interfaces/share/jetson_interfaces/cmake/ament_cmake_export_libraries-extras.cmake
[4.338s] -- Up-to-date: /home/jetson/EVC_2/workshops/vision_ws/install/jetson_interfaces/share/jetson_interfaces/cmake/ament_cmake_export_targets-extras.cmake
[4.338s] -- Up-to-date: /home/jetson/EVC_2/workshops/vision_ws/install/jetson_interfaces/share/jetson_interfaces/cmake/ament_cmake_export_include_directories-extras.cmake
[4.339s] -- Up-to-date: /home/jetson/EVC_2/workshops/vision_ws/install/jetson_interfaces/share/jetson_interfaces/cmake/rosidl_cmake_export_typesupport_libraries-extras.cmake
[4.344s] -- Up-to-date: /home/jetson/EVC_2/workshops/vision_ws/install/jetson_interfaces/share/jetson_interfaces/cmake/rosidl_cmake_export_typesupport_targets-extras.cmake
[4.344s] -- Up-to-date: /home/jetson/EVC_2/workshops/vision_ws/install/jetson_interfaces/share/jetson_interfaces/cmake/jetson_interfacesConfig.cmake
[4.345s] -- Up-to-date: /home/jetson/EVC_2/workshops/vision_ws/install/jetson_interfaces/share/jetson_interfaces/cmake/jetson_interfacesConfig-version.cmake
[4.345s] -- Up-to-date: /home/jetson/EVC_2/workshops/vision_ws/install/jetson_interfaces/share/jetson_interfaces/package.xml
[4.355s] Invoked command in '/home/jetson/EVC_2/workshops/vision_ws/build/jetson_interfaces' returned '0': CMAKE_PREFIX_PATH=${CMAKE_PREFIX_PATH}:/home/jetson/EVC_2/workshops/vision_ws/install/jetson_camera:/home/jetson/EVC_2/install/jetson_camera:/opt/ros/foxy /usr/bin/cmake --install /home/jetson/EVC_2/workshops/vision_ws/build/jetson_interfaces
