[2.574s] Invoking command in '/home/jetson/EVC/workshops/vision_ws/src/jetson_camera': JETSON_P_NUMBER=pders- PYTHONPATH=/home/jetson/EVC/workshops/vision_ws/build/jetson_camera/prefix_override:/usr/lib/python3/dist-packages/colcon_core/task/python/colcon_distutils_commands:/home/jetson/EVC/workshops/vision_ws/install/jetson_camera/lib/python3.8/site-packages:${PYTHONPATH} /usr/bin/python3 -W ignore:setup.py install is deprecated -W ignore:easy_install command is deprecated setup.py egg_info --egg-base ../../build/jetson_camera build --build-base /home/jetson/EVC/workshops/vision_ws/build/jetson_camera/build install --record /home/jetson/EVC/workshops/vision_ws/build/jetson_camera/install.log --single-version-externally-managed install_data
[3.532s] running egg_info
[3.534s] writing ../../build/jetson_camera/jetson_camera.egg-info/PKG-INFO
[3.535s] writing dependency_links to ../../build/jetson_camera/jetson_camera.egg-info/dependency_links.txt
[3.535s] writing entry points to ../../build/jetson_camera/jetson_camera.egg-info/entry_points.txt
[3.536s] writing requirements to ../../build/jetson_camera/jetson_camera.egg-info/requires.txt
[3.536s] writing top-level names to ../../build/jetson_camera/jetson_camera.egg-info/top_level.txt
[3.547s] reading manifest file '../../build/jetson_camera/jetson_camera.egg-info/SOURCES.txt'
[3.551s] writing manifest file '../../build/jetson_camera/jetson_camera.egg-info/SOURCES.txt'
[3.551s] running build
[3.552s] running build_py
[3.552s] copying jetson_camera/subscriber_node.py -> /home/jetson/EVC/workshops/vision_ws/build/jetson_camera/build/lib/jetson_camera
[3.553s] running install
[3.556s] running install_lib
[3.559s] copying /home/jetson/EVC/workshops/vision_ws/build/jetson_camera/build/lib/jetson_camera/subscriber_node.py -> /home/jetson/EVC/workshops/vision_ws/install/jetson_camera/lib/python3.8/site-packages/jetson_camera
[3.561s] byte-compiling /home/jetson/EVC/workshops/vision_ws/install/jetson_camera/lib/python3.8/site-packages/jetson_camera/subscriber_node.py to subscriber_node.cpython-38.pyc
[3.564s] running install_data
[3.565s] running install_egg_info
[3.570s] removing '/home/jetson/EVC/workshops/vision_ws/install/jetson_camera/lib/python3.8/site-packages/jetson_camera-0.0.0-py3.8.egg-info' (and everything under it)
[3.571s] Copying ../../build/jetson_camera/jetson_camera.egg-info to /home/jetson/EVC/workshops/vision_ws/install/jetson_camera/lib/python3.8/site-packages/jetson_camera-0.0.0-py3.8.egg-info
[3.575s] running install_scripts
[3.642s] Installing publisher_node script to /home/jetson/EVC/workshops/vision_ws/install/jetson_camera/lib/jetson_camera
[3.643s] Installing subscriber_node script to /home/jetson/EVC/workshops/vision_ws/install/jetson_camera/lib/jetson_camera
[3.644s] writing list of installed files to '/home/jetson/EVC/workshops/vision_ws/build/jetson_camera/install.log'
[3.735s] Invoked command in '/home/jetson/EVC/workshops/vision_ws/src/jetson_camera' returned '0': JETSON_P_NUMBER=pders- PYTHONPATH=/home/jetson/EVC/workshops/vision_ws/build/jetson_camera/prefix_override:/usr/lib/python3/dist-packages/colcon_core/task/python/colcon_distutils_commands:/home/jetson/EVC/workshops/vision_ws/install/jetson_camera/lib/python3.8/site-packages:${PYTHONPATH} /usr/bin/python3 -W ignore:setup.py install is deprecated -W ignore:easy_install command is deprecated setup.py egg_info --egg-base ../../build/jetson_camera build --build-base /home/jetson/EVC/workshops/vision_ws/build/jetson_camera/build install --record /home/jetson/EVC/workshops/vision_ws/build/jetson_camera/install.log --single-version-externally-managed install_data
