[3.750s] Invoking command in '/home/jetson/EVC_2/workshops/vision_ws/src/jetson_camera': PYTHONPATH=/home/jetson/EVC_2/workshops/vision_ws/build/jetson_camera/prefix_override:/usr/lib/python3/dist-packages/colcon_core/task/python/colcon_distutils_commands:/home/jetson/EVC_2/workshops/vision_ws/install/jetson_camera/lib/python3.8/site-packages:${PYTHONPATH} /usr/bin/python3 -W ignore:setup.py install is deprecated -W ignore:easy_install command is deprecated setup.py egg_info --egg-base ../../build/jetson_camera build --build-base /home/jetson/EVC_2/workshops/vision_ws/build/jetson_camera/build install --record /home/jetson/EVC_2/workshops/vision_ws/build/jetson_camera/install.log --single-version-externally-managed install_data
[4.924s] running egg_info
[4.927s] writing ../../build/jetson_camera/jetson_camera.egg-info/PKG-INFO
[4.928s] writing dependency_links to ../../build/jetson_camera/jetson_camera.egg-info/dependency_links.txt
[4.928s] writing entry points to ../../build/jetson_camera/jetson_camera.egg-info/entry_points.txt
[4.929s] writing requirements to ../../build/jetson_camera/jetson_camera.egg-info/requires.txt
[4.930s] writing top-level names to ../../build/jetson_camera/jetson_camera.egg-info/top_level.txt
[4.948s] reading manifest file '../../build/jetson_camera/jetson_camera.egg-info/SOURCES.txt'
[4.958s] writing manifest file '../../build/jetson_camera/jetson_camera.egg-info/SOURCES.txt'
[4.963s] running build
[4.964s] running build_py
[4.964s] copying jetson_camera/processing_node.py -> /home/jetson/EVC_2/workshops/vision_ws/build/jetson_camera/build/lib/jetson_camera
[4.965s] copying jetson_camera/subscriber_node2.py -> /home/jetson/EVC_2/workshops/vision_ws/build/jetson_camera/build/lib/jetson_camera
[4.965s] running install
[4.965s] running install_lib
[4.973s] copying /home/jetson/EVC_2/workshops/vision_ws/build/jetson_camera/build/lib/jetson_camera/processing_node.py -> /home/jetson/EVC_2/workshops/vision_ws/install/jetson_camera/lib/python3.8/site-packages/jetson_camera
[4.973s] copying /home/jetson/EVC_2/workshops/vision_ws/build/jetson_camera/build/lib/jetson_camera/subscriber_node2.py -> /home/jetson/EVC_2/workshops/vision_ws/install/jetson_camera/lib/python3.8/site-packages/jetson_camera
[4.974s] byte-compiling /home/jetson/EVC_2/workshops/vision_ws/install/jetson_camera/lib/python3.8/site-packages/jetson_camera/processing_node.py to processing_node.cpython-38.pyc
[4.974s] byte-compiling /home/jetson/EVC_2/workshops/vision_ws/install/jetson_camera/lib/python3.8/site-packages/jetson_camera/subscriber_node2.py to subscriber_node2.cpython-38.pyc
[4.978s] running install_data
[4.979s] copying launch/camera_subscriber.launch.py -> /home/jetson/EVC_2/workshops/vision_ws/install/jetson_camera/share/jetson_camera/launch
[4.979s] running install_egg_info
[4.986s] removing '/home/jetson/EVC_2/workshops/vision_ws/install/jetson_camera/lib/python3.8/site-packages/jetson_camera-0.0.0-py3.8.egg-info' (and everything under it)
[4.988s] Copying ../../build/jetson_camera/jetson_camera.egg-info to /home/jetson/EVC_2/workshops/vision_ws/install/jetson_camera/lib/python3.8/site-packages/jetson_camera-0.0.0-py3.8.egg-info
[4.993s] running install_scripts
[5.075s] Installing processing_node script to /home/jetson/EVC_2/workshops/vision_ws/install/jetson_camera/lib/jetson_camera
[5.077s] Installing publisher_node script to /home/jetson/EVC_2/workshops/vision_ws/install/jetson_camera/lib/jetson_camera
[5.078s] Installing subscriber_node script to /home/jetson/EVC_2/workshops/vision_ws/install/jetson_camera/lib/jetson_camera
[5.079s] writing list of installed files to '/home/jetson/EVC_2/workshops/vision_ws/build/jetson_camera/install.log'
[5.181s] Invoked command in '/home/jetson/EVC_2/workshops/vision_ws/src/jetson_camera' returned '0': PYTHONPATH=/home/jetson/EVC_2/workshops/vision_ws/build/jetson_camera/prefix_override:/usr/lib/python3/dist-packages/colcon_core/task/python/colcon_distutils_commands:/home/jetson/EVC_2/workshops/vision_ws/install/jetson_camera/lib/python3.8/site-packages:${PYTHONPATH} /usr/bin/python3 -W ignore:setup.py install is deprecated -W ignore:easy_install command is deprecated setup.py egg_info --egg-base ../../build/jetson_camera build --build-base /home/jetson/EVC_2/workshops/vision_ws/build/jetson_camera/build install --record /home/jetson/EVC_2/workshops/vision_ws/build/jetson_camera/install.log --single-version-externally-managed install_data
