[3.232s] Invoking command in '/home/jetson/EVC_2/workshops/vision_ws/src/jetson_camera': PYTHONPATH=/home/jetson/EVC_2/workshops/vision_ws/build/jetson_camera/prefix_override:/usr/lib/python3/dist-packages/colcon_core/task/python/colcon_distutils_commands:/home/jetson/EVC_2/workshops/vision_ws/install/jetson_camera/lib/python3.8/site-packages:${PYTHONPATH} /usr/bin/python3 -W ignore:setup.py install is deprecated -W ignore:easy_install command is deprecated setup.py egg_info --egg-base ../../build/jetson_camera build --build-base /home/jetson/EVC_2/workshops/vision_ws/build/jetson_camera/build install --record /home/jetson/EVC_2/workshops/vision_ws/build/jetson_camera/install.log --single-version-externally-managed install_data
[4.337s] running egg_info
[4.340s] writing ../../build/jetson_camera/jetson_camera.egg-info/PKG-INFO
[4.341s] writing dependency_links to ../../build/jetson_camera/jetson_camera.egg-info/dependency_links.txt
[4.344s] writing entry points to ../../build/jetson_camera/jetson_camera.egg-info/entry_points.txt
[4.345s] writing requirements to ../../build/jetson_camera/jetson_camera.egg-info/requires.txt
[4.346s] writing top-level names to ../../build/jetson_camera/jetson_camera.egg-info/top_level.txt
[4.355s] reading manifest file '../../build/jetson_camera/jetson_camera.egg-info/SOURCES.txt'
[4.360s] writing manifest file '../../build/jetson_camera/jetson_camera.egg-info/SOURCES.txt'
[4.361s] running build
[4.361s] running build_py
[4.362s] copying jetson_camera/application_node.py -> /home/jetson/EVC_2/workshops/vision_ws/build/jetson_camera/build/lib/jetson_camera
[4.364s] running install
[4.367s] running install_lib
[4.371s] copying /home/jetson/EVC_2/workshops/vision_ws/build/jetson_camera/build/lib/jetson_camera/application_node.py -> /home/jetson/EVC_2/workshops/vision_ws/install/jetson_camera/lib/python3.8/site-packages/jetson_camera
[4.374s] byte-compiling /home/jetson/EVC_2/workshops/vision_ws/install/jetson_camera/lib/python3.8/site-packages/jetson_camera/application_node.py to application_node.cpython-38.pyc
[4.376s] running install_data
[4.378s] running install_egg_info
[4.384s] removing '/home/jetson/EVC_2/workshops/vision_ws/install/jetson_camera/lib/python3.8/site-packages/jetson_camera-0.0.0-py3.8.egg-info' (and everything under it)
[4.386s] Copying ../../build/jetson_camera/jetson_camera.egg-info to /home/jetson/EVC_2/workshops/vision_ws/install/jetson_camera/lib/python3.8/site-packages/jetson_camera-0.0.0-py3.8.egg-info
[4.389s] running install_scripts
[4.472s] Installing QR_node script to /home/jetson/EVC_2/workshops/vision_ws/install/jetson_camera/lib/jetson_camera
[4.473s] Installing application_node script to /home/jetson/EVC_2/workshops/vision_ws/install/jetson_camera/lib/jetson_camera
[4.473s] Installing processing_node script to /home/jetson/EVC_2/workshops/vision_ws/install/jetson_camera/lib/jetson_camera
[4.473s] Installing publisher_node script to /home/jetson/EVC_2/workshops/vision_ws/install/jetson_camera/lib/jetson_camera
[4.474s] Installing subscriber_node script to /home/jetson/EVC_2/workshops/vision_ws/install/jetson_camera/lib/jetson_camera
[4.475s] writing list of installed files to '/home/jetson/EVC_2/workshops/vision_ws/build/jetson_camera/install.log'
[4.572s] Invoked command in '/home/jetson/EVC_2/workshops/vision_ws/src/jetson_camera' returned '0': PYTHONPATH=/home/jetson/EVC_2/workshops/vision_ws/build/jetson_camera/prefix_override:/usr/lib/python3/dist-packages/colcon_core/task/python/colcon_distutils_commands:/home/jetson/EVC_2/workshops/vision_ws/install/jetson_camera/lib/python3.8/site-packages:${PYTHONPATH} /usr/bin/python3 -W ignore:setup.py install is deprecated -W ignore:easy_install command is deprecated setup.py egg_info --egg-base ../../build/jetson_camera build --build-base /home/jetson/EVC_2/workshops/vision_ws/build/jetson_camera/build install --record /home/jetson/EVC_2/workshops/vision_ws/build/jetson_camera/install.log --single-version-externally-managed install_data
