[2.996s] Invoking command in '/home/jetson/EVC_2/workshops/vision_ws/src/jetson_camera': PYTHONPATH=/home/jetson/EVC_2/workshops/vision_ws/build/jetson_camera/prefix_override:/usr/lib/python3/dist-packages/colcon_core/task/python/colcon_distutils_commands:/home/jetson/EVC_2/workshops/vision_ws/install/jetson_camera/lib/python3.8/site-packages:${PYTHONPATH} /usr/bin/python3 -W ignore:setup.py install is deprecated -W ignore:easy_install command is deprecated setup.py egg_info --egg-base ../../build/jetson_camera build --build-base /home/jetson/EVC_2/workshops/vision_ws/build/jetson_camera/build install --record /home/jetson/EVC_2/workshops/vision_ws/build/jetson_camera/install.log --single-version-externally-managed install_data
[4.028s] running egg_info
[4.032s] writing ../../build/jetson_camera/jetson_camera.egg-info/PKG-INFO
[4.033s] writing dependency_links to ../../build/jetson_camera/jetson_camera.egg-info/dependency_links.txt
[4.033s] writing entry points to ../../build/jetson_camera/jetson_camera.egg-info/entry_points.txt
[4.034s] writing requirements to ../../build/jetson_camera/jetson_camera.egg-info/requires.txt
[4.034s] writing top-level names to ../../build/jetson_camera/jetson_camera.egg-info/top_level.txt
[4.043s] package init file 'jetson_camera/motorDrivers/__init__.py' not found (or not a regular file)
[4.045s] reading manifest file '../../build/jetson_camera/jetson_camera.egg-info/SOURCES.txt'
[4.051s] writing manifest file '../../build/jetson_camera/jetson_camera.egg-info/SOURCES.txt'
[4.051s] running build
[4.052s] running build_py
[4.054s] copying jetson_camera/motorDrivers/motorDriver.py -> /home/jetson/EVC_2/workshops/vision_ws/build/jetson_camera/build/lib/jetson_camera/motorDrivers
[4.057s] running install
[4.060s] running install_lib
[4.065s] copying /home/jetson/EVC_2/workshops/vision_ws/build/jetson_camera/build/lib/jetson_camera/motorDrivers/motorDriver.py -> /home/jetson/EVC_2/workshops/vision_ws/install/jetson_camera/lib/python3.8/site-packages/jetson_camera/motorDrivers
[4.069s] byte-compiling /home/jetson/EVC_2/workshops/vision_ws/install/jetson_camera/lib/python3.8/site-packages/jetson_camera/motorDrivers/motorDriver.py to motorDriver.cpython-38.pyc
[4.072s] running install_data
[4.073s] running install_egg_info
[4.079s] removing '/home/jetson/EVC_2/workshops/vision_ws/install/jetson_camera/lib/python3.8/site-packages/jetson_camera-0.0.0-py3.8.egg-info' (and everything under it)
[4.080s] Copying ../../build/jetson_camera/jetson_camera.egg-info to /home/jetson/EVC_2/workshops/vision_ws/install/jetson_camera/lib/python3.8/site-packages/jetson_camera-0.0.0-py3.8.egg-info
[4.084s] running install_scripts
[4.159s] Installing QR_node script to /home/jetson/EVC_2/workshops/vision_ws/install/jetson_camera/lib/jetson_camera
[4.160s] Installing application_node script to /home/jetson/EVC_2/workshops/vision_ws/install/jetson_camera/lib/jetson_camera
[4.160s] Installing face_tracking_sub script to /home/jetson/EVC_2/workshops/vision_ws/install/jetson_camera/lib/jetson_camera
[4.161s] Installing main_qr script to /home/jetson/EVC_2/workshops/vision_ws/install/jetson_camera/lib/jetson_camera
[4.161s] Installing processing_node script to /home/jetson/EVC_2/workshops/vision_ws/install/jetson_camera/lib/jetson_camera
[4.161s] Installing publisher_node script to /home/jetson/EVC_2/workshops/vision_ws/install/jetson_camera/lib/jetson_camera
[4.162s] Installing subscriber_node script to /home/jetson/EVC_2/workshops/vision_ws/install/jetson_camera/lib/jetson_camera
[4.163s] writing list of installed files to '/home/jetson/EVC_2/workshops/vision_ws/build/jetson_camera/install.log'
[4.259s] Invoked command in '/home/jetson/EVC_2/workshops/vision_ws/src/jetson_camera' returned '0': PYTHONPATH=/home/jetson/EVC_2/workshops/vision_ws/build/jetson_camera/prefix_override:/usr/lib/python3/dist-packages/colcon_core/task/python/colcon_distutils_commands:/home/jetson/EVC_2/workshops/vision_ws/install/jetson_camera/lib/python3.8/site-packages:${PYTHONPATH} /usr/bin/python3 -W ignore:setup.py install is deprecated -W ignore:easy_install command is deprecated setup.py egg_info --egg-base ../../build/jetson_camera build --build-base /home/jetson/EVC_2/workshops/vision_ws/build/jetson_camera/build install --record /home/jetson/EVC_2/workshops/vision_ws/build/jetson_camera/install.log --single-version-externally-managed install_data
