[1.373s] DEBUG:colcon:Command line arguments: ['/usr/bin/colcon', 'build']
[1.374s] DEBUG:colcon:Parsed command line arguments: Namespace(allow_overriding=[], ament_cmake_args=None, base_paths=['.'], build_base='build', catkin_cmake_args=None, catkin_skip_building_tests=False, cmake_args=None, cmake_clean_cache=False, cmake_clean_first=False, cmake_force_configure=False, cmake_target=None, cmake_target_skip_unavailable=False, continue_on_error=False, event_handlers=None, executor='parallel', ignore_user_meta=False, install_base='install', log_base=None, log_level=None, main=<bound method BuildVerb.main of <colcon_core.verb.build.BuildVerb object at 0x7fa04e5790>>, merge_install=False, metas=['./colcon.meta'], packages_above=None, packages_above_and_dependencies=None, packages_above_depth=None, packages_end=None, packages_ignore=None, packages_ignore_regex=None, packages_select=None, packages_select_build_failed=False, packages_select_by_dep=None, packages_select_regex=None, packages_select_test_failures=False, packages_skip=None, packages_skip_build_finished=False, packages_skip_by_dep=None, packages_skip_regex=None, packages_skip_test_passed=False, packages_skip_up_to=None, packages_start=None, packages_up_to=None, packages_up_to_regex=None, parallel_workers=4, paths=None, symlink_install=False, test_result_base=None, verb_extension=<colcon_core.verb.build.BuildVerb object at 0x7fa04e5790>, verb_name='build', verb_parser=<colcon_defaults.argument_parser.defaults.DefaultArgumentsDecorator object at 0x7fa0486280>)
[2.590s] Level 1:colcon.colcon_core.package_discovery:discover_packages(colcon_meta) check parameters
[2.591s] Level 1:colcon.colcon_core.package_discovery:discover_packages(recursive) check parameters
[2.591s] Level 1:colcon.colcon_core.package_discovery:discover_packages(ignore) check parameters
[2.591s] Level 1:colcon.colcon_core.package_discovery:discover_packages(path) check parameters
[2.591s] Level 1:colcon.colcon_core.package_discovery:discover_packages(colcon_meta) discover
[2.592s] Level 1:colcon.colcon_core.package_discovery:discover_packages(recursive) discover
[2.592s] INFO:colcon.colcon_core.package_discovery:Crawling recursively for packages in '/home/jetson/Final_assignment/EmbeddedVisualControl/src'
[2.593s] Level 1:colcon.colcon_core.package_identification:_identify(.) by extensions ['ignore', 'ignore_ament_install']
[2.593s] Level 1:colcon.colcon_core.package_identification:_identify(.) by extension 'ignore'
[2.594s] Level 1:colcon.colcon_core.package_identification:_identify(.) by extension 'ignore_ament_install'
[2.594s] Level 1:colcon.colcon_core.package_identification:_identify(.) by extensions ['colcon_pkg']
[2.594s] Level 1:colcon.colcon_core.package_identification:_identify(.) by extension 'colcon_pkg'
[2.595s] Level 1:colcon.colcon_core.package_identification:_identify(.) by extensions ['colcon_meta']
[2.595s] Level 1:colcon.colcon_core.package_identification:_identify(.) by extension 'colcon_meta'
[2.595s] Level 1:colcon.colcon_core.package_identification:_identify(.) by extensions ['ros']
[2.595s] Level 1:colcon.colcon_core.package_identification:_identify(.) by extension 'ros'
[2.682s] Level 1:colcon.colcon_core.package_identification:_identify(.) by extensions ['cmake', 'python']
[2.701s] Level 1:colcon.colcon_core.package_identification:_identify(.) by extension 'cmake'
[2.702s] Level 1:colcon.colcon_core.package_identification:_identify(.) by extension 'python'
[2.706s] Level 1:colcon.colcon_core.package_identification:_identify(.) by extensions ['python_setup_py']
[2.707s] Level 1:colcon.colcon_core.package_identification:_identify(.) by extension 'python_setup_py'
[2.709s] Level 1:colcon.colcon_core.package_identification:_identify(build) by extensions ['ignore', 'ignore_ament_install']
[2.710s] Level 1:colcon.colcon_core.package_identification:_identify(build) by extension 'ignore'
[2.711s] Level 1:colcon.colcon_core.package_identification:_identify(build) ignored
[2.712s] Level 1:colcon.colcon_core.package_identification:_identify(install) by extensions ['ignore', 'ignore_ament_install']
[2.713s] Level 1:colcon.colcon_core.package_identification:_identify(install) by extension 'ignore'
[2.714s] Level 1:colcon.colcon_core.package_identification:_identify(install) ignored
[2.715s] Level 1:colcon.colcon_core.package_identification:_identify(jetson_camera) by extensions ['ignore', 'ignore_ament_install']
[2.716s] Level 1:colcon.colcon_core.package_identification:_identify(jetson_camera) by extension 'ignore'
[2.717s] Level 1:colcon.colcon_core.package_identification:_identify(jetson_camera) by extension 'ignore_ament_install'
[2.719s] Level 1:colcon.colcon_core.package_identification:_identify(jetson_camera) by extensions ['colcon_pkg']
[2.720s] Level 1:colcon.colcon_core.package_identification:_identify(jetson_camera) by extension 'colcon_pkg'
[2.721s] Level 1:colcon.colcon_core.package_identification:_identify(jetson_camera) by extensions ['colcon_meta']
[2.722s] Level 1:colcon.colcon_core.package_identification:_identify(jetson_camera) by extension 'colcon_meta'
[2.723s] Level 1:colcon.colcon_core.package_identification:_identify(jetson_camera) by extensions ['ros']
[2.723s] Level 1:colcon.colcon_core.package_identification:_identify(jetson_camera) by extension 'ros'
[2.748s] DEBUG:colcon.colcon_core.package_identification:Package 'jetson_camera' with type 'ros.ament_python' and name 'jetson_camera'
[2.749s] Level 1:colcon.colcon_core.package_identification:_identify(jetson_interfaces) by extensions ['ignore', 'ignore_ament_install']
[2.750s] Level 1:colcon.colcon_core.package_identification:_identify(jetson_interfaces) by extension 'ignore'
[2.750s] Level 1:colcon.colcon_core.package_identification:_identify(jetson_interfaces) by extension 'ignore_ament_install'
[2.751s] Level 1:colcon.colcon_core.package_identification:_identify(jetson_interfaces) by extensions ['colcon_pkg']
[2.752s] Level 1:colcon.colcon_core.package_identification:_identify(jetson_interfaces) by extension 'colcon_pkg'
[2.752s] Level 1:colcon.colcon_core.package_identification:_identify(jetson_interfaces) by extensions ['colcon_meta']
[2.753s] Level 1:colcon.colcon_core.package_identification:_identify(jetson_interfaces) by extension 'colcon_meta'
[2.753s] Level 1:colcon.colcon_core.package_identification:_identify(jetson_interfaces) by extensions ['ros']
[2.754s] Level 1:colcon.colcon_core.package_identification:_identify(jetson_interfaces) by extension 'ros'
[2.759s] DEBUG:colcon.colcon_core.package_identification:Package 'jetson_interfaces' with type 'ros.ament_cmake' and name 'jetson_interfaces'
[2.760s] Level 1:colcon.colcon_core.package_identification:_identify(log) by extensions ['ignore', 'ignore_ament_install']
[2.761s] Level 1:colcon.colcon_core.package_identification:_identify(log) by extension 'ignore'
[2.761s] Level 1:colcon.colcon_core.package_identification:_identify(log) ignored
[2.762s] Level 1:colcon.colcon_core.package_discovery:discover_packages(recursive) using defaults
[2.762s] Level 1:colcon.colcon_core.package_discovery:discover_packages(ignore) discover
[2.762s] Level 1:colcon.colcon_core.package_discovery:discover_packages(ignore) using defaults
[2.763s] Level 1:colcon.colcon_core.package_discovery:discover_packages(path) discover
[2.763s] Level 1:colcon.colcon_core.package_discovery:discover_packages(path) using defaults
[2.996s] Level 1:colcon.colcon_core.package_discovery:discover_packages(prefix_path) check parameters
[2.997s] Level 1:colcon.colcon_core.package_discovery:discover_packages(prefix_path) discover
[3.020s] DEBUG:colcon.colcon_installed_package_information.package_discovery:Found 191 installed packages in /opt/ros/foxy
[3.029s] Level 1:colcon.colcon_core.package_discovery:discover_packages(prefix_path) using defaults
[3.514s] Level 5:colcon.colcon_core.verb:set package 'jetson_camera' build argument 'cmake_args' from command line to 'None'
[3.517s] Level 5:colcon.colcon_core.verb:set package 'jetson_camera' build argument 'cmake_target' from command line to 'None'
[3.518s] Level 5:colcon.colcon_core.verb:set package 'jetson_camera' build argument 'cmake_target_skip_unavailable' from command line to 'False'
[3.519s] Level 5:colcon.colcon_core.verb:set package 'jetson_camera' build argument 'cmake_clean_cache' from command line to 'False'
[3.520s] Level 5:colcon.colcon_core.verb:set package 'jetson_camera' build argument 'cmake_clean_first' from command line to 'False'
[3.520s] Level 5:colcon.colcon_core.verb:set package 'jetson_camera' build argument 'cmake_force_configure' from command line to 'False'
[3.525s] Level 5:colcon.colcon_core.verb:set package 'jetson_camera' build argument 'ament_cmake_args' from command line to 'None'
[3.525s] Level 5:colcon.colcon_core.verb:set package 'jetson_camera' build argument 'catkin_cmake_args' from command line to 'None'
[3.526s] Level 5:colcon.colcon_core.verb:set package 'jetson_camera' build argument 'catkin_skip_building_tests' from command line to 'False'
[3.527s] DEBUG:colcon.colcon_core.verb:Building package 'jetson_camera' with the following arguments: {'ament_cmake_args': None, 'build_base': '/home/jetson/Final_assignment/EmbeddedVisualControl/src/build/jetson_camera', 'catkin_cmake_args': None, 'catkin_skip_building_tests': False, 'cmake_args': None, 'cmake_clean_cache': False, 'cmake_clean_first': False, 'cmake_force_configure': False, 'cmake_target': None, 'cmake_target_skip_unavailable': False, 'install_base': '/home/jetson/Final_assignment/EmbeddedVisualControl/src/install/jetson_camera', 'merge_install': False, 'path': '/home/jetson/Final_assignment/EmbeddedVisualControl/src/jetson_camera', 'symlink_install': False, 'test_result_base': None}
[3.531s] Level 5:colcon.colcon_core.verb:set package 'jetson_interfaces' build argument 'cmake_args' from command line to 'None'
[3.531s] Level 5:colcon.colcon_core.verb:set package 'jetson_interfaces' build argument 'cmake_target' from command line to 'None'
[3.536s] Level 5:colcon.colcon_core.verb:set package 'jetson_interfaces' build argument 'cmake_target_skip_unavailable' from command line to 'False'
[3.537s] Level 5:colcon.colcon_core.verb:set package 'jetson_interfaces' build argument 'cmake_clean_cache' from command line to 'False'
[3.537s] Level 5:colcon.colcon_core.verb:set package 'jetson_interfaces' build argument 'cmake_clean_first' from command line to 'False'
[3.538s] Level 5:colcon.colcon_core.verb:set package 'jetson_interfaces' build argument 'cmake_force_configure' from command line to 'False'
[3.538s] Level 5:colcon.colcon_core.verb:set package 'jetson_interfaces' build argument 'ament_cmake_args' from command line to 'None'
[3.539s] Level 5:colcon.colcon_core.verb:set package 'jetson_interfaces' build argument 'catkin_cmake_args' from command line to 'None'
[3.540s] Level 5:colcon.colcon_core.verb:set package 'jetson_interfaces' build argument 'catkin_skip_building_tests' from command line to 'False'
[3.541s] DEBUG:colcon.colcon_core.verb:Building package 'jetson_interfaces' with the following arguments: {'ament_cmake_args': None, 'build_base': '/home/jetson/Final_assignment/EmbeddedVisualControl/src/build/jetson_interfaces', 'catkin_cmake_args': None, 'catkin_skip_building_tests': False, 'cmake_args': None, 'cmake_clean_cache': False, 'cmake_clean_first': False, 'cmake_force_configure': False, 'cmake_target': None, 'cmake_target_skip_unavailable': False, 'install_base': '/home/jetson/Final_assignment/EmbeddedVisualControl/src/install/jetson_interfaces', 'merge_install': False, 'path': '/home/jetson/Final_assignment/EmbeddedVisualControl/src/jetson_interfaces', 'symlink_install': False, 'test_result_base': None}
[3.542s] INFO:colcon.colcon_core.executor:Executing jobs using 'parallel' executor
[3.550s] DEBUG:colcon.colcon_parallel_executor.executor.parallel:run_until_complete
[3.551s] INFO:colcon.colcon_ros.task.ament_python.build:Building ROS package in '/home/jetson/Final_assignment/EmbeddedVisualControl/src/jetson_camera' with build type 'ament_python'
[3.552s] Level 1:colcon.colcon_core.shell:create_environment_hook('jetson_camera', 'ament_prefix_path')
[3.635s] INFO:colcon.colcon_core.plugin_system:Skipping extension 'colcon_core.shell.bat': Not used on non-Windows systems
[3.636s] INFO:colcon.colcon_core.shell:Creating environment hook '/home/jetson/Final_assignment/EmbeddedVisualControl/src/install/jetson_camera/share/jetson_camera/hook/ament_prefix_path.ps1'
[3.645s] INFO:colcon.colcon_core.shell:Creating environment descriptor '/home/jetson/Final_assignment/EmbeddedVisualControl/src/install/jetson_camera/share/jetson_camera/hook/ament_prefix_path.dsv'
[3.650s] INFO:colcon.colcon_core.shell:Creating environment hook '/home/jetson/Final_assignment/EmbeddedVisualControl/src/install/jetson_camera/share/jetson_camera/hook/ament_prefix_path.sh'
[3.658s] INFO:colcon.colcon_core.shell:Skip shell extension 'powershell' for command environment: Not usable outside of PowerShell
[3.659s] DEBUG:colcon.colcon_core.shell:Skip shell extension 'dsv' for command environment
[3.692s] INFO:colcon.colcon_ros.task.ament_cmake.build:Building ROS package in '/home/jetson/Final_assignment/EmbeddedVisualControl/src/jetson_interfaces' with build type 'ament_cmake'
[3.693s] INFO:colcon.colcon_cmake.task.cmake.build:Building CMake package in '/home/jetson/Final_assignment/EmbeddedVisualControl/src/jetson_interfaces'
[3.695s] INFO:colcon.colcon_core.shell:Skip shell extension 'powershell' for command environment: Not usable outside of PowerShell
[3.697s] DEBUG:colcon.colcon_core.shell:Skip shell extension 'dsv' for command environment
[5.360s] INFO:colcon.colcon_core.task.python.build:Building Python package in '/home/jetson/Final_assignment/EmbeddedVisualControl/src/jetson_camera'
[5.362s] INFO:colcon.colcon_core.shell:Skip shell extension 'powershell' for command environment: Not usable outside of PowerShell
[5.363s] DEBUG:colcon.colcon_core.shell:Skip shell extension 'dsv' for command environment
[5.430s] DEBUG:colcon.colcon_core.event_handler.log_command:Invoking command in '/home/jetson/Final_assignment/EmbeddedVisualControl/src/build/jetson_interfaces': CMAKE_PREFIX_PATH=/opt/ros/foxy /usr/bin/cmake --build /home/jetson/Final_assignment/EmbeddedVisualControl/src/build/jetson_interfaces -- -j4 -l4
[8.599s] DEBUG:colcon.colcon_core.event_handler.log_command:Invoking command in '/home/jetson/Final_assignment/EmbeddedVisualControl/src/jetson_camera': PYTHONPATH=/home/jetson/Final_assignment/EmbeddedVisualControl/src/build/jetson_camera/prefix_override:/usr/lib/python3/dist-packages/colcon_core/task/python/colcon_distutils_commands:/home/jetson/Final_assignment/EmbeddedVisualControl/src/install/jetson_camera/lib/python3.8/site-packages:${PYTHONPATH} /usr/bin/python3 -W ignore:setup.py install is deprecated -W ignore:easy_install command is deprecated setup.py egg_info --egg-base ../build/jetson_camera build --build-base /home/jetson/Final_assignment/EmbeddedVisualControl/src/build/jetson_camera/build install --record /home/jetson/Final_assignment/EmbeddedVisualControl/src/build/jetson_camera/install.log --single-version-externally-managed install_data
[9.859s] DEBUG:colcon.colcon_core.event_handler.log_command:Invoked command in '/home/jetson/Final_assignment/EmbeddedVisualControl/src/build/jetson_interfaces' returned '0': CMAKE_PREFIX_PATH=/opt/ros/foxy /usr/bin/cmake --build /home/jetson/Final_assignment/EmbeddedVisualControl/src/build/jetson_interfaces -- -j4 -l4
[9.960s] DEBUG:colcon.colcon_core.event_handler.log_command:Invoking command in '/home/jetson/Final_assignment/EmbeddedVisualControl/src/build/jetson_interfaces': CMAKE_PREFIX_PATH=/opt/ros/foxy /usr/bin/cmake --install /home/jetson/Final_assignment/EmbeddedVisualControl/src/build/jetson_interfaces
[10.555s] Level 1:colcon.colcon_core.environment:create_environment_scripts_only(jetson_interfaces)
[10.596s] Level 1:colcon.colcon_core.environment:checking '/home/jetson/Final_assignment/EmbeddedVisualControl/src/install/jetson_interfaces' for CMake module files
[10.600s] Level 1:colcon.colcon_core.environment:checking '/home/jetson/Final_assignment/EmbeddedVisualControl/src/install/jetson_interfaces' for CMake config files
[10.604s] Level 1:colcon.colcon_core.shell:create_environment_hook('jetson_interfaces', 'cmake_prefix_path')
[10.606s] INFO:colcon.colcon_core.shell:Creating environment hook '/home/jetson/Final_assignment/EmbeddedVisualControl/src/install/jetson_interfaces/share/jetson_interfaces/hook/cmake_prefix_path.ps1'
[10.609s] INFO:colcon.colcon_core.shell:Creating environment descriptor '/home/jetson/Final_assignment/EmbeddedVisualControl/src/install/jetson_interfaces/share/jetson_interfaces/hook/cmake_prefix_path.dsv'
[10.612s] INFO:colcon.colcon_core.shell:Creating environment hook '/home/jetson/Final_assignment/EmbeddedVisualControl/src/install/jetson_interfaces/share/jetson_interfaces/hook/cmake_prefix_path.sh'
[10.626s] Level 1:colcon.colcon_core.environment:checking '/home/jetson/Final_assignment/EmbeddedVisualControl/src/install/jetson_interfaces/lib'
[10.627s] Level 1:colcon.colcon_core.shell:create_environment_hook('jetson_interfaces', 'ld_library_path_lib')
[10.628s] INFO:colcon.colcon_core.shell:Creating environment hook '/home/jetson/Final_assignment/EmbeddedVisualControl/src/install/jetson_interfaces/share/jetson_interfaces/hook/ld_library_path_lib.ps1'
[10.637s] DEBUG:colcon.colcon_core.event_handler.log_command:Invoked command in '/home/jetson/Final_assignment/EmbeddedVisualControl/src/build/jetson_interfaces' returned '0': CMAKE_PREFIX_PATH=/opt/ros/foxy /usr/bin/cmake --install /home/jetson/Final_assignment/EmbeddedVisualControl/src/build/jetson_interfaces
[10.643s] INFO:colcon.colcon_core.shell:Creating environment descriptor '/home/jetson/Final_assignment/EmbeddedVisualControl/src/install/jetson_interfaces/share/jetson_interfaces/hook/ld_library_path_lib.dsv'
[10.646s] INFO:colcon.colcon_core.shell:Creating environment hook '/home/jetson/Final_assignment/EmbeddedVisualControl/src/install/jetson_interfaces/share/jetson_interfaces/hook/ld_library_path_lib.sh'
[10.649s] Level 1:colcon.colcon_core.environment:checking '/home/jetson/Final_assignment/EmbeddedVisualControl/src/install/jetson_interfaces/bin'
[10.649s] Level 1:colcon.colcon_core.environment:checking '/home/jetson/Final_assignment/EmbeddedVisualControl/src/install/jetson_interfaces/lib/pkgconfig/jetson_interfaces.pc'
[10.650s] Level 1:colcon.colcon_core.environment:checking '/home/jetson/Final_assignment/EmbeddedVisualControl/src/install/jetson_interfaces/lib/python3.8/site-packages'
[10.651s] Level 1:colcon.colcon_core.shell:create_environment_hook('jetson_interfaces', 'pythonpath')
[10.653s] INFO:colcon.colcon_core.shell:Creating environment hook '/home/jetson/Final_assignment/EmbeddedVisualControl/src/install/jetson_interfaces/share/jetson_interfaces/hook/pythonpath.ps1'
[10.675s] INFO:colcon.colcon_core.shell:Creating environment descriptor '/home/jetson/Final_assignment/EmbeddedVisualControl/src/install/jetson_interfaces/share/jetson_interfaces/hook/pythonpath.dsv'
[10.680s] INFO:colcon.colcon_core.shell:Creating environment hook '/home/jetson/Final_assignment/EmbeddedVisualControl/src/install/jetson_interfaces/share/jetson_interfaces/hook/pythonpath.sh'
[10.685s] Level 1:colcon.colcon_core.environment:checking '/home/jetson/Final_assignment/EmbeddedVisualControl/src/install/jetson_interfaces/bin'
[10.688s] INFO:colcon.colcon_core.shell:Creating package script '/home/jetson/Final_assignment/EmbeddedVisualControl/src/install/jetson_interfaces/share/jetson_interfaces/package.ps1'
[10.694s] INFO:colcon.colcon_core.shell:Creating package descriptor '/home/jetson/Final_assignment/EmbeddedVisualControl/src/install/jetson_interfaces/share/jetson_interfaces/package.dsv'
[10.699s] INFO:colcon.colcon_core.shell:Creating package script '/home/jetson/Final_assignment/EmbeddedVisualControl/src/install/jetson_interfaces/share/jetson_interfaces/package.sh'
[10.706s] INFO:colcon.colcon_core.shell:Creating package script '/home/jetson/Final_assignment/EmbeddedVisualControl/src/install/jetson_interfaces/share/jetson_interfaces/package.bash'
[10.711s] INFO:colcon.colcon_core.shell:Creating package script '/home/jetson/Final_assignment/EmbeddedVisualControl/src/install/jetson_interfaces/share/jetson_interfaces/package.zsh'
[10.725s] Level 1:colcon.colcon_core.environment:create_file_with_runtime_dependencies(/home/jetson/Final_assignment/EmbeddedVisualControl/src/install/jetson_interfaces/share/colcon-core/packages/jetson_interfaces)
[10.733s] Level 1:colcon.colcon_core.environment:create_environment_scripts_only(jetson_interfaces)
[10.734s] Level 1:colcon.colcon_core.environment:checking '/home/jetson/Final_assignment/EmbeddedVisualControl/src/install/jetson_interfaces' for CMake module files
[10.738s] Level 1:colcon.colcon_core.environment:checking '/home/jetson/Final_assignment/EmbeddedVisualControl/src/install/jetson_interfaces' for CMake config files
[10.741s] Level 1:colcon.colcon_core.shell:create_environment_hook('jetson_interfaces', 'cmake_prefix_path')
[10.743s] INFO:colcon.colcon_core.shell:Creating environment hook '/home/jetson/Final_assignment/EmbeddedVisualControl/src/install/jetson_interfaces/share/jetson_interfaces/hook/cmake_prefix_path.ps1'
[10.750s] INFO:colcon.colcon_core.shell:Creating environment descriptor '/home/jetson/Final_assignment/EmbeddedVisualControl/src/install/jetson_interfaces/share/jetson_interfaces/hook/cmake_prefix_path.dsv'
[10.753s] INFO:colcon.colcon_core.shell:Creating environment hook '/home/jetson/Final_assignment/EmbeddedVisualControl/src/install/jetson_interfaces/share/jetson_interfaces/hook/cmake_prefix_path.sh'
[10.756s] Level 1:colcon.colcon_core.environment:checking '/home/jetson/Final_assignment/EmbeddedVisualControl/src/install/jetson_interfaces/lib'
[10.757s] Level 1:colcon.colcon_core.shell:create_environment_hook('jetson_interfaces', 'ld_library_path_lib')
[10.759s] INFO:colcon.colcon_core.shell:Creating environment hook '/home/jetson/Final_assignment/EmbeddedVisualControl/src/install/jetson_interfaces/share/jetson_interfaces/hook/ld_library_path_lib.ps1'
[10.762s] INFO:colcon.colcon_core.shell:Creating environment descriptor '/home/jetson/Final_assignment/EmbeddedVisualControl/src/install/jetson_interfaces/share/jetson_interfaces/hook/ld_library_path_lib.dsv'
[10.764s] INFO:colcon.colcon_core.shell:Creating environment hook '/home/jetson/Final_assignment/EmbeddedVisualControl/src/install/jetson_interfaces/share/jetson_interfaces/hook/ld_library_path_lib.sh'
[10.767s] Level 1:colcon.colcon_core.environment:checking '/home/jetson/Final_assignment/EmbeddedVisualControl/src/install/jetson_interfaces/bin'
[10.768s] Level 1:colcon.colcon_core.environment:checking '/home/jetson/Final_assignment/EmbeddedVisualControl/src/install/jetson_interfaces/lib/pkgconfig/jetson_interfaces.pc'
[10.770s] Level 1:colcon.colcon_core.environment:checking '/home/jetson/Final_assignment/EmbeddedVisualControl/src/install/jetson_interfaces/lib/python3.8/site-packages'
[10.771s] Level 1:colcon.colcon_core.shell:create_environment_hook('jetson_interfaces', 'pythonpath')
[10.773s] INFO:colcon.colcon_core.shell:Creating environment hook '/home/jetson/Final_assignment/EmbeddedVisualControl/src/install/jetson_interfaces/share/jetson_interfaces/hook/pythonpath.ps1'
[10.776s] INFO:colcon.colcon_core.shell:Creating environment descriptor '/home/jetson/Final_assignment/EmbeddedVisualControl/src/install/jetson_interfaces/share/jetson_interfaces/hook/pythonpath.dsv'
[10.779s] INFO:colcon.colcon_core.shell:Creating environment hook '/home/jetson/Final_assignment/EmbeddedVisualControl/src/install/jetson_interfaces/share/jetson_interfaces/hook/pythonpath.sh'
[10.785s] Level 1:colcon.colcon_core.environment:checking '/home/jetson/Final_assignment/EmbeddedVisualControl/src/install/jetson_interfaces/bin'
[10.789s] INFO:colcon.colcon_core.shell:Creating package script '/home/jetson/Final_assignment/EmbeddedVisualControl/src/install/jetson_interfaces/share/jetson_interfaces/package.ps1'
[10.793s] INFO:colcon.colcon_core.shell:Creating package descriptor '/home/jetson/Final_assignment/EmbeddedVisualControl/src/install/jetson_interfaces/share/jetson_interfaces/package.dsv'
[10.797s] INFO:colcon.colcon_core.shell:Creating package script '/home/jetson/Final_assignment/EmbeddedVisualControl/src/install/jetson_interfaces/share/jetson_interfaces/package.sh'
[10.803s] INFO:colcon.colcon_core.shell:Creating package script '/home/jetson/Final_assignment/EmbeddedVisualControl/src/install/jetson_interfaces/share/jetson_interfaces/package.bash'
[10.807s] INFO:colcon.colcon_core.shell:Creating package script '/home/jetson/Final_assignment/EmbeddedVisualControl/src/install/jetson_interfaces/share/jetson_interfaces/package.zsh'
[10.810s] Level 1:colcon.colcon_core.environment:create_file_with_runtime_dependencies(/home/jetson/Final_assignment/EmbeddedVisualControl/src/install/jetson_interfaces/share/colcon-core/packages/jetson_interfaces)
[10.994s] Level 1:colcon.colcon_core.environment:checking '/home/jetson/Final_assignment/EmbeddedVisualControl/src/install/jetson_camera' for CMake module files
[10.999s] DEBUG:colcon.colcon_core.event_handler.log_command:Invoked command in '/home/jetson/Final_assignment/EmbeddedVisualControl/src/jetson_camera' returned '0': PYTHONPATH=/home/jetson/Final_assignment/EmbeddedVisualControl/src/build/jetson_camera/prefix_override:/usr/lib/python3/dist-packages/colcon_core/task/python/colcon_distutils_commands:/home/jetson/Final_assignment/EmbeddedVisualControl/src/install/jetson_camera/lib/python3.8/site-packages:${PYTHONPATH} /usr/bin/python3 -W ignore:setup.py install is deprecated -W ignore:easy_install command is deprecated setup.py egg_info --egg-base ../build/jetson_camera build --build-base /home/jetson/Final_assignment/EmbeddedVisualControl/src/build/jetson_camera/build install --record /home/jetson/Final_assignment/EmbeddedVisualControl/src/build/jetson_camera/install.log --single-version-externally-managed install_data
[11.001s] Level 1:colcon.colcon_core.environment:checking '/home/jetson/Final_assignment/EmbeddedVisualControl/src/install/jetson_camera' for CMake config files
[11.009s] Level 1:colcon.colcon_core.environment:checking '/home/jetson/Final_assignment/EmbeddedVisualControl/src/install/jetson_camera/lib'
[11.010s] Level 1:colcon.colcon_core.environment:checking '/home/jetson/Final_assignment/EmbeddedVisualControl/src/install/jetson_camera/bin'
[11.011s] Level 1:colcon.colcon_core.environment:checking '/home/jetson/Final_assignment/EmbeddedVisualControl/src/install/jetson_camera/lib/pkgconfig/jetson_camera.pc'
[11.012s] Level 1:colcon.colcon_core.environment:checking '/home/jetson/Final_assignment/EmbeddedVisualControl/src/install/jetson_camera/lib/python3.8/site-packages'
[11.013s] Level 1:colcon.colcon_core.shell:create_environment_hook('jetson_camera', 'pythonpath')
[11.017s] INFO:colcon.colcon_core.shell:Creating environment hook '/home/jetson/Final_assignment/EmbeddedVisualControl/src/install/jetson_camera/share/jetson_camera/hook/pythonpath.ps1'
[11.020s] INFO:colcon.colcon_core.shell:Creating environment descriptor '/home/jetson/Final_assignment/EmbeddedVisualControl/src/install/jetson_camera/share/jetson_camera/hook/pythonpath.dsv'
[11.023s] INFO:colcon.colcon_core.shell:Creating environment hook '/home/jetson/Final_assignment/EmbeddedVisualControl/src/install/jetson_camera/share/jetson_camera/hook/pythonpath.sh'
[11.033s] Level 1:colcon.colcon_core.environment:checking '/home/jetson/Final_assignment/EmbeddedVisualControl/src/install/jetson_camera/bin'
[11.033s] Level 1:colcon.colcon_core.environment:create_environment_scripts_only(jetson_camera)
[11.036s] INFO:colcon.colcon_core.shell:Creating package script '/home/jetson/Final_assignment/EmbeddedVisualControl/src/install/jetson_camera/share/jetson_camera/package.ps1'
[11.039s] INFO:colcon.colcon_core.shell:Creating package descriptor '/home/jetson/Final_assignment/EmbeddedVisualControl/src/install/jetson_camera/share/jetson_camera/package.dsv'
[11.043s] INFO:colcon.colcon_core.shell:Creating package script '/home/jetson/Final_assignment/EmbeddedVisualControl/src/install/jetson_camera/share/jetson_camera/package.sh'
[11.047s] INFO:colcon.colcon_core.shell:Creating package script '/home/jetson/Final_assignment/EmbeddedVisualControl/src/install/jetson_camera/share/jetson_camera/package.bash'
[11.050s] INFO:colcon.colcon_core.shell:Creating package script '/home/jetson/Final_assignment/EmbeddedVisualControl/src/install/jetson_camera/share/jetson_camera/package.zsh'
[11.054s] Level 1:colcon.colcon_core.environment:create_file_with_runtime_dependencies(/home/jetson/Final_assignment/EmbeddedVisualControl/src/install/jetson_camera/share/colcon-core/packages/jetson_camera)
[11.061s] DEBUG:colcon.colcon_parallel_executor.executor.parallel:closing loop
[11.063s] DEBUG:colcon.colcon_parallel_executor.executor.parallel:loop closed
[11.064s] DEBUG:colcon.colcon_parallel_executor.executor.parallel:run_until_complete finished with '0'
[11.071s] DEBUG:colcon.colcon_core.event_reactor:joining thread
[11.119s] INFO:colcon.colcon_core.plugin_system:Skipping extension 'colcon_notification.desktop_notification.terminal_notifier': Not used on non-Darwin systems
[11.119s] INFO:colcon.colcon_core.plugin_system:Skipping extension 'colcon_notification.desktop_notification.win32': Not used on non-Windows systems
[11.119s] INFO:colcon.colcon_notification.desktop_notification:Sending desktop notification using 'notify2'
[11.549s] DEBUG:colcon.colcon_notification.desktop_notification.notify2:Failed to initialize notify2: org.freedesktop.DBus.Error.Spawn.ChildExited: Process org.freedesktop.Notifications exited with status 1
[11.549s] DEBUG:colcon.colcon_core.event_reactor:joined thread
[11.551s] INFO:colcon.colcon_core.shell:Creating prefix script '/home/jetson/Final_assignment/EmbeddedVisualControl/src/install/local_setup.ps1'
[11.560s] INFO:colcon.colcon_core.shell:Creating prefix util module '/home/jetson/Final_assignment/EmbeddedVisualControl/src/install/_local_setup_util_ps1.py'
[11.572s] INFO:colcon.colcon_core.shell:Creating prefix chain script '/home/jetson/Final_assignment/EmbeddedVisualControl/src/install/setup.ps1'
[11.588s] INFO:colcon.colcon_core.shell:Creating prefix script '/home/jetson/Final_assignment/EmbeddedVisualControl/src/install/local_setup.sh'
[11.602s] INFO:colcon.colcon_core.shell:Creating prefix util module '/home/jetson/Final_assignment/EmbeddedVisualControl/src/install/_local_setup_util_sh.py'
[11.605s] INFO:colcon.colcon_core.shell:Creating prefix chain script '/home/jetson/Final_assignment/EmbeddedVisualControl/src/install/setup.sh'
[11.610s] INFO:colcon.colcon_core.shell:Creating prefix script '/home/jetson/Final_assignment/EmbeddedVisualControl/src/install/local_setup.bash'
[11.613s] INFO:colcon.colcon_core.shell:Creating prefix chain script '/home/jetson/Final_assignment/EmbeddedVisualControl/src/install/setup.bash'
[11.618s] INFO:colcon.colcon_core.shell:Creating prefix script '/home/jetson/Final_assignment/EmbeddedVisualControl/src/install/local_setup.zsh'
[11.621s] INFO:colcon.colcon_core.shell:Creating prefix chain script '/home/jetson/Final_assignment/EmbeddedVisualControl/src/install/setup.zsh'
