[0.897s] DEBUG:colcon:Command line arguments: ['/usr/bin/colcon', 'build']
[0.898s] DEBUG:colcon:Parsed command line arguments: Namespace(allow_overriding=[], ament_cmake_args=None, base_paths=['.'], build_base='build', catkin_cmake_args=None, catkin_skip_building_tests=False, cmake_args=None, cmake_clean_cache=False, cmake_clean_first=False, cmake_force_configure=False, cmake_target=None, cmake_target_skip_unavailable=False, continue_on_error=False, event_handlers=None, executor='parallel', ignore_user_meta=False, install_base='install', log_base=None, log_level=None, main=<bound method BuildVerb.main of <colcon_core.verb.build.BuildVerb object at 0x7f8181a370>>, merge_install=False, metas=['./colcon.meta'], packages_above=None, packages_above_and_dependencies=None, packages_above_depth=None, packages_end=None, packages_ignore=None, packages_ignore_regex=None, packages_select=None, packages_select_build_failed=False, packages_select_by_dep=None, packages_select_regex=None, packages_select_test_failures=False, packages_skip=None, packages_skip_build_finished=False, packages_skip_by_dep=None, packages_skip_regex=None, packages_skip_test_passed=False, packages_skip_up_to=None, packages_start=None, packages_up_to=None, packages_up_to_regex=None, parallel_workers=4, paths=None, symlink_install=False, test_result_base=None, verb_extension=<colcon_core.verb.build.BuildVerb object at 0x7f8181a370>, verb_name='build', verb_parser=<colcon_defaults.argument_parser.defaults.DefaultArgumentsDecorator object at 0x7f817a3670>)
[1.744s] Level 1:colcon.colcon_core.package_discovery:discover_packages(colcon_meta) check parameters
[1.745s] Level 1:colcon.colcon_core.package_discovery:discover_packages(recursive) check parameters
[1.745s] Level 1:colcon.colcon_core.package_discovery:discover_packages(ignore) check parameters
[1.746s] Level 1:colcon.colcon_core.package_discovery:discover_packages(path) check parameters
[1.746s] Level 1:colcon.colcon_core.package_discovery:discover_packages(colcon_meta) discover
[1.746s] Level 1:colcon.colcon_core.package_discovery:discover_packages(recursive) discover
[1.747s] INFO:colcon.colcon_core.package_discovery:Crawling recursively for packages in '/home/jetson/EVC_2/workshops/vision_ws'
[1.747s] Level 1:colcon.colcon_core.package_identification:_identify(.) by extensions ['ignore', 'ignore_ament_install']
[1.748s] Level 1:colcon.colcon_core.package_identification:_identify(.) by extension 'ignore'
[1.748s] Level 1:colcon.colcon_core.package_identification:_identify(.) by extension 'ignore_ament_install'
[1.749s] Level 1:colcon.colcon_core.package_identification:_identify(.) by extensions ['colcon_pkg']
[1.749s] Level 1:colcon.colcon_core.package_identification:_identify(.) by extension 'colcon_pkg'
[1.749s] Level 1:colcon.colcon_core.package_identification:_identify(.) by extensions ['colcon_meta']
[1.749s] Level 1:colcon.colcon_core.package_identification:_identify(.) by extension 'colcon_meta'
[1.749s] Level 1:colcon.colcon_core.package_identification:_identify(.) by extensions ['ros']
[1.750s] Level 1:colcon.colcon_core.package_identification:_identify(.) by extension 'ros'
[1.799s] Level 1:colcon.colcon_core.package_identification:_identify(.) by extensions ['cmake', 'python']
[1.800s] Level 1:colcon.colcon_core.package_identification:_identify(.) by extension 'cmake'
[1.800s] Level 1:colcon.colcon_core.package_identification:_identify(.) by extension 'python'
[1.800s] Level 1:colcon.colcon_core.package_identification:_identify(.) by extensions ['python_setup_py']
[1.800s] Level 1:colcon.colcon_core.package_identification:_identify(.) by extension 'python_setup_py'
[1.801s] Level 1:colcon.colcon_core.package_identification:_identify(build) by extensions ['ignore', 'ignore_ament_install']
[1.801s] Level 1:colcon.colcon_core.package_identification:_identify(build) by extension 'ignore'
[1.801s] Level 1:colcon.colcon_core.package_identification:_identify(build) ignored
[1.802s] Level 1:colcon.colcon_core.package_identification:_identify(install) by extensions ['ignore', 'ignore_ament_install']
[1.802s] Level 1:colcon.colcon_core.package_identification:_identify(install) by extension 'ignore'
[1.803s] Level 1:colcon.colcon_core.package_identification:_identify(install) ignored
[1.803s] Level 1:colcon.colcon_core.package_identification:_identify(log) by extensions ['ignore', 'ignore_ament_install']
[1.804s] Level 1:colcon.colcon_core.package_identification:_identify(log) by extension 'ignore'
[1.804s] Level 1:colcon.colcon_core.package_identification:_identify(log) ignored
[1.805s] Level 1:colcon.colcon_core.package_identification:_identify(src) by extensions ['ignore', 'ignore_ament_install']
[1.805s] Level 1:colcon.colcon_core.package_identification:_identify(src) by extension 'ignore'
[1.805s] Level 1:colcon.colcon_core.package_identification:_identify(src) by extension 'ignore_ament_install'
[1.806s] Level 1:colcon.colcon_core.package_identification:_identify(src) by extensions ['colcon_pkg']
[1.806s] Level 1:colcon.colcon_core.package_identification:_identify(src) by extension 'colcon_pkg'
[1.806s] Level 1:colcon.colcon_core.package_identification:_identify(src) by extensions ['colcon_meta']
[1.806s] Level 1:colcon.colcon_core.package_identification:_identify(src) by extension 'colcon_meta'
[1.806s] Level 1:colcon.colcon_core.package_identification:_identify(src) by extensions ['ros']
[1.806s] Level 1:colcon.colcon_core.package_identification:_identify(src) by extension 'ros'
[1.807s] Level 1:colcon.colcon_core.package_identification:_identify(src) by extensions ['cmake', 'python']
[1.807s] Level 1:colcon.colcon_core.package_identification:_identify(src) by extension 'cmake'
[1.807s] Level 1:colcon.colcon_core.package_identification:_identify(src) by extension 'python'
[1.807s] Level 1:colcon.colcon_core.package_identification:_identify(src) by extensions ['python_setup_py']
[1.807s] Level 1:colcon.colcon_core.package_identification:_identify(src) by extension 'python_setup_py'
[1.808s] Level 1:colcon.colcon_core.package_identification:_identify(src/jetson_camera) by extensions ['ignore', 'ignore_ament_install']
[1.808s] Level 1:colcon.colcon_core.package_identification:_identify(src/jetson_camera) by extension 'ignore'
[1.809s] Level 1:colcon.colcon_core.package_identification:_identify(src/jetson_camera) by extension 'ignore_ament_install'
[1.809s] Level 1:colcon.colcon_core.package_identification:_identify(src/jetson_camera) by extensions ['colcon_pkg']
[1.809s] Level 1:colcon.colcon_core.package_identification:_identify(src/jetson_camera) by extension 'colcon_pkg'
[1.809s] Level 1:colcon.colcon_core.package_identification:_identify(src/jetson_camera) by extensions ['colcon_meta']
[1.809s] Level 1:colcon.colcon_core.package_identification:_identify(src/jetson_camera) by extension 'colcon_meta'
[1.810s] Level 1:colcon.colcon_core.package_identification:_identify(src/jetson_camera) by extensions ['ros']
[1.810s] Level 1:colcon.colcon_core.package_identification:_identify(src/jetson_camera) by extension 'ros'
[1.820s] DEBUG:colcon.colcon_core.package_identification:Package 'src/jetson_camera' with type 'ros.ament_python' and name 'jetson_camera'
[1.821s] Level 1:colcon.colcon_core.package_identification:_identify(src/jetson_interfaces) by extensions ['ignore', 'ignore_ament_install']
[1.821s] Level 1:colcon.colcon_core.package_identification:_identify(src/jetson_interfaces) by extension 'ignore'
[1.822s] Level 1:colcon.colcon_core.package_identification:_identify(src/jetson_interfaces) by extension 'ignore_ament_install'
[1.822s] Level 1:colcon.colcon_core.package_identification:_identify(src/jetson_interfaces) by extensions ['colcon_pkg']
[1.822s] Level 1:colcon.colcon_core.package_identification:_identify(src/jetson_interfaces) by extension 'colcon_pkg'
[1.822s] Level 1:colcon.colcon_core.package_identification:_identify(src/jetson_interfaces) by extensions ['colcon_meta']
[1.822s] Level 1:colcon.colcon_core.package_identification:_identify(src/jetson_interfaces) by extension 'colcon_meta'
[1.823s] Level 1:colcon.colcon_core.package_identification:_identify(src/jetson_interfaces) by extensions ['ros']
[1.823s] Level 1:colcon.colcon_core.package_identification:_identify(src/jetson_interfaces) by extension 'ros'
[1.826s] DEBUG:colcon.colcon_core.package_identification:Package 'src/jetson_interfaces' with type 'ros.ament_cmake' and name 'jetson_interfaces'
[1.826s] Level 1:colcon.colcon_core.package_discovery:discover_packages(recursive) using defaults
[1.826s] Level 1:colcon.colcon_core.package_discovery:discover_packages(ignore) discover
[1.826s] Level 1:colcon.colcon_core.package_discovery:discover_packages(ignore) using defaults
[1.826s] Level 1:colcon.colcon_core.package_discovery:discover_packages(path) discover
[1.827s] Level 1:colcon.colcon_core.package_discovery:discover_packages(path) using defaults
[1.958s] Level 1:colcon.colcon_core.package_discovery:discover_packages(prefix_path) check parameters
[1.958s] Level 1:colcon.colcon_core.package_discovery:discover_packages(prefix_path) discover
[1.966s] DEBUG:colcon.colcon_installed_package_information.package_discovery:Found 2 installed packages in /home/jetson/EVC_2/workshops/vision_ws/install
[1.968s] DEBUG:colcon.colcon_installed_package_information.package_discovery:Found 3 installed packages in /home/jetson/EVC_2/install
[1.974s] DEBUG:colcon.colcon_installed_package_information.package_discovery:Found 180 installed packages in /opt/ros/foxy
[1.980s] Level 1:colcon.colcon_core.package_discovery:discover_packages(prefix_path) using defaults
[2.180s] Level 5:colcon.colcon_core.verb:set package 'jetson_camera' build argument 'cmake_args' from command line to 'None'
[2.180s] Level 5:colcon.colcon_core.verb:set package 'jetson_camera' build argument 'cmake_target' from command line to 'None'
[2.180s] Level 5:colcon.colcon_core.verb:set package 'jetson_camera' build argument 'cmake_target_skip_unavailable' from command line to 'False'
[2.180s] Level 5:colcon.colcon_core.verb:set package 'jetson_camera' build argument 'cmake_clean_cache' from command line to 'False'
[2.180s] Level 5:colcon.colcon_core.verb:set package 'jetson_camera' build argument 'cmake_clean_first' from command line to 'False'
[2.181s] Level 5:colcon.colcon_core.verb:set package 'jetson_camera' build argument 'cmake_force_configure' from command line to 'False'
[2.181s] Level 5:colcon.colcon_core.verb:set package 'jetson_camera' build argument 'ament_cmake_args' from command line to 'None'
[2.181s] Level 5:colcon.colcon_core.verb:set package 'jetson_camera' build argument 'catkin_cmake_args' from command line to 'None'
[2.181s] Level 5:colcon.colcon_core.verb:set package 'jetson_camera' build argument 'catkin_skip_building_tests' from command line to 'False'
[2.181s] DEBUG:colcon.colcon_core.verb:Building package 'jetson_camera' with the following arguments: {'ament_cmake_args': None, 'build_base': '/home/jetson/EVC_2/workshops/vision_ws/build/jetson_camera', 'catkin_cmake_args': None, 'catkin_skip_building_tests': False, 'cmake_args': None, 'cmake_clean_cache': False, 'cmake_clean_first': False, 'cmake_force_configure': False, 'cmake_target': None, 'cmake_target_skip_unavailable': False, 'install_base': '/home/jetson/EVC_2/workshops/vision_ws/install/jetson_camera', 'merge_install': False, 'path': '/home/jetson/EVC_2/workshops/vision_ws/src/jetson_camera', 'symlink_install': False, 'test_result_base': None}
[2.183s] Level 5:colcon.colcon_core.verb:set package 'jetson_interfaces' build argument 'cmake_args' from command line to 'None'
[2.183s] Level 5:colcon.colcon_core.verb:set package 'jetson_interfaces' build argument 'cmake_target' from command line to 'None'
[2.183s] Level 5:colcon.colcon_core.verb:set package 'jetson_interfaces' build argument 'cmake_target_skip_unavailable' from command line to 'False'
[2.183s] Level 5:colcon.colcon_core.verb:set package 'jetson_interfaces' build argument 'cmake_clean_cache' from command line to 'False'
[2.183s] Level 5:colcon.colcon_core.verb:set package 'jetson_interfaces' build argument 'cmake_clean_first' from command line to 'False'
[2.183s] Level 5:colcon.colcon_core.verb:set package 'jetson_interfaces' build argument 'cmake_force_configure' from command line to 'False'
[2.183s] Level 5:colcon.colcon_core.verb:set package 'jetson_interfaces' build argument 'ament_cmake_args' from command line to 'None'
[2.184s] Level 5:colcon.colcon_core.verb:set package 'jetson_interfaces' build argument 'catkin_cmake_args' from command line to 'None'
[2.184s] Level 5:colcon.colcon_core.verb:set package 'jetson_interfaces' build argument 'catkin_skip_building_tests' from command line to 'False'
[2.184s] DEBUG:colcon.colcon_core.verb:Building package 'jetson_interfaces' with the following arguments: {'ament_cmake_args': None, 'build_base': '/home/jetson/EVC_2/workshops/vision_ws/build/jetson_interfaces', 'catkin_cmake_args': None, 'catkin_skip_building_tests': False, 'cmake_args': None, 'cmake_clean_cache': False, 'cmake_clean_first': False, 'cmake_force_configure': False, 'cmake_target': None, 'cmake_target_skip_unavailable': False, 'install_base': '/home/jetson/EVC_2/workshops/vision_ws/install/jetson_interfaces', 'merge_install': False, 'path': '/home/jetson/EVC_2/workshops/vision_ws/src/jetson_interfaces', 'symlink_install': False, 'test_result_base': None}
[2.185s] INFO:colcon.colcon_core.executor:Executing jobs using 'parallel' executor
[2.189s] DEBUG:colcon.colcon_parallel_executor.executor.parallel:run_until_complete
[2.190s] INFO:colcon.colcon_ros.task.ament_python.build:Building ROS package in '/home/jetson/EVC_2/workshops/vision_ws/src/jetson_camera' with build type 'ament_python'
[2.190s] Level 1:colcon.colcon_core.shell:create_environment_hook('jetson_camera', 'ament_prefix_path')
[2.198s] INFO:colcon.colcon_core.plugin_system:Skipping extension 'colcon_core.shell.bat': Not used on non-Windows systems
[2.199s] INFO:colcon.colcon_core.shell:Creating environment hook '/home/jetson/EVC_2/workshops/vision_ws/install/jetson_camera/share/jetson_camera/hook/ament_prefix_path.ps1'
[2.201s] INFO:colcon.colcon_core.shell:Creating environment descriptor '/home/jetson/EVC_2/workshops/vision_ws/install/jetson_camera/share/jetson_camera/hook/ament_prefix_path.dsv'
[2.203s] INFO:colcon.colcon_core.shell:Creating environment hook '/home/jetson/EVC_2/workshops/vision_ws/install/jetson_camera/share/jetson_camera/hook/ament_prefix_path.sh'
[2.207s] INFO:colcon.colcon_core.shell:Skip shell extension 'powershell' for command environment: Not usable outside of PowerShell
[2.207s] DEBUG:colcon.colcon_core.shell:Skip shell extension 'dsv' for command environment
[2.226s] INFO:colcon.colcon_ros.task.ament_cmake.build:Building ROS package in '/home/jetson/EVC_2/workshops/vision_ws/src/jetson_interfaces' with build type 'ament_cmake'
[2.227s] INFO:colcon.colcon_cmake.task.cmake.build:Building CMake package in '/home/jetson/EVC_2/workshops/vision_ws/src/jetson_interfaces'
[2.229s] INFO:colcon.colcon_core.shell:Skip shell extension 'powershell' for command environment: Not usable outside of PowerShell
[2.230s] DEBUG:colcon.colcon_core.shell:Skip shell extension 'dsv' for command environment
[3.465s] INFO:colcon.colcon_core.task.python.build:Building Python package in '/home/jetson/EVC_2/workshops/vision_ws/src/jetson_camera'
[3.467s] INFO:colcon.colcon_core.shell:Skip shell extension 'powershell' for command environment: Not usable outside of PowerShell
[3.467s] DEBUG:colcon.colcon_core.shell:Skip shell extension 'dsv' for command environment
[3.502s] DEBUG:colcon.colcon_core.event_handler.log_command:Invoking command in '/home/jetson/EVC_2/workshops/vision_ws/build/jetson_interfaces': CMAKE_PREFIX_PATH=${CMAKE_PREFIX_PATH}:/home/jetson/EVC_2/workshops/vision_ws/install/jetson_camera:/home/jetson/EVC_2/install/jetson_camera:/opt/ros/foxy /usr/bin/cmake --build /home/jetson/EVC_2/workshops/vision_ws/build/jetson_interfaces -- -j4 -l4
[4.855s] DEBUG:colcon.colcon_core.event_handler.log_command:Invoked command in '/home/jetson/EVC_2/workshops/vision_ws/build/jetson_interfaces' returned '0': CMAKE_PREFIX_PATH=${CMAKE_PREFIX_PATH}:/home/jetson/EVC_2/workshops/vision_ws/install/jetson_camera:/home/jetson/EVC_2/install/jetson_camera:/opt/ros/foxy /usr/bin/cmake --build /home/jetson/EVC_2/workshops/vision_ws/build/jetson_interfaces -- -j4 -l4
[4.892s] DEBUG:colcon.colcon_core.event_handler.log_command:Invoking command in '/home/jetson/EVC_2/workshops/vision_ws/build/jetson_interfaces': CMAKE_PREFIX_PATH=${CMAKE_PREFIX_PATH}:/home/jetson/EVC_2/workshops/vision_ws/install/jetson_camera:/home/jetson/EVC_2/install/jetson_camera:/opt/ros/foxy /usr/bin/cmake --install /home/jetson/EVC_2/workshops/vision_ws/build/jetson_interfaces
[5.154s] Level 1:colcon.colcon_core.environment:create_environment_scripts_only(jetson_interfaces)
[5.165s] Level 1:colcon.colcon_core.environment:checking '/home/jetson/EVC_2/workshops/vision_ws/install/jetson_interfaces' for CMake module files
[5.176s] DEBUG:colcon.colcon_core.event_handler.log_command:Invoked command in '/home/jetson/EVC_2/workshops/vision_ws/build/jetson_interfaces' returned '0': CMAKE_PREFIX_PATH=${CMAKE_PREFIX_PATH}:/home/jetson/EVC_2/workshops/vision_ws/install/jetson_camera:/home/jetson/EVC_2/install/jetson_camera:/opt/ros/foxy /usr/bin/cmake --install /home/jetson/EVC_2/workshops/vision_ws/build/jetson_interfaces
[5.177s] Level 1:colcon.colcon_core.environment:checking '/home/jetson/EVC_2/workshops/vision_ws/install/jetson_interfaces' for CMake config files
[5.180s] Level 1:colcon.colcon_core.shell:create_environment_hook('jetson_interfaces', 'cmake_prefix_path')
[5.181s] INFO:colcon.colcon_core.shell:Creating environment hook '/home/jetson/EVC_2/workshops/vision_ws/install/jetson_interfaces/share/jetson_interfaces/hook/cmake_prefix_path.ps1'
[5.183s] INFO:colcon.colcon_core.shell:Creating environment descriptor '/home/jetson/EVC_2/workshops/vision_ws/install/jetson_interfaces/share/jetson_interfaces/hook/cmake_prefix_path.dsv'
[5.185s] INFO:colcon.colcon_core.shell:Creating environment hook '/home/jetson/EVC_2/workshops/vision_ws/install/jetson_interfaces/share/jetson_interfaces/hook/cmake_prefix_path.sh'
[5.189s] Level 1:colcon.colcon_core.environment:checking '/home/jetson/EVC_2/workshops/vision_ws/install/jetson_interfaces/lib'
[5.190s] Level 1:colcon.colcon_core.shell:create_environment_hook('jetson_interfaces', 'ld_library_path_lib')
[5.191s] INFO:colcon.colcon_core.shell:Creating environment hook '/home/jetson/EVC_2/workshops/vision_ws/install/jetson_interfaces/share/jetson_interfaces/hook/ld_library_path_lib.ps1'
[5.193s] INFO:colcon.colcon_core.shell:Creating environment descriptor '/home/jetson/EVC_2/workshops/vision_ws/install/jetson_interfaces/share/jetson_interfaces/hook/ld_library_path_lib.dsv'
[5.194s] INFO:colcon.colcon_core.shell:Creating environment hook '/home/jetson/EVC_2/workshops/vision_ws/install/jetson_interfaces/share/jetson_interfaces/hook/ld_library_path_lib.sh'
[5.196s] Level 1:colcon.colcon_core.environment:checking '/home/jetson/EVC_2/workshops/vision_ws/install/jetson_interfaces/bin'
[5.196s] Level 1:colcon.colcon_core.environment:checking '/home/jetson/EVC_2/workshops/vision_ws/install/jetson_interfaces/lib/pkgconfig/jetson_interfaces.pc'
[5.197s] Level 1:colcon.colcon_core.environment:checking '/home/jetson/EVC_2/workshops/vision_ws/install/jetson_interfaces/lib/python3.8/site-packages'
[5.198s] Level 1:colcon.colcon_core.shell:create_environment_hook('jetson_interfaces', 'pythonpath')
[5.199s] INFO:colcon.colcon_core.shell:Creating environment hook '/home/jetson/EVC_2/workshops/vision_ws/install/jetson_interfaces/share/jetson_interfaces/hook/pythonpath.ps1'
[5.201s] INFO:colcon.colcon_core.shell:Creating environment descriptor '/home/jetson/EVC_2/workshops/vision_ws/install/jetson_interfaces/share/jetson_interfaces/hook/pythonpath.dsv'
[5.202s] INFO:colcon.colcon_core.shell:Creating environment hook '/home/jetson/EVC_2/workshops/vision_ws/install/jetson_interfaces/share/jetson_interfaces/hook/pythonpath.sh'
[5.205s] Level 1:colcon.colcon_core.environment:checking '/home/jetson/EVC_2/workshops/vision_ws/install/jetson_interfaces/bin'
[5.207s] INFO:colcon.colcon_core.shell:Creating package script '/home/jetson/EVC_2/workshops/vision_ws/install/jetson_interfaces/share/jetson_interfaces/package.ps1'
[5.212s] INFO:colcon.colcon_core.shell:Creating package descriptor '/home/jetson/EVC_2/workshops/vision_ws/install/jetson_interfaces/share/jetson_interfaces/package.dsv'
[5.216s] INFO:colcon.colcon_core.shell:Creating package script '/home/jetson/EVC_2/workshops/vision_ws/install/jetson_interfaces/share/jetson_interfaces/package.sh'
[5.220s] INFO:colcon.colcon_core.shell:Creating package script '/home/jetson/EVC_2/workshops/vision_ws/install/jetson_interfaces/share/jetson_interfaces/package.bash'
[5.224s] INFO:colcon.colcon_core.shell:Creating package script '/home/jetson/EVC_2/workshops/vision_ws/install/jetson_interfaces/share/jetson_interfaces/package.zsh'
[5.228s] Level 1:colcon.colcon_core.environment:create_file_with_runtime_dependencies(/home/jetson/EVC_2/workshops/vision_ws/install/jetson_interfaces/share/colcon-core/packages/jetson_interfaces)
[5.231s] Level 1:colcon.colcon_core.environment:create_environment_scripts_only(jetson_interfaces)
[5.232s] Level 1:colcon.colcon_core.environment:checking '/home/jetson/EVC_2/workshops/vision_ws/install/jetson_interfaces' for CMake module files
[5.235s] Level 1:colcon.colcon_core.environment:checking '/home/jetson/EVC_2/workshops/vision_ws/install/jetson_interfaces' for CMake config files
[5.238s] Level 1:colcon.colcon_core.shell:create_environment_hook('jetson_interfaces', 'cmake_prefix_path')
[5.239s] INFO:colcon.colcon_core.shell:Creating environment hook '/home/jetson/EVC_2/workshops/vision_ws/install/jetson_interfaces/share/jetson_interfaces/hook/cmake_prefix_path.ps1'
[5.242s] INFO:colcon.colcon_core.shell:Creating environment descriptor '/home/jetson/EVC_2/workshops/vision_ws/install/jetson_interfaces/share/jetson_interfaces/hook/cmake_prefix_path.dsv'
[5.244s] INFO:colcon.colcon_core.shell:Creating environment hook '/home/jetson/EVC_2/workshops/vision_ws/install/jetson_interfaces/share/jetson_interfaces/hook/cmake_prefix_path.sh'
[5.247s] Level 1:colcon.colcon_core.environment:checking '/home/jetson/EVC_2/workshops/vision_ws/install/jetson_interfaces/lib'
[5.247s] Level 1:colcon.colcon_core.shell:create_environment_hook('jetson_interfaces', 'ld_library_path_lib')
[5.249s] INFO:colcon.colcon_core.shell:Creating environment hook '/home/jetson/EVC_2/workshops/vision_ws/install/jetson_interfaces/share/jetson_interfaces/hook/ld_library_path_lib.ps1'
[5.251s] INFO:colcon.colcon_core.shell:Creating environment descriptor '/home/jetson/EVC_2/workshops/vision_ws/install/jetson_interfaces/share/jetson_interfaces/hook/ld_library_path_lib.dsv'
[5.253s] INFO:colcon.colcon_core.shell:Creating environment hook '/home/jetson/EVC_2/workshops/vision_ws/install/jetson_interfaces/share/jetson_interfaces/hook/ld_library_path_lib.sh'
[5.272s] Level 1:colcon.colcon_core.environment:checking '/home/jetson/EVC_2/workshops/vision_ws/install/jetson_interfaces/bin'
[5.273s] Level 1:colcon.colcon_core.environment:checking '/home/jetson/EVC_2/workshops/vision_ws/install/jetson_interfaces/lib/pkgconfig/jetson_interfaces.pc'
[5.274s] Level 1:colcon.colcon_core.environment:checking '/home/jetson/EVC_2/workshops/vision_ws/install/jetson_interfaces/lib/python3.8/site-packages'
[5.274s] Level 1:colcon.colcon_core.shell:create_environment_hook('jetson_interfaces', 'pythonpath')
[5.275s] INFO:colcon.colcon_core.shell:Creating environment hook '/home/jetson/EVC_2/workshops/vision_ws/install/jetson_interfaces/share/jetson_interfaces/hook/pythonpath.ps1'
[5.280s] INFO:colcon.colcon_core.shell:Creating environment descriptor '/home/jetson/EVC_2/workshops/vision_ws/install/jetson_interfaces/share/jetson_interfaces/hook/pythonpath.dsv'
[5.283s] INFO:colcon.colcon_core.shell:Creating environment hook '/home/jetson/EVC_2/workshops/vision_ws/install/jetson_interfaces/share/jetson_interfaces/hook/pythonpath.sh'
[5.288s] Level 1:colcon.colcon_core.environment:checking '/home/jetson/EVC_2/workshops/vision_ws/install/jetson_interfaces/bin'
[5.292s] INFO:colcon.colcon_core.shell:Creating package script '/home/jetson/EVC_2/workshops/vision_ws/install/jetson_interfaces/share/jetson_interfaces/package.ps1'
[5.295s] INFO:colcon.colcon_core.shell:Creating package descriptor '/home/jetson/EVC_2/workshops/vision_ws/install/jetson_interfaces/share/jetson_interfaces/package.dsv'
[5.299s] INFO:colcon.colcon_core.shell:Creating package script '/home/jetson/EVC_2/workshops/vision_ws/install/jetson_interfaces/share/jetson_interfaces/package.sh'
[5.302s] INFO:colcon.colcon_core.shell:Creating package script '/home/jetson/EVC_2/workshops/vision_ws/install/jetson_interfaces/share/jetson_interfaces/package.bash'
[5.305s] INFO:colcon.colcon_core.shell:Creating package script '/home/jetson/EVC_2/workshops/vision_ws/install/jetson_interfaces/share/jetson_interfaces/package.zsh'
[5.308s] Level 1:colcon.colcon_core.environment:create_file_with_runtime_dependencies(/home/jetson/EVC_2/workshops/vision_ws/install/jetson_interfaces/share/colcon-core/packages/jetson_interfaces)
[5.461s] DEBUG:colcon.colcon_core.event_handler.log_command:Invoking command in '/home/jetson/EVC_2/workshops/vision_ws/src/jetson_camera': PYTHONPATH=/home/jetson/EVC_2/workshops/vision_ws/build/jetson_camera/prefix_override:/usr/lib/python3/dist-packages/colcon_core/task/python/colcon_distutils_commands:/home/jetson/EVC_2/workshops/vision_ws/install/jetson_camera/lib/python3.8/site-packages:${PYTHONPATH} /usr/bin/python3 -W ignore:setup.py install is deprecated -W ignore:easy_install command is deprecated setup.py egg_info --egg-base ../../build/jetson_camera build --build-base /home/jetson/EVC_2/workshops/vision_ws/build/jetson_camera/build install --record /home/jetson/EVC_2/workshops/vision_ws/build/jetson_camera/install.log --single-version-externally-managed install_data
[6.800s] Level 1:colcon.colcon_core.environment:checking '/home/jetson/EVC_2/workshops/vision_ws/install/jetson_camera' for CMake module files
[6.802s] DEBUG:colcon.colcon_core.event_handler.log_command:Invoked command in '/home/jetson/EVC_2/workshops/vision_ws/src/jetson_camera' returned '0': PYTHONPATH=/home/jetson/EVC_2/workshops/vision_ws/build/jetson_camera/prefix_override:/usr/lib/python3/dist-packages/colcon_core/task/python/colcon_distutils_commands:/home/jetson/EVC_2/workshops/vision_ws/install/jetson_camera/lib/python3.8/site-packages:${PYTHONPATH} /usr/bin/python3 -W ignore:setup.py install is deprecated -W ignore:easy_install command is deprecated setup.py egg_info --egg-base ../../build/jetson_camera build --build-base /home/jetson/EVC_2/workshops/vision_ws/build/jetson_camera/build install --record /home/jetson/EVC_2/workshops/vision_ws/build/jetson_camera/install.log --single-version-externally-managed install_data
[6.804s] Level 1:colcon.colcon_core.environment:checking '/home/jetson/EVC_2/workshops/vision_ws/install/jetson_camera' for CMake config files
[6.807s] Level 1:colcon.colcon_core.environment:checking '/home/jetson/EVC_2/workshops/vision_ws/install/jetson_camera/lib'
[6.807s] Level 1:colcon.colcon_core.environment:checking '/home/jetson/EVC_2/workshops/vision_ws/install/jetson_camera/bin'
[6.807s] Level 1:colcon.colcon_core.environment:checking '/home/jetson/EVC_2/workshops/vision_ws/install/jetson_camera/lib/pkgconfig/jetson_camera.pc'
[6.808s] Level 1:colcon.colcon_core.environment:checking '/home/jetson/EVC_2/workshops/vision_ws/install/jetson_camera/lib/python3.8/site-packages'
[6.809s] Level 1:colcon.colcon_core.shell:create_environment_hook('jetson_camera', 'pythonpath')
[6.810s] INFO:colcon.colcon_core.shell:Creating environment hook '/home/jetson/EVC_2/workshops/vision_ws/install/jetson_camera/share/jetson_camera/hook/pythonpath.ps1'
[6.812s] INFO:colcon.colcon_core.shell:Creating environment descriptor '/home/jetson/EVC_2/workshops/vision_ws/install/jetson_camera/share/jetson_camera/hook/pythonpath.dsv'
[6.813s] INFO:colcon.colcon_core.shell:Creating environment hook '/home/jetson/EVC_2/workshops/vision_ws/install/jetson_camera/share/jetson_camera/hook/pythonpath.sh'
[6.815s] Level 1:colcon.colcon_core.environment:checking '/home/jetson/EVC_2/workshops/vision_ws/install/jetson_camera/bin'
[6.816s] Level 1:colcon.colcon_core.environment:create_environment_scripts_only(jetson_camera)
[6.818s] INFO:colcon.colcon_core.shell:Creating package script '/home/jetson/EVC_2/workshops/vision_ws/install/jetson_camera/share/jetson_camera/package.ps1'
[6.820s] INFO:colcon.colcon_core.shell:Creating package descriptor '/home/jetson/EVC_2/workshops/vision_ws/install/jetson_camera/share/jetson_camera/package.dsv'
[6.822s] INFO:colcon.colcon_core.shell:Creating package script '/home/jetson/EVC_2/workshops/vision_ws/install/jetson_camera/share/jetson_camera/package.sh'
[6.824s] INFO:colcon.colcon_core.shell:Creating package script '/home/jetson/EVC_2/workshops/vision_ws/install/jetson_camera/share/jetson_camera/package.bash'
[6.826s] INFO:colcon.colcon_core.shell:Creating package script '/home/jetson/EVC_2/workshops/vision_ws/install/jetson_camera/share/jetson_camera/package.zsh'
[6.828s] Level 1:colcon.colcon_core.environment:create_file_with_runtime_dependencies(/home/jetson/EVC_2/workshops/vision_ws/install/jetson_camera/share/colcon-core/packages/jetson_camera)
[6.829s] DEBUG:colcon.colcon_parallel_executor.executor.parallel:closing loop
[6.830s] DEBUG:colcon.colcon_parallel_executor.executor.parallel:loop closed
[6.831s] DEBUG:colcon.colcon_parallel_executor.executor.parallel:run_until_complete finished with '0'
[6.832s] DEBUG:colcon.colcon_core.event_reactor:joining thread
[6.856s] INFO:colcon.colcon_core.plugin_system:Skipping extension 'colcon_notification.desktop_notification.terminal_notifier': Not used on non-Darwin systems
[6.856s] INFO:colcon.colcon_core.plugin_system:Skipping extension 'colcon_notification.desktop_notification.win32': Not used on non-Windows systems
[6.857s] INFO:colcon.colcon_notification.desktop_notification:Sending desktop notification using 'notify2'
[6.910s] DEBUG:colcon.colcon_notification.desktop_notification.notify2:Failed to initialize notify2: org.freedesktop.DBus.Error.Spawn.ChildExited: Process org.freedesktop.Notifications exited with status 1
[6.911s] DEBUG:colcon.colcon_core.event_reactor:joined thread
[6.912s] INFO:colcon.colcon_core.shell:Creating prefix script '/home/jetson/EVC_2/workshops/vision_ws/install/local_setup.ps1'
[6.916s] INFO:colcon.colcon_core.shell:Creating prefix util module '/home/jetson/EVC_2/workshops/vision_ws/install/_local_setup_util_ps1.py'
[6.923s] INFO:colcon.colcon_core.shell:Creating prefix chain script '/home/jetson/EVC_2/workshops/vision_ws/install/setup.ps1'
[6.929s] INFO:colcon.colcon_core.shell:Creating prefix script '/home/jetson/EVC_2/workshops/vision_ws/install/local_setup.sh'
[6.932s] INFO:colcon.colcon_core.shell:Creating prefix util module '/home/jetson/EVC_2/workshops/vision_ws/install/_local_setup_util_sh.py'
[6.935s] INFO:colcon.colcon_core.shell:Creating prefix chain script '/home/jetson/EVC_2/workshops/vision_ws/install/setup.sh'
[6.940s] INFO:colcon.colcon_core.shell:Creating prefix script '/home/jetson/EVC_2/workshops/vision_ws/install/local_setup.bash'
[6.943s] INFO:colcon.colcon_core.shell:Creating prefix chain script '/home/jetson/EVC_2/workshops/vision_ws/install/setup.bash'
[6.949s] INFO:colcon.colcon_core.shell:Creating prefix script '/home/jetson/EVC_2/workshops/vision_ws/install/local_setup.zsh'
[6.952s] INFO:colcon.colcon_core.shell:Creating prefix chain script '/home/jetson/EVC_2/workshops/vision_ws/install/setup.zsh'
