[3.620s] Invoking command in '/home/jetson/EVC_2/workshops/vision_ws/src/jetson_camera': PYTHONPATH=/home/jetson/EVC_2/workshops/vision_ws/build/jetson_camera/prefix_override:/usr/lib/python3/dist-packages/colcon_core/task/python/colcon_distutils_commands:/home/jetson/EVC_2/workshops/vision_ws/install/jetson_camera/lib/python3.8/site-packages:${PYTHONPATH} /usr/bin/python3 -W ignore:setup.py install is deprecated -W ignore:easy_install command is deprecated setup.py egg_info --egg-base ../../build/jetson_camera build --build-base /home/jetson/EVC_2/workshops/vision_ws/build/jetson_camera/build install --record /home/jetson/EVC_2/workshops/vision_ws/build/jetson_camera/install.log --single-version-externally-managed install_data
[4.631s] running egg_info
[4.634s] writing ../../build/jetson_camera/jetson_camera.egg-info/PKG-INFO
[4.636s] writing dependency_links to ../../build/jetson_camera/jetson_camera.egg-info/dependency_links.txt
[4.636s] writing entry points to ../../build/jetson_camera/jetson_camera.egg-info/entry_points.txt
[4.637s] writing requirements to ../../build/jetson_camera/jetson_camera.egg-info/requires.txt
[4.637s] writing top-level names to ../../build/jetson_camera/jetson_camera.egg-info/top_level.txt
[4.657s] reading manifest file '../../build/jetson_camera/jetson_camera.egg-info/SOURCES.txt'
[4.661s] writing manifest file '../../build/jetson_camera/jetson_camera.egg-info/SOURCES.txt'
[4.662s] running build
[4.662s] running build_py
[4.664s] running install
[4.667s] running install_lib
[4.674s] running install_data
[4.675s] running install_egg_info
[4.682s] removing '/home/jetson/EVC_2/workshops/vision_ws/install/jetson_camera/lib/python3.8/site-packages/jetson_camera-0.0.0-py3.8.egg-info' (and everything under it)
[4.683s] Copying ../../build/jetson_camera/jetson_camera.egg-info to /home/jetson/EVC_2/workshops/vision_ws/install/jetson_camera/lib/python3.8/site-packages/jetson_camera-0.0.0-py3.8.egg-info
[4.687s] running install_scripts
[4.758s] Installing QR_node script to /home/jetson/EVC_2/workshops/vision_ws/install/jetson_camera/lib/jetson_camera
[4.760s] Installing application_node script to /home/jetson/EVC_2/workshops/vision_ws/install/jetson_camera/lib/jetson_camera
[4.761s] Installing processing_node script to /home/jetson/EVC_2/workshops/vision_ws/install/jetson_camera/lib/jetson_camera
[4.762s] Installing publisher_node script to /home/jetson/EVC_2/workshops/vision_ws/install/jetson_camera/lib/jetson_camera
[4.762s] Installing subscriber_node script to /home/jetson/EVC_2/workshops/vision_ws/install/jetson_camera/lib/jetson_camera
[4.763s] writing list of installed files to '/home/jetson/EVC_2/workshops/vision_ws/build/jetson_camera/install.log'
[4.859s] Invoked command in '/home/jetson/EVC_2/workshops/vision_ws/src/jetson_camera' returned '0': PYTHONPATH=/home/jetson/EVC_2/workshops/vision_ws/build/jetson_camera/prefix_override:/usr/lib/python3/dist-packages/colcon_core/task/python/colcon_distutils_commands:/home/jetson/EVC_2/workshops/vision_ws/install/jetson_camera/lib/python3.8/site-packages:${PYTHONPATH} /usr/bin/python3 -W ignore:setup.py install is deprecated -W ignore:easy_install command is deprecated setup.py egg_info --egg-base ../../build/jetson_camera build --build-base /home/jetson/EVC_2/workshops/vision_ws/build/jetson_camera/build install --record /home/jetson/EVC_2/workshops/vision_ws/build/jetson_camera/install.log --single-version-externally-managed install_data
