[1.240s] Invoking command in '/home/jetson/EVC_2/workshops/vision_ws/build/jetson_interfaces': CMAKE_PREFIX_PATH=${CMAKE_PREFIX_PATH}:/home/jetson/EVC_2/workshops/vision_ws/install/jetson_camera:/home/jetson/EVC/workshops/vision_ws/install/jetson_camera:/home/jetson/EVC_2/install/jetson_camera:/opt/ros/foxy /usr/bin/cmake /home/jetson/EVC_2/workshops/vision_ws/src/jetson_interfaces -DCMAKE_INSTALL_PREFIX=/home/jetson/EVC_2/workshops/vision_ws/install/jetson_interfaces
[1.686s] -- The C compiler identification is GNU 8.4.0
[1.903s] -- The CXX compiler identification is GNU 8.4.0
[1.928s] -- Check for working C compiler: /usr/bin/cc
[2.235s] -- Check for working C compiler: /usr/bin/cc -- works
[2.239s] -- Detecting C compiler ABI info
[2.585s] -- Detecting C compiler ABI info - done
[2.647s] -- Detecting C compile features
[2.648s] -- Detecting C compile features - done
[2.659s] -- Check for working CXX compiler: /usr/bin/c++
[2.969s] -- Check for working CXX compiler: /usr/bin/c++ -- works
[2.973s] -- Detecting CXX compiler ABI info
[3.305s] -- Detecting CXX compiler ABI info - done
[3.360s] -- Detecting CXX compile features
[3.362s] -- Detecting CXX compile features - done
[3.376s] -- Found ament_cmake: 0.9.12 (/opt/ros/foxy/share/ament_cmake/cmake)
[3.506s] -- Found PythonInterp: /usr/bin/python3 (found suitable version "3.8.10", minimum required is "3") 
[3.506s] -- Using PYTHON_EXECUTABLE: /usr/bin/python3
[4.521s] -- Found rosidl_default_generators: 1.0.1 (/opt/ros/foxy/share/rosidl_default_generators/cmake)
[4.541s] -- Using all available rosidl_typesupport_c: rosidl_typesupport_fastrtps_c;rosidl_typesupport_introspection_c
[4.580s] -- Found rosidl_adapter: 1.3.1 (/opt/ros/foxy/share/rosidl_adapter/cmake)
[5.075s] -- Found OpenSSL: /usr/lib/aarch64-linux-gnu/libcrypto.so (found version "1.1.1f")  
[5.198s] -- Found FastRTPS: /opt/ros/foxy/include  
[5.531s] -- Using all available rosidl_typesupport_cpp: rosidl_typesupport_fastrtps_cpp;rosidl_typesupport_introspection_cpp
[5.666s] -- Found sensor_msgs: 2.0.5 (/opt/ros/foxy/share/sensor_msgs/cmake)
[6.476s] -- Found PythonInterp: /usr/bin/python3 (found version "3.8.10") 
[7.348s] -- Found ament_cmake_ros: 0.9.2 (/opt/ros/foxy/share/ament_cmake_ros/cmake)
[8.836s] -- Using all available rosidl_typesupport_c: rosidl_typesupport_fastrtps_c;rosidl_typesupport_introspection_c
[9.656s] -- Using all available rosidl_typesupport_cpp: rosidl_typesupport_fastrtps_cpp;rosidl_typesupport_introspection_cpp
[9.790s] -- Found PythonInterp: /usr/bin/python3 (found suitable version "3.8.10", minimum required is "3.5") 
[9.799s] -- Found python_cmake_module: 0.8.1 (/opt/ros/foxy/share/python_cmake_module/cmake)
[9.913s] -- Found PythonLibs: /usr/lib/aarch64-linux-gnu/libpython3.8.so (found suitable version "3.8.10", minimum required is "3.5") 
[9.913s] -- Using PYTHON_EXECUTABLE: /usr/bin/python3
[9.914s] -- Using PYTHON_INCLUDE_DIRS: /usr/include/python3.8
[9.914s] -- Using PYTHON_LIBRARIES: /usr/lib/aarch64-linux-gnu/libpython3.8.so
[10.011s] -- Found PythonExtra: .so  
[10.488s] -- Found ament_lint_auto: 0.9.8 (/opt/ros/foxy/share/ament_lint_auto/cmake)
[10.596s] -- Added test 'copyright' to check source files copyright and LICENSE
[10.606s] -- Added test 'lint_cmake' to check CMake code style
[10.611s] -- Added test 'xmllint' to check XML markup files
[10.636s] -- Configuring done
[10.902s] -- Generating done
[10.999s] -- Build files have been written to: /home/jetson/EVC_2/workshops/vision_ws/build/jetson_interfaces
[11.034s] Invoked command in '/home/jetson/EVC_2/workshops/vision_ws/build/jetson_interfaces' returned '0': CMAKE_PREFIX_PATH=${CMAKE_PREFIX_PATH}:/home/jetson/EVC_2/workshops/vision_ws/install/jetson_camera:/home/jetson/EVC/workshops/vision_ws/install/jetson_camera:/home/jetson/EVC_2/install/jetson_camera:/opt/ros/foxy /usr/bin/cmake /home/jetson/EVC_2/workshops/vision_ws/src/jetson_interfaces -DCMAKE_INSTALL_PREFIX=/home/jetson/EVC_2/workshops/vision_ws/install/jetson_interfaces
[11.047s] Invoking command in '/home/jetson/EVC_2/workshops/vision_ws/build/jetson_interfaces': CMAKE_PREFIX_PATH=${CMAKE_PREFIX_PATH}:/home/jetson/EVC_2/workshops/vision_ws/install/jetson_camera:/home/jetson/EVC/workshops/vision_ws/install/jetson_camera:/home/jetson/EVC_2/install/jetson_camera:/opt/ros/foxy /usr/bin/cmake --build /home/jetson/EVC_2/workshops/vision_ws/build/jetson_interfaces -- -j4 -l4
[11.240s] [35m[1mScanning dependencies of target jetson_interfaces__cpp[0m
[11.246s] [  3%] [34m[1mGenerating C code for ROS interfaces[0m
[11.292s] [  6%] [34m[1mGenerating C++ code for ROS interfaces[0m
[12.511s] [  6%] Built target jetson_interfaces__cpp
[12.536s] [35m[1mScanning dependencies of target jetson_interfaces__rosidl_generator_c[0m
[12.560s] [ 12%] [34m[1mGenerating C++ introspection for ROS interfaces[0m
[12.561s] [ 12%] [34m[1mGenerating C++ type support dispatch for ROS interfaces[0m
[12.569s] [ 16%] [34m[1mGenerating C++ type support for eProsima Fast-RTPS[0m
[12.674s] [ 19%] [32mBuilding C object CMakeFiles/jetson_interfaces__rosidl_generator_c.dir/rosidl_generator_c/jetson_interfaces/msg/detail/dual_image__functions.c.o[0m
[12.974s] [ 22%] [32m[1mLinking C shared library libjetson_interfaces__rosidl_generator_c.so[0m
[13.385s] [ 22%] Built target jetson_interfaces__rosidl_generator_c
[13.517s] [ 25%] [34m[1mGenerating C introspection for ROS interfaces[0m
[13.815s] [35m[1mScanning dependencies of target jetson_interfaces__rosidl_typesupport_cpp[0m
[13.976s] [35m[1mScanning dependencies of target jetson_interfaces__rosidl_typesupport_introspection_cpp[0m
[13.997s] [ 29%] [32mBuilding CXX object CMakeFiles/jetson_interfaces__rosidl_typesupport_cpp.dir/rosidl_typesupport_cpp/jetson_interfaces/msg/dual_image__type_support.cpp.o[0m
[14.106s] [ 32%] [32mBuilding CXX object CMakeFiles/jetson_interfaces__rosidl_typesupport_introspection_cpp.dir/rosidl_typesupport_introspection_cpp/jetson_interfaces/msg/detail/dual_image__type_support.cpp.o[0m
[14.417s] [35m[1mScanning dependencies of target jetson_interfaces__rosidl_typesupport_fastrtps_cpp[0m
[14.597s] [ 35%] [32mBuilding CXX object CMakeFiles/jetson_interfaces__rosidl_typesupport_fastrtps_cpp.dir/rosidl_typesupport_fastrtps_cpp/jetson_interfaces/msg/detail/dds_fastrtps/dual_image__type_support.cpp.o[0m
[15.457s] [35m[1mScanning dependencies of target jetson_interfaces__rosidl_typesupport_introspection_c[0m
[15.497s] [ 38%] [32m[1mLinking CXX shared library libjetson_interfaces__rosidl_typesupport_cpp.so[0m
[15.653s] [ 41%] [32mBuilding C object CMakeFiles/jetson_interfaces__rosidl_typesupport_introspection_c.dir/rosidl_typesupport_introspection_c/jetson_interfaces/msg/detail/dual_image__type_support.c.o[0m
[15.755s] [ 41%] Built target jetson_interfaces__rosidl_typesupport_cpp
[15.841s] [ 45%] [32m[1mLinking CXX shared library libjetson_interfaces__rosidl_typesupport_introspection_cpp.so[0m
[15.879s] [ 48%] [34m[1mGenerating C type support dispatch for ROS interfaces[0m
[15.990s] [ 51%] [32m[1mLinking C shared library libjetson_interfaces__rosidl_typesupport_introspection_c.so[0m
[16.264s] [ 51%] Built target jetson_interfaces__rosidl_typesupport_introspection_c
[16.349s] [ 51%] Built target jetson_interfaces__rosidl_typesupport_introspection_cpp
[16.539s] [ 54%] [32m[1mLinking CXX shared library libjetson_interfaces__rosidl_typesupport_fastrtps_cpp.so[0m
[16.915s] [ 54%] Built target jetson_interfaces__rosidl_typesupport_fastrtps_cpp
[16.959s] [ 58%] [34m[1mGenerating C type support for eProsima Fast-RTPS[0m
[17.139s] [35m[1mScanning dependencies of target jetson_interfaces__rosidl_typesupport_c[0m
[17.195s] [ 61%] [32mBuilding CXX object CMakeFiles/jetson_interfaces__rosidl_typesupport_c.dir/rosidl_typesupport_c/jetson_interfaces/msg/dual_image__type_support.cpp.o[0m
[17.311s] [ 64%] [32m[1mLinking CXX shared library libjetson_interfaces__rosidl_typesupport_c.so[0m
[17.463s] [ 64%] Built target jetson_interfaces__rosidl_typesupport_c
[18.078s] [35m[1mScanning dependencies of target jetson_interfaces__rosidl_typesupport_fastrtps_c[0m
[18.145s] [ 67%] [32mBuilding CXX object CMakeFiles/jetson_interfaces__rosidl_typesupport_fastrtps_c.dir/rosidl_typesupport_fastrtps_c/jetson_interfaces/msg/detail/dual_image__type_support_c.cpp.o[0m
[19.340s] [ 70%] [32m[1mLinking CXX shared library libjetson_interfaces__rosidl_typesupport_fastrtps_c.so[0m
[19.692s] [ 70%] Built target jetson_interfaces__rosidl_typesupport_fastrtps_c
[19.732s] [35m[1mScanning dependencies of target jetson_interfaces[0m
[19.775s] [ 70%] Built target jetson_interfaces
[19.816s] [35m[1mScanning dependencies of target jetson_interfaces__py[0m
[19.859s] [ 74%] [34m[1mGenerating Python code for ROS interfaces[0m
[22.124s] [ 74%] Built target jetson_interfaces__py
[22.162s] [35m[1mScanning dependencies of target jetson_interfaces__python[0m
[22.248s] [ 77%] [32mBuilding C object CMakeFiles/jetson_interfaces__python.dir/rosidl_generator_py/jetson_interfaces/msg/_dual_image_s.c.o[0m
[22.586s] [ 80%] [32m[1mLinking C shared library rosidl_generator_py/jetson_interfaces/libjetson_interfaces__python.so[0m
[22.771s] [ 80%] Built target jetson_interfaces__python
[22.819s] [35m[1mScanning dependencies of target jetson_interfaces__rosidl_typesupport_c__pyext[0m
[22.824s] [35m[1mScanning dependencies of target jetson_interfaces__rosidl_typesupport_fastrtps_c__pyext[0m
[22.843s] [35m[1mScanning dependencies of target jetson_interfaces__rosidl_typesupport_introspection_c__pyext[0m
[22.925s] [ 83%] [32mBuilding C object CMakeFiles/jetson_interfaces__rosidl_typesupport_c__pyext.dir/rosidl_generator_py/jetson_interfaces/_jetson_interfaces_s.ep.rosidl_typesupport_c.c.o[0m
[22.956s] [ 87%] [32mBuilding C object CMakeFiles/jetson_interfaces__rosidl_typesupport_fastrtps_c__pyext.dir/rosidl_generator_py/jetson_interfaces/_jetson_interfaces_s.ep.rosidl_typesupport_fastrtps_c.c.o[0m
[22.963s] [ 90%] [32mBuilding C object CMakeFiles/jetson_interfaces__rosidl_typesupport_introspection_c__pyext.dir/rosidl_generator_py/jetson_interfaces/_jetson_interfaces_s.ep.rosidl_typesupport_introspection_c.c.o[0m
[23.385s] [ 93%] [32m[1mLinking CXX shared library rosidl_generator_py/jetson_interfaces/jetson_interfaces_s__rosidl_typesupport_fastrtps_c.cpython-38-aarch64-linux-gnu.so[0m
[23.389s] [ 96%] [32m[1mLinking C shared library rosidl_generator_py/jetson_interfaces/jetson_interfaces_s__rosidl_typesupport_introspection_c.cpython-38-aarch64-linux-gnu.so[0m
[23.462s] [100%] [32m[1mLinking C shared library rosidl_generator_py/jetson_interfaces/jetson_interfaces_s__rosidl_typesupport_c.cpython-38-aarch64-linux-gnu.so[0m
[23.665s] [100%] Built target jetson_interfaces__rosidl_typesupport_introspection_c__pyext
[23.669s] [100%] Built target jetson_interfaces__rosidl_typesupport_c__pyext
[23.710s] [100%] Built target jetson_interfaces__rosidl_typesupport_fastrtps_c__pyext
[23.753s] Invoked command in '/home/jetson/EVC_2/workshops/vision_ws/build/jetson_interfaces' returned '0': CMAKE_PREFIX_PATH=${CMAKE_PREFIX_PATH}:/home/jetson/EVC_2/workshops/vision_ws/install/jetson_camera:/home/jetson/EVC/workshops/vision_ws/install/jetson_camera:/home/jetson/EVC_2/install/jetson_camera:/opt/ros/foxy /usr/bin/cmake --build /home/jetson/EVC_2/workshops/vision_ws/build/jetson_interfaces -- -j4 -l4
[23.801s] Invoking command in '/home/jetson/EVC_2/workshops/vision_ws/build/jetson_interfaces': CMAKE_PREFIX_PATH=${CMAKE_PREFIX_PATH}:/home/jetson/EVC_2/workshops/vision_ws/install/jetson_camera:/home/jetson/EVC/workshops/vision_ws/install/jetson_camera:/home/jetson/EVC_2/install/jetson_camera:/opt/ros/foxy /usr/bin/cmake --install /home/jetson/EVC_2/workshops/vision_ws/build/jetson_interfaces
[23.834s] -- Install configuration: ""
[23.835s] -- Installing: /home/jetson/EVC_2/workshops/vision_ws/install/jetson_interfaces/share/ament_index/resource_index/rosidl_interfaces/jetson_interfaces
[23.836s] -- Installing: /home/jetson/EVC_2/workshops/vision_ws/install/jetson_interfaces/include/jetson_interfaces
[23.836s] -- Installing: /home/jetson/EVC_2/workshops/vision_ws/install/jetson_interfaces/include/jetson_interfaces/msg
[23.837s] -- Installing: /home/jetson/EVC_2/workshops/vision_ws/install/jetson_interfaces/include/jetson_interfaces/msg/detail
[23.840s] -- Installing: /home/jetson/EVC_2/workshops/vision_ws/install/jetson_interfaces/include/jetson_interfaces/msg/detail/dual_image__functions.c
[23.840s] -- Installing: /home/jetson/EVC_2/workshops/vision_ws/install/jetson_interfaces/include/jetson_interfaces/msg/detail/dual_image__functions.h
[23.841s] -- Installing: /home/jetson/EVC_2/workshops/vision_ws/install/jetson_interfaces/include/jetson_interfaces/msg/detail/dual_image__struct.h
[23.841s] -- Installing: /home/jetson/EVC_2/workshops/vision_ws/install/jetson_interfaces/include/jetson_interfaces/msg/detail/dual_image__type_support.h
[23.842s] -- Installing: /home/jetson/EVC_2/workshops/vision_ws/install/jetson_interfaces/include/jetson_interfaces/msg/rosidl_generator_c__visibility_control.h
[23.842s] -- Installing: /home/jetson/EVC_2/workshops/vision_ws/install/jetson_interfaces/include/jetson_interfaces/msg/dual_image.h
[23.842s] -- Installing: /home/jetson/EVC_2/workshops/vision_ws/install/jetson_interfaces/share/jetson_interfaces/environment/library_path.sh
[23.843s] -- Installing: /home/jetson/EVC_2/workshops/vision_ws/install/jetson_interfaces/share/jetson_interfaces/environment/library_path.dsv
[23.843s] -- Installing: /home/jetson/EVC_2/workshops/vision_ws/install/jetson_interfaces/lib/libjetson_interfaces__rosidl_generator_c.so
[23.844s] -- Set runtime path of "/home/jetson/EVC_2/workshops/vision_ws/install/jetson_interfaces/lib/libjetson_interfaces__rosidl_generator_c.so" to ""
[23.844s] -- Up-to-date: /home/jetson/EVC_2/workshops/vision_ws/install/jetson_interfaces/include/jetson_interfaces
[23.844s] -- Up-to-date: /home/jetson/EVC_2/workshops/vision_ws/install/jetson_interfaces/include/jetson_interfaces/msg
[23.845s] -- Up-to-date: /home/jetson/EVC_2/workshops/vision_ws/install/jetson_interfaces/include/jetson_interfaces/msg/detail
[23.845s] -- Installing: /home/jetson/EVC_2/workshops/vision_ws/install/jetson_interfaces/include/jetson_interfaces/msg/detail/dual_image__rosidl_typesupport_fastrtps_c.h
[23.846s] -- Installing: /home/jetson/EVC_2/workshops/vision_ws/install/jetson_interfaces/include/jetson_interfaces/msg/rosidl_typesupport_fastrtps_c__visibility_control.h
[23.846s] -- Installing: /home/jetson/EVC_2/workshops/vision_ws/install/jetson_interfaces/lib/libjetson_interfaces__rosidl_typesupport_fastrtps_c.so
[23.847s] -- Set runtime path of "/home/jetson/EVC_2/workshops/vision_ws/install/jetson_interfaces/lib/libjetson_interfaces__rosidl_typesupport_fastrtps_c.so" to ""
[23.847s] -- Up-to-date: /home/jetson/EVC_2/workshops/vision_ws/install/jetson_interfaces/include/jetson_interfaces
[23.848s] -- Up-to-date: /home/jetson/EVC_2/workshops/vision_ws/install/jetson_interfaces/include/jetson_interfaces/msg
[23.848s] -- Up-to-date: /home/jetson/EVC_2/workshops/vision_ws/install/jetson_interfaces/include/jetson_interfaces/msg/detail
[23.849s] -- Installing: /home/jetson/EVC_2/workshops/vision_ws/install/jetson_interfaces/include/jetson_interfaces/msg/detail/dual_image__rosidl_typesupport_fastrtps_cpp.hpp
[23.849s] -- Installing: /home/jetson/EVC_2/workshops/vision_ws/install/jetson_interfaces/include/jetson_interfaces/msg/detail/dds_fastrtps
[23.849s] -- Installing: /home/jetson/EVC_2/workshops/vision_ws/install/jetson_interfaces/include/jetson_interfaces/msg/rosidl_typesupport_fastrtps_cpp__visibility_control.h
[23.850s] -- Installing: /home/jetson/EVC_2/workshops/vision_ws/install/jetson_interfaces/lib/libjetson_interfaces__rosidl_typesupport_fastrtps_cpp.so
[23.854s] -- Set runtime path of "/home/jetson/EVC_2/workshops/vision_ws/install/jetson_interfaces/lib/libjetson_interfaces__rosidl_typesupport_fastrtps_cpp.so" to ""
[23.855s] -- Up-to-date: /home/jetson/EVC_2/workshops/vision_ws/install/jetson_interfaces/include/jetson_interfaces
[23.855s] -- Up-to-date: /home/jetson/EVC_2/workshops/vision_ws/install/jetson_interfaces/include/jetson_interfaces/msg
[23.855s] -- Up-to-date: /home/jetson/EVC_2/workshops/vision_ws/install/jetson_interfaces/include/jetson_interfaces/msg/detail
[23.856s] -- Installing: /home/jetson/EVC_2/workshops/vision_ws/install/jetson_interfaces/include/jetson_interfaces/msg/detail/dual_image__type_support.c
[23.857s] -- Installing: /home/jetson/EVC_2/workshops/vision_ws/install/jetson_interfaces/include/jetson_interfaces/msg/detail/dual_image__rosidl_typesupport_introspection_c.h
[23.857s] -- Installing: /home/jetson/EVC_2/workshops/vision_ws/install/jetson_interfaces/include/jetson_interfaces/msg/rosidl_typesupport_introspection_c__visibility_control.h
[23.858s] -- Installing: /home/jetson/EVC_2/workshops/vision_ws/install/jetson_interfaces/lib/libjetson_interfaces__rosidl_typesupport_introspection_c.so
[23.860s] -- Set runtime path of "/home/jetson/EVC_2/workshops/vision_ws/install/jetson_interfaces/lib/libjetson_interfaces__rosidl_typesupport_introspection_c.so" to ""
[23.860s] -- Installing: /home/jetson/EVC_2/workshops/vision_ws/install/jetson_interfaces/lib/libjetson_interfaces__rosidl_typesupport_c.so
[23.861s] -- Set runtime path of "/home/jetson/EVC_2/workshops/vision_ws/install/jetson_interfaces/lib/libjetson_interfaces__rosidl_typesupport_c.so" to ""
[23.861s] -- Up-to-date: /home/jetson/EVC_2/workshops/vision_ws/install/jetson_interfaces/include/jetson_interfaces
[23.861s] -- Up-to-date: /home/jetson/EVC_2/workshops/vision_ws/install/jetson_interfaces/include/jetson_interfaces/msg
[23.862s] -- Up-to-date: /home/jetson/EVC_2/workshops/vision_ws/install/jetson_interfaces/include/jetson_interfaces/msg/detail
[23.862s] -- Installing: /home/jetson/EVC_2/workshops/vision_ws/install/jetson_interfaces/include/jetson_interfaces/msg/detail/dual_image__type_support.hpp
[23.863s] -- Installing: /home/jetson/EVC_2/workshops/vision_ws/install/jetson_interfaces/include/jetson_interfaces/msg/detail/dual_image__traits.hpp
[23.871s] -- Installing: /home/jetson/EVC_2/workshops/vision_ws/install/jetson_interfaces/include/jetson_interfaces/msg/detail/dual_image__struct.hpp
[23.872s] -- Installing: /home/jetson/EVC_2/workshops/vision_ws/install/jetson_interfaces/include/jetson_interfaces/msg/detail/dual_image__builder.hpp
[23.873s] -- Installing: /home/jetson/EVC_2/workshops/vision_ws/install/jetson_interfaces/include/jetson_interfaces/msg/dual_image.hpp
[23.873s] -- Installing: /home/jetson/EVC_2/workshops/vision_ws/install/jetson_interfaces/include/jetson_interfaces/msg/rosidl_generator_cpp__visibility_control.hpp
[23.874s] -- Up-to-date: /home/jetson/EVC_2/workshops/vision_ws/install/jetson_interfaces/include/jetson_interfaces
[23.874s] -- Up-to-date: /home/jetson/EVC_2/workshops/vision_ws/install/jetson_interfaces/include/jetson_interfaces/msg
[23.874s] -- Up-to-date: /home/jetson/EVC_2/workshops/vision_ws/install/jetson_interfaces/include/jetson_interfaces/msg/detail
[23.875s] -- Installing: /home/jetson/EVC_2/workshops/vision_ws/install/jetson_interfaces/include/jetson_interfaces/msg/detail/dual_image__type_support.cpp
[23.875s] -- Installing: /home/jetson/EVC_2/workshops/vision_ws/install/jetson_interfaces/include/jetson_interfaces/msg/detail/dual_image__rosidl_typesupport_introspection_cpp.hpp
[23.875s] -- Installing: /home/jetson/EVC_2/workshops/vision_ws/install/jetson_interfaces/lib/libjetson_interfaces__rosidl_typesupport_introspection_cpp.so
[23.876s] -- Set runtime path of "/home/jetson/EVC_2/workshops/vision_ws/install/jetson_interfaces/lib/libjetson_interfaces__rosidl_typesupport_introspection_cpp.so" to ""
[23.876s] -- Installing: /home/jetson/EVC_2/workshops/vision_ws/install/jetson_interfaces/lib/libjetson_interfaces__rosidl_typesupport_cpp.so
[23.877s] -- Set runtime path of "/home/jetson/EVC_2/workshops/vision_ws/install/jetson_interfaces/lib/libjetson_interfaces__rosidl_typesupport_cpp.so" to ""
[23.877s] -- Installing: /home/jetson/EVC_2/workshops/vision_ws/install/jetson_interfaces/share/jetson_interfaces/environment/pythonpath.sh
[23.877s] -- Installing: /home/jetson/EVC_2/workshops/vision_ws/install/jetson_interfaces/share/jetson_interfaces/environment/pythonpath.dsv
[23.878s] -- Installing: /home/jetson/EVC_2/workshops/vision_ws/install/jetson_interfaces/lib/python3.8/site-packages/jetson_interfaces/__init__.py
[24.015s] Compiling '/home/jetson/EVC_2/workshops/vision_ws/install/jetson_interfaces/lib/python3.8/site-packages/jetson_interfaces/__init__.py'...
[24.034s] -- Installing: /home/jetson/EVC_2/workshops/vision_ws/install/jetson_interfaces/lib/python3.8/site-packages/jetson_interfaces/msg
[24.035s] -- Installing: /home/jetson/EVC_2/workshops/vision_ws/install/jetson_interfaces/lib/python3.8/site-packages/jetson_interfaces/msg/_dual_image.py
[24.036s] -- Installing: /home/jetson/EVC_2/workshops/vision_ws/install/jetson_interfaces/lib/python3.8/site-packages/jetson_interfaces/msg/_dual_image_s.c
[24.036s] -- Installing: /home/jetson/EVC_2/workshops/vision_ws/install/jetson_interfaces/lib/python3.8/site-packages/jetson_interfaces/msg/__init__.py
[24.040s] -- Installing: /home/jetson/EVC_2/workshops/vision_ws/install/jetson_interfaces/lib/python3.8/site-packages/jetson_interfaces/jetson_interfaces_s__rosidl_typesupport_fastrtps_c.cpython-38-aarch64-linux-gnu.so
[24.040s] -- Set runtime path of "/home/jetson/EVC_2/workshops/vision_ws/install/jetson_interfaces/lib/python3.8/site-packages/jetson_interfaces/jetson_interfaces_s__rosidl_typesupport_fastrtps_c.cpython-38-aarch64-linux-gnu.so" to ""
[24.041s] -- Installing: /home/jetson/EVC_2/workshops/vision_ws/install/jetson_interfaces/lib/python3.8/site-packages/jetson_interfaces/jetson_interfaces_s__rosidl_typesupport_introspection_c.cpython-38-aarch64-linux-gnu.so
[24.042s] -- Set runtime path of "/home/jetson/EVC_2/workshops/vision_ws/install/jetson_interfaces/lib/python3.8/site-packages/jetson_interfaces/jetson_interfaces_s__rosidl_typesupport_introspection_c.cpython-38-aarch64-linux-gnu.so" to ""
[24.043s] -- Installing: /home/jetson/EVC_2/workshops/vision_ws/install/jetson_interfaces/lib/python3.8/site-packages/jetson_interfaces/jetson_interfaces_s__rosidl_typesupport_c.cpython-38-aarch64-linux-gnu.so
[24.045s] -- Set runtime path of "/home/jetson/EVC_2/workshops/vision_ws/install/jetson_interfaces/lib/python3.8/site-packages/jetson_interfaces/jetson_interfaces_s__rosidl_typesupport_c.cpython-38-aarch64-linux-gnu.so" to ""
[24.045s] -- Installing: /home/jetson/EVC_2/workshops/vision_ws/install/jetson_interfaces/lib/libjetson_interfaces__python.so
[24.046s] -- Set runtime path of "/home/jetson/EVC_2/workshops/vision_ws/install/jetson_interfaces/lib/libjetson_interfaces__python.so" to ""
[24.047s] -- Installing: /home/jetson/EVC_2/workshops/vision_ws/install/jetson_interfaces/share/jetson_interfaces/msg/DualImage.idl
[24.047s] -- Installing: /home/jetson/EVC_2/workshops/vision_ws/install/jetson_interfaces/share/jetson_interfaces/msg/DualImage.msg
[24.048s] -- Installing: /home/jetson/EVC_2/workshops/vision_ws/install/jetson_interfaces/share/ament_index/resource_index/package_run_dependencies/jetson_interfaces
[24.049s] -- Installing: /home/jetson/EVC_2/workshops/vision_ws/install/jetson_interfaces/share/ament_index/resource_index/parent_prefix_path/jetson_interfaces
[24.050s] -- Installing: /home/jetson/EVC_2/workshops/vision_ws/install/jetson_interfaces/share/jetson_interfaces/environment/ament_prefix_path.sh
[24.055s] -- Installing: /home/jetson/EVC_2/workshops/vision_ws/install/jetson_interfaces/share/jetson_interfaces/environment/ament_prefix_path.dsv
[24.056s] -- Installing: /home/jetson/EVC_2/workshops/vision_ws/install/jetson_interfaces/share/jetson_interfaces/environment/path.sh
[24.057s] -- Installing: /home/jetson/EVC_2/workshops/vision_ws/install/jetson_interfaces/share/jetson_interfaces/environment/path.dsv
[24.057s] -- Installing: /home/jetson/EVC_2/workshops/vision_ws/install/jetson_interfaces/share/jetson_interfaces/local_setup.bash
[24.058s] -- Installing: /home/jetson/EVC_2/workshops/vision_ws/install/jetson_interfaces/share/jetson_interfaces/local_setup.sh
[24.065s] -- Installing: /home/jetson/EVC_2/workshops/vision_ws/install/jetson_interfaces/share/jetson_interfaces/local_setup.zsh
[24.075s] -- Installing: /home/jetson/EVC_2/workshops/vision_ws/install/jetson_interfaces/share/jetson_interfaces/local_setup.dsv
[24.087s] -- Installing: /home/jetson/EVC_2/workshops/vision_ws/install/jetson_interfaces/share/jetson_interfaces/package.dsv
[24.088s] -- Installing: /home/jetson/EVC_2/workshops/vision_ws/install/jetson_interfaces/share/ament_index/resource_index/packages/jetson_interfaces
[24.089s] -- Installing: /home/jetson/EVC_2/workshops/vision_ws/install/jetson_interfaces/share/jetson_interfaces/cmake/jetson_interfaces__rosidl_generator_cExport.cmake
[24.089s] -- Installing: /home/jetson/EVC_2/workshops/vision_ws/install/jetson_interfaces/share/jetson_interfaces/cmake/jetson_interfaces__rosidl_generator_cExport-noconfig.cmake
[24.090s] -- Installing: /home/jetson/EVC_2/workshops/vision_ws/install/jetson_interfaces/share/jetson_interfaces/cmake/jetson_interfaces__rosidl_typesupport_introspection_cExport.cmake
[24.091s] -- Installing: /home/jetson/EVC_2/workshops/vision_ws/install/jetson_interfaces/share/jetson_interfaces/cmake/jetson_interfaces__rosidl_typesupport_introspection_cExport-noconfig.cmake
[24.093s] -- Installing: /home/jetson/EVC_2/workshops/vision_ws/install/jetson_interfaces/share/jetson_interfaces/cmake/jetson_interfaces__rosidl_typesupport_cExport.cmake
[24.093s] -- Installing: /home/jetson/EVC_2/workshops/vision_ws/install/jetson_interfaces/share/jetson_interfaces/cmake/jetson_interfaces__rosidl_typesupport_cExport-noconfig.cmake
[24.094s] -- Installing: /home/jetson/EVC_2/workshops/vision_ws/install/jetson_interfaces/share/jetson_interfaces/cmake/jetson_interfaces__rosidl_generator_cppExport.cmake
[24.094s] -- Installing: /home/jetson/EVC_2/workshops/vision_ws/install/jetson_interfaces/share/jetson_interfaces/cmake/jetson_interfaces__rosidl_typesupport_introspection_cppExport.cmake
[24.094s] -- Installing: /home/jetson/EVC_2/workshops/vision_ws/install/jetson_interfaces/share/jetson_interfaces/cmake/jetson_interfaces__rosidl_typesupport_introspection_cppExport-noconfig.cmake
[24.095s] -- Installing: /home/jetson/EVC_2/workshops/vision_ws/install/jetson_interfaces/share/jetson_interfaces/cmake/jetson_interfaces__rosidl_typesupport_cppExport.cmake
[24.095s] -- Installing: /home/jetson/EVC_2/workshops/vision_ws/install/jetson_interfaces/share/jetson_interfaces/cmake/jetson_interfaces__rosidl_typesupport_cppExport-noconfig.cmake
[24.095s] -- Installing: /home/jetson/EVC_2/workshops/vision_ws/install/jetson_interfaces/share/jetson_interfaces/cmake/rosidl_cmake-extras.cmake
[24.096s] -- Installing: /home/jetson/EVC_2/workshops/vision_ws/install/jetson_interfaces/share/jetson_interfaces/cmake/ament_cmake_export_dependencies-extras.cmake
[24.096s] -- Installing: /home/jetson/EVC_2/workshops/vision_ws/install/jetson_interfaces/share/jetson_interfaces/cmake/ament_cmake_export_libraries-extras.cmake
[24.096s] -- Installing: /home/jetson/EVC_2/workshops/vision_ws/install/jetson_interfaces/share/jetson_interfaces/cmake/ament_cmake_export_targets-extras.cmake
[24.097s] -- Installing: /home/jetson/EVC_2/workshops/vision_ws/install/jetson_interfaces/share/jetson_interfaces/cmake/ament_cmake_export_include_directories-extras.cmake
[24.097s] -- Installing: /home/jetson/EVC_2/workshops/vision_ws/install/jetson_interfaces/share/jetson_interfaces/cmake/rosidl_cmake_export_typesupport_libraries-extras.cmake
[24.097s] -- Installing: /home/jetson/EVC_2/workshops/vision_ws/install/jetson_interfaces/share/jetson_interfaces/cmake/rosidl_cmake_export_typesupport_targets-extras.cmake
[24.098s] -- Installing: /home/jetson/EVC_2/workshops/vision_ws/install/jetson_interfaces/share/jetson_interfaces/cmake/jetson_interfacesConfig.cmake
[24.098s] -- Installing: /home/jetson/EVC_2/workshops/vision_ws/install/jetson_interfaces/share/jetson_interfaces/cmake/jetson_interfacesConfig-version.cmake
[24.098s] -- Installing: /home/jetson/EVC_2/workshops/vision_ws/install/jetson_interfaces/share/jetson_interfaces/package.xml
[24.099s] Invoked command in '/home/jetson/EVC_2/workshops/vision_ws/build/jetson_interfaces' returned '0': CMAKE_PREFIX_PATH=${CMAKE_PREFIX_PATH}:/home/jetson/EVC_2/workshops/vision_ws/install/jetson_camera:/home/jetson/EVC/workshops/vision_ws/install/jetson_camera:/home/jetson/EVC_2/install/jetson_camera:/opt/ros/foxy /usr/bin/cmake --install /home/jetson/EVC_2/workshops/vision_ws/build/jetson_interfaces
