[4.217s] DEBUG:colcon:Command line arguments: ['/usr/bin/colcon', 'build']
[4.218s] DEBUG:colcon:Parsed command line arguments: Namespace(allow_overriding=[], ament_cmake_args=None, base_paths=['.'], build_base='build', catkin_cmake_args=None, catkin_skip_building_tests=False, cmake_args=None, cmake_clean_cache=False, cmake_clean_first=False, cmake_force_configure=False, cmake_target=None, cmake_target_skip_unavailable=False, continue_on_error=False, event_handlers=None, executor='parallel', ignore_user_meta=False, install_base='install', log_base=None, log_level=None, main=<bound method BuildVerb.main of <colcon_core.verb.build.BuildVerb object at 0x7f76efe820>>, merge_install=False, metas=['./colcon.meta'], packages_above=None, packages_above_and_dependencies=None, packages_above_depth=None, packages_end=None, packages_ignore=None, packages_ignore_regex=None, packages_select=None, packages_select_build_failed=False, packages_select_by_dep=None, packages_select_regex=None, packages_select_test_failures=False, packages_skip=None, packages_skip_build_finished=False, packages_skip_by_dep=None, packages_skip_regex=None, packages_skip_test_passed=False, packages_skip_up_to=None, packages_start=None, packages_up_to=None, packages_up_to_regex=None, parallel_workers=4, paths=None, symlink_install=False, test_result_base=None, verb_extension=<colcon_core.verb.build.BuildVerb object at 0x7f76efe820>, verb_name='build', verb_parser=<colcon_defaults.argument_parser.defaults.DefaultArgumentsDecorator object at 0x7f76e9f310>)
[7.523s] Level 1:colcon.colcon_core.package_discovery:discover_packages(colcon_meta) check parameters
[7.524s] Level 1:colcon.colcon_core.package_discovery:discover_packages(recursive) check parameters
[7.525s] Level 1:colcon.colcon_core.package_discovery:discover_packages(ignore) check parameters
[7.526s] Level 1:colcon.colcon_core.package_discovery:discover_packages(path) check parameters
[7.526s] Level 1:colcon.colcon_core.package_discovery:discover_packages(colcon_meta) discover
[7.527s] Level 1:colcon.colcon_core.package_discovery:discover_packages(recursive) discover
[7.528s] INFO:colcon.colcon_core.package_discovery:Crawling recursively for packages in '/home/jetson/EVC_2/workshops/vision_ws/src/jetson_camera/jetson_camera'
[7.530s] Level 1:colcon.colcon_core.package_identification:_identify(.) by extensions ['ignore', 'ignore_ament_install']
[7.531s] Level 1:colcon.colcon_core.package_identification:_identify(.) by extension 'ignore'
[7.532s] Level 1:colcon.colcon_core.package_identification:_identify(.) by extension 'ignore_ament_install'
[7.533s] Level 1:colcon.colcon_core.package_identification:_identify(.) by extensions ['colcon_pkg']
[7.534s] Level 1:colcon.colcon_core.package_identification:_identify(.) by extension 'colcon_pkg'
[7.535s] Level 1:colcon.colcon_core.package_identification:_identify(.) by extensions ['colcon_meta']
[7.535s] Level 1:colcon.colcon_core.package_identification:_identify(.) by extension 'colcon_meta'
[7.536s] Level 1:colcon.colcon_core.package_identification:_identify(.) by extensions ['ros']
[7.537s] Level 1:colcon.colcon_core.package_identification:_identify(.) by extension 'ros'
[7.731s] Level 1:colcon.colcon_core.package_identification:_identify(.) by extensions ['cmake', 'python']
[7.732s] Level 1:colcon.colcon_core.package_identification:_identify(.) by extension 'cmake'
[7.733s] Level 1:colcon.colcon_core.package_identification:_identify(.) by extension 'python'
[7.734s] Level 1:colcon.colcon_core.package_identification:_identify(.) by extensions ['python_setup_py']
[7.735s] Level 1:colcon.colcon_core.package_identification:_identify(.) by extension 'python_setup_py'
[7.736s] Level 1:colcon.colcon_core.package_identification:_identify(build) by extensions ['ignore', 'ignore_ament_install']
[7.738s] Level 1:colcon.colcon_core.package_identification:_identify(build) by extension 'ignore'
[7.738s] Level 1:colcon.colcon_core.package_identification:_identify(build) ignored
[7.740s] Level 1:colcon.colcon_core.package_identification:_identify(install) by extensions ['ignore', 'ignore_ament_install']
[7.741s] Level 1:colcon.colcon_core.package_identification:_identify(install) by extension 'ignore'
[7.742s] Level 1:colcon.colcon_core.package_identification:_identify(install) ignored
[7.744s] Level 1:colcon.colcon_core.package_identification:_identify(log) by extensions ['ignore', 'ignore_ament_install']
[7.745s] Level 1:colcon.colcon_core.package_identification:_identify(log) by extension 'ignore'
[7.746s] Level 1:colcon.colcon_core.package_identification:_identify(log) ignored
[7.746s] Level 1:colcon.colcon_core.package_discovery:discover_packages(recursive) using defaults
[7.747s] Level 1:colcon.colcon_core.package_discovery:discover_packages(ignore) discover
[7.748s] Level 1:colcon.colcon_core.package_discovery:discover_packages(ignore) using defaults
[7.748s] Level 1:colcon.colcon_core.package_discovery:discover_packages(path) discover
[7.749s] Level 1:colcon.colcon_core.package_discovery:discover_packages(path) using defaults
[8.172s] Level 1:colcon.colcon_core.package_discovery:discover_packages(prefix_path) check parameters
[8.173s] Level 1:colcon.colcon_core.package_discovery:discover_packages(prefix_path) discover
[8.216s] DEBUG:colcon.colcon_installed_package_information.package_discovery:Found 180 installed packages in /opt/ros/foxy
[8.239s] Level 1:colcon.colcon_core.package_discovery:discover_packages(prefix_path) using defaults
[9.041s] INFO:colcon.colcon_core.executor:Executing jobs using 'parallel' executor
[9.053s] DEBUG:colcon.colcon_parallel_executor.executor.parallel:run_until_complete
[9.054s] DEBUG:colcon.colcon_parallel_executor.executor.parallel:closing loop
[9.055s] DEBUG:colcon.colcon_parallel_executor.executor.parallel:loop closed
[9.056s] DEBUG:colcon.colcon_parallel_executor.executor.parallel:run_until_complete finished with '0'
[9.057s] DEBUG:colcon.colcon_core.event_reactor:joining thread
[9.121s] INFO:colcon.colcon_core.plugin_system:Skipping extension 'colcon_notification.desktop_notification.terminal_notifier': Not used on non-Darwin systems
[9.122s] INFO:colcon.colcon_core.plugin_system:Skipping extension 'colcon_notification.desktop_notification.win32': Not used on non-Windows systems
[9.123s] INFO:colcon.colcon_notification.desktop_notification:Sending desktop notification using 'notify2'
[9.295s] DEBUG:colcon.colcon_notification.desktop_notification.notify2:Failed to initialize notify2: org.freedesktop.DBus.Error.Spawn.ChildExited: Process org.freedesktop.Notifications exited with status 1
[9.297s] DEBUG:colcon.colcon_core.event_reactor:joined thread
[9.342s] INFO:colcon.colcon_core.plugin_system:Skipping extension 'colcon_core.shell.bat': Not used on non-Windows systems
[9.344s] INFO:colcon.colcon_core.shell:Creating prefix script '/home/jetson/EVC_2/workshops/vision_ws/src/jetson_camera/jetson_camera/install/local_setup.ps1'
[9.360s] INFO:colcon.colcon_core.shell:Creating prefix util module '/home/jetson/EVC_2/workshops/vision_ws/src/jetson_camera/jetson_camera/install/_local_setup_util_ps1.py'
[9.386s] INFO:colcon.colcon_core.shell:Creating prefix chain script '/home/jetson/EVC_2/workshops/vision_ws/src/jetson_camera/jetson_camera/install/setup.ps1'
[9.401s] INFO:colcon.colcon_core.shell:Creating prefix script '/home/jetson/EVC_2/workshops/vision_ws/src/jetson_camera/jetson_camera/install/local_setup.sh'
[9.411s] INFO:colcon.colcon_core.shell:Creating prefix util module '/home/jetson/EVC_2/workshops/vision_ws/src/jetson_camera/jetson_camera/install/_local_setup_util_sh.py'
[9.419s] INFO:colcon.colcon_core.shell:Creating prefix chain script '/home/jetson/EVC_2/workshops/vision_ws/src/jetson_camera/jetson_camera/install/setup.sh'
[9.434s] INFO:colcon.colcon_core.shell:Creating prefix script '/home/jetson/EVC_2/workshops/vision_ws/src/jetson_camera/jetson_camera/install/local_setup.bash'
[9.444s] INFO:colcon.colcon_core.shell:Creating prefix chain script '/home/jetson/EVC_2/workshops/vision_ws/src/jetson_camera/jetson_camera/install/setup.bash'
[9.459s] INFO:colcon.colcon_core.shell:Creating prefix script '/home/jetson/EVC_2/workshops/vision_ws/src/jetson_camera/jetson_camera/install/local_setup.zsh'
[9.468s] INFO:colcon.colcon_core.shell:Creating prefix chain script '/home/jetson/EVC_2/workshops/vision_ws/src/jetson_camera/jetson_camera/install/setup.zsh'
