running egg_info
creating ../../build/jetson_camera/jetson_camera.egg-info
writing ../../build/jetson_camera/jetson_camera.egg-info/PKG-INFO
writing dependency_links to ../../build/jetson_camera/jetson_camera.egg-info/dependency_links.txt
writing entry points to ../../build/jetson_camera/jetson_camera.egg-info/entry_points.txt
writing requirements to ../../build/jetson_camera/jetson_camera.egg-info/requires.txt
writing top-level names to ../../build/jetson_camera/jetson_camera.egg-info/top_level.txt
writing manifest file '../../build/jetson_camera/jetson_camera.egg-info/SOURCES.txt'
reading manifest file '../../build/jetson_camera/jetson_camera.egg-info/SOURCES.txt'
writing manifest file '../../build/jetson_camera/jetson_camera.egg-info/SOURCES.txt'
running build
running build_py
creating /home/jetson/EVC/workshops/vision_ws/build/jetson_camera/build
creating /home/jetson/EVC/workshops/vision_ws/build/jetson_camera/build/lib
creating /home/jetson/EVC/workshops/vision_ws/build/jetson_camera/build/lib/jetson_camera
copying jetson_camera/subscriber_node.py -> /home/jetson/EVC/workshops/vision_ws/build/jetson_camera/build/lib/jetson_camera
copying jetson_camera/__init__.py -> /home/jetson/EVC/workshops/vision_ws/build/jetson_camera/build/lib/jetson_camera
copying jetson_camera/publisher_node.py -> /home/jetson/EVC/workshops/vision_ws/build/jetson_camera/build/lib/jetson_camera
running install
running install_lib
creating /home/jetson/EVC/workshops/vision_ws/install/jetson_camera/lib/python3.8/site-packages/jetson_camera
copying /home/jetson/EVC/workshops/vision_ws/build/jetson_camera/build/lib/jetson_camera/subscriber_node.py -> /home/jetson/EVC/workshops/vision_ws/install/jetson_camera/lib/python3.8/site-packages/jetson_camera
copying /home/jetson/EVC/workshops/vision_ws/build/jetson_camera/build/lib/jetson_camera/__init__.py -> /home/jetson/EVC/workshops/vision_ws/install/jetson_camera/lib/python3.8/site-packages/jetson_camera
copying /home/jetson/EVC/workshops/vision_ws/build/jetson_camera/build/lib/jetson_camera/publisher_node.py -> /home/jetson/EVC/workshops/vision_ws/install/jetson_camera/lib/python3.8/site-packages/jetson_camera
byte-compiling /home/jetson/EVC/workshops/vision_ws/install/jetson_camera/lib/python3.8/site-packages/jetson_camera/subscriber_node.py to subscriber_node.cpython-38.pyc
byte-compiling /home/jetson/EVC/workshops/vision_ws/install/jetson_camera/lib/python3.8/site-packages/jetson_camera/__init__.py to __init__.cpython-38.pyc
byte-compiling /home/jetson/EVC/workshops/vision_ws/install/jetson_camera/lib/python3.8/site-packages/jetson_camera/publisher_node.py to publisher_node.cpython-38.pyc
running install_data
creating /home/jetson/EVC/workshops/vision_ws/install/jetson_camera/share/ament_index
creating /home/jetson/EVC/workshops/vision_ws/install/jetson_camera/share/ament_index/resource_index
creating /home/jetson/EVC/workshops/vision_ws/install/jetson_camera/share/ament_index/resource_index/packages
copying resource/jetson_camera -> /home/jetson/EVC/workshops/vision_ws/install/jetson_camera/share/ament_index/resource_index/packages
copying package.xml -> /home/jetson/EVC/workshops/vision_ws/install/jetson_camera/share/jetson_camera
creating /home/jetson/EVC/workshops/vision_ws/install/jetson_camera/share/jetson_camera/launch
copying launch/camera_publisher.launch.py -> /home/jetson/EVC/workshops/vision_ws/install/jetson_camera/share/jetson_camera/launch
copying launch/camera_subscriber.launch.py -> /home/jetson/EVC/workshops/vision_ws/install/jetson_camera/share/jetson_camera/launch
creating /home/jetson/EVC/workshops/vision_ws/install/jetson_camera/share/jetson_camera/config
copying config/parameters.yaml -> /home/jetson/EVC/workshops/vision_ws/install/jetson_camera/share/jetson_camera/config
running install_egg_info
Copying ../../build/jetson_camera/jetson_camera.egg-info to /home/jetson/EVC/workshops/vision_ws/install/jetson_camera/lib/python3.8/site-packages/jetson_camera-0.0.0-py3.8.egg-info
running install_scripts
Installing publisher_node script to /home/jetson/EVC/workshops/vision_ws/install/jetson_camera/lib/jetson_camera
Installing subscriber_node script to /home/jetson/EVC/workshops/vision_ws/install/jetson_camera/lib/jetson_camera
writing list of installed files to '/home/jetson/EVC/workshops/vision_ws/build/jetson_camera/install.log'
