[2.816s] Invoking command in '/home/jetson/EVC/workshops/vision_ws/src/jetson_camera': PYTHONPATH=/home/jetson/EVC/workshops/vision_ws/build/jetson_camera/prefix_override:/usr/lib/python3/dist-packages/colcon_core/task/python/colcon_distutils_commands:/home/jetson/EVC/workshops/vision_ws/install/jetson_camera/lib/python3.8/site-packages:${PYTHONPATH} /usr/bin/python3 -W ignore:setup.py install is deprecated -W ignore:easy_install command is deprecated setup.py egg_info --egg-base ../../build/jetson_camera build --build-base /home/jetson/EVC/workshops/vision_ws/build/jetson_camera/build install --record /home/jetson/EVC/workshops/vision_ws/build/jetson_camera/install.log --single-version-externally-managed install_data
[3.861s] running egg_info
[3.863s] writing ../../build/jetson_camera/jetson_camera.egg-info/PKG-INFO
[3.865s] writing dependency_links to ../../build/jetson_camera/jetson_camera.egg-info/dependency_links.txt
[3.866s] writing entry points to ../../build/jetson_camera/jetson_camera.egg-info/entry_points.txt
[3.867s] writing requirements to ../../build/jetson_camera/jetson_camera.egg-info/requires.txt
[3.867s] writing top-level names to ../../build/jetson_camera/jetson_camera.egg-info/top_level.txt
[3.880s] reading manifest file '../../build/jetson_camera/jetson_camera.egg-info/SOURCES.txt'
[3.911s] writing manifest file '../../build/jetson_camera/jetson_camera.egg-info/SOURCES.txt'
[3.911s] running build
[3.912s] running build_py
[3.912s] running install
[3.916s] running install_lib
[3.922s] running install_data
[3.923s] running install_egg_info
[3.931s] removing '/home/jetson/EVC/workshops/vision_ws/install/jetson_camera/lib/python3.8/site-packages/jetson_camera-0.0.0-py3.8.egg-info' (and everything under it)
[3.933s] Copying ../../build/jetson_camera/jetson_camera.egg-info to /home/jetson/EVC/workshops/vision_ws/install/jetson_camera/lib/python3.8/site-packages/jetson_camera-0.0.0-py3.8.egg-info
[3.940s] running install_scripts
[4.014s] Installing publisher_node script to /home/jetson/EVC/workshops/vision_ws/install/jetson_camera/lib/jetson_camera
[4.016s] Installing subscriber_node script to /home/jetson/EVC/workshops/vision_ws/install/jetson_camera/lib/jetson_camera
[4.018s] writing list of installed files to '/home/jetson/EVC/workshops/vision_ws/build/jetson_camera/install.log'
[4.115s] Invoked command in '/home/jetson/EVC/workshops/vision_ws/src/jetson_camera' returned '0': PYTHONPATH=/home/jetson/EVC/workshops/vision_ws/build/jetson_camera/prefix_override:/usr/lib/python3/dist-packages/colcon_core/task/python/colcon_distutils_commands:/home/jetson/EVC/workshops/vision_ws/install/jetson_camera/lib/python3.8/site-packages:${PYTHONPATH} /usr/bin/python3 -W ignore:setup.py install is deprecated -W ignore:easy_install command is deprecated setup.py egg_info --egg-base ../../build/jetson_camera build --build-base /home/jetson/EVC/workshops/vision_ws/build/jetson_camera/build install --record /home/jetson/EVC/workshops/vision_ws/build/jetson_camera/install.log --single-version-externally-managed install_data
