[1.163s] Invoking command in '/home/jetson/Final_assignment/EmbeddedVisualControl/src/build/jetson_interfaces': CMAKE_PREFIX_PATH=/opt/ros/foxy /usr/bin/cmake --build /home/jetson/Final_assignment/EmbeddedVisualControl/src/build/jetson_interfaces -- -j4 -l4
[1.842s] [  3%] Built target jetson_interfaces__cpp
[1.882s] [ 12%] Built target jetson_interfaces__rosidl_generator_c
[1.990s] [ 22%] Built target jetson_interfaces__rosidl_typesupport_introspection_cpp
[1.995s] [ 32%] Built target jetson_interfaces__rosidl_typesupport_cpp
[2.021s] [ 41%] Built target jetson_interfaces__rosidl_typesupport_fastrtps_cpp
[2.034s] [ 51%] Built target jetson_interfaces__rosidl_typesupport_introspection_c
[2.115s] [ 61%] Built target jetson_interfaces__rosidl_typesupport_c
[2.146s] [ 70%] Built target jetson_interfaces__rosidl_typesupport_fastrtps_c
[2.227s] [ 70%] Built target jetson_interfaces
[2.321s] [ 74%] Built target jetson_interfaces__py
[2.438s] [ 80%] Built target jetson_interfaces__python
[2.563s] [ 87%] Built target jetson_interfaces__rosidl_typesupport_c__pyext
[2.567s] [ 93%] Built target jetson_interfaces__rosidl_typesupport_introspection_c__pyext
[2.582s] [100%] Built target jetson_interfaces__rosidl_typesupport_fastrtps_c__pyext
[2.626s] Invoked command in '/home/jetson/Final_assignment/EmbeddedVisualControl/src/build/jetson_interfaces' returned '0': CMAKE_PREFIX_PATH=/opt/ros/foxy /usr/bin/cmake --build /home/jetson/Final_assignment/EmbeddedVisualControl/src/build/jetson_interfaces -- -j4 -l4
[2.680s] Invoking command in '/home/jetson/Final_assignment/EmbeddedVisualControl/src/build/jetson_interfaces': CMAKE_PREFIX_PATH=/opt/ros/foxy /usr/bin/cmake --install /home/jetson/Final_assignment/EmbeddedVisualControl/src/build/jetson_interfaces
[2.713s] -- Install configuration: ""
[2.715s] -- Installing: /home/jetson/Final_assignment/EmbeddedVisualControl/src/install/jetson_interfaces/share/ament_index/resource_index/rosidl_interfaces/jetson_interfaces
[2.716s] -- Up-to-date: /home/jetson/Final_assignment/EmbeddedVisualControl/src/install/jetson_interfaces/include/jetson_interfaces
[2.716s] -- Up-to-date: /home/jetson/Final_assignment/EmbeddedVisualControl/src/install/jetson_interfaces/include/jetson_interfaces/msg
[2.717s] -- Up-to-date: /home/jetson/Final_assignment/EmbeddedVisualControl/src/install/jetson_interfaces/include/jetson_interfaces/msg/detail
[2.717s] -- Installing: /home/jetson/Final_assignment/EmbeddedVisualControl/src/install/jetson_interfaces/include/jetson_interfaces/msg/detail/dual_image__functions.c
[2.718s] -- Installing: /home/jetson/Final_assignment/EmbeddedVisualControl/src/install/jetson_interfaces/include/jetson_interfaces/msg/detail/dual_image__functions.h
[2.719s] -- Installing: /home/jetson/Final_assignment/EmbeddedVisualControl/src/install/jetson_interfaces/include/jetson_interfaces/msg/detail/dual_image__struct.h
[2.719s] -- Installing: /home/jetson/Final_assignment/EmbeddedVisualControl/src/install/jetson_interfaces/include/jetson_interfaces/msg/detail/dual_image__type_support.h
[2.720s] -- Installing: /home/jetson/Final_assignment/EmbeddedVisualControl/src/install/jetson_interfaces/include/jetson_interfaces/msg/rosidl_generator_c__visibility_control.h
[2.721s] -- Installing: /home/jetson/Final_assignment/EmbeddedVisualControl/src/install/jetson_interfaces/include/jetson_interfaces/msg/dual_image.h
[2.723s] -- Installing: /home/jetson/Final_assignment/EmbeddedVisualControl/src/install/jetson_interfaces/share/jetson_interfaces/environment/library_path.sh
[2.724s] -- Installing: /home/jetson/Final_assignment/EmbeddedVisualControl/src/install/jetson_interfaces/share/jetson_interfaces/environment/library_path.dsv
[2.728s] -- Up-to-date: /home/jetson/Final_assignment/EmbeddedVisualControl/src/install/jetson_interfaces/lib/libjetson_interfaces__rosidl_generator_c.so
[2.729s] -- Up-to-date: /home/jetson/Final_assignment/EmbeddedVisualControl/src/install/jetson_interfaces/include/jetson_interfaces
[2.730s] -- Up-to-date: /home/jetson/Final_assignment/EmbeddedVisualControl/src/install/jetson_interfaces/include/jetson_interfaces/msg
[2.731s] -- Up-to-date: /home/jetson/Final_assignment/EmbeddedVisualControl/src/install/jetson_interfaces/include/jetson_interfaces/msg/detail
[2.732s] -- Installing: /home/jetson/Final_assignment/EmbeddedVisualControl/src/install/jetson_interfaces/include/jetson_interfaces/msg/detail/dual_image__rosidl_typesupport_fastrtps_c.h
[2.732s] -- Installing: /home/jetson/Final_assignment/EmbeddedVisualControl/src/install/jetson_interfaces/include/jetson_interfaces/msg/rosidl_typesupport_fastrtps_c__visibility_control.h
[2.734s] -- Up-to-date: /home/jetson/Final_assignment/EmbeddedVisualControl/src/install/jetson_interfaces/lib/libjetson_interfaces__rosidl_typesupport_fastrtps_c.so
[2.735s] -- Up-to-date: /home/jetson/Final_assignment/EmbeddedVisualControl/src/install/jetson_interfaces/include/jetson_interfaces
[2.736s] -- Up-to-date: /home/jetson/Final_assignment/EmbeddedVisualControl/src/install/jetson_interfaces/include/jetson_interfaces/msg
[2.736s] -- Up-to-date: /home/jetson/Final_assignment/EmbeddedVisualControl/src/install/jetson_interfaces/include/jetson_interfaces/msg/detail
[2.737s] -- Installing: /home/jetson/Final_assignment/EmbeddedVisualControl/src/install/jetson_interfaces/include/jetson_interfaces/msg/detail/dual_image__rosidl_typesupport_fastrtps_cpp.hpp
[2.737s] -- Up-to-date: /home/jetson/Final_assignment/EmbeddedVisualControl/src/install/jetson_interfaces/include/jetson_interfaces/msg/detail/dds_fastrtps
[2.737s] -- Installing: /home/jetson/Final_assignment/EmbeddedVisualControl/src/install/jetson_interfaces/include/jetson_interfaces/msg/rosidl_typesupport_fastrtps_cpp__visibility_control.h
[2.744s] -- Up-to-date: /home/jetson/Final_assignment/EmbeddedVisualControl/src/install/jetson_interfaces/lib/libjetson_interfaces__rosidl_typesupport_fastrtps_cpp.so
[2.745s] -- Up-to-date: /home/jetson/Final_assignment/EmbeddedVisualControl/src/install/jetson_interfaces/include/jetson_interfaces
[2.745s] -- Up-to-date: /home/jetson/Final_assignment/EmbeddedVisualControl/src/install/jetson_interfaces/include/jetson_interfaces/msg
[2.746s] -- Up-to-date: /home/jetson/Final_assignment/EmbeddedVisualControl/src/install/jetson_interfaces/include/jetson_interfaces/msg/detail
[2.746s] -- Installing: /home/jetson/Final_assignment/EmbeddedVisualControl/src/install/jetson_interfaces/include/jetson_interfaces/msg/detail/dual_image__type_support.c
[2.747s] -- Installing: /home/jetson/Final_assignment/EmbeddedVisualControl/src/install/jetson_interfaces/include/jetson_interfaces/msg/detail/dual_image__rosidl_typesupport_introspection_c.h
[2.748s] -- Installing: /home/jetson/Final_assignment/EmbeddedVisualControl/src/install/jetson_interfaces/include/jetson_interfaces/msg/rosidl_typesupport_introspection_c__visibility_control.h
[2.752s] -- Up-to-date: /home/jetson/Final_assignment/EmbeddedVisualControl/src/install/jetson_interfaces/lib/libjetson_interfaces__rosidl_typesupport_introspection_c.so
[2.754s] -- Up-to-date: /home/jetson/Final_assignment/EmbeddedVisualControl/src/install/jetson_interfaces/lib/libjetson_interfaces__rosidl_typesupport_c.so
[2.755s] -- Up-to-date: /home/jetson/Final_assignment/EmbeddedVisualControl/src/install/jetson_interfaces/include/jetson_interfaces
[2.756s] -- Up-to-date: /home/jetson/Final_assignment/EmbeddedVisualControl/src/install/jetson_interfaces/include/jetson_interfaces/msg
[2.756s] -- Up-to-date: /home/jetson/Final_assignment/EmbeddedVisualControl/src/install/jetson_interfaces/include/jetson_interfaces/msg/detail
[2.756s] -- Installing: /home/jetson/Final_assignment/EmbeddedVisualControl/src/install/jetson_interfaces/include/jetson_interfaces/msg/detail/dual_image__type_support.hpp
[2.757s] -- Installing: /home/jetson/Final_assignment/EmbeddedVisualControl/src/install/jetson_interfaces/include/jetson_interfaces/msg/detail/dual_image__traits.hpp
[2.758s] -- Installing: /home/jetson/Final_assignment/EmbeddedVisualControl/src/install/jetson_interfaces/include/jetson_interfaces/msg/detail/dual_image__struct.hpp
[2.759s] -- Installing: /home/jetson/Final_assignment/EmbeddedVisualControl/src/install/jetson_interfaces/include/jetson_interfaces/msg/detail/dual_image__builder.hpp
[2.760s] -- Installing: /home/jetson/Final_assignment/EmbeddedVisualControl/src/install/jetson_interfaces/include/jetson_interfaces/msg/dual_image.hpp
[2.761s] -- Installing: /home/jetson/Final_assignment/EmbeddedVisualControl/src/install/jetson_interfaces/include/jetson_interfaces/msg/rosidl_generator_cpp__visibility_control.hpp
[2.763s] -- Up-to-date: /home/jetson/Final_assignment/EmbeddedVisualControl/src/install/jetson_interfaces/include/jetson_interfaces
[2.764s] -- Up-to-date: /home/jetson/Final_assignment/EmbeddedVisualControl/src/install/jetson_interfaces/include/jetson_interfaces/msg
[2.765s] -- Up-to-date: /home/jetson/Final_assignment/EmbeddedVisualControl/src/install/jetson_interfaces/include/jetson_interfaces/msg/detail
[2.766s] -- Installing: /home/jetson/Final_assignment/EmbeddedVisualControl/src/install/jetson_interfaces/include/jetson_interfaces/msg/detail/dual_image__type_support.cpp
[2.766s] -- Installing: /home/jetson/Final_assignment/EmbeddedVisualControl/src/install/jetson_interfaces/include/jetson_interfaces/msg/detail/dual_image__rosidl_typesupport_introspection_cpp.hpp
[2.770s] -- Up-to-date: /home/jetson/Final_assignment/EmbeddedVisualControl/src/install/jetson_interfaces/lib/libjetson_interfaces__rosidl_typesupport_introspection_cpp.so
[2.773s] -- Up-to-date: /home/jetson/Final_assignment/EmbeddedVisualControl/src/install/jetson_interfaces/lib/libjetson_interfaces__rosidl_typesupport_cpp.so
[2.774s] -- Installing: /home/jetson/Final_assignment/EmbeddedVisualControl/src/install/jetson_interfaces/share/jetson_interfaces/environment/pythonpath.sh
[2.775s] -- Installing: /home/jetson/Final_assignment/EmbeddedVisualControl/src/install/jetson_interfaces/share/jetson_interfaces/environment/pythonpath.dsv
[2.776s] -- Up-to-date: /home/jetson/Final_assignment/EmbeddedVisualControl/src/install/jetson_interfaces/lib/python3.8/site-packages/jetson_interfaces/__init__.py
[2.916s] -- Up-to-date: /home/jetson/Final_assignment/EmbeddedVisualControl/src/install/jetson_interfaces/lib/python3.8/site-packages/jetson_interfaces/msg
[2.917s] -- Up-to-date: /home/jetson/Final_assignment/EmbeddedVisualControl/src/install/jetson_interfaces/lib/python3.8/site-packages/jetson_interfaces/msg/_dual_image.py
[2.917s] -- Up-to-date: /home/jetson/Final_assignment/EmbeddedVisualControl/src/install/jetson_interfaces/lib/python3.8/site-packages/jetson_interfaces/msg/_dual_image_s.c
[2.918s] -- Up-to-date: /home/jetson/Final_assignment/EmbeddedVisualControl/src/install/jetson_interfaces/lib/python3.8/site-packages/jetson_interfaces/msg/__init__.py
[2.920s] -- Up-to-date: /home/jetson/Final_assignment/EmbeddedVisualControl/src/install/jetson_interfaces/lib/python3.8/site-packages/jetson_interfaces/jetson_interfaces_s__rosidl_typesupport_fastrtps_c.cpython-38-aarch64-linux-gnu.so
[2.924s] -- Up-to-date: /home/jetson/Final_assignment/EmbeddedVisualControl/src/install/jetson_interfaces/lib/python3.8/site-packages/jetson_interfaces/jetson_interfaces_s__rosidl_typesupport_introspection_c.cpython-38-aarch64-linux-gnu.so
[2.928s] -- Up-to-date: /home/jetson/Final_assignment/EmbeddedVisualControl/src/install/jetson_interfaces/lib/python3.8/site-packages/jetson_interfaces/jetson_interfaces_s__rosidl_typesupport_c.cpython-38-aarch64-linux-gnu.so
[2.932s] -- Up-to-date: /home/jetson/Final_assignment/EmbeddedVisualControl/src/install/jetson_interfaces/lib/libjetson_interfaces__python.so
[2.933s] -- Installing: /home/jetson/Final_assignment/EmbeddedVisualControl/src/install/jetson_interfaces/share/jetson_interfaces/msg/DualImage.idl
[2.935s] -- Installing: /home/jetson/Final_assignment/EmbeddedVisualControl/src/install/jetson_interfaces/share/jetson_interfaces/msg/DualImage.msg
[2.937s] -- Installing: /home/jetson/Final_assignment/EmbeddedVisualControl/src/install/jetson_interfaces/share/ament_index/resource_index/package_run_dependencies/jetson_interfaces
[2.938s] -- Installing: /home/jetson/Final_assignment/EmbeddedVisualControl/src/install/jetson_interfaces/share/ament_index/resource_index/parent_prefix_path/jetson_interfaces
[2.940s] -- Installing: /home/jetson/Final_assignment/EmbeddedVisualControl/src/install/jetson_interfaces/share/jetson_interfaces/environment/ament_prefix_path.sh
[2.941s] -- Installing: /home/jetson/Final_assignment/EmbeddedVisualControl/src/install/jetson_interfaces/share/jetson_interfaces/environment/ament_prefix_path.dsv
[2.943s] -- Installing: /home/jetson/Final_assignment/EmbeddedVisualControl/src/install/jetson_interfaces/share/jetson_interfaces/environment/path.sh
[2.945s] -- Installing: /home/jetson/Final_assignment/EmbeddedVisualControl/src/install/jetson_interfaces/share/jetson_interfaces/environment/path.dsv
[2.947s] -- Installing: /home/jetson/Final_assignment/EmbeddedVisualControl/src/install/jetson_interfaces/share/jetson_interfaces/local_setup.bash
[2.948s] -- Installing: /home/jetson/Final_assignment/EmbeddedVisualControl/src/install/jetson_interfaces/share/jetson_interfaces/local_setup.sh
[2.953s] -- Installing: /home/jetson/Final_assignment/EmbeddedVisualControl/src/install/jetson_interfaces/share/jetson_interfaces/local_setup.zsh
[2.955s] -- Installing: /home/jetson/Final_assignment/EmbeddedVisualControl/src/install/jetson_interfaces/share/jetson_interfaces/local_setup.dsv
[2.956s] -- Installing: /home/jetson/Final_assignment/EmbeddedVisualControl/src/install/jetson_interfaces/share/jetson_interfaces/package.dsv
[2.958s] -- Installing: /home/jetson/Final_assignment/EmbeddedVisualControl/src/install/jetson_interfaces/share/ament_index/resource_index/packages/jetson_interfaces
[2.958s] -- Installing: /home/jetson/Final_assignment/EmbeddedVisualControl/src/install/jetson_interfaces/share/jetson_interfaces/cmake/jetson_interfaces__rosidl_generator_cExport.cmake
[2.960s] -- Installing: /home/jetson/Final_assignment/EmbeddedVisualControl/src/install/jetson_interfaces/share/jetson_interfaces/cmake/jetson_interfaces__rosidl_generator_cExport-noconfig.cmake
[2.962s] -- Installing: /home/jetson/Final_assignment/EmbeddedVisualControl/src/install/jetson_interfaces/share/jetson_interfaces/cmake/jetson_interfaces__rosidl_typesupport_introspection_cExport.cmake
[2.964s] -- Installing: /home/jetson/Final_assignment/EmbeddedVisualControl/src/install/jetson_interfaces/share/jetson_interfaces/cmake/jetson_interfaces__rosidl_typesupport_introspection_cExport-noconfig.cmake
[2.965s] -- Installing: /home/jetson/Final_assignment/EmbeddedVisualControl/src/install/jetson_interfaces/share/jetson_interfaces/cmake/jetson_interfaces__rosidl_typesupport_cExport.cmake
[2.968s] -- Installing: /home/jetson/Final_assignment/EmbeddedVisualControl/src/install/jetson_interfaces/share/jetson_interfaces/cmake/jetson_interfaces__rosidl_typesupport_cExport-noconfig.cmake
[2.969s] -- Installing: /home/jetson/Final_assignment/EmbeddedVisualControl/src/install/jetson_interfaces/share/jetson_interfaces/cmake/jetson_interfaces__rosidl_generator_cppExport.cmake
[2.972s] -- Installing: /home/jetson/Final_assignment/EmbeddedVisualControl/src/install/jetson_interfaces/share/jetson_interfaces/cmake/jetson_interfaces__rosidl_typesupport_introspection_cppExport.cmake
[2.973s] -- Installing: /home/jetson/Final_assignment/EmbeddedVisualControl/src/install/jetson_interfaces/share/jetson_interfaces/cmake/jetson_interfaces__rosidl_typesupport_introspection_cppExport-noconfig.cmake
[2.975s] -- Installing: /home/jetson/Final_assignment/EmbeddedVisualControl/src/install/jetson_interfaces/share/jetson_interfaces/cmake/jetson_interfaces__rosidl_typesupport_cppExport.cmake
[2.976s] -- Installing: /home/jetson/Final_assignment/EmbeddedVisualControl/src/install/jetson_interfaces/share/jetson_interfaces/cmake/jetson_interfaces__rosidl_typesupport_cppExport-noconfig.cmake
[2.978s] -- Installing: /home/jetson/Final_assignment/EmbeddedVisualControl/src/install/jetson_interfaces/share/jetson_interfaces/cmake/rosidl_cmake-extras.cmake
[2.979s] -- Installing: /home/jetson/Final_assignment/EmbeddedVisualControl/src/install/jetson_interfaces/share/jetson_interfaces/cmake/ament_cmake_export_dependencies-extras.cmake
[2.981s] -- Installing: /home/jetson/Final_assignment/EmbeddedVisualControl/src/install/jetson_interfaces/share/jetson_interfaces/cmake/ament_cmake_export_libraries-extras.cmake
[2.982s] -- Installing: /home/jetson/Final_assignment/EmbeddedVisualControl/src/install/jetson_interfaces/share/jetson_interfaces/cmake/ament_cmake_export_targets-extras.cmake
[2.984s] -- Installing: /home/jetson/Final_assignment/EmbeddedVisualControl/src/install/jetson_interfaces/share/jetson_interfaces/cmake/ament_cmake_export_include_directories-extras.cmake
[2.986s] -- Installing: /home/jetson/Final_assignment/EmbeddedVisualControl/src/install/jetson_interfaces/share/jetson_interfaces/cmake/rosidl_cmake_export_typesupport_libraries-extras.cmake
[2.987s] -- Installing: /home/jetson/Final_assignment/EmbeddedVisualControl/src/install/jetson_interfaces/share/jetson_interfaces/cmake/rosidl_cmake_export_typesupport_targets-extras.cmake
[2.988s] -- Installing: /home/jetson/Final_assignment/EmbeddedVisualControl/src/install/jetson_interfaces/share/jetson_interfaces/cmake/jetson_interfacesConfig.cmake
[2.989s] -- Installing: /home/jetson/Final_assignment/EmbeddedVisualControl/src/install/jetson_interfaces/share/jetson_interfaces/cmake/jetson_interfacesConfig-version.cmake
[2.991s] -- Installing: /home/jetson/Final_assignment/EmbeddedVisualControl/src/install/jetson_interfaces/share/jetson_interfaces/package.xml
[3.002s] Invoked command in '/home/jetson/Final_assignment/EmbeddedVisualControl/src/build/jetson_interfaces' returned '0': CMAKE_PREFIX_PATH=/opt/ros/foxy /usr/bin/cmake --install /home/jetson/Final_assignment/EmbeddedVisualControl/src/build/jetson_interfaces
