[0.851s] DEBUG:colcon:Command line arguments: ['/usr/bin/colcon', 'build']
[0.852s] DEBUG:colcon:Parsed command line arguments: Namespace(allow_overriding=[], ament_cmake_args=None, base_paths=['.'], build_base='build', catkin_cmake_args=None, catkin_skip_building_tests=False, cmake_args=None, cmake_clean_cache=False, cmake_clean_first=False, cmake_force_configure=False, cmake_target=None, cmake_target_skip_unavailable=False, continue_on_error=False, event_handlers=None, executor='parallel', ignore_user_meta=False, install_base='install', log_base=None, log_level=None, main=<bound method BuildVerb.main of <colcon_core.verb.build.BuildVerb object at 0x7f7d78c3d0>>, merge_install=False, metas=['./colcon.meta'], packages_above=None, packages_above_and_dependencies=None, packages_above_depth=None, packages_end=None, packages_ignore=None, packages_ignore_regex=None, packages_select=None, packages_select_build_failed=False, packages_select_by_dep=None, packages_select_regex=None, packages_select_test_failures=False, packages_skip=None, packages_skip_build_finished=False, packages_skip_by_dep=None, packages_skip_regex=None, packages_skip_test_passed=False, packages_skip_up_to=None, packages_start=None, packages_up_to=None, packages_up_to_regex=None, parallel_workers=4, paths=None, symlink_install=False, test_result_base=None, verb_extension=<colcon_core.verb.build.BuildVerb object at 0x7f7d78c3d0>, verb_name='build', verb_parser=<colcon_defaults.argument_parser.defaults.DefaultArgumentsDecorator object at 0x7f7d66ac40>)
[1.693s] Level 1:colcon.colcon_core.package_discovery:discover_packages(colcon_meta) check parameters
[1.693s] Level 1:colcon.colcon_core.package_discovery:discover_packages(recursive) check parameters
[1.700s] Level 1:colcon.colcon_core.package_discovery:discover_packages(ignore) check parameters
[1.701s] Level 1:colcon.colcon_core.package_discovery:discover_packages(path) check parameters
[1.701s] Level 1:colcon.colcon_core.package_discovery:discover_packages(colcon_meta) discover
[1.702s] Level 1:colcon.colcon_core.package_discovery:discover_packages(recursive) discover
[1.702s] INFO:colcon.colcon_core.package_discovery:Crawling recursively for packages in '/home/jetson/EVC_2/workshops/vision_ws'
[1.703s] Level 1:colcon.colcon_core.package_identification:_identify(.) by extensions ['ignore', 'ignore_ament_install']
[1.704s] Level 1:colcon.colcon_core.package_identification:_identify(.) by extension 'ignore'
[1.704s] Level 1:colcon.colcon_core.package_identification:_identify(.) by extension 'ignore_ament_install'
[1.705s] Level 1:colcon.colcon_core.package_identification:_identify(.) by extensions ['colcon_pkg']
[1.705s] Level 1:colcon.colcon_core.package_identification:_identify(.) by extension 'colcon_pkg'
[1.706s] Level 1:colcon.colcon_core.package_identification:_identify(.) by extensions ['colcon_meta']
[1.706s] Level 1:colcon.colcon_core.package_identification:_identify(.) by extension 'colcon_meta'
[1.706s] Level 1:colcon.colcon_core.package_identification:_identify(.) by extensions ['ros']
[1.707s] Level 1:colcon.colcon_core.package_identification:_identify(.) by extension 'ros'
[1.755s] Level 1:colcon.colcon_core.package_identification:_identify(.) by extensions ['cmake', 'python']
[1.755s] Level 1:colcon.colcon_core.package_identification:_identify(.) by extension 'cmake'
[1.755s] Level 1:colcon.colcon_core.package_identification:_identify(.) by extension 'python'
[1.755s] Level 1:colcon.colcon_core.package_identification:_identify(.) by extensions ['python_setup_py']
[1.756s] Level 1:colcon.colcon_core.package_identification:_identify(.) by extension 'python_setup_py'
[1.756s] Level 1:colcon.colcon_core.package_identification:_identify(build) by extensions ['ignore', 'ignore_ament_install']
[1.757s] Level 1:colcon.colcon_core.package_identification:_identify(build) by extension 'ignore'
[1.757s] Level 1:colcon.colcon_core.package_identification:_identify(build) ignored
[1.758s] Level 1:colcon.colcon_core.package_identification:_identify(install) by extensions ['ignore', 'ignore_ament_install']
[1.758s] Level 1:colcon.colcon_core.package_identification:_identify(install) by extension 'ignore'
[1.759s] Level 1:colcon.colcon_core.package_identification:_identify(install) ignored
[1.759s] Level 1:colcon.colcon_core.package_identification:_identify(log) by extensions ['ignore', 'ignore_ament_install']
[1.760s] Level 1:colcon.colcon_core.package_identification:_identify(log) by extension 'ignore'
[1.760s] Level 1:colcon.colcon_core.package_identification:_identify(log) ignored
[1.760s] Level 1:colcon.colcon_core.package_identification:_identify(src) by extensions ['ignore', 'ignore_ament_install']
[1.761s] Level 1:colcon.colcon_core.package_identification:_identify(src) by extension 'ignore'
[1.761s] Level 1:colcon.colcon_core.package_identification:_identify(src) by extension 'ignore_ament_install'
[1.761s] Level 1:colcon.colcon_core.package_identification:_identify(src) by extensions ['colcon_pkg']
[1.761s] Level 1:colcon.colcon_core.package_identification:_identify(src) by extension 'colcon_pkg'
[1.762s] Level 1:colcon.colcon_core.package_identification:_identify(src) by extensions ['colcon_meta']
[1.762s] Level 1:colcon.colcon_core.package_identification:_identify(src) by extension 'colcon_meta'
[1.762s] Level 1:colcon.colcon_core.package_identification:_identify(src) by extensions ['ros']
[1.762s] Level 1:colcon.colcon_core.package_identification:_identify(src) by extension 'ros'
[1.762s] Level 1:colcon.colcon_core.package_identification:_identify(src) by extensions ['cmake', 'python']
[1.763s] Level 1:colcon.colcon_core.package_identification:_identify(src) by extension 'cmake'
[1.763s] Level 1:colcon.colcon_core.package_identification:_identify(src) by extension 'python'
[1.763s] Level 1:colcon.colcon_core.package_identification:_identify(src) by extensions ['python_setup_py']
[1.763s] Level 1:colcon.colcon_core.package_identification:_identify(src) by extension 'python_setup_py'
[1.764s] Level 1:colcon.colcon_core.package_identification:_identify(src/jetson_camera) by extensions ['ignore', 'ignore_ament_install']
[1.764s] Level 1:colcon.colcon_core.package_identification:_identify(src/jetson_camera) by extension 'ignore'
[1.764s] Level 1:colcon.colcon_core.package_identification:_identify(src/jetson_camera) by extension 'ignore_ament_install'
[1.765s] Level 1:colcon.colcon_core.package_identification:_identify(src/jetson_camera) by extensions ['colcon_pkg']
[1.765s] Level 1:colcon.colcon_core.package_identification:_identify(src/jetson_camera) by extension 'colcon_pkg'
[1.765s] Level 1:colcon.colcon_core.package_identification:_identify(src/jetson_camera) by extensions ['colcon_meta']
[1.765s] Level 1:colcon.colcon_core.package_identification:_identify(src/jetson_camera) by extension 'colcon_meta'
[1.765s] Level 1:colcon.colcon_core.package_identification:_identify(src/jetson_camera) by extensions ['ros']
[1.765s] Level 1:colcon.colcon_core.package_identification:_identify(src/jetson_camera) by extension 'ros'
[1.777s] DEBUG:colcon.colcon_core.package_identification:Package 'src/jetson_camera' with type 'ros.ament_python' and name 'jetson_camera'
[1.778s] Level 1:colcon.colcon_core.package_identification:_identify(src/jetson_interfaces) by extensions ['ignore', 'ignore_ament_install']
[1.779s] Level 1:colcon.colcon_core.package_identification:_identify(src/jetson_interfaces) by extension 'ignore'
[1.779s] Level 1:colcon.colcon_core.package_identification:_identify(src/jetson_interfaces) by extension 'ignore_ament_install'
[1.780s] Level 1:colcon.colcon_core.package_identification:_identify(src/jetson_interfaces) by extensions ['colcon_pkg']
[1.780s] Level 1:colcon.colcon_core.package_identification:_identify(src/jetson_interfaces) by extension 'colcon_pkg'
[1.780s] Level 1:colcon.colcon_core.package_identification:_identify(src/jetson_interfaces) by extensions ['colcon_meta']
[1.780s] Level 1:colcon.colcon_core.package_identification:_identify(src/jetson_interfaces) by extension 'colcon_meta'
[1.780s] Level 1:colcon.colcon_core.package_identification:_identify(src/jetson_interfaces) by extensions ['ros']
[1.781s] Level 1:colcon.colcon_core.package_identification:_identify(src/jetson_interfaces) by extension 'ros'
[1.784s] DEBUG:colcon.colcon_core.package_identification:Package 'src/jetson_interfaces' with type 'ros.ament_cmake' and name 'jetson_interfaces'
[1.784s] Level 1:colcon.colcon_core.package_discovery:discover_packages(recursive) using defaults
[1.784s] Level 1:colcon.colcon_core.package_discovery:discover_packages(ignore) discover
[1.785s] Level 1:colcon.colcon_core.package_discovery:discover_packages(ignore) using defaults
[1.785s] Level 1:colcon.colcon_core.package_discovery:discover_packages(path) discover
[1.785s] Level 1:colcon.colcon_core.package_discovery:discover_packages(path) using defaults
[1.914s] Level 1:colcon.colcon_core.package_discovery:discover_packages(prefix_path) check parameters
[1.914s] Level 1:colcon.colcon_core.package_discovery:discover_packages(prefix_path) discover
[1.922s] DEBUG:colcon.colcon_installed_package_information.package_discovery:Found 2 installed packages in /home/jetson/EVC_2/workshops/vision_ws/install
[1.925s] DEBUG:colcon.colcon_installed_package_information.package_discovery:Found 1 installed packages in /home/jetson/EVC/workshops/vision_ws/install
[1.927s] DEBUG:colcon.colcon_installed_package_information.package_discovery:Found 3 installed packages in /home/jetson/EVC_2/install
[1.933s] DEBUG:colcon.colcon_installed_package_information.package_discovery:Found 180 installed packages in /opt/ros/foxy
[1.939s] Level 1:colcon.colcon_core.package_discovery:discover_packages(prefix_path) using defaults
[2.138s] Level 5:colcon.colcon_core.verb:set package 'jetson_camera' build argument 'cmake_args' from command line to 'None'
[2.138s] Level 5:colcon.colcon_core.verb:set package 'jetson_camera' build argument 'cmake_target' from command line to 'None'
[2.138s] Level 5:colcon.colcon_core.verb:set package 'jetson_camera' build argument 'cmake_target_skip_unavailable' from command line to 'False'
[2.138s] Level 5:colcon.colcon_core.verb:set package 'jetson_camera' build argument 'cmake_clean_cache' from command line to 'False'
[2.138s] Level 5:colcon.colcon_core.verb:set package 'jetson_camera' build argument 'cmake_clean_first' from command line to 'False'
[2.139s] Level 5:colcon.colcon_core.verb:set package 'jetson_camera' build argument 'cmake_force_configure' from command line to 'False'
[2.139s] Level 5:colcon.colcon_core.verb:set package 'jetson_camera' build argument 'ament_cmake_args' from command line to 'None'
[2.139s] Level 5:colcon.colcon_core.verb:set package 'jetson_camera' build argument 'catkin_cmake_args' from command line to 'None'
[2.139s] Level 5:colcon.colcon_core.verb:set package 'jetson_camera' build argument 'catkin_skip_building_tests' from command line to 'False'
[2.139s] DEBUG:colcon.colcon_core.verb:Building package 'jetson_camera' with the following arguments: {'ament_cmake_args': None, 'build_base': '/home/jetson/EVC_2/workshops/vision_ws/build/jetson_camera', 'catkin_cmake_args': None, 'catkin_skip_building_tests': False, 'cmake_args': None, 'cmake_clean_cache': False, 'cmake_clean_first': False, 'cmake_force_configure': False, 'cmake_target': None, 'cmake_target_skip_unavailable': False, 'install_base': '/home/jetson/EVC_2/workshops/vision_ws/install/jetson_camera', 'merge_install': False, 'path': '/home/jetson/EVC_2/workshops/vision_ws/src/jetson_camera', 'symlink_install': False, 'test_result_base': None}
[2.141s] Level 5:colcon.colcon_core.verb:set package 'jetson_interfaces' build argument 'cmake_args' from command line to 'None'
[2.141s] Level 5:colcon.colcon_core.verb:set package 'jetson_interfaces' build argument 'cmake_target' from command line to 'None'
[2.142s] Level 5:colcon.colcon_core.verb:set package 'jetson_interfaces' build argument 'cmake_target_skip_unavailable' from command line to 'False'
[2.142s] Level 5:colcon.colcon_core.verb:set package 'jetson_interfaces' build argument 'cmake_clean_cache' from command line to 'False'
[2.142s] Level 5:colcon.colcon_core.verb:set package 'jetson_interfaces' build argument 'cmake_clean_first' from command line to 'False'
[2.142s] Level 5:colcon.colcon_core.verb:set package 'jetson_interfaces' build argument 'cmake_force_configure' from command line to 'False'
[2.142s] Level 5:colcon.colcon_core.verb:set package 'jetson_interfaces' build argument 'ament_cmake_args' from command line to 'None'
[2.142s] Level 5:colcon.colcon_core.verb:set package 'jetson_interfaces' build argument 'catkin_cmake_args' from command line to 'None'
[2.142s] Level 5:colcon.colcon_core.verb:set package 'jetson_interfaces' build argument 'catkin_skip_building_tests' from command line to 'False'
[2.143s] DEBUG:colcon.colcon_core.verb:Building package 'jetson_interfaces' with the following arguments: {'ament_cmake_args': None, 'build_base': '/home/jetson/EVC_2/workshops/vision_ws/build/jetson_interfaces', 'catkin_cmake_args': None, 'catkin_skip_building_tests': False, 'cmake_args': None, 'cmake_clean_cache': False, 'cmake_clean_first': False, 'cmake_force_configure': False, 'cmake_target': None, 'cmake_target_skip_unavailable': False, 'install_base': '/home/jetson/EVC_2/workshops/vision_ws/install/jetson_interfaces', 'merge_install': False, 'path': '/home/jetson/EVC_2/workshops/vision_ws/src/jetson_interfaces', 'symlink_install': False, 'test_result_base': None}
[2.143s] INFO:colcon.colcon_core.executor:Executing jobs using 'parallel' executor
[2.146s] DEBUG:colcon.colcon_parallel_executor.executor.parallel:run_until_complete
[2.147s] INFO:colcon.colcon_ros.task.ament_python.build:Building ROS package in '/home/jetson/EVC_2/workshops/vision_ws/src/jetson_camera' with build type 'ament_python'
[2.148s] Level 1:colcon.colcon_core.shell:create_environment_hook('jetson_camera', 'ament_prefix_path')
[2.157s] INFO:colcon.colcon_core.plugin_system:Skipping extension 'colcon_core.shell.bat': Not used on non-Windows systems
[2.158s] INFO:colcon.colcon_core.shell:Creating environment hook '/home/jetson/EVC_2/workshops/vision_ws/install/jetson_camera/share/jetson_camera/hook/ament_prefix_path.ps1'
[2.160s] INFO:colcon.colcon_core.shell:Creating environment descriptor '/home/jetson/EVC_2/workshops/vision_ws/install/jetson_camera/share/jetson_camera/hook/ament_prefix_path.dsv'
[2.162s] INFO:colcon.colcon_core.shell:Creating environment hook '/home/jetson/EVC_2/workshops/vision_ws/install/jetson_camera/share/jetson_camera/hook/ament_prefix_path.sh'
[2.168s] INFO:colcon.colcon_core.shell:Skip shell extension 'powershell' for command environment: Not usable outside of PowerShell
[2.168s] DEBUG:colcon.colcon_core.shell:Skip shell extension 'dsv' for command environment
[2.192s] INFO:colcon.colcon_ros.task.ament_cmake.build:Building ROS package in '/home/jetson/EVC_2/workshops/vision_ws/src/jetson_interfaces' with build type 'ament_cmake'
[2.194s] INFO:colcon.colcon_cmake.task.cmake.build:Building CMake package in '/home/jetson/EVC_2/workshops/vision_ws/src/jetson_interfaces'
[2.196s] INFO:colcon.colcon_core.shell:Skip shell extension 'powershell' for command environment: Not usable outside of PowerShell
[2.196s] DEBUG:colcon.colcon_core.shell:Skip shell extension 'dsv' for command environment
[3.382s] INFO:colcon.colcon_core.task.python.build:Building Python package in '/home/jetson/EVC_2/workshops/vision_ws/src/jetson_camera'
[3.384s] INFO:colcon.colcon_core.shell:Skip shell extension 'powershell' for command environment: Not usable outside of PowerShell
[3.384s] DEBUG:colcon.colcon_core.shell:Skip shell extension 'dsv' for command environment
[3.421s] DEBUG:colcon.colcon_core.event_handler.log_command:Invoking command in '/home/jetson/EVC_2/workshops/vision_ws/build/jetson_interfaces': CMAKE_PREFIX_PATH=${CMAKE_PREFIX_PATH}:/home/jetson/EVC_2/workshops/vision_ws/install/jetson_camera:/home/jetson/EVC/workshops/vision_ws/install/jetson_camera:/home/jetson/EVC_2/install/jetson_camera:/opt/ros/foxy /usr/bin/cmake --build /home/jetson/EVC_2/workshops/vision_ws/build/jetson_interfaces -- -j4 -l4
[4.670s] DEBUG:colcon.colcon_core.event_handler.log_command:Invoked command in '/home/jetson/EVC_2/workshops/vision_ws/build/jetson_interfaces' returned '0': CMAKE_PREFIX_PATH=${CMAKE_PREFIX_PATH}:/home/jetson/EVC_2/workshops/vision_ws/install/jetson_camera:/home/jetson/EVC/workshops/vision_ws/install/jetson_camera:/home/jetson/EVC_2/install/jetson_camera:/opt/ros/foxy /usr/bin/cmake --build /home/jetson/EVC_2/workshops/vision_ws/build/jetson_interfaces -- -j4 -l4
[4.739s] DEBUG:colcon.colcon_core.event_handler.log_command:Invoking command in '/home/jetson/EVC_2/workshops/vision_ws/build/jetson_interfaces': CMAKE_PREFIX_PATH=${CMAKE_PREFIX_PATH}:/home/jetson/EVC_2/workshops/vision_ws/install/jetson_camera:/home/jetson/EVC/workshops/vision_ws/install/jetson_camera:/home/jetson/EVC_2/install/jetson_camera:/opt/ros/foxy /usr/bin/cmake --install /home/jetson/EVC_2/workshops/vision_ws/build/jetson_interfaces
[5.034s] Level 1:colcon.colcon_core.environment:create_environment_scripts_only(jetson_interfaces)
[5.045s] Level 1:colcon.colcon_core.environment:checking '/home/jetson/EVC_2/workshops/vision_ws/install/jetson_interfaces' for CMake module files
[5.051s] DEBUG:colcon.colcon_core.event_handler.log_command:Invoked command in '/home/jetson/EVC_2/workshops/vision_ws/build/jetson_interfaces' returned '0': CMAKE_PREFIX_PATH=${CMAKE_PREFIX_PATH}:/home/jetson/EVC_2/workshops/vision_ws/install/jetson_camera:/home/jetson/EVC/workshops/vision_ws/install/jetson_camera:/home/jetson/EVC_2/install/jetson_camera:/opt/ros/foxy /usr/bin/cmake --install /home/jetson/EVC_2/workshops/vision_ws/build/jetson_interfaces
[5.054s] Level 1:colcon.colcon_core.environment:checking '/home/jetson/EVC_2/workshops/vision_ws/install/jetson_interfaces' for CMake config files
[5.057s] Level 1:colcon.colcon_core.shell:create_environment_hook('jetson_interfaces', 'cmake_prefix_path')
[5.059s] INFO:colcon.colcon_core.shell:Creating environment hook '/home/jetson/EVC_2/workshops/vision_ws/install/jetson_interfaces/share/jetson_interfaces/hook/cmake_prefix_path.ps1'
[5.062s] INFO:colcon.colcon_core.shell:Creating environment descriptor '/home/jetson/EVC_2/workshops/vision_ws/install/jetson_interfaces/share/jetson_interfaces/hook/cmake_prefix_path.dsv'
[5.064s] INFO:colcon.colcon_core.shell:Creating environment hook '/home/jetson/EVC_2/workshops/vision_ws/install/jetson_interfaces/share/jetson_interfaces/hook/cmake_prefix_path.sh'
[5.067s] Level 1:colcon.colcon_core.environment:checking '/home/jetson/EVC_2/workshops/vision_ws/install/jetson_interfaces/lib'
[5.068s] Level 1:colcon.colcon_core.shell:create_environment_hook('jetson_interfaces', 'ld_library_path_lib')
[5.069s] INFO:colcon.colcon_core.shell:Creating environment hook '/home/jetson/EVC_2/workshops/vision_ws/install/jetson_interfaces/share/jetson_interfaces/hook/ld_library_path_lib.ps1'
[5.071s] INFO:colcon.colcon_core.shell:Creating environment descriptor '/home/jetson/EVC_2/workshops/vision_ws/install/jetson_interfaces/share/jetson_interfaces/hook/ld_library_path_lib.dsv'
[5.073s] INFO:colcon.colcon_core.shell:Creating environment hook '/home/jetson/EVC_2/workshops/vision_ws/install/jetson_interfaces/share/jetson_interfaces/hook/ld_library_path_lib.sh'
[5.076s] Level 1:colcon.colcon_core.environment:checking '/home/jetson/EVC_2/workshops/vision_ws/install/jetson_interfaces/bin'
[5.076s] Level 1:colcon.colcon_core.environment:checking '/home/jetson/EVC_2/workshops/vision_ws/install/jetson_interfaces/lib/pkgconfig/jetson_interfaces.pc'
[5.077s] Level 1:colcon.colcon_core.environment:checking '/home/jetson/EVC_2/workshops/vision_ws/install/jetson_interfaces/lib/python3.8/site-packages'
[5.078s] Level 1:colcon.colcon_core.shell:create_environment_hook('jetson_interfaces', 'pythonpath')
[5.079s] INFO:colcon.colcon_core.shell:Creating environment hook '/home/jetson/EVC_2/workshops/vision_ws/install/jetson_interfaces/share/jetson_interfaces/hook/pythonpath.ps1'
[5.081s] INFO:colcon.colcon_core.shell:Creating environment descriptor '/home/jetson/EVC_2/workshops/vision_ws/install/jetson_interfaces/share/jetson_interfaces/hook/pythonpath.dsv'
[5.083s] INFO:colcon.colcon_core.shell:Creating environment hook '/home/jetson/EVC_2/workshops/vision_ws/install/jetson_interfaces/share/jetson_interfaces/hook/pythonpath.sh'
[5.086s] Level 1:colcon.colcon_core.environment:checking '/home/jetson/EVC_2/workshops/vision_ws/install/jetson_interfaces/bin'
[5.088s] INFO:colcon.colcon_core.shell:Creating package script '/home/jetson/EVC_2/workshops/vision_ws/install/jetson_interfaces/share/jetson_interfaces/package.ps1'
[5.093s] INFO:colcon.colcon_core.shell:Creating package descriptor '/home/jetson/EVC_2/workshops/vision_ws/install/jetson_interfaces/share/jetson_interfaces/package.dsv'
[5.096s] INFO:colcon.colcon_core.shell:Creating package script '/home/jetson/EVC_2/workshops/vision_ws/install/jetson_interfaces/share/jetson_interfaces/package.sh'
[5.100s] INFO:colcon.colcon_core.shell:Creating package script '/home/jetson/EVC_2/workshops/vision_ws/install/jetson_interfaces/share/jetson_interfaces/package.bash'
[5.104s] INFO:colcon.colcon_core.shell:Creating package script '/home/jetson/EVC_2/workshops/vision_ws/install/jetson_interfaces/share/jetson_interfaces/package.zsh'
[5.107s] Level 1:colcon.colcon_core.environment:create_file_with_runtime_dependencies(/home/jetson/EVC_2/workshops/vision_ws/install/jetson_interfaces/share/colcon-core/packages/jetson_interfaces)
[5.110s] Level 1:colcon.colcon_core.environment:create_environment_scripts_only(jetson_interfaces)
[5.112s] Level 1:colcon.colcon_core.environment:checking '/home/jetson/EVC_2/workshops/vision_ws/install/jetson_interfaces' for CMake module files
[5.116s] Level 1:colcon.colcon_core.environment:checking '/home/jetson/EVC_2/workshops/vision_ws/install/jetson_interfaces' for CMake config files
[5.119s] Level 1:colcon.colcon_core.shell:create_environment_hook('jetson_interfaces', 'cmake_prefix_path')
[5.121s] INFO:colcon.colcon_core.shell:Creating environment hook '/home/jetson/EVC_2/workshops/vision_ws/install/jetson_interfaces/share/jetson_interfaces/hook/cmake_prefix_path.ps1'
[5.123s] INFO:colcon.colcon_core.shell:Creating environment descriptor '/home/jetson/EVC_2/workshops/vision_ws/install/jetson_interfaces/share/jetson_interfaces/hook/cmake_prefix_path.dsv'
[5.125s] INFO:colcon.colcon_core.shell:Creating environment hook '/home/jetson/EVC_2/workshops/vision_ws/install/jetson_interfaces/share/jetson_interfaces/hook/cmake_prefix_path.sh'
[5.128s] Level 1:colcon.colcon_core.environment:checking '/home/jetson/EVC_2/workshops/vision_ws/install/jetson_interfaces/lib'
[5.128s] Level 1:colcon.colcon_core.shell:create_environment_hook('jetson_interfaces', 'ld_library_path_lib')
[5.129s] INFO:colcon.colcon_core.shell:Creating environment hook '/home/jetson/EVC_2/workshops/vision_ws/install/jetson_interfaces/share/jetson_interfaces/hook/ld_library_path_lib.ps1'
[5.131s] INFO:colcon.colcon_core.shell:Creating environment descriptor '/home/jetson/EVC_2/workshops/vision_ws/install/jetson_interfaces/share/jetson_interfaces/hook/ld_library_path_lib.dsv'
[5.133s] INFO:colcon.colcon_core.shell:Creating environment hook '/home/jetson/EVC_2/workshops/vision_ws/install/jetson_interfaces/share/jetson_interfaces/hook/ld_library_path_lib.sh'
[5.135s] Level 1:colcon.colcon_core.environment:checking '/home/jetson/EVC_2/workshops/vision_ws/install/jetson_interfaces/bin'
[5.135s] Level 1:colcon.colcon_core.environment:checking '/home/jetson/EVC_2/workshops/vision_ws/install/jetson_interfaces/lib/pkgconfig/jetson_interfaces.pc'
[5.136s] Level 1:colcon.colcon_core.environment:checking '/home/jetson/EVC_2/workshops/vision_ws/install/jetson_interfaces/lib/python3.8/site-packages'
[5.136s] Level 1:colcon.colcon_core.shell:create_environment_hook('jetson_interfaces', 'pythonpath')
[5.137s] INFO:colcon.colcon_core.shell:Creating environment hook '/home/jetson/EVC_2/workshops/vision_ws/install/jetson_interfaces/share/jetson_interfaces/hook/pythonpath.ps1'
[5.139s] INFO:colcon.colcon_core.shell:Creating environment descriptor '/home/jetson/EVC_2/workshops/vision_ws/install/jetson_interfaces/share/jetson_interfaces/hook/pythonpath.dsv'
[5.141s] INFO:colcon.colcon_core.shell:Creating environment hook '/home/jetson/EVC_2/workshops/vision_ws/install/jetson_interfaces/share/jetson_interfaces/hook/pythonpath.sh'
[5.143s] Level 1:colcon.colcon_core.environment:checking '/home/jetson/EVC_2/workshops/vision_ws/install/jetson_interfaces/bin'
[5.145s] INFO:colcon.colcon_core.shell:Creating package script '/home/jetson/EVC_2/workshops/vision_ws/install/jetson_interfaces/share/jetson_interfaces/package.ps1'
[5.149s] INFO:colcon.colcon_core.shell:Creating package descriptor '/home/jetson/EVC_2/workshops/vision_ws/install/jetson_interfaces/share/jetson_interfaces/package.dsv'
[5.151s] INFO:colcon.colcon_core.shell:Creating package script '/home/jetson/EVC_2/workshops/vision_ws/install/jetson_interfaces/share/jetson_interfaces/package.sh'
[5.154s] INFO:colcon.colcon_core.shell:Creating package script '/home/jetson/EVC_2/workshops/vision_ws/install/jetson_interfaces/share/jetson_interfaces/package.bash'
[5.156s] INFO:colcon.colcon_core.shell:Creating package script '/home/jetson/EVC_2/workshops/vision_ws/install/jetson_interfaces/share/jetson_interfaces/package.zsh'
[5.159s] Level 1:colcon.colcon_core.environment:create_file_with_runtime_dependencies(/home/jetson/EVC_2/workshops/vision_ws/install/jetson_interfaces/share/colcon-core/packages/jetson_interfaces)
[5.435s] DEBUG:colcon.colcon_core.event_handler.log_command:Invoking command in '/home/jetson/EVC_2/workshops/vision_ws/src/jetson_camera': PYTHONPATH=/home/jetson/EVC_2/workshops/vision_ws/build/jetson_camera/prefix_override:/usr/lib/python3/dist-packages/colcon_core/task/python/colcon_distutils_commands:/home/jetson/EVC_2/workshops/vision_ws/install/jetson_camera/lib/python3.8/site-packages:${PYTHONPATH} /usr/bin/python3 -W ignore:setup.py install is deprecated -W ignore:easy_install command is deprecated setup.py egg_info --egg-base ../../build/jetson_camera build --build-base /home/jetson/EVC_2/workshops/vision_ws/build/jetson_camera/build install --record /home/jetson/EVC_2/workshops/vision_ws/build/jetson_camera/install.log --single-version-externally-managed install_data
[6.789s] Level 1:colcon.colcon_core.environment:checking '/home/jetson/EVC_2/workshops/vision_ws/install/jetson_camera' for CMake module files
[6.791s] DEBUG:colcon.colcon_core.event_handler.log_command:Invoked command in '/home/jetson/EVC_2/workshops/vision_ws/src/jetson_camera' returned '0': PYTHONPATH=/home/jetson/EVC_2/workshops/vision_ws/build/jetson_camera/prefix_override:/usr/lib/python3/dist-packages/colcon_core/task/python/colcon_distutils_commands:/home/jetson/EVC_2/workshops/vision_ws/install/jetson_camera/lib/python3.8/site-packages:${PYTHONPATH} /usr/bin/python3 -W ignore:setup.py install is deprecated -W ignore:easy_install command is deprecated setup.py egg_info --egg-base ../../build/jetson_camera build --build-base /home/jetson/EVC_2/workshops/vision_ws/build/jetson_camera/build install --record /home/jetson/EVC_2/workshops/vision_ws/build/jetson_camera/install.log --single-version-externally-managed install_data
[6.793s] Level 1:colcon.colcon_core.environment:checking '/home/jetson/EVC_2/workshops/vision_ws/install/jetson_camera' for CMake config files
[6.796s] Level 1:colcon.colcon_core.environment:checking '/home/jetson/EVC_2/workshops/vision_ws/install/jetson_camera/lib'
[6.796s] Level 1:colcon.colcon_core.environment:checking '/home/jetson/EVC_2/workshops/vision_ws/install/jetson_camera/bin'
[6.796s] Level 1:colcon.colcon_core.environment:checking '/home/jetson/EVC_2/workshops/vision_ws/install/jetson_camera/lib/pkgconfig/jetson_camera.pc'
[6.797s] Level 1:colcon.colcon_core.environment:checking '/home/jetson/EVC_2/workshops/vision_ws/install/jetson_camera/lib/python3.8/site-packages'
[6.798s] Level 1:colcon.colcon_core.shell:create_environment_hook('jetson_camera', 'pythonpath')
[6.799s] INFO:colcon.colcon_core.shell:Creating environment hook '/home/jetson/EVC_2/workshops/vision_ws/install/jetson_camera/share/jetson_camera/hook/pythonpath.ps1'
[6.801s] INFO:colcon.colcon_core.shell:Creating environment descriptor '/home/jetson/EVC_2/workshops/vision_ws/install/jetson_camera/share/jetson_camera/hook/pythonpath.dsv'
[6.802s] INFO:colcon.colcon_core.shell:Creating environment hook '/home/jetson/EVC_2/workshops/vision_ws/install/jetson_camera/share/jetson_camera/hook/pythonpath.sh'
[6.805s] Level 1:colcon.colcon_core.environment:checking '/home/jetson/EVC_2/workshops/vision_ws/install/jetson_camera/bin'
[6.805s] Level 1:colcon.colcon_core.environment:create_environment_scripts_only(jetson_camera)
[6.807s] INFO:colcon.colcon_core.shell:Creating package script '/home/jetson/EVC_2/workshops/vision_ws/install/jetson_camera/share/jetson_camera/package.ps1'
[6.809s] INFO:colcon.colcon_core.shell:Creating package descriptor '/home/jetson/EVC_2/workshops/vision_ws/install/jetson_camera/share/jetson_camera/package.dsv'
[6.811s] INFO:colcon.colcon_core.shell:Creating package script '/home/jetson/EVC_2/workshops/vision_ws/install/jetson_camera/share/jetson_camera/package.sh'
[6.813s] INFO:colcon.colcon_core.shell:Creating package script '/home/jetson/EVC_2/workshops/vision_ws/install/jetson_camera/share/jetson_camera/package.bash'
[6.815s] INFO:colcon.colcon_core.shell:Creating package script '/home/jetson/EVC_2/workshops/vision_ws/install/jetson_camera/share/jetson_camera/package.zsh'
[6.819s] Level 1:colcon.colcon_core.environment:create_file_with_runtime_dependencies(/home/jetson/EVC_2/workshops/vision_ws/install/jetson_camera/share/colcon-core/packages/jetson_camera)
[6.820s] DEBUG:colcon.colcon_parallel_executor.executor.parallel:closing loop
[6.822s] DEBUG:colcon.colcon_parallel_executor.executor.parallel:loop closed
[6.822s] DEBUG:colcon.colcon_parallel_executor.executor.parallel:run_until_complete finished with '0'
[6.823s] DEBUG:colcon.colcon_core.event_reactor:joining thread
[6.845s] INFO:colcon.colcon_core.plugin_system:Skipping extension 'colcon_notification.desktop_notification.terminal_notifier': Not used on non-Darwin systems
[6.846s] INFO:colcon.colcon_core.plugin_system:Skipping extension 'colcon_notification.desktop_notification.win32': Not used on non-Windows systems
[6.846s] INFO:colcon.colcon_notification.desktop_notification:Sending desktop notification using 'notify2'
[6.887s] DEBUG:colcon.colcon_notification.desktop_notification.notify2:Failed to initialize notify2: org.freedesktop.DBus.Error.Spawn.ChildExited: Process org.freedesktop.Notifications exited with status 1
[6.888s] DEBUG:colcon.colcon_core.event_reactor:joined thread
[6.889s] INFO:colcon.colcon_core.shell:Creating prefix script '/home/jetson/EVC_2/workshops/vision_ws/install/local_setup.ps1'
[6.894s] INFO:colcon.colcon_core.shell:Creating prefix util module '/home/jetson/EVC_2/workshops/vision_ws/install/_local_setup_util_ps1.py'
[6.901s] INFO:colcon.colcon_core.shell:Creating prefix chain script '/home/jetson/EVC_2/workshops/vision_ws/install/setup.ps1'
[6.908s] INFO:colcon.colcon_core.shell:Creating prefix script '/home/jetson/EVC_2/workshops/vision_ws/install/local_setup.sh'
[6.911s] INFO:colcon.colcon_core.shell:Creating prefix util module '/home/jetson/EVC_2/workshops/vision_ws/install/_local_setup_util_sh.py'
[6.915s] INFO:colcon.colcon_core.shell:Creating prefix chain script '/home/jetson/EVC_2/workshops/vision_ws/install/setup.sh'
[6.922s] INFO:colcon.colcon_core.shell:Creating prefix script '/home/jetson/EVC_2/workshops/vision_ws/install/local_setup.bash'
[6.925s] INFO:colcon.colcon_core.shell:Creating prefix chain script '/home/jetson/EVC_2/workshops/vision_ws/install/setup.bash'
[6.931s] INFO:colcon.colcon_core.shell:Creating prefix script '/home/jetson/EVC_2/workshops/vision_ws/install/local_setup.zsh'
[6.934s] INFO:colcon.colcon_core.shell:Creating prefix chain script '/home/jetson/EVC_2/workshops/vision_ws/install/setup.zsh'
