[0.922s] DEBUG:colcon:Command line arguments: ['/usr/bin/colcon', 'build']
[0.923s] DEBUG:colcon:Parsed command line arguments: Namespace(allow_overriding=[], ament_cmake_args=None, base_paths=['.'], build_base='build', catkin_cmake_args=None, catkin_skip_building_tests=False, cmake_args=None, cmake_clean_cache=False, cmake_clean_first=False, cmake_force_configure=False, cmake_target=None, cmake_target_skip_unavailable=False, continue_on_error=False, event_handlers=None, executor='parallel', ignore_user_meta=False, install_base='install', log_base=None, log_level=None, main=<bound method BuildVerb.main of <colcon_core.verb.build.BuildVerb object at 0x7f995773a0>>, merge_install=False, metas=['./colcon.meta'], packages_above=None, packages_above_and_dependencies=None, packages_above_depth=None, packages_end=None, packages_ignore=None, packages_ignore_regex=None, packages_select=None, packages_select_build_failed=False, packages_select_by_dep=None, packages_select_regex=None, packages_select_test_failures=False, packages_skip=None, packages_skip_build_finished=False, packages_skip_by_dep=None, packages_skip_regex=None, packages_skip_test_passed=False, packages_skip_up_to=None, packages_start=None, packages_up_to=None, packages_up_to_regex=None, parallel_workers=4, paths=None, symlink_install=False, test_result_base=None, verb_extension=<colcon_core.verb.build.BuildVerb object at 0x7f995773a0>, verb_name='build', verb_parser=<colcon_defaults.argument_parser.defaults.DefaultArgumentsDecorator object at 0x7f994567c0>)
[1.821s] Level 1:colcon.colcon_core.package_discovery:discover_packages(colcon_meta) check parameters
[1.822s] Level 1:colcon.colcon_core.package_discovery:discover_packages(recursive) check parameters
[1.822s] Level 1:colcon.colcon_core.package_discovery:discover_packages(ignore) check parameters
[1.822s] Level 1:colcon.colcon_core.package_discovery:discover_packages(path) check parameters
[1.822s] Level 1:colcon.colcon_core.package_discovery:discover_packages(colcon_meta) discover
[1.822s] Level 1:colcon.colcon_core.package_discovery:discover_packages(recursive) discover
[1.823s] INFO:colcon.colcon_core.package_discovery:Crawling recursively for packages in '/home/jetson/EVC/workshops/vision_ws'
[1.823s] Level 1:colcon.colcon_core.package_identification:_identify(.) by extensions ['ignore', 'ignore_ament_install']
[1.823s] Level 1:colcon.colcon_core.package_identification:_identify(.) by extension 'ignore'
[1.824s] Level 1:colcon.colcon_core.package_identification:_identify(.) by extension 'ignore_ament_install'
[1.824s] Level 1:colcon.colcon_core.package_identification:_identify(.) by extensions ['colcon_pkg']
[1.824s] Level 1:colcon.colcon_core.package_identification:_identify(.) by extension 'colcon_pkg'
[1.824s] Level 1:colcon.colcon_core.package_identification:_identify(.) by extensions ['colcon_meta']
[1.824s] Level 1:colcon.colcon_core.package_identification:_identify(.) by extension 'colcon_meta'
[1.825s] Level 1:colcon.colcon_core.package_identification:_identify(.) by extensions ['ros']
[1.825s] Level 1:colcon.colcon_core.package_identification:_identify(.) by extension 'ros'
[1.879s] Level 1:colcon.colcon_core.package_identification:_identify(.) by extensions ['cmake', 'python']
[1.880s] Level 1:colcon.colcon_core.package_identification:_identify(.) by extension 'cmake'
[1.880s] Level 1:colcon.colcon_core.package_identification:_identify(.) by extension 'python'
[1.881s] Level 1:colcon.colcon_core.package_identification:_identify(.) by extensions ['python_setup_py']
[1.881s] Level 1:colcon.colcon_core.package_identification:_identify(.) by extension 'python_setup_py'
[1.882s] Level 1:colcon.colcon_core.package_identification:_identify(build) by extensions ['ignore', 'ignore_ament_install']
[1.882s] Level 1:colcon.colcon_core.package_identification:_identify(build) by extension 'ignore'
[1.883s] Level 1:colcon.colcon_core.package_identification:_identify(build) ignored
[1.884s] Level 1:colcon.colcon_core.package_identification:_identify(install) by extensions ['ignore', 'ignore_ament_install']
[1.884s] Level 1:colcon.colcon_core.package_identification:_identify(install) by extension 'ignore'
[1.884s] Level 1:colcon.colcon_core.package_identification:_identify(install) ignored
[1.885s] Level 1:colcon.colcon_core.package_identification:_identify(log) by extensions ['ignore', 'ignore_ament_install']
[1.885s] Level 1:colcon.colcon_core.package_identification:_identify(log) by extension 'ignore'
[1.885s] Level 1:colcon.colcon_core.package_identification:_identify(log) ignored
[1.885s] Level 1:colcon.colcon_core.package_identification:_identify(src) by extensions ['ignore', 'ignore_ament_install']
[1.886s] Level 1:colcon.colcon_core.package_identification:_identify(src) by extension 'ignore'
[1.886s] Level 1:colcon.colcon_core.package_identification:_identify(src) by extension 'ignore_ament_install'
[1.886s] Level 1:colcon.colcon_core.package_identification:_identify(src) by extensions ['colcon_pkg']
[1.886s] Level 1:colcon.colcon_core.package_identification:_identify(src) by extension 'colcon_pkg'
[1.887s] Level 1:colcon.colcon_core.package_identification:_identify(src) by extensions ['colcon_meta']
[1.887s] Level 1:colcon.colcon_core.package_identification:_identify(src) by extension 'colcon_meta'
[1.887s] Level 1:colcon.colcon_core.package_identification:_identify(src) by extensions ['ros']
[1.887s] Level 1:colcon.colcon_core.package_identification:_identify(src) by extension 'ros'
[1.888s] Level 1:colcon.colcon_core.package_identification:_identify(src) by extensions ['cmake', 'python']
[1.888s] Level 1:colcon.colcon_core.package_identification:_identify(src) by extension 'cmake'
[1.888s] Level 1:colcon.colcon_core.package_identification:_identify(src) by extension 'python'
[1.888s] Level 1:colcon.colcon_core.package_identification:_identify(src) by extensions ['python_setup_py']
[1.888s] Level 1:colcon.colcon_core.package_identification:_identify(src) by extension 'python_setup_py'
[1.889s] Level 1:colcon.colcon_core.package_identification:_identify(src/jetson_camera) by extensions ['ignore', 'ignore_ament_install']
[1.889s] Level 1:colcon.colcon_core.package_identification:_identify(src/jetson_camera) by extension 'ignore'
[1.889s] Level 1:colcon.colcon_core.package_identification:_identify(src/jetson_camera) by extension 'ignore_ament_install'
[1.889s] Level 1:colcon.colcon_core.package_identification:_identify(src/jetson_camera) by extensions ['colcon_pkg']
[1.890s] Level 1:colcon.colcon_core.package_identification:_identify(src/jetson_camera) by extension 'colcon_pkg'
[1.890s] Level 1:colcon.colcon_core.package_identification:_identify(src/jetson_camera) by extensions ['colcon_meta']
[1.890s] Level 1:colcon.colcon_core.package_identification:_identify(src/jetson_camera) by extension 'colcon_meta'
[1.890s] Level 1:colcon.colcon_core.package_identification:_identify(src/jetson_camera) by extensions ['ros']
[1.890s] Level 1:colcon.colcon_core.package_identification:_identify(src/jetson_camera) by extension 'ros'
[1.905s] DEBUG:colcon.colcon_core.package_identification:Package 'src/jetson_camera' with type 'ros.ament_python' and name 'jetson_camera'
[1.905s] Level 1:colcon.colcon_core.package_discovery:discover_packages(recursive) using defaults
[1.906s] Level 1:colcon.colcon_core.package_discovery:discover_packages(ignore) discover
[1.906s] Level 1:colcon.colcon_core.package_discovery:discover_packages(ignore) using defaults
[1.906s] Level 1:colcon.colcon_core.package_discovery:discover_packages(path) discover
[1.906s] Level 1:colcon.colcon_core.package_discovery:discover_packages(path) using defaults
[2.042s] Level 1:colcon.colcon_core.package_discovery:discover_packages(prefix_path) check parameters
[2.043s] Level 1:colcon.colcon_core.package_discovery:discover_packages(prefix_path) discover
[2.049s] DEBUG:colcon.colcon_installed_package_information.package_discovery:Found 1 installed packages in /home/jetson/EVC/workshops/vision_ws/install
[2.055s] DEBUG:colcon.colcon_installed_package_information.package_discovery:Found 180 installed packages in /opt/ros/foxy
[2.062s] Level 1:colcon.colcon_core.package_discovery:discover_packages(prefix_path) using defaults
[2.274s] Level 5:colcon.colcon_core.verb:set package 'jetson_camera' build argument 'cmake_args' from command line to 'None'
[2.274s] Level 5:colcon.colcon_core.verb:set package 'jetson_camera' build argument 'cmake_target' from command line to 'None'
[2.274s] Level 5:colcon.colcon_core.verb:set package 'jetson_camera' build argument 'cmake_target_skip_unavailable' from command line to 'False'
[2.274s] Level 5:colcon.colcon_core.verb:set package 'jetson_camera' build argument 'cmake_clean_cache' from command line to 'False'
[2.274s] Level 5:colcon.colcon_core.verb:set package 'jetson_camera' build argument 'cmake_clean_first' from command line to 'False'
[2.274s] Level 5:colcon.colcon_core.verb:set package 'jetson_camera' build argument 'cmake_force_configure' from command line to 'False'
[2.275s] Level 5:colcon.colcon_core.verb:set package 'jetson_camera' build argument 'ament_cmake_args' from command line to 'None'
[2.275s] Level 5:colcon.colcon_core.verb:set package 'jetson_camera' build argument 'catkin_cmake_args' from command line to 'None'
[2.275s] Level 5:colcon.colcon_core.verb:set package 'jetson_camera' build argument 'catkin_skip_building_tests' from command line to 'False'
[2.275s] DEBUG:colcon.colcon_core.verb:Building package 'jetson_camera' with the following arguments: {'ament_cmake_args': None, 'build_base': '/home/jetson/EVC/workshops/vision_ws/build/jetson_camera', 'catkin_cmake_args': None, 'catkin_skip_building_tests': False, 'cmake_args': None, 'cmake_clean_cache': False, 'cmake_clean_first': False, 'cmake_force_configure': False, 'cmake_target': None, 'cmake_target_skip_unavailable': False, 'install_base': '/home/jetson/EVC/workshops/vision_ws/install/jetson_camera', 'merge_install': False, 'path': '/home/jetson/EVC/workshops/vision_ws/src/jetson_camera', 'symlink_install': False, 'test_result_base': None}
[2.276s] INFO:colcon.colcon_core.executor:Executing jobs using 'parallel' executor
[2.280s] DEBUG:colcon.colcon_parallel_executor.executor.parallel:run_until_complete
[2.282s] INFO:colcon.colcon_ros.task.ament_python.build:Building ROS package in '/home/jetson/EVC/workshops/vision_ws/src/jetson_camera' with build type 'ament_python'
[2.282s] Level 1:colcon.colcon_core.shell:create_environment_hook('jetson_camera', 'ament_prefix_path')
[2.291s] INFO:colcon.colcon_core.plugin_system:Skipping extension 'colcon_core.shell.bat': Not used on non-Windows systems
[2.292s] INFO:colcon.colcon_core.shell:Creating environment hook '/home/jetson/EVC/workshops/vision_ws/install/jetson_camera/share/jetson_camera/hook/ament_prefix_path.ps1'
[2.295s] INFO:colcon.colcon_core.shell:Creating environment descriptor '/home/jetson/EVC/workshops/vision_ws/install/jetson_camera/share/jetson_camera/hook/ament_prefix_path.dsv'
[2.297s] INFO:colcon.colcon_core.shell:Creating environment hook '/home/jetson/EVC/workshops/vision_ws/install/jetson_camera/share/jetson_camera/hook/ament_prefix_path.sh'
[2.301s] INFO:colcon.colcon_core.shell:Skip shell extension 'powershell' for command environment: Not usable outside of PowerShell
[2.302s] DEBUG:colcon.colcon_core.shell:Skip shell extension 'dsv' for command environment
[3.442s] INFO:colcon.colcon_core.task.python.build:Building Python package in '/home/jetson/EVC/workshops/vision_ws/src/jetson_camera'
[3.444s] INFO:colcon.colcon_core.shell:Skip shell extension 'powershell' for command environment: Not usable outside of PowerShell
[3.444s] DEBUG:colcon.colcon_core.shell:Skip shell extension 'dsv' for command environment
[5.100s] DEBUG:colcon.colcon_core.event_handler.log_command:Invoking command in '/home/jetson/EVC/workshops/vision_ws/src/jetson_camera': PYTHONPATH=/home/jetson/EVC/workshops/vision_ws/build/jetson_camera/prefix_override:/usr/lib/python3/dist-packages/colcon_core/task/python/colcon_distutils_commands:/home/jetson/EVC/workshops/vision_ws/install/jetson_camera/lib/python3.8/site-packages:${PYTHONPATH} /usr/bin/python3 -W ignore:setup.py install is deprecated -W ignore:easy_install command is deprecated setup.py egg_info --egg-base ../../build/jetson_camera build --build-base /home/jetson/EVC/workshops/vision_ws/build/jetson_camera/build install --record /home/jetson/EVC/workshops/vision_ws/build/jetson_camera/install.log --single-version-externally-managed install_data
[6.399s] DEBUG:colcon.colcon_core.event_handler.log_command:Invoked command in '/home/jetson/EVC/workshops/vision_ws/src/jetson_camera' returned '0': PYTHONPATH=/home/jetson/EVC/workshops/vision_ws/build/jetson_camera/prefix_override:/usr/lib/python3/dist-packages/colcon_core/task/python/colcon_distutils_commands:/home/jetson/EVC/workshops/vision_ws/install/jetson_camera/lib/python3.8/site-packages:${PYTHONPATH} /usr/bin/python3 -W ignore:setup.py install is deprecated -W ignore:easy_install command is deprecated setup.py egg_info --egg-base ../../build/jetson_camera build --build-base /home/jetson/EVC/workshops/vision_ws/build/jetson_camera/build install --record /home/jetson/EVC/workshops/vision_ws/build/jetson_camera/install.log --single-version-externally-managed install_data
[6.408s] Level 1:colcon.colcon_core.environment:checking '/home/jetson/EVC/workshops/vision_ws/install/jetson_camera' for CMake module files
[6.411s] Level 1:colcon.colcon_core.environment:checking '/home/jetson/EVC/workshops/vision_ws/install/jetson_camera' for CMake config files
[6.414s] Level 1:colcon.colcon_core.environment:checking '/home/jetson/EVC/workshops/vision_ws/install/jetson_camera/lib'
[6.415s] Level 1:colcon.colcon_core.environment:checking '/home/jetson/EVC/workshops/vision_ws/install/jetson_camera/bin'
[6.415s] Level 1:colcon.colcon_core.environment:checking '/home/jetson/EVC/workshops/vision_ws/install/jetson_camera/lib/pkgconfig/jetson_camera.pc'
[6.416s] Level 1:colcon.colcon_core.environment:checking '/home/jetson/EVC/workshops/vision_ws/install/jetson_camera/lib/python3.8/site-packages'
[6.416s] Level 1:colcon.colcon_core.shell:create_environment_hook('jetson_camera', 'pythonpath')
[6.418s] INFO:colcon.colcon_core.shell:Creating environment hook '/home/jetson/EVC/workshops/vision_ws/install/jetson_camera/share/jetson_camera/hook/pythonpath.ps1'
[6.420s] INFO:colcon.colcon_core.shell:Creating environment descriptor '/home/jetson/EVC/workshops/vision_ws/install/jetson_camera/share/jetson_camera/hook/pythonpath.dsv'
[6.421s] INFO:colcon.colcon_core.shell:Creating environment hook '/home/jetson/EVC/workshops/vision_ws/install/jetson_camera/share/jetson_camera/hook/pythonpath.sh'
[6.424s] Level 1:colcon.colcon_core.environment:checking '/home/jetson/EVC/workshops/vision_ws/install/jetson_camera/bin'
[6.424s] Level 1:colcon.colcon_core.environment:create_environment_scripts_only(jetson_camera)
[6.426s] INFO:colcon.colcon_core.shell:Creating package script '/home/jetson/EVC/workshops/vision_ws/install/jetson_camera/share/jetson_camera/package.ps1'
[6.430s] INFO:colcon.colcon_core.shell:Creating package descriptor '/home/jetson/EVC/workshops/vision_ws/install/jetson_camera/share/jetson_camera/package.dsv'
[6.432s] INFO:colcon.colcon_core.shell:Creating package script '/home/jetson/EVC/workshops/vision_ws/install/jetson_camera/share/jetson_camera/package.sh'
[6.436s] INFO:colcon.colcon_core.shell:Creating package script '/home/jetson/EVC/workshops/vision_ws/install/jetson_camera/share/jetson_camera/package.bash'
[6.440s] INFO:colcon.colcon_core.shell:Creating package script '/home/jetson/EVC/workshops/vision_ws/install/jetson_camera/share/jetson_camera/package.zsh'
[6.444s] Level 1:colcon.colcon_core.environment:create_file_with_runtime_dependencies(/home/jetson/EVC/workshops/vision_ws/install/jetson_camera/share/colcon-core/packages/jetson_camera)
[6.445s] DEBUG:colcon.colcon_parallel_executor.executor.parallel:closing loop
[6.447s] DEBUG:colcon.colcon_parallel_executor.executor.parallel:loop closed
[6.447s] DEBUG:colcon.colcon_parallel_executor.executor.parallel:run_until_complete finished with '0'
[6.447s] DEBUG:colcon.colcon_core.event_reactor:joining thread
[6.470s] INFO:colcon.colcon_core.plugin_system:Skipping extension 'colcon_notification.desktop_notification.terminal_notifier': Not used on non-Darwin systems
[6.470s] INFO:colcon.colcon_core.plugin_system:Skipping extension 'colcon_notification.desktop_notification.win32': Not used on non-Windows systems
[6.471s] INFO:colcon.colcon_notification.desktop_notification:Sending desktop notification using 'notify2'
[6.510s] DEBUG:colcon.colcon_notification.desktop_notification.notify2:Failed to initialize notify2: org.freedesktop.DBus.Error.Spawn.ChildExited: Process org.freedesktop.Notifications exited with status 1
[6.510s] DEBUG:colcon.colcon_core.event_reactor:joined thread
[6.511s] INFO:colcon.colcon_core.shell:Creating prefix script '/home/jetson/EVC/workshops/vision_ws/install/local_setup.ps1'
[6.515s] INFO:colcon.colcon_core.shell:Creating prefix util module '/home/jetson/EVC/workshops/vision_ws/install/_local_setup_util_ps1.py'
[6.523s] INFO:colcon.colcon_core.shell:Creating prefix chain script '/home/jetson/EVC/workshops/vision_ws/install/setup.ps1'
[6.528s] INFO:colcon.colcon_core.shell:Creating prefix script '/home/jetson/EVC/workshops/vision_ws/install/local_setup.sh'
[6.531s] INFO:colcon.colcon_core.shell:Creating prefix util module '/home/jetson/EVC/workshops/vision_ws/install/_local_setup_util_sh.py'
[6.534s] INFO:colcon.colcon_core.shell:Creating prefix chain script '/home/jetson/EVC/workshops/vision_ws/install/setup.sh'
[6.538s] INFO:colcon.colcon_core.shell:Creating prefix script '/home/jetson/EVC/workshops/vision_ws/install/local_setup.bash'
[6.541s] INFO:colcon.colcon_core.shell:Creating prefix chain script '/home/jetson/EVC/workshops/vision_ws/install/setup.bash'
[6.547s] INFO:colcon.colcon_core.shell:Creating prefix script '/home/jetson/EVC/workshops/vision_ws/install/local_setup.zsh'
[6.550s] INFO:colcon.colcon_core.shell:Creating prefix chain script '/home/jetson/EVC/workshops/vision_ws/install/setup.zsh'
