[1.351s] Invoking command in '/home/jetson/EVC_2/workshops/vision_ws/build/jetson_interfaces': CMAKE_PREFIX_PATH=${CMAKE_PREFIX_PATH}:/home/jetson/EVC_2/workshops/vision_ws/install/jetson_camera:/home/jetson/EVC_2/install/jetson_camera:/opt/ros/foxy /usr/bin/cmake --build /home/jetson/EVC_2/workshops/vision_ws/build/jetson_interfaces -- -j4 -l4
[1.627s] [  3%] Built target jetson_interfaces__cpp
[1.807s] [ 12%] Built target jetson_interfaces__rosidl_generator_c
[2.001s] [ 22%] Built target jetson_interfaces__rosidl_typesupport_fastrtps_cpp
[2.140s] [ 32%] Built target jetson_interfaces__rosidl_typesupport_introspection_c
[2.304s] [ 41%] Built target jetson_interfaces__rosidl_typesupport_c
[2.469s] [ 51%] Built target jetson_interfaces__rosidl_typesupport_fastrtps_c
[2.627s] [ 61%] Built target jetson_interfaces__rosidl_typesupport_introspection_cpp
[2.783s] [ 70%] Built target jetson_interfaces__rosidl_typesupport_cpp
[2.904s] [ 70%] Built target jetson_interfaces
[3.023s] [ 74%] Built target jetson_interfaces__py
[3.195s] [ 80%] Built target jetson_interfaces__python
[3.347s] [ 87%] Built target jetson_interfaces__rosidl_typesupport_introspection_c__pyext
[3.534s] [ 93%] Built target jetson_interfaces__rosidl_typesupport_c__pyext
[3.719s] [100%] Built target jetson_interfaces__rosidl_typesupport_fastrtps_c__pyext
[3.805s] Invoked command in '/home/jetson/EVC_2/workshops/vision_ws/build/jetson_interfaces' returned '0': CMAKE_PREFIX_PATH=${CMAKE_PREFIX_PATH}:/home/jetson/EVC_2/workshops/vision_ws/install/jetson_camera:/home/jetson/EVC_2/install/jetson_camera:/opt/ros/foxy /usr/bin/cmake --build /home/jetson/EVC_2/workshops/vision_ws/build/jetson_interfaces -- -j4 -l4
[3.890s] Invoking command in '/home/jetson/EVC_2/workshops/vision_ws/build/jetson_interfaces': CMAKE_PREFIX_PATH=${CMAKE_PREFIX_PATH}:/home/jetson/EVC_2/workshops/vision_ws/install/jetson_camera:/home/jetson/EVC_2/install/jetson_camera:/opt/ros/foxy /usr/bin/cmake --install /home/jetson/EVC_2/workshops/vision_ws/build/jetson_interfaces
[3.988s] -- Install configuration: ""
[3.989s] -- Up-to-date: /home/jetson/EVC_2/workshops/vision_ws/install/jetson_interfaces/share/ament_index/resource_index/rosidl_interfaces/jetson_interfaces
[3.989s] -- Up-to-date: /home/jetson/EVC_2/workshops/vision_ws/install/jetson_interfaces/include/jetson_interfaces
[3.990s] -- Up-to-date: /home/jetson/EVC_2/workshops/vision_ws/install/jetson_interfaces/include/jetson_interfaces/msg
[3.992s] -- Up-to-date: /home/jetson/EVC_2/workshops/vision_ws/install/jetson_interfaces/include/jetson_interfaces/msg/detail
[3.992s] -- Up-to-date: /home/jetson/EVC_2/workshops/vision_ws/install/jetson_interfaces/include/jetson_interfaces/msg/detail/dual_image__functions.c
[3.993s] -- Up-to-date: /home/jetson/EVC_2/workshops/vision_ws/install/jetson_interfaces/include/jetson_interfaces/msg/detail/dual_image__functions.h
[3.993s] -- Up-to-date: /home/jetson/EVC_2/workshops/vision_ws/install/jetson_interfaces/include/jetson_interfaces/msg/detail/dual_image__struct.h
[3.994s] -- Up-to-date: /home/jetson/EVC_2/workshops/vision_ws/install/jetson_interfaces/include/jetson_interfaces/msg/detail/dual_image__type_support.h
[3.994s] -- Up-to-date: /home/jetson/EVC_2/workshops/vision_ws/install/jetson_interfaces/include/jetson_interfaces/msg/rosidl_generator_c__visibility_control.h
[3.994s] -- Up-to-date: /home/jetson/EVC_2/workshops/vision_ws/install/jetson_interfaces/include/jetson_interfaces/msg/dual_image.h
[3.995s] -- Up-to-date: /home/jetson/EVC_2/workshops/vision_ws/install/jetson_interfaces/share/jetson_interfaces/environment/library_path.sh
[3.997s] -- Up-to-date: /home/jetson/EVC_2/workshops/vision_ws/install/jetson_interfaces/share/jetson_interfaces/environment/library_path.dsv
[3.997s] -- Up-to-date: /home/jetson/EVC_2/workshops/vision_ws/install/jetson_interfaces/lib/libjetson_interfaces__rosidl_generator_c.so
[3.998s] -- Up-to-date: /home/jetson/EVC_2/workshops/vision_ws/install/jetson_interfaces/include/jetson_interfaces
[3.998s] -- Up-to-date: /home/jetson/EVC_2/workshops/vision_ws/install/jetson_interfaces/include/jetson_interfaces/msg
[3.999s] -- Up-to-date: /home/jetson/EVC_2/workshops/vision_ws/install/jetson_interfaces/include/jetson_interfaces/msg/detail
[3.999s] -- Up-to-date: /home/jetson/EVC_2/workshops/vision_ws/install/jetson_interfaces/include/jetson_interfaces/msg/detail/dual_image__rosidl_typesupport_fastrtps_c.h
[4.000s] -- Up-to-date: /home/jetson/EVC_2/workshops/vision_ws/install/jetson_interfaces/include/jetson_interfaces/msg/rosidl_typesupport_fastrtps_c__visibility_control.h
[4.000s] -- Up-to-date: /home/jetson/EVC_2/workshops/vision_ws/install/jetson_interfaces/lib/libjetson_interfaces__rosidl_typesupport_fastrtps_c.so
[4.000s] -- Up-to-date: /home/jetson/EVC_2/workshops/vision_ws/install/jetson_interfaces/include/jetson_interfaces
[4.003s] -- Up-to-date: /home/jetson/EVC_2/workshops/vision_ws/install/jetson_interfaces/include/jetson_interfaces/msg
[4.005s] -- Up-to-date: /home/jetson/EVC_2/workshops/vision_ws/install/jetson_interfaces/include/jetson_interfaces/msg/detail
[4.005s] -- Up-to-date: /home/jetson/EVC_2/workshops/vision_ws/install/jetson_interfaces/include/jetson_interfaces/msg/detail/dual_image__rosidl_typesupport_fastrtps_cpp.hpp
[4.006s] -- Up-to-date: /home/jetson/EVC_2/workshops/vision_ws/install/jetson_interfaces/include/jetson_interfaces/msg/detail/dds_fastrtps
[4.006s] -- Up-to-date: /home/jetson/EVC_2/workshops/vision_ws/install/jetson_interfaces/include/jetson_interfaces/msg/rosidl_typesupport_fastrtps_cpp__visibility_control.h
[4.007s] -- Up-to-date: /home/jetson/EVC_2/workshops/vision_ws/install/jetson_interfaces/lib/libjetson_interfaces__rosidl_typesupport_fastrtps_cpp.so
[4.007s] -- Up-to-date: /home/jetson/EVC_2/workshops/vision_ws/install/jetson_interfaces/include/jetson_interfaces
[4.008s] -- Up-to-date: /home/jetson/EVC_2/workshops/vision_ws/install/jetson_interfaces/include/jetson_interfaces/msg
[4.008s] -- Up-to-date: /home/jetson/EVC_2/workshops/vision_ws/install/jetson_interfaces/include/jetson_interfaces/msg/detail
[4.008s] -- Up-to-date: /home/jetson/EVC_2/workshops/vision_ws/install/jetson_interfaces/include/jetson_interfaces/msg/detail/dual_image__type_support.c
[4.009s] -- Up-to-date: /home/jetson/EVC_2/workshops/vision_ws/install/jetson_interfaces/include/jetson_interfaces/msg/detail/dual_image__rosidl_typesupport_introspection_c.h
[4.009s] -- Up-to-date: /home/jetson/EVC_2/workshops/vision_ws/install/jetson_interfaces/include/jetson_interfaces/msg/rosidl_typesupport_introspection_c__visibility_control.h
[4.010s] -- Up-to-date: /home/jetson/EVC_2/workshops/vision_ws/install/jetson_interfaces/lib/libjetson_interfaces__rosidl_typesupport_introspection_c.so
[4.010s] -- Up-to-date: /home/jetson/EVC_2/workshops/vision_ws/install/jetson_interfaces/lib/libjetson_interfaces__rosidl_typesupport_c.so
[4.012s] -- Up-to-date: /home/jetson/EVC_2/workshops/vision_ws/install/jetson_interfaces/include/jetson_interfaces
[4.013s] -- Up-to-date: /home/jetson/EVC_2/workshops/vision_ws/install/jetson_interfaces/include/jetson_interfaces/msg
[4.013s] -- Up-to-date: /home/jetson/EVC_2/workshops/vision_ws/install/jetson_interfaces/include/jetson_interfaces/msg/detail
[4.015s] -- Up-to-date: /home/jetson/EVC_2/workshops/vision_ws/install/jetson_interfaces/include/jetson_interfaces/msg/detail/dual_image__type_support.hpp
[4.017s] -- Up-to-date: /home/jetson/EVC_2/workshops/vision_ws/install/jetson_interfaces/include/jetson_interfaces/msg/detail/dual_image__traits.hpp
[4.018s] -- Up-to-date: /home/jetson/EVC_2/workshops/vision_ws/install/jetson_interfaces/include/jetson_interfaces/msg/detail/dual_image__struct.hpp
[4.018s] -- Up-to-date: /home/jetson/EVC_2/workshops/vision_ws/install/jetson_interfaces/include/jetson_interfaces/msg/detail/dual_image__builder.hpp
[4.019s] -- Up-to-date: /home/jetson/EVC_2/workshops/vision_ws/install/jetson_interfaces/include/jetson_interfaces/msg/dual_image.hpp
[4.020s] -- Up-to-date: /home/jetson/EVC_2/workshops/vision_ws/install/jetson_interfaces/include/jetson_interfaces/msg/rosidl_generator_cpp__visibility_control.hpp
[4.021s] -- Up-to-date: /home/jetson/EVC_2/workshops/vision_ws/install/jetson_interfaces/include/jetson_interfaces
[4.022s] -- Up-to-date: /home/jetson/EVC_2/workshops/vision_ws/install/jetson_interfaces/include/jetson_interfaces/msg
[4.023s] -- Up-to-date: /home/jetson/EVC_2/workshops/vision_ws/install/jetson_interfaces/include/jetson_interfaces/msg/detail
[4.024s] -- Up-to-date: /home/jetson/EVC_2/workshops/vision_ws/install/jetson_interfaces/include/jetson_interfaces/msg/detail/dual_image__type_support.cpp
[4.025s] -- Up-to-date: /home/jetson/EVC_2/workshops/vision_ws/install/jetson_interfaces/include/jetson_interfaces/msg/detail/dual_image__rosidl_typesupport_introspection_cpp.hpp
[4.027s] -- Up-to-date: /home/jetson/EVC_2/workshops/vision_ws/install/jetson_interfaces/lib/libjetson_interfaces__rosidl_typesupport_introspection_cpp.so
[4.032s] -- Up-to-date: /home/jetson/EVC_2/workshops/vision_ws/install/jetson_interfaces/lib/libjetson_interfaces__rosidl_typesupport_cpp.so
[4.033s] -- Up-to-date: /home/jetson/EVC_2/workshops/vision_ws/install/jetson_interfaces/share/jetson_interfaces/environment/pythonpath.sh
[4.033s] -- Up-to-date: /home/jetson/EVC_2/workshops/vision_ws/install/jetson_interfaces/share/jetson_interfaces/environment/pythonpath.dsv
[4.034s] -- Up-to-date: /home/jetson/EVC_2/workshops/vision_ws/install/jetson_interfaces/lib/python3.8/site-packages/jetson_interfaces/__init__.py
[4.213s] -- Up-to-date: /home/jetson/EVC_2/workshops/vision_ws/install/jetson_interfaces/lib/python3.8/site-packages/jetson_interfaces/msg
[4.214s] -- Up-to-date: /home/jetson/EVC_2/workshops/vision_ws/install/jetson_interfaces/lib/python3.8/site-packages/jetson_interfaces/msg/_dual_image.py
[4.214s] -- Up-to-date: /home/jetson/EVC_2/workshops/vision_ws/install/jetson_interfaces/lib/python3.8/site-packages/jetson_interfaces/msg/_dual_image_s.c
[4.214s] -- Up-to-date: /home/jetson/EVC_2/workshops/vision_ws/install/jetson_interfaces/lib/python3.8/site-packages/jetson_interfaces/msg/__init__.py
[4.215s] -- Up-to-date: /home/jetson/EVC_2/workshops/vision_ws/install/jetson_interfaces/lib/python3.8/site-packages/jetson_interfaces/jetson_interfaces_s__rosidl_typesupport_fastrtps_c.cpython-38-aarch64-linux-gnu.so
[4.217s] -- Up-to-date: /home/jetson/EVC_2/workshops/vision_ws/install/jetson_interfaces/lib/python3.8/site-packages/jetson_interfaces/jetson_interfaces_s__rosidl_typesupport_introspection_c.cpython-38-aarch64-linux-gnu.so
[4.220s] -- Up-to-date: /home/jetson/EVC_2/workshops/vision_ws/install/jetson_interfaces/lib/python3.8/site-packages/jetson_interfaces/jetson_interfaces_s__rosidl_typesupport_c.cpython-38-aarch64-linux-gnu.so
[4.222s] -- Up-to-date: /home/jetson/EVC_2/workshops/vision_ws/install/jetson_interfaces/lib/libjetson_interfaces__python.so
[4.225s] -- Up-to-date: /home/jetson/EVC_2/workshops/vision_ws/install/jetson_interfaces/share/jetson_interfaces/msg/DualImage.idl
[4.225s] -- Up-to-date: /home/jetson/EVC_2/workshops/vision_ws/install/jetson_interfaces/share/jetson_interfaces/msg/DualImage.msg
[4.226s] -- Up-to-date: /home/jetson/EVC_2/workshops/vision_ws/install/jetson_interfaces/share/ament_index/resource_index/package_run_dependencies/jetson_interfaces
[4.227s] -- Up-to-date: /home/jetson/EVC_2/workshops/vision_ws/install/jetson_interfaces/share/ament_index/resource_index/parent_prefix_path/jetson_interfaces
[4.227s] -- Up-to-date: /home/jetson/EVC_2/workshops/vision_ws/install/jetson_interfaces/share/jetson_interfaces/environment/ament_prefix_path.sh
[4.228s] -- Up-to-date: /home/jetson/EVC_2/workshops/vision_ws/install/jetson_interfaces/share/jetson_interfaces/environment/ament_prefix_path.dsv
[4.229s] -- Up-to-date: /home/jetson/EVC_2/workshops/vision_ws/install/jetson_interfaces/share/jetson_interfaces/environment/path.sh
[4.229s] -- Up-to-date: /home/jetson/EVC_2/workshops/vision_ws/install/jetson_interfaces/share/jetson_interfaces/environment/path.dsv
[4.230s] -- Up-to-date: /home/jetson/EVC_2/workshops/vision_ws/install/jetson_interfaces/share/jetson_interfaces/local_setup.bash
[4.231s] -- Up-to-date: /home/jetson/EVC_2/workshops/vision_ws/install/jetson_interfaces/share/jetson_interfaces/local_setup.sh
[4.232s] -- Up-to-date: /home/jetson/EVC_2/workshops/vision_ws/install/jetson_interfaces/share/jetson_interfaces/local_setup.zsh
[4.234s] -- Up-to-date: /home/jetson/EVC_2/workshops/vision_ws/install/jetson_interfaces/share/jetson_interfaces/local_setup.dsv
[4.234s] -- Installing: /home/jetson/EVC_2/workshops/vision_ws/install/jetson_interfaces/share/jetson_interfaces/package.dsv
[4.238s] -- Up-to-date: /home/jetson/EVC_2/workshops/vision_ws/install/jetson_interfaces/share/ament_index/resource_index/packages/jetson_interfaces
[4.242s] -- Up-to-date: /home/jetson/EVC_2/workshops/vision_ws/install/jetson_interfaces/share/jetson_interfaces/cmake/jetson_interfaces__rosidl_generator_cExport.cmake
[4.244s] -- Up-to-date: /home/jetson/EVC_2/workshops/vision_ws/install/jetson_interfaces/share/jetson_interfaces/cmake/jetson_interfaces__rosidl_generator_cExport-noconfig.cmake
[4.249s] -- Up-to-date: /home/jetson/EVC_2/workshops/vision_ws/install/jetson_interfaces/share/jetson_interfaces/cmake/jetson_interfaces__rosidl_typesupport_introspection_cExport.cmake
[4.251s] -- Up-to-date: /home/jetson/EVC_2/workshops/vision_ws/install/jetson_interfaces/share/jetson_interfaces/cmake/jetson_interfaces__rosidl_typesupport_introspection_cExport-noconfig.cmake
[4.255s] -- Up-to-date: /home/jetson/EVC_2/workshops/vision_ws/install/jetson_interfaces/share/jetson_interfaces/cmake/jetson_interfaces__rosidl_typesupport_cExport.cmake
[4.256s] -- Up-to-date: /home/jetson/EVC_2/workshops/vision_ws/install/jetson_interfaces/share/jetson_interfaces/cmake/jetson_interfaces__rosidl_typesupport_cExport-noconfig.cmake
[4.259s] -- Up-to-date: /home/jetson/EVC_2/workshops/vision_ws/install/jetson_interfaces/share/jetson_interfaces/cmake/jetson_interfaces__rosidl_generator_cppExport.cmake
[4.263s] -- Up-to-date: /home/jetson/EVC_2/workshops/vision_ws/install/jetson_interfaces/share/jetson_interfaces/cmake/jetson_interfaces__rosidl_typesupport_introspection_cppExport.cmake
[4.264s] -- Up-to-date: /home/jetson/EVC_2/workshops/vision_ws/install/jetson_interfaces/share/jetson_interfaces/cmake/jetson_interfaces__rosidl_typesupport_introspection_cppExport-noconfig.cmake
[4.268s] -- Up-to-date: /home/jetson/EVC_2/workshops/vision_ws/install/jetson_interfaces/share/jetson_interfaces/cmake/jetson_interfaces__rosidl_typesupport_cppExport.cmake
[4.269s] -- Up-to-date: /home/jetson/EVC_2/workshops/vision_ws/install/jetson_interfaces/share/jetson_interfaces/cmake/jetson_interfaces__rosidl_typesupport_cppExport-noconfig.cmake
[4.270s] -- Up-to-date: /home/jetson/EVC_2/workshops/vision_ws/install/jetson_interfaces/share/jetson_interfaces/cmake/rosidl_cmake-extras.cmake
[4.270s] -- Up-to-date: /home/jetson/EVC_2/workshops/vision_ws/install/jetson_interfaces/share/jetson_interfaces/cmake/ament_cmake_export_dependencies-extras.cmake
[4.271s] -- Up-to-date: /home/jetson/EVC_2/workshops/vision_ws/install/jetson_interfaces/share/jetson_interfaces/cmake/ament_cmake_export_libraries-extras.cmake
[4.273s] -- Up-to-date: /home/jetson/EVC_2/workshops/vision_ws/install/jetson_interfaces/share/jetson_interfaces/cmake/ament_cmake_export_targets-extras.cmake
[4.273s] -- Up-to-date: /home/jetson/EVC_2/workshops/vision_ws/install/jetson_interfaces/share/jetson_interfaces/cmake/ament_cmake_export_include_directories-extras.cmake
[4.273s] -- Up-to-date: /home/jetson/EVC_2/workshops/vision_ws/install/jetson_interfaces/share/jetson_interfaces/cmake/rosidl_cmake_export_typesupport_libraries-extras.cmake
[4.275s] -- Up-to-date: /home/jetson/EVC_2/workshops/vision_ws/install/jetson_interfaces/share/jetson_interfaces/cmake/rosidl_cmake_export_typesupport_targets-extras.cmake
[4.275s] -- Up-to-date: /home/jetson/EVC_2/workshops/vision_ws/install/jetson_interfaces/share/jetson_interfaces/cmake/jetson_interfacesConfig.cmake
[4.276s] -- Up-to-date: /home/jetson/EVC_2/workshops/vision_ws/install/jetson_interfaces/share/jetson_interfaces/cmake/jetson_interfacesConfig-version.cmake
[4.276s] -- Up-to-date: /home/jetson/EVC_2/workshops/vision_ws/install/jetson_interfaces/share/jetson_interfaces/package.xml
[4.287s] Invoked command in '/home/jetson/EVC_2/workshops/vision_ws/build/jetson_interfaces' returned '0': CMAKE_PREFIX_PATH=${CMAKE_PREFIX_PATH}:/home/jetson/EVC_2/workshops/vision_ws/install/jetson_camera:/home/jetson/EVC_2/install/jetson_camera:/opt/ros/foxy /usr/bin/cmake --install /home/jetson/EVC_2/workshops/vision_ws/build/jetson_interfaces
