[3.314s] DEBUG:colcon:Command line arguments: ['/usr/bin/colcon', 'build']
[3.315s] DEBUG:colcon:Parsed command line arguments: Namespace(allow_overriding=[], ament_cmake_args=None, base_paths=['.'], build_base='build', catkin_cmake_args=None, catkin_skip_building_tests=False, cmake_args=None, cmake_clean_cache=False, cmake_clean_first=False, cmake_force_configure=False, cmake_target=None, cmake_target_skip_unavailable=False, continue_on_error=False, event_handlers=None, executor='parallel', ignore_user_meta=False, install_base='install', log_base=None, log_level=None, main=<bound method BuildVerb.main of <colcon_core.verb.build.BuildVerb object at 0x7f95b9a280>>, merge_install=False, metas=['./colcon.meta'], packages_above=None, packages_above_and_dependencies=None, packages_above_depth=None, packages_end=None, packages_ignore=None, packages_ignore_regex=None, packages_select=None, packages_select_build_failed=False, packages_select_by_dep=None, packages_select_regex=None, packages_select_test_failures=False, packages_skip=None, packages_skip_build_finished=False, packages_skip_by_dep=None, packages_skip_regex=None, packages_skip_test_passed=False, packages_skip_up_to=None, packages_start=None, packages_up_to=None, packages_up_to_regex=None, parallel_workers=4, paths=None, symlink_install=False, test_result_base=None, verb_extension=<colcon_core.verb.build.BuildVerb object at 0x7f95b9a280>, verb_name='build', verb_parser=<colcon_defaults.argument_parser.defaults.DefaultArgumentsDecorator object at 0x7f95a7b6a0>)
[4.213s] Level 1:colcon.colcon_core.package_discovery:discover_packages(colcon_meta) check parameters
[4.213s] Level 1:colcon.colcon_core.package_discovery:discover_packages(recursive) check parameters
[4.214s] Level 1:colcon.colcon_core.package_discovery:discover_packages(ignore) check parameters
[4.214s] Level 1:colcon.colcon_core.package_discovery:discover_packages(path) check parameters
[4.214s] Level 1:colcon.colcon_core.package_discovery:discover_packages(colcon_meta) discover
[4.214s] Level 1:colcon.colcon_core.package_discovery:discover_packages(recursive) discover
[4.214s] INFO:colcon.colcon_core.package_discovery:Crawling recursively for packages in '/home/jetson/EVC/workshops/vision_ws'
[4.215s] Level 1:colcon.colcon_core.package_identification:_identify(.) by extensions ['ignore', 'ignore_ament_install']
[4.215s] Level 1:colcon.colcon_core.package_identification:_identify(.) by extension 'ignore'
[4.216s] Level 1:colcon.colcon_core.package_identification:_identify(.) by extension 'ignore_ament_install'
[4.216s] Level 1:colcon.colcon_core.package_identification:_identify(.) by extensions ['colcon_pkg']
[4.216s] Level 1:colcon.colcon_core.package_identification:_identify(.) by extension 'colcon_pkg'
[4.216s] Level 1:colcon.colcon_core.package_identification:_identify(.) by extensions ['colcon_meta']
[4.216s] Level 1:colcon.colcon_core.package_identification:_identify(.) by extension 'colcon_meta'
[4.217s] Level 1:colcon.colcon_core.package_identification:_identify(.) by extensions ['ros']
[4.217s] Level 1:colcon.colcon_core.package_identification:_identify(.) by extension 'ros'
[4.297s] Level 1:colcon.colcon_core.package_identification:_identify(.) by extensions ['cmake', 'python']
[4.297s] Level 1:colcon.colcon_core.package_identification:_identify(.) by extension 'cmake'
[4.297s] Level 1:colcon.colcon_core.package_identification:_identify(.) by extension 'python'
[4.298s] Level 1:colcon.colcon_core.package_identification:_identify(.) by extensions ['python_setup_py']
[4.298s] Level 1:colcon.colcon_core.package_identification:_identify(.) by extension 'python_setup_py'
[4.298s] Level 1:colcon.colcon_core.package_identification:_identify(build) by extensions ['ignore', 'ignore_ament_install']
[4.299s] Level 1:colcon.colcon_core.package_identification:_identify(build) by extension 'ignore'
[4.299s] Level 1:colcon.colcon_core.package_identification:_identify(build) ignored
[4.299s] Level 1:colcon.colcon_core.package_identification:_identify(install) by extensions ['ignore', 'ignore_ament_install']
[4.300s] Level 1:colcon.colcon_core.package_identification:_identify(install) by extension 'ignore'
[4.300s] Level 1:colcon.colcon_core.package_identification:_identify(install) ignored
[4.300s] Level 1:colcon.colcon_core.package_identification:_identify(log) by extensions ['ignore', 'ignore_ament_install']
[4.300s] Level 1:colcon.colcon_core.package_identification:_identify(log) by extension 'ignore'
[4.301s] Level 1:colcon.colcon_core.package_identification:_identify(log) ignored
[4.301s] Level 1:colcon.colcon_core.package_identification:_identify(src) by extensions ['ignore', 'ignore_ament_install']
[4.301s] Level 1:colcon.colcon_core.package_identification:_identify(src) by extension 'ignore'
[4.301s] Level 1:colcon.colcon_core.package_identification:_identify(src) by extension 'ignore_ament_install'
[4.302s] Level 1:colcon.colcon_core.package_identification:_identify(src) by extensions ['colcon_pkg']
[4.302s] Level 1:colcon.colcon_core.package_identification:_identify(src) by extension 'colcon_pkg'
[4.302s] Level 1:colcon.colcon_core.package_identification:_identify(src) by extensions ['colcon_meta']
[4.302s] Level 1:colcon.colcon_core.package_identification:_identify(src) by extension 'colcon_meta'
[4.302s] Level 1:colcon.colcon_core.package_identification:_identify(src) by extensions ['ros']
[4.303s] Level 1:colcon.colcon_core.package_identification:_identify(src) by extension 'ros'
[4.303s] Level 1:colcon.colcon_core.package_identification:_identify(src) by extensions ['cmake', 'python']
[4.303s] Level 1:colcon.colcon_core.package_identification:_identify(src) by extension 'cmake'
[4.303s] Level 1:colcon.colcon_core.package_identification:_identify(src) by extension 'python'
[4.303s] Level 1:colcon.colcon_core.package_identification:_identify(src) by extensions ['python_setup_py']
[4.304s] Level 1:colcon.colcon_core.package_identification:_identify(src) by extension 'python_setup_py'
[4.304s] Level 1:colcon.colcon_core.package_identification:_identify(src/jetson_camera) by extensions ['ignore', 'ignore_ament_install']
[4.304s] Level 1:colcon.colcon_core.package_identification:_identify(src/jetson_camera) by extension 'ignore'
[4.304s] Level 1:colcon.colcon_core.package_identification:_identify(src/jetson_camera) by extension 'ignore_ament_install'
[4.305s] Level 1:colcon.colcon_core.package_identification:_identify(src/jetson_camera) by extensions ['colcon_pkg']
[4.305s] Level 1:colcon.colcon_core.package_identification:_identify(src/jetson_camera) by extension 'colcon_pkg'
[4.305s] Level 1:colcon.colcon_core.package_identification:_identify(src/jetson_camera) by extensions ['colcon_meta']
[4.305s] Level 1:colcon.colcon_core.package_identification:_identify(src/jetson_camera) by extension 'colcon_meta'
[4.305s] Level 1:colcon.colcon_core.package_identification:_identify(src/jetson_camera) by extensions ['ros']
[4.306s] Level 1:colcon.colcon_core.package_identification:_identify(src/jetson_camera) by extension 'ros'
[4.320s] DEBUG:colcon.colcon_core.package_identification:Package 'src/jetson_camera' with type 'ros.ament_python' and name 'jetson_camera'
[4.321s] Level 1:colcon.colcon_core.package_discovery:discover_packages(recursive) using defaults
[4.321s] Level 1:colcon.colcon_core.package_discovery:discover_packages(ignore) discover
[4.321s] Level 1:colcon.colcon_core.package_discovery:discover_packages(ignore) using defaults
[4.321s] Level 1:colcon.colcon_core.package_discovery:discover_packages(path) discover
[4.321s] Level 1:colcon.colcon_core.package_discovery:discover_packages(path) using defaults
[5.330s] Level 1:colcon.colcon_core.package_discovery:discover_packages(prefix_path) check parameters
[5.331s] Level 1:colcon.colcon_core.package_discovery:discover_packages(prefix_path) discover
[5.657s] DEBUG:colcon.colcon_installed_package_information.package_discovery:Found 180 installed packages in /opt/ros/foxy
[5.664s] Level 1:colcon.colcon_core.package_discovery:discover_packages(prefix_path) using defaults
[7.639s] Level 5:colcon.colcon_core.verb:set package 'jetson_camera' build argument 'cmake_args' from command line to 'None'
[7.639s] Level 5:colcon.colcon_core.verb:set package 'jetson_camera' build argument 'cmake_target' from command line to 'None'
[7.640s] Level 5:colcon.colcon_core.verb:set package 'jetson_camera' build argument 'cmake_target_skip_unavailable' from command line to 'False'
[7.640s] Level 5:colcon.colcon_core.verb:set package 'jetson_camera' build argument 'cmake_clean_cache' from command line to 'False'
[7.640s] Level 5:colcon.colcon_core.verb:set package 'jetson_camera' build argument 'cmake_clean_first' from command line to 'False'
[7.640s] Level 5:colcon.colcon_core.verb:set package 'jetson_camera' build argument 'cmake_force_configure' from command line to 'False'
[7.640s] Level 5:colcon.colcon_core.verb:set package 'jetson_camera' build argument 'ament_cmake_args' from command line to 'None'
[7.640s] Level 5:colcon.colcon_core.verb:set package 'jetson_camera' build argument 'catkin_cmake_args' from command line to 'None'
[7.640s] Level 5:colcon.colcon_core.verb:set package 'jetson_camera' build argument 'catkin_skip_building_tests' from command line to 'False'
[7.640s] DEBUG:colcon.colcon_core.verb:Building package 'jetson_camera' with the following arguments: {'ament_cmake_args': None, 'build_base': '/home/jetson/EVC/workshops/vision_ws/build/jetson_camera', 'catkin_cmake_args': None, 'catkin_skip_building_tests': False, 'cmake_args': None, 'cmake_clean_cache': False, 'cmake_clean_first': False, 'cmake_force_configure': False, 'cmake_target': None, 'cmake_target_skip_unavailable': False, 'install_base': '/home/jetson/EVC/workshops/vision_ws/install/jetson_camera', 'merge_install': False, 'path': '/home/jetson/EVC/workshops/vision_ws/src/jetson_camera', 'symlink_install': False, 'test_result_base': None}
[7.641s] INFO:colcon.colcon_core.executor:Executing jobs using 'parallel' executor
[7.644s] DEBUG:colcon.colcon_parallel_executor.executor.parallel:run_until_complete
[7.645s] INFO:colcon.colcon_ros.task.ament_python.build:Building ROS package in '/home/jetson/EVC/workshops/vision_ws/src/jetson_camera' with build type 'ament_python'
[7.645s] Level 1:colcon.colcon_core.shell:create_environment_hook('jetson_camera', 'ament_prefix_path')
[8.067s] INFO:colcon.colcon_core.plugin_system:Skipping extension 'colcon_core.shell.bat': Not used on non-Windows systems
[8.068s] INFO:colcon.colcon_core.shell:Creating environment hook '/home/jetson/EVC/workshops/vision_ws/install/jetson_camera/share/jetson_camera/hook/ament_prefix_path.ps1'
[8.172s] INFO:colcon.colcon_core.shell:Creating environment descriptor '/home/jetson/EVC/workshops/vision_ws/install/jetson_camera/share/jetson_camera/hook/ament_prefix_path.dsv'
[8.201s] INFO:colcon.colcon_core.shell:Creating environment hook '/home/jetson/EVC/workshops/vision_ws/install/jetson_camera/share/jetson_camera/hook/ament_prefix_path.sh'
[8.251s] INFO:colcon.colcon_core.shell:Skip shell extension 'powershell' for command environment: Not usable outside of PowerShell
[8.252s] DEBUG:colcon.colcon_core.shell:Skip shell extension 'dsv' for command environment
[9.308s] INFO:colcon.colcon_core.task.python.build:Building Python package in '/home/jetson/EVC/workshops/vision_ws/src/jetson_camera'
[9.309s] INFO:colcon.colcon_core.shell:Skip shell extension 'powershell' for command environment: Not usable outside of PowerShell
[9.310s] DEBUG:colcon.colcon_core.shell:Skip shell extension 'dsv' for command environment
[15.249s] DEBUG:colcon.colcon_core.event_handler.log_command:Invoking command in '/home/jetson/EVC/workshops/vision_ws/src/jetson_camera': PYTHONPATH=/home/jetson/EVC/workshops/vision_ws/build/jetson_camera/prefix_override:/usr/lib/python3/dist-packages/colcon_core/task/python/colcon_distutils_commands:/home/jetson/EVC/workshops/vision_ws/install/jetson_camera/lib/python3.8/site-packages:${PYTHONPATH} /usr/bin/python3 -W ignore:setup.py install is deprecated -W ignore:easy_install command is deprecated setup.py egg_info --egg-base ../../build/jetson_camera build --build-base /home/jetson/EVC/workshops/vision_ws/build/jetson_camera/build install --record /home/jetson/EVC/workshops/vision_ws/build/jetson_camera/install.log --single-version-externally-managed install_data
[16.423s] DEBUG:colcon.colcon_core.event_handler.log_command:Invoked command in '/home/jetson/EVC/workshops/vision_ws/src/jetson_camera' returned '0': PYTHONPATH=/home/jetson/EVC/workshops/vision_ws/build/jetson_camera/prefix_override:/usr/lib/python3/dist-packages/colcon_core/task/python/colcon_distutils_commands:/home/jetson/EVC/workshops/vision_ws/install/jetson_camera/lib/python3.8/site-packages:${PYTHONPATH} /usr/bin/python3 -W ignore:setup.py install is deprecated -W ignore:easy_install command is deprecated setup.py egg_info --egg-base ../../build/jetson_camera build --build-base /home/jetson/EVC/workshops/vision_ws/build/jetson_camera/build install --record /home/jetson/EVC/workshops/vision_ws/build/jetson_camera/install.log --single-version-externally-managed install_data
[16.481s] Level 1:colcon.colcon_core.environment:checking '/home/jetson/EVC/workshops/vision_ws/install/jetson_camera' for CMake module files
[16.483s] Level 1:colcon.colcon_core.environment:checking '/home/jetson/EVC/workshops/vision_ws/install/jetson_camera' for CMake config files
[16.486s] Level 1:colcon.colcon_core.environment:checking '/home/jetson/EVC/workshops/vision_ws/install/jetson_camera/lib'
[16.487s] Level 1:colcon.colcon_core.environment:checking '/home/jetson/EVC/workshops/vision_ws/install/jetson_camera/bin'
[16.487s] Level 1:colcon.colcon_core.environment:checking '/home/jetson/EVC/workshops/vision_ws/install/jetson_camera/lib/pkgconfig/jetson_camera.pc'
[16.488s] Level 1:colcon.colcon_core.environment:checking '/home/jetson/EVC/workshops/vision_ws/install/jetson_camera/lib/python3.8/site-packages'
[16.488s] Level 1:colcon.colcon_core.shell:create_environment_hook('jetson_camera', 'pythonpath')
[16.489s] INFO:colcon.colcon_core.shell:Creating environment hook '/home/jetson/EVC/workshops/vision_ws/install/jetson_camera/share/jetson_camera/hook/pythonpath.ps1'
[16.491s] INFO:colcon.colcon_core.shell:Creating environment descriptor '/home/jetson/EVC/workshops/vision_ws/install/jetson_camera/share/jetson_camera/hook/pythonpath.dsv'
[16.492s] INFO:colcon.colcon_core.shell:Creating environment hook '/home/jetson/EVC/workshops/vision_ws/install/jetson_camera/share/jetson_camera/hook/pythonpath.sh'
[16.495s] Level 1:colcon.colcon_core.environment:checking '/home/jetson/EVC/workshops/vision_ws/install/jetson_camera/bin'
[16.495s] Level 1:colcon.colcon_core.environment:create_environment_scripts_only(jetson_camera)
[16.496s] INFO:colcon.colcon_core.shell:Creating package script '/home/jetson/EVC/workshops/vision_ws/install/jetson_camera/share/jetson_camera/package.ps1'
[16.500s] INFO:colcon.colcon_core.shell:Creating package descriptor '/home/jetson/EVC/workshops/vision_ws/install/jetson_camera/share/jetson_camera/package.dsv'
[16.503s] INFO:colcon.colcon_core.shell:Creating package script '/home/jetson/EVC/workshops/vision_ws/install/jetson_camera/share/jetson_camera/package.sh'
[16.507s] INFO:colcon.colcon_core.shell:Creating package script '/home/jetson/EVC/workshops/vision_ws/install/jetson_camera/share/jetson_camera/package.bash'
[16.511s] INFO:colcon.colcon_core.shell:Creating package script '/home/jetson/EVC/workshops/vision_ws/install/jetson_camera/share/jetson_camera/package.zsh'
[16.515s] Level 1:colcon.colcon_core.environment:create_file_with_runtime_dependencies(/home/jetson/EVC/workshops/vision_ws/install/jetson_camera/share/colcon-core/packages/jetson_camera)
[16.516s] DEBUG:colcon.colcon_parallel_executor.executor.parallel:closing loop
[16.517s] DEBUG:colcon.colcon_parallel_executor.executor.parallel:loop closed
[16.517s] DEBUG:colcon.colcon_parallel_executor.executor.parallel:run_until_complete finished with '0'
[16.517s] DEBUG:colcon.colcon_core.event_reactor:joining thread
[16.541s] INFO:colcon.colcon_core.plugin_system:Skipping extension 'colcon_notification.desktop_notification.terminal_notifier': Not used on non-Darwin systems
[16.541s] INFO:colcon.colcon_core.plugin_system:Skipping extension 'colcon_notification.desktop_notification.win32': Not used on non-Windows systems
[16.541s] INFO:colcon.colcon_notification.desktop_notification:Sending desktop notification using 'notify2'
[16.616s] DEBUG:colcon.colcon_notification.desktop_notification.notify2:Failed to initialize notify2: org.freedesktop.DBus.Error.Spawn.ChildExited: Process org.freedesktop.Notifications exited with status 1
[16.616s] DEBUG:colcon.colcon_core.event_reactor:joined thread
[16.617s] INFO:colcon.colcon_core.shell:Creating prefix script '/home/jetson/EVC/workshops/vision_ws/install/local_setup.ps1'
[16.622s] INFO:colcon.colcon_core.shell:Creating prefix util module '/home/jetson/EVC/workshops/vision_ws/install/_local_setup_util_ps1.py'
[16.629s] INFO:colcon.colcon_core.shell:Creating prefix chain script '/home/jetson/EVC/workshops/vision_ws/install/setup.ps1'
[16.633s] INFO:colcon.colcon_core.shell:Creating prefix script '/home/jetson/EVC/workshops/vision_ws/install/local_setup.sh'
[16.637s] INFO:colcon.colcon_core.shell:Creating prefix util module '/home/jetson/EVC/workshops/vision_ws/install/_local_setup_util_sh.py'
[16.639s] INFO:colcon.colcon_core.shell:Creating prefix chain script '/home/jetson/EVC/workshops/vision_ws/install/setup.sh'
[16.643s] INFO:colcon.colcon_core.shell:Creating prefix script '/home/jetson/EVC/workshops/vision_ws/install/local_setup.bash'
[16.646s] INFO:colcon.colcon_core.shell:Creating prefix chain script '/home/jetson/EVC/workshops/vision_ws/install/setup.bash'
[16.650s] INFO:colcon.colcon_core.shell:Creating prefix script '/home/jetson/EVC/workshops/vision_ws/install/local_setup.zsh'
[16.653s] INFO:colcon.colcon_core.shell:Creating prefix chain script '/home/jetson/EVC/workshops/vision_ws/install/setup.zsh'
