[5.093s] Invoking command in '/home/jetson/Final_assignment/EmbeddedVisualControl/src/jetson_camera': PYTHONPATH=/home/jetson/Final_assignment/EmbeddedVisualControl/src/build/jetson_camera/prefix_override:/usr/lib/python3/dist-packages/colcon_core/task/python/colcon_distutils_commands:/home/jetson/Final_assignment/EmbeddedVisualControl/src/install/jetson_camera/lib/python3.8/site-packages:${PYTHONPATH} /usr/bin/python3 -W ignore:setup.py install is deprecated -W ignore:easy_install command is deprecated setup.py egg_info --egg-base ../build/jetson_camera build --build-base /home/jetson/Final_assignment/EmbeddedVisualControl/src/build/jetson_camera/build install --record /home/jetson/Final_assignment/EmbeddedVisualControl/src/build/jetson_camera/install.log --single-version-externally-managed install_data
[6.849s] running egg_info
[6.853s] writing ../build/jetson_camera/jetson_camera.egg-info/PKG-INFO
[6.865s] writing dependency_links to ../build/jetson_camera/jetson_camera.egg-info/dependency_links.txt
[6.866s] writing entry points to ../build/jetson_camera/jetson_camera.egg-info/entry_points.txt
[6.867s] writing requirements to ../build/jetson_camera/jetson_camera.egg-info/requires.txt
[6.867s] writing top-level names to ../build/jetson_camera/jetson_camera.egg-info/top_level.txt
[6.874s] reading manifest file '../build/jetson_camera/jetson_camera.egg-info/SOURCES.txt'
[6.883s] writing manifest file '../build/jetson_camera/jetson_camera.egg-info/SOURCES.txt'
[6.884s] running build
[6.884s] running build_py
[6.887s] copying jetson_camera/plot_route.py -> /home/jetson/Final_assignment/EmbeddedVisualControl/src/build/jetson_camera/build/lib/jetson_camera
[6.893s] copying jetson_camera/square_driver_node.py -> /home/jetson/Final_assignment/EmbeddedVisualControl/src/build/jetson_camera/build/lib/jetson_camera
[6.902s] running install
[6.926s] running install_lib
[6.928s] copying /home/jetson/Final_assignment/EmbeddedVisualControl/src/build/jetson_camera/build/lib/jetson_camera/plot_route.py -> /home/jetson/Final_assignment/EmbeddedVisualControl/src/install/jetson_camera/lib/python3.8/site-packages/jetson_camera
[6.943s] copying /home/jetson/Final_assignment/EmbeddedVisualControl/src/build/jetson_camera/build/lib/jetson_camera/square_driver_node.py -> /home/jetson/Final_assignment/EmbeddedVisualControl/src/install/jetson_camera/lib/python3.8/site-packages/jetson_camera
[6.947s] byte-compiling /home/jetson/Final_assignment/EmbeddedVisualControl/src/install/jetson_camera/lib/python3.8/site-packages/jetson_camera/plot_route.py to plot_route.cpython-38.pyc
[6.979s] byte-compiling /home/jetson/Final_assignment/EmbeddedVisualControl/src/install/jetson_camera/lib/python3.8/site-packages/jetson_camera/algorithm_node.py to algorithm_node.cpython-38.pyc
[6.987s] Sorry: IndentationError: expected an indented block (algorithm_node.py, line 179)
[6.988s] byte-compiling /home/jetson/Final_assignment/EmbeddedVisualControl/src/install/jetson_camera/lib/python3.8/site-packages/jetson_camera/square_driver_node.py to square_driver_node.cpython-38.pyc
[6.996s] running install_data
[6.996s] copying config/parameters.yaml -> /home/jetson/Final_assignment/EmbeddedVisualControl/src/install/jetson_camera/share/jetson_camera/config
[6.997s] running install_egg_info
[7.004s] removing '/home/jetson/Final_assignment/EmbeddedVisualControl/src/install/jetson_camera/lib/python3.8/site-packages/jetson_camera-0.0.0-py3.8.egg-info' (and everything under it)
[7.004s] Copying ../build/jetson_camera/jetson_camera.egg-info to /home/jetson/Final_assignment/EmbeddedVisualControl/src/install/jetson_camera/lib/python3.8/site-packages/jetson_camera-0.0.0-py3.8.egg-info
[7.009s] running install_scripts
[7.109s] Installing QR_node script to /home/jetson/Final_assignment/EmbeddedVisualControl/src/install/jetson_camera/lib/jetson_camera
[7.110s] Installing ToF_sensor script to /home/jetson/Final_assignment/EmbeddedVisualControl/src/install/jetson_camera/lib/jetson_camera
[7.112s] Installing algorithm script to /home/jetson/Final_assignment/EmbeddedVisualControl/src/install/jetson_camera/lib/jetson_camera
[7.113s] Installing application_node script to /home/jetson/Final_assignment/EmbeddedVisualControl/src/install/jetson_camera/lib/jetson_camera
[7.115s] Installing camera_detection script to /home/jetson/Final_assignment/EmbeddedVisualControl/src/install/jetson_camera/lib/jetson_camera
[7.116s] Installing encoder_node script to /home/jetson/Final_assignment/EmbeddedVisualControl/src/install/jetson_camera/lib/jetson_camera
[7.117s] Installing face_detection_recognition script to /home/jetson/Final_assignment/EmbeddedVisualControl/src/install/jetson_camera/lib/jetson_camera
[7.118s] Installing face_tracking_sub script to /home/jetson/Final_assignment/EmbeddedVisualControl/src/install/jetson_camera/lib/jetson_camera
[7.124s] Installing grid_mapping_node script to /home/jetson/Final_assignment/EmbeddedVisualControl/src/install/jetson_camera/lib/jetson_camera
[7.125s] Installing imu_node script to /home/jetson/Final_assignment/EmbeddedVisualControl/src/install/jetson_camera/lib/jetson_camera
[7.126s] Installing main_qr script to /home/jetson/Final_assignment/EmbeddedVisualControl/src/install/jetson_camera/lib/jetson_camera
[7.126s] Installing movement_node script to /home/jetson/Final_assignment/EmbeddedVisualControl/src/install/jetson_camera/lib/jetson_camera
[7.127s] Installing processing_node script to /home/jetson/Final_assignment/EmbeddedVisualControl/src/install/jetson_camera/lib/jetson_camera
[7.127s] Installing publisher_node script to /home/jetson/Final_assignment/EmbeddedVisualControl/src/install/jetson_camera/lib/jetson_camera
[7.128s] Installing route_plotter script to /home/jetson/Final_assignment/EmbeddedVisualControl/src/install/jetson_camera/lib/jetson_camera
[7.128s] Installing sensor_fusion script to /home/jetson/Final_assignment/EmbeddedVisualControl/src/install/jetson_camera/lib/jetson_camera
[7.129s] Installing square_driver_node script to /home/jetson/Final_assignment/EmbeddedVisualControl/src/install/jetson_camera/lib/jetson_camera
[7.129s] Installing subscriber_node script to /home/jetson/Final_assignment/EmbeddedVisualControl/src/install/jetson_camera/lib/jetson_camera
[7.129s] Installing tracking script to /home/jetson/Final_assignment/EmbeddedVisualControl/src/install/jetson_camera/lib/jetson_camera
[7.143s] writing list of installed files to '/home/jetson/Final_assignment/EmbeddedVisualControl/src/build/jetson_camera/install.log'
[7.264s] Invoked command in '/home/jetson/Final_assignment/EmbeddedVisualControl/src/jetson_camera' returned '0': PYTHONPATH=/home/jetson/Final_assignment/EmbeddedVisualControl/src/build/jetson_camera/prefix_override:/usr/lib/python3/dist-packages/colcon_core/task/python/colcon_distutils_commands:/home/jetson/Final_assignment/EmbeddedVisualControl/src/install/jetson_camera/lib/python3.8/site-packages:${PYTHONPATH} /usr/bin/python3 -W ignore:setup.py install is deprecated -W ignore:easy_install command is deprecated setup.py egg_info --egg-base ../build/jetson_camera build --build-base /home/jetson/Final_assignment/EmbeddedVisualControl/src/build/jetson_camera/build install --record /home/jetson/Final_assignment/EmbeddedVisualControl/src/build/jetson_camera/install.log --single-version-externally-managed install_data
