[3.018s] Invoking command in '/home/jetson/EVC/workshops/vision_ws/src/jetson_camera': PYTHONPATH=/home/jetson/EVC/workshops/vision_ws/build/jetson_camera/prefix_override:/usr/lib/python3/dist-packages/colcon_core/task/python/colcon_distutils_commands:/home/jetson/EVC/workshops/vision_ws/install/jetson_camera/lib/python3.8/site-packages:${PYTHONPATH} /usr/bin/python3 -W ignore:setup.py install is deprecated -W ignore:easy_install command is deprecated setup.py egg_info --egg-base ../../build/jetson_camera build --build-base /home/jetson/EVC/workshops/vision_ws/build/jetson_camera/build install --record /home/jetson/EVC/workshops/vision_ws/build/jetson_camera/install.log --single-version-externally-managed install_data
[4.098s] running egg_info
[4.101s] writing ../../build/jetson_camera/jetson_camera.egg-info/PKG-INFO
[4.103s] writing dependency_links to ../../build/jetson_camera/jetson_camera.egg-info/dependency_links.txt
[4.105s] writing entry points to ../../build/jetson_camera/jetson_camera.egg-info/entry_points.txt
[4.105s] writing requirements to ../../build/jetson_camera/jetson_camera.egg-info/requires.txt
[4.106s] writing top-level names to ../../build/jetson_camera/jetson_camera.egg-info/top_level.txt
[4.119s] reading manifest file '../../build/jetson_camera/jetson_camera.egg-info/SOURCES.txt'
[4.124s] writing manifest file '../../build/jetson_camera/jetson_camera.egg-info/SOURCES.txt'
[4.124s] running build
[4.124s] running build_py
[4.125s] running install
[4.128s] running install_lib
[4.134s] running install_data
[4.135s] running install_egg_info
[4.155s] removing '/home/jetson/EVC/workshops/vision_ws/install/jetson_camera/lib/python3.8/site-packages/jetson_camera-0.0.0-py3.8.egg-info' (and everything under it)
[4.155s] Copying ../../build/jetson_camera/jetson_camera.egg-info to /home/jetson/EVC/workshops/vision_ws/install/jetson_camera/lib/python3.8/site-packages/jetson_camera-0.0.0-py3.8.egg-info
[4.156s] running install_scripts
[4.228s] Installing publisher_node script to /home/jetson/EVC/workshops/vision_ws/install/jetson_camera/lib/jetson_camera
[4.231s] Installing subscriber_node script to /home/jetson/EVC/workshops/vision_ws/install/jetson_camera/lib/jetson_camera
[4.231s] writing list of installed files to '/home/jetson/EVC/workshops/vision_ws/build/jetson_camera/install.log'
[4.334s] Invoked command in '/home/jetson/EVC/workshops/vision_ws/src/jetson_camera' returned '0': PYTHONPATH=/home/jetson/EVC/workshops/vision_ws/build/jetson_camera/prefix_override:/usr/lib/python3/dist-packages/colcon_core/task/python/colcon_distutils_commands:/home/jetson/EVC/workshops/vision_ws/install/jetson_camera/lib/python3.8/site-packages:${PYTHONPATH} /usr/bin/python3 -W ignore:setup.py install is deprecated -W ignore:easy_install command is deprecated setup.py egg_info --egg-base ../../build/jetson_camera build --build-base /home/jetson/EVC/workshops/vision_ws/build/jetson_camera/build install --record /home/jetson/EVC/workshops/vision_ws/build/jetson_camera/install.log --single-version-externally-managed install_data
