running egg_info
writing ../../build/jetson_camera/jetson_camera.egg-info/PKG-INFO
writing dependency_links to ../../build/jetson_camera/jetson_camera.egg-info/dependency_links.txt
writing entry points to ../../build/jetson_camera/jetson_camera.egg-info/entry_points.txt
writing requirements to ../../build/jetson_camera/jetson_camera.egg-info/requires.txt
writing top-level names to ../../build/jetson_camera/jetson_camera.egg-info/top_level.txt
package init file 'jetson_camera/motorDrivers/__init__.py' not found (or not a regular file)
reading manifest file '../../build/jetson_camera/jetson_camera.egg-info/SOURCES.txt'
writing manifest file '../../build/jetson_camera/jetson_camera.egg-info/SOURCES.txt'
running build
running build_py
creating /home/jetson/EVC_2/workshops/vision_ws/build/jetson_camera/build/lib/jetson_camera/motorDrivers
copying jetson_camera/motorDrivers/Adafruit_PWM_Servo_Driver.py -> /home/jetson/EVC_2/workshops/vision_ws/build/jetson_camera/build/lib/jetson_camera/motorDrivers
copying jetson_camera/motorDrivers/hat.py -> /home/jetson/EVC_2/workshops/vision_ws/build/jetson_camera/build/lib/jetson_camera/motorDrivers
copying jetson_camera/motorDrivers/encoderDriver.py -> /home/jetson/EVC_2/workshops/vision_ws/build/jetson_camera/build/lib/jetson_camera/motorDrivers
copying jetson_camera/motorDrivers/motorDriver.py -> /home/jetson/EVC_2/workshops/vision_ws/build/jetson_camera/build/lib/jetson_camera/motorDrivers
copying jetson_camera/motorDrivers/Adafruit_I2C.py -> /home/jetson/EVC_2/workshops/vision_ws/build/jetson_camera/build/lib/jetson_camera/motorDrivers
copying jetson_camera/motorDrivers/main.py -> /home/jetson/EVC_2/workshops/vision_ws/build/jetson_camera/build/lib/jetson_camera/motorDrivers
running install
running install_lib
creating /home/jetson/EVC_2/workshops/vision_ws/install/jetson_camera/lib/python3.8/site-packages/jetson_camera/motorDrivers
copying /home/jetson/EVC_2/workshops/vision_ws/build/jetson_camera/build/lib/jetson_camera/motorDrivers/Adafruit_PWM_Servo_Driver.py -> /home/jetson/EVC_2/workshops/vision_ws/install/jetson_camera/lib/python3.8/site-packages/jetson_camera/motorDrivers
copying /home/jetson/EVC_2/workshops/vision_ws/build/jetson_camera/build/lib/jetson_camera/motorDrivers/hat.py -> /home/jetson/EVC_2/workshops/vision_ws/install/jetson_camera/lib/python3.8/site-packages/jetson_camera/motorDrivers
copying /home/jetson/EVC_2/workshops/vision_ws/build/jetson_camera/build/lib/jetson_camera/motorDrivers/encoderDriver.py -> /home/jetson/EVC_2/workshops/vision_ws/install/jetson_camera/lib/python3.8/site-packages/jetson_camera/motorDrivers
copying /home/jetson/EVC_2/workshops/vision_ws/build/jetson_camera/build/lib/jetson_camera/motorDrivers/motorDriver.py -> /home/jetson/EVC_2/workshops/vision_ws/install/jetson_camera/lib/python3.8/site-packages/jetson_camera/motorDrivers
copying /home/jetson/EVC_2/workshops/vision_ws/build/jetson_camera/build/lib/jetson_camera/motorDrivers/Adafruit_I2C.py -> /home/jetson/EVC_2/workshops/vision_ws/install/jetson_camera/lib/python3.8/site-packages/jetson_camera/motorDrivers
copying /home/jetson/EVC_2/workshops/vision_ws/build/jetson_camera/build/lib/jetson_camera/motorDrivers/main.py -> /home/jetson/EVC_2/workshops/vision_ws/install/jetson_camera/lib/python3.8/site-packages/jetson_camera/motorDrivers
byte-compiling /home/jetson/EVC_2/workshops/vision_ws/install/jetson_camera/lib/python3.8/site-packages/jetson_camera/motorDrivers/Adafruit_PWM_Servo_Driver.py to Adafruit_PWM_Servo_Driver.cpython-38.pyc
byte-compiling /home/jetson/EVC_2/workshops/vision_ws/install/jetson_camera/lib/python3.8/site-packages/jetson_camera/motorDrivers/hat.py to hat.cpython-38.pyc
byte-compiling /home/jetson/EVC_2/workshops/vision_ws/install/jetson_camera/lib/python3.8/site-packages/jetson_camera/motorDrivers/encoderDriver.py to encoderDriver.cpython-38.pyc
byte-compiling /home/jetson/EVC_2/workshops/vision_ws/install/jetson_camera/lib/python3.8/site-packages/jetson_camera/motorDrivers/motorDriver.py to motorDriver.cpython-38.pyc
byte-compiling /home/jetson/EVC_2/workshops/vision_ws/install/jetson_camera/lib/python3.8/site-packages/jetson_camera/motorDrivers/Adafruit_I2C.py to Adafruit_I2C.cpython-38.pyc
byte-compiling /home/jetson/EVC_2/workshops/vision_ws/install/jetson_camera/lib/python3.8/site-packages/jetson_camera/motorDrivers/main.py to main.cpython-38.pyc
running install_data
running install_egg_info
removing '/home/jetson/EVC_2/workshops/vision_ws/install/jetson_camera/lib/python3.8/site-packages/jetson_camera-0.0.0-py3.8.egg-info' (and everything under it)
Copying ../../build/jetson_camera/jetson_camera.egg-info to /home/jetson/EVC_2/workshops/vision_ws/install/jetson_camera/lib/python3.8/site-packages/jetson_camera-0.0.0-py3.8.egg-info
running install_scripts
Installing QR_node script to /home/jetson/EVC_2/workshops/vision_ws/install/jetson_camera/lib/jetson_camera
Installing application_node script to /home/jetson/EVC_2/workshops/vision_ws/install/jetson_camera/lib/jetson_camera
Installing face_tracking_sub script to /home/jetson/EVC_2/workshops/vision_ws/install/jetson_camera/lib/jetson_camera
Installing main_qr script to /home/jetson/EVC_2/workshops/vision_ws/install/jetson_camera/lib/jetson_camera
Installing processing_node script to /home/jetson/EVC_2/workshops/vision_ws/install/jetson_camera/lib/jetson_camera
Installing publisher_node script to /home/jetson/EVC_2/workshops/vision_ws/install/jetson_camera/lib/jetson_camera
Installing subscriber_node script to /home/jetson/EVC_2/workshops/vision_ws/install/jetson_camera/lib/jetson_camera
writing list of installed files to '/home/jetson/EVC_2/workshops/vision_ws/build/jetson_camera/install.log'
